log4j:WARN No appenders could be found for logger (org.reflections.Reflections).
log4j:WARN Please initialize the log4j system properly.
log4j:WARN See http://logging.apache.org/log4j/1.2/faq.html#noconfig for more info.
<19:06:07><main><yardstick> Cache configured with the following parameters: CacheConfiguration [name=PersonsCache, grpName=null, memPlcName=null, storeConcurrentLoadAllThreshold=5, rebalancePoolSize=2, rebalanceTimeout=10000, evictPlc=null, evictPlcFactory=null, onheapCache=false, sqlOnheapCache=false, sqlOnheapCacheMaxSize=0, evictFilter=null, eagerTtl=true, dfltLockTimeout=0, nearCfg=null, writeSync=PRIMARY_SYNC, storeFactory=null, storeKeepBinary=false, loadPrevVal=false, aff=null, cacheMode=PARTITIONED, atomicityMode=null, backups=1, invalidate=false, tmLookupClsName=null, rebalanceMode=ASYNC, rebalanceOrder=0, rebalanceBatchSize=524288, rebalanceBatchesPrefetchCnt=2, maxConcurrentAsyncOps=500, sqlIdxMaxInlineSize=-1, writeBehindEnabled=false, writeBehindFlushSize=10240, writeBehindFlushFreq=5000, writeBehindFlushThreadCnt=1, writeBehindBatchSize=512, writeBehindCoalescing=true, maxQryIterCnt=1024, affMapper=null, rebalanceDelay=0, rebalanceThrottle=0, interceptor=null, longQryWarnTimeout=3000, qryDetailMetricsSz=0, readFromBackup=true, nodeFilter=null, sqlSchema=null, sqlEscapeAll=false, cpOnRead=true, topValidator=null, partLossPlc=IGNORE, qryParallelism=1, evtsDisabled=false]
[2018-06-12 19:06:08,503][INFO ][main][IgniteKernal] 

>>>    __________  ________________  
>>>   /  _/ ___/ |/ /  _/_  __/ __/  
>>>  _/ // (7 7    // /  / / / _/    
>>> /___/\___/_/|_/___/ /_/ /___/   
>>> 
>>> ver. 2.5.0-SNAPSHOT#20180518-sha1:fe6e70e3
>>> 2018 Copyright(C) Apache Software Foundation
>>> 
>>> Ignite documentation: http://ignite.apache.org

[2018-06-12 19:06:08,504][INFO ][main][IgniteKernal] Config URL: n/a
[2018-06-12 19:06:08,585][INFO ][main][IgniteKernal] IgniteConfiguration [igniteInstanceName=null, pubPoolSize=8, svcPoolSize=8, callbackPoolSize=8, stripedPoolSize=8, sysPoolSize=8, mgmtPoolSize=4, igfsPoolSize=4, dataStreamerPoolSize=8, utilityCachePoolSize=8, utilityCacheKeepAliveTime=60000, p2pPoolSize=2, qryPoolSize=8, igniteHome=/home/fl/apache-ignite-fabric-2.4.0-bin, igniteWorkDir=/home/fl/apache-ignite-fabric-2.4.0-bin/work, mbeanSrv=com.sun.jmx.mbeanserver.JmxMBeanServer@27462a88, nodeId=7ebff1e5-1997-4fcf-a971-5a5eb181e160, marsh=org.apache.ignite.internal.binary.BinaryMarshaller@769a1df5, marshLocJobs=false, daemon=false, p2pEnabled=false, netTimeout=5000, sndRetryDelay=1000, sndRetryCnt=3, metricsHistSize=10000, metricsUpdateFreq=2000, metricsExpTime=9223372036854775807, discoSpi=TcpDiscoverySpi [addrRslvr=null, sockTimeout=0, ackTimeout=0, marsh=null, reconCnt=10, reconDelay=2000, maxAckTimeout=600000, forceSrvMode=false, clientReconnectDisabled=false, internalLsnr=null], segPlc=STOP, segResolveAttempts=2, waitForSegOnStart=true, allResolversPassReq=true, segChkFreq=10000, commSpi=TcpCommunicationSpi [connectGate=null, connPlc=null, enableForcibleNodeKill=false, enableTroubleshootingLog=false, srvLsnr=org.apache.ignite.spi.communication.tcp.TcpCommunicationSpi$2@5167f57d, locAddr=null, locHost=null, locPort=47100, locPortRange=100, shmemPort=-1, directBuf=true, directSndBuf=false, idleConnTimeout=600000, connTimeout=5000, maxConnTimeout=600000, reconCnt=10, sockSndBuf=32768, sockRcvBuf=32768, msgQueueLimit=0, slowClientQueueLimit=0, nioSrvr=null, shmemSrv=null, usePairedConnections=false, connectionsPerNode=1, tcpNoDelay=true, filterReachableAddresses=false, ackSndThreshold=32, unackedMsgsBufSize=0, sockWriteTimeout=2000, lsnr=null, boundTcpPort=-1, boundTcpShmemPort=-1, selectorsCnt=4, selectorSpins=0, addrRslvr=null, ctxInitLatch=java.util.concurrent.CountDownLatch@64b0598[Count = 1], stopping=false, metricsLsnr=org.apache.ignite.spi.communication.tcp.TcpCommunicationMetricsListener@18f8cd79], evtSpi=org.apache.ignite.spi.eventstorage.NoopEventStorageSpi@3e2055d6, colSpi=NoopCollisionSpi [], deploySpi=LocalDeploymentSpi [lsnr=null], indexingSpi=org.apache.ignite.spi.indexing.noop.NoopIndexingSpi@28194a50, addrRslvr=null, clientMode=false, rebalanceThreadPoolSize=1, txCfg=org.apache.ignite.configuration.TransactionConfiguration@7f2cfe3f, cacheSanityCheckEnabled=true, discoStartupDelay=60000, deployMode=SHARED, p2pMissedCacheSize=100, locHost=null, timeSrvPortBase=31100, timeSrvPortRange=100, failureDetectionTimeout=10000, clientFailureDetectionTimeout=30000, metricsLogFreq=5000, hadoopCfg=null, connectorCfg=org.apache.ignite.configuration.ConnectorConfiguration@1a5b6f42, odbcCfg=null, warmupClos=null, atomicCfg=AtomicConfiguration [seqReserveSize=1000, cacheMode=PARTITIONED, backups=1, aff=null, grpName=null], classLdr=null, sslCtxFactory=null, platformCfg=null, binaryCfg=null, memCfg=null, pstCfg=null, dsCfg=DataStorageConfiguration [sysRegionInitSize=41943040, sysCacheMaxSize=104857600, pageSize=0, concLvl=0, dfltDataRegConf=DataRegionConfiguration [name=default, maxSize=2494085529, initSize=268435456, swapPath=null, pageEvictionMode=DISABLED, evictionThreshold=0.9, emptyPagesPoolSize=100, metricsEnabled=false, metricsSubIntervalCount=5, metricsRateTimeInterval=60000, persistenceEnabled=false, checkpointPageBufSize=0], storagePath=null, checkpointFreq=180000, lockWaitTime=10000, checkpointThreads=4, checkpointWriteOrder=SEQUENTIAL, walHistSize=20, walSegments=10, walSegmentSize=67108864, walPath=db/wal, walArchivePath=db/wal/archive, metricsEnabled=false, walMode=LOG_ONLY, walTlbSize=131072, walBuffSize=0, walFlushFreq=2000, walFsyncDelay=1000, walRecordIterBuffSize=67108864, alwaysWriteFullPages=false, fileIOFactory=org.apache.ignite.internal.processors.cache.persistence.file.AsyncFileIOFactory@6bb4dd34, metricsSubIntervalCnt=5, metricsRateTimeInterval=60000, walAutoArchiveAfterInactivity=-1, writeThrottlingEnabled=false, walCompactionEnabled=false], activeOnStart=true, autoActivation=true, longQryWarnTimeout=3000, sqlConnCfg=null, cliConnCfg=ClientConnectorConfiguration [host=null, port=10800, portRange=100, sockSndBufSize=0, sockRcvBufSize=0, tcpNoDelay=true, maxOpenCursorsPerConn=128, threadPoolSize=8, idleTimeout=0, jdbcEnabled=true, odbcEnabled=true, thinCliEnabled=true, sslEnabled=false, useIgniteSslCtxFactory=true, sslClientAuth=false, sslCtxFactory=null], authEnabled=false, failureHnd=null, commFailureRslvr=null]
[2018-06-12 19:06:08,586][INFO ][main][IgniteKernal] Daemon mode: off
[2018-06-12 19:06:08,589][INFO ][main][IgniteKernal] OS: Linux 4.15.0-22-generic amd64
[2018-06-12 19:06:08,589][INFO ][main][IgniteKernal] OS user: fl
[2018-06-12 19:06:08,598][INFO ][main][IgniteKernal] PID: 7188
[2018-06-12 19:06:08,598][INFO ][main][IgniteKernal] Language runtime: Java Platform API Specification ver. 1.8
[2018-06-12 19:06:08,598][INFO ][main][IgniteKernal] VM information: Java(TM) SE Runtime Environment 1.8.0_172-b11 Oracle Corporation Java HotSpot(TM) 64-Bit Server VM 25.172-b11
[2018-06-12 19:06:08,601][INFO ][main][IgniteKernal] VM total memory: 1.9GB
[2018-06-12 19:06:08,606][INFO ][main][IgniteKernal] Remote Management [restart: off, REST: on, JMX (remote: off)]
[2018-06-12 19:06:08,607][INFO ][main][IgniteKernal] Logger: Log4JLogger [quiet=false, config=/home/fl/apache-ignite-fabric-2.4.0-bin/config/ignite-log4j.xml]
[2018-06-12 19:06:08,608][INFO ][main][IgniteKernal] IGNITE_HOME=/home/fl/apache-ignite-fabric-2.4.0-bin
[2018-06-12 19:06:08,608][INFO ][main][IgniteKernal] VM arguments: [-Xms2g, -Xmx2g, -Djava.net.preferIPv4Stack=true, -DIGNITE_QUIET=false, -Dyardstick.server0, -Dyardstick.server1, -Dyardstick.server2, -Dyardstick.server3]
[2018-06-12 19:06:08,608][INFO ][main][IgniteKernal] System cache's DataRegion size is configured to 40 MB. Use DataStorageConfiguration.systemCacheMemorySize property to change the setting.
[2018-06-12 19:06:08,612][INFO ][main][IgniteKernal] Configured caches [in 'sysMemPlc' dataRegion: ['ignite-sys-cache'], in 'default' dataRegion: ['PersonsCache']]
[2018-06-12 19:06:08,694][INFO ][main][IgniteKernal] 3-rd party licenses can be found at: /home/fl/apache-ignite-fabric-2.4.0-bin/libs/licenses
[2018-06-12 19:06:08,695][INFO ][main][IgniteKernal] Local node user attribute [data.node=true]
[2018-06-12 19:06:09,020][INFO ][main][IgnitePluginProcessor] Configured plugins:
[2018-06-12 19:06:09,020][INFO ][main][IgnitePluginProcessor]   ^-- None
[2018-06-12 19:06:09,021][INFO ][main][IgnitePluginProcessor] 
[2018-06-12 19:06:09,022][INFO ][main][FailureProcessor] Configured failure handler: [hnd=StopNodeOrHaltFailureHandler [tryStop=false, timeout=0]]
[2018-06-12 19:06:09,290][INFO ][main][TcpCommunicationSpi] Successfully bound communication NIO server to TCP port [port=47101, locHost=0.0.0.0/0.0.0.0, selectorsCnt=4, selectorSpins=0, pairedConn=false]
[2018-06-12 19:06:09,319][WARN ][main][TcpCommunicationSpi] Message queue limit is set to 0 which may lead to potential OOMEs when running cache operations in FULL_ASYNC or PRIMARY_SYNC modes due to message queues growth on sender and receiver sides.
[2018-06-12 19:06:09,455][WARN ][main][NoopCheckpointSpi] Checkpoints are disabled (to enable configure any GridCheckpointSpi implementation)
[2018-06-12 19:06:09,572][WARN ][main][GridCollisionManager] Collision resolution is disabled (all jobs will be activated upon arrival).
[2018-06-12 19:06:09,576][INFO ][main][IgniteKernal] Security status [authentication=off, tls/ssl=off]
[2018-06-12 19:06:11,411][INFO ][main][ClientListenerProcessor] Client connector processor has started on TCP port 10801
[2018-06-12 19:06:11,802][INFO ][main][GridTcpRestProtocol] Command protocol successfully started [name=TCP binary, host=0.0.0.0/0.0.0.0, port=11212]
[2018-06-12 19:06:12,034][INFO ][main][IgniteKernal] Non-loopback local IPs: 172.17.0.1, 192.168.0.101
[2018-06-12 19:06:12,035][INFO ][main][IgniteKernal] Enabled local MACs: 02427E9A41E0, 5C93A2D830DE
[2018-06-12 19:06:12,229][INFO ][main][TcpDiscoverySpi] Successfully bound to TCP port [port=47502, localHost=0.0.0.0/0.0.0.0, locNodeId=7ebff1e5-1997-4fcf-a971-5a5eb181e160]
[2018-06-12 19:06:12,329][INFO ][tcp-disco-srvr-#3][TcpDiscoverySpi] TCP discovery accepted incoming connection [rmtAddr=/127.0.0.1, rmtPort=38211]
[2018-06-12 19:06:12,369][INFO ][tcp-disco-srvr-#3][TcpDiscoverySpi] TCP discovery spawning a new thread for connection [rmtAddr=/127.0.0.1, rmtPort=38211]
[2018-06-12 19:06:12,379][INFO ][tcp-disco-sock-reader-#4][TcpDiscoverySpi] Started serving remote node connection [rmtAddr=/127.0.0.1:38211, rmtPort=38211]
[2018-06-12 19:06:12,481][INFO ][tcp-disco-sock-reader-#4][TcpDiscoverySpi] Finished serving remote node connection [rmtAddr=/127.0.0.1:38211, rmtPort=38211
[2018-06-12 19:06:13,345][INFO ][tcp-disco-srvr-#3][TcpDiscoverySpi] TCP discovery accepted incoming connection [rmtAddr=/127.0.0.1, rmtPort=41629]
[2018-06-12 19:06:13,345][INFO ][tcp-disco-srvr-#3][TcpDiscoverySpi] TCP discovery spawning a new thread for connection [rmtAddr=/127.0.0.1, rmtPort=41629]
[2018-06-12 19:06:13,351][INFO ][tcp-disco-sock-reader-#5][TcpDiscoverySpi] Started serving remote node connection [rmtAddr=/127.0.0.1:41629, rmtPort=41629]
[2018-06-12 19:06:13,658][WARN ][main][IgniteKernal] Nodes started on local machine require more than 80% of physical RAM what can lead to significant slowdown due to swapping (please decrease JVM heap size, data region size or checkpoint buffer size) [required=17766MB, available=11892MB]
[2018-06-12 19:06:13,790][INFO ][exchange-worker-#42][time] Started exchange init [topVer=AffinityTopologyVersion [topVer=4, minorTopVer=0], crd=false, evt=NODE_JOINED, evtNode=7ebff1e5-1997-4fcf-a971-5a5eb181e160, customEvt=null, allowMerge=true]
[2018-06-12 19:06:15,057][INFO ][exchange-worker-#42][GridCacheProcessor] Started cache [name=ignite-sys-cache, id=-2100569601, memoryPolicyName=sysMemPlc, mode=REPLICATED, atomicity=TRANSACTIONAL, backups=2147483647]
[2018-06-12 19:06:15,241][INFO ][exchange-worker-#42][GridCacheProcessor] Started cache [name=PersonsCache, id=383478404, memoryPolicyName=default, mode=PARTITIONED, atomicity=ATOMIC, backups=1]
[2018-06-12 19:06:15,369][INFO ][exchange-worker-#42][GridDhtPartitionsExchangeFuture] Finished waiting for partition release future [topVer=AffinityTopologyVersion [topVer=4, minorTopVer=0], waitTime=0ms, futInfo=NA]
[2018-06-12 19:06:15,456][INFO ][grid-nio-worker-tcp-comm-0-#25][TcpCommunicationSpi] Established outgoing communication connection [locAddr=/127.0.0.1:51460, rmtAddr=/127.0.0.1:47100]
[2018-06-12 19:06:15,470][INFO ][exchange-worker-#42][GridDhtPartitionsExchangeFuture] Finished waiting for partition release future [topVer=AffinityTopologyVersion [topVer=4, minorTopVer=0], waitTime=0ms, futInfo=NA]
[2018-06-12 19:06:15,517][INFO ][exchange-worker-#42][time] Finished exchange init [topVer=AffinityTopologyVersion [topVer=4, minorTopVer=0], crd=false]
[2018-06-12 19:06:15,906][INFO ][sys-#44][GridDhtPartitionsExchangeFuture] Received full message, will finish exchange [node=96ff27bd-315f-42e4-aee4-8ac792021c76, resVer=AffinityTopologyVersion [topVer=4, minorTopVer=0]]
[2018-06-12 19:06:16,371][INFO ][sys-#44][GridDhtPartitionsExchangeFuture] Finish exchange future [startVer=AffinityTopologyVersion [topVer=4, minorTopVer=0], resVer=AffinityTopologyVersion [topVer=4, minorTopVer=0], err=null]
[2018-06-12 19:06:16,593][INFO ][exchange-worker-#42][GridCachePartitionExchangeManager] Rebalancing scheduled [order=[ignite-sys-cache, PersonsCache]]
[2018-06-12 19:06:16,594][INFO ][exchange-worker-#42][GridCachePartitionExchangeManager] Rebalancing started [top=AffinityTopologyVersion [topVer=4, minorTopVer=0], evt=NODE_JOINED, node=7ebff1e5-1997-4fcf-a971-5a5eb181e160]
[2018-06-12 19:06:16,598][INFO ][exchange-worker-#42][GridDhtPartitionDemander] Starting rebalancing [grp=ignite-sys-cache, mode=SYNC, fromNode=96ff27bd-315f-42e4-aee4-8ac792021c76, partitionsCount=100, topology=AffinityTopologyVersion [topVer=4, minorTopVer=0], rebalanceId=1]
[2018-06-12 19:06:16,740][INFO ][utility-#46][GridDhtPartitionDemander] Completed (final) rebalancing [fromNode=96ff27bd-315f-42e4-aee4-8ac792021c76, cacheOrGroup=ignite-sys-cache, topology=AffinityTopologyVersion [topVer=4, minorTopVer=0], time=141 ms]
[2018-06-12 19:06:16,741][INFO ][utility-#46][GridDhtPartitionDemander] Completed rebalance future: RebalanceFuture [grp=CacheGroupContext [grp=ignite-sys-cache], topVer=AffinityTopologyVersion [topVer=4, minorTopVer=0], rebalanceId=1]
[2018-06-12 19:06:16,743][INFO ][utility-#46][GridDhtPartitionDemander] Starting rebalancing [grp=PersonsCache, mode=ASYNC, fromNode=96ff27bd-315f-42e4-aee4-8ac792021c76, partitionsCount=509, topology=AffinityTopologyVersion [topVer=4, minorTopVer=0], rebalanceId=1]
[2018-06-12 19:06:16,993][INFO ][sys-#49][GridDhtPartitionDemander] Completed (final) rebalancing [fromNode=96ff27bd-315f-42e4-aee4-8ac792021c76, cacheOrGroup=PersonsCache, topology=AffinityTopologyVersion [topVer=4, minorTopVer=0], time=255 ms]
[2018-06-12 19:06:16,993][INFO ][sys-#49][GridDhtPartitionDemander] Completed rebalance future: RebalanceFuture [grp=CacheGroupContext [grp=PersonsCache], topVer=AffinityTopologyVersion [topVer=4, minorTopVer=0], rebalanceId=1]
[2018-06-12 19:06:17,187][INFO ][tcp-disco-srvr-#3][TcpDiscoverySpi] TCP discovery accepted incoming connection [rmtAddr=/127.0.0.1, rmtPort=35771]
[2018-06-12 19:06:17,187][INFO ][tcp-disco-srvr-#3][TcpDiscoverySpi] TCP discovery spawning a new thread for connection [rmtAddr=/127.0.0.1, rmtPort=35771]
[2018-06-12 19:06:17,194][INFO ][tcp-disco-sock-reader-#6][TcpDiscoverySpi] Started serving remote node connection [rmtAddr=/127.0.0.1:35771, rmtPort=35771]
[2018-06-12 19:06:17,277][INFO ][main][IgniteKernal] Performance suggestions for grid  (fix if possible)
[2018-06-12 19:06:17,277][INFO ][main][IgniteKernal] To disable, set -DIGNITE_PERFORMANCE_SUGGESTIONS_DISABLED=true
[2018-06-12 19:06:17,278][INFO ][main][IgniteKernal]   ^-- Enable G1 Garbage Collector (add '-XX:+UseG1GC' to JVM options)
[2018-06-12 19:06:17,278][INFO ][main][IgniteKernal]   ^-- Set max direct memory size if getting 'OOME: Direct buffer memory' (add '-XX:MaxDirectMemorySize=<size>[g|G|m|M|k|K]' to JVM options)
[2018-06-12 19:06:17,310][INFO ][main][IgniteKernal]   ^-- Disable processing of calls to System.gc() (add '-XX:+DisableExplicitGC' to JVM options)
[2018-06-12 19:06:17,310][INFO ][main][IgniteKernal]   ^-- Decrease number of backups (set 'backups' to 0)
[2018-06-12 19:06:17,310][INFO ][main][IgniteKernal] Refer to this page for more performance suggestions: https://apacheignite.readme.io/docs/jvm-and-system-tuning
[2018-06-12 19:06:17,310][INFO ][main][IgniteKernal] 
[2018-06-12 19:06:17,310][INFO ][main][IgniteKernal] To start Console Management & Monitoring run ignitevisorcmd.{sh|bat}
[2018-06-12 19:06:17,311][INFO ][main][IgniteKernal] 
[2018-06-12 19:06:17,297][INFO ][tcp-disco-sock-reader-#6][TcpDiscoverySpi] Finished serving remote node connection [rmtAddr=/127.0.0.1:35771, rmtPort=35771
[2018-06-12 19:06:17,313][INFO ][main][IgniteKernal] 

>>> +-------------------------------------------------------------------------------+
>>> Ignite ver. 2.5.0-SNAPSHOT#20180518-sha1:fe6e70e3c8d6a6349ea00b7ec99b215945ffce6d
>>> +-------------------------------------------------------------------------------+
>>> OS name: Linux 4.15.0-22-generic amd64
>>> CPU(s): 4
>>> Heap: 2.0GB
>>> VM name: 7188@fl-PC
>>> Local node [ID=7EBFF1E5-1997-4FCF-A971-5A5EB181E160, order=4, clientMode=false]
>>> Local node addresses: [172.17.0.1/127.0.0.1, 192.168.0.101/172.17.0.1, /192.168.0.101]
>>> Local ports: TCP:10801 TCP:11212 TCP:47101 TCP:47502 

[2018-06-12 19:06:17,316][INFO ][main][GridDiscoveryManager] Topology snapshot [ver=4, servers=4, clients=0, CPUs=4, offheap=9.3GB, heap=8.0GB]
[2018-06-12 19:06:17,319][INFO ][main][GridDiscoveryManager]   ^-- Node [id=7EBFF1E5-1997-4FCF-A971-5A5EB181E160, clusterState=ACTIVE]
[2018-06-12 19:06:17,319][INFO ][main][GridDiscoveryManager] Data Regions Configured:
[2018-06-12 19:06:17,322][INFO ][main][GridDiscoveryManager]   ^-- default [initSize=256.0 MiB, maxSize=2.3 GiB, persistenceEnabled=false]
<19:06:17><main><yardstick> Configured marshaller: org.apache.ignite.internal.binary.BinaryMarshaller
[2018-06-12 19:06:17,789][INFO ][disco-event-worker-#41][GridDiscoveryManager] Added new node to topology: TcpDiscoveryNode [id=62123ec8-4217-4018-b38d-15f4daf0b8ba, addrs=[127.0.0.1, 172.17.0.1, 192.168.0.101], sockAddrs=[/172.17.0.1:47504, /127.0.0.1:47504, /192.168.0.101:47504], discPort=47504, order=5, intOrder=5, lastExchangeTime=1528819577393, loc=false, ver=2.5.0#20180518-sha1:fe6e70e3, isClient=false]
[2018-06-12 19:06:17,795][INFO ][disco-event-worker-#41][GridDiscoveryManager] Topology snapshot [ver=5, servers=5, clients=0, CPUs=4, offheap=12.0GB, heap=10.0GB]
[2018-06-12 19:06:17,795][INFO ][disco-event-worker-#41][GridDiscoveryManager]   ^-- Node [id=7EBFF1E5-1997-4FCF-A971-5A5EB181E160, clusterState=ACTIVE]
[2018-06-12 19:06:17,796][INFO ][disco-event-worker-#41][GridDiscoveryManager] Data Regions Configured:
[2018-06-12 19:06:17,796][INFO ][disco-event-worker-#41][GridDiscoveryManager]   ^-- default [initSize=256.0 MiB, maxSize=2.3 GiB, persistenceEnabled=false]
[2018-06-12 19:06:17,798][INFO ][exchange-worker-#42][time] Started exchange init [topVer=AffinityTopologyVersion [topVer=5, minorTopVer=0], crd=false, evt=NODE_JOINED, evtNode=62123ec8-4217-4018-b38d-15f4daf0b8ba, customEvt=null, allowMerge=true]
[2018-06-12 19:06:17,799][INFO ][exchange-worker-#42][GridDhtPartitionsExchangeFuture] Finished waiting for partition release future [topVer=AffinityTopologyVersion [topVer=5, minorTopVer=0], waitTime=0ms, futInfo=NA]
[2018-06-12 19:06:20,415][INFO ][exchange-worker-#42][GridDhtPartitionsExchangeFuture] Finished waiting for partitions release latch: ClientLatch [coordinator=TcpDiscoveryNode [id=96ff27bd-315f-42e4-aee4-8ac792021c76, addrs=[127.0.0.1, 172.17.0.1, 192.168.0.101], sockAddrs=[/172.17.0.1:47500, /127.0.0.1:47500, /192.168.0.101:47500], discPort=47500, order=1, intOrder=1, lastExchangeTime=1528819573422, loc=false, ver=2.5.0#20180518-sha1:fe6e70e3, isClient=false], ackSent=true, super=CompletableLatch [id=exchange, topVer=AffinityTopologyVersion [topVer=5, minorTopVer=0]]]
[2018-06-12 19:06:20,418][INFO ][exchange-worker-#42][GridDhtPartitionsExchangeFuture] Finished waiting for partition release future [topVer=AffinityTopologyVersion [topVer=5, minorTopVer=0], waitTime=11ms, futInfo=NA]
[2018-06-12 19:06:20,437][INFO ][exchange-worker-#42][time] Finished exchange init [topVer=AffinityTopologyVersion [topVer=5, minorTopVer=0], crd=false]
[2018-06-12 19:06:20,687][INFO ][sys-#53][GridDhtPartitionsExchangeFuture] Received full message, will finish exchange [node=96ff27bd-315f-42e4-aee4-8ac792021c76, resVer=AffinityTopologyVersion [topVer=5, minorTopVer=0]]
[2018-06-12 19:06:20,797][INFO ][sys-#53][GridDhtPartitionsExchangeFuture] Finish exchange future [startVer=AffinityTopologyVersion [topVer=5, minorTopVer=0], resVer=AffinityTopologyVersion [topVer=5, minorTopVer=0], err=null]
[2018-06-12 19:06:20,875][INFO ][exchange-worker-#42][GridCachePartitionExchangeManager] Skipping rebalancing (nothing scheduled) [top=AffinityTopologyVersion [topVer=5, minorTopVer=0], evt=NODE_JOINED, node=62123ec8-4217-4018-b38d-15f4daf0b8ba]
[2018-06-12 19:06:21,363][INFO ][grid-nio-worker-tcp-comm-1-#26][TcpCommunicationSpi] Accepted incoming communication connection [locAddr=/127.0.0.1:47101, rmtAddr=/127.0.0.1:49148]
[2018-06-12 19:06:22,286][INFO ][grid-timeout-worker-#23][IgniteKernal] 
Metrics for local node (to disable set 'metricsLogFrequency' to 0)
    ^-- Node [id=7ebff1e5, uptime=00:00:05.024]
    ^-- H/N/C [hosts=1, nodes=5, CPUs=4]
    ^-- CPU [cur=20.23%, avg=16.56%, GC=2.9%]
    ^-- PageMemory [pages=1220]
    ^-- Heap [used=123MB, free=93.68%, comm=1963MB]
    ^-- Non heap [used=50MB, free=-1%, comm=51MB]
    ^-- Outbound messages queue [size=0]
    ^-- Public thread pool [active=0, idle=6, qSize=0]
    ^-- System thread pool [active=0, idle=8, qSize=0]
[2018-06-12 19:06:23,228][INFO ][exchange-worker-#42][time] Started exchange init [topVer=AffinityTopologyVersion [topVer=5, minorTopVer=1], crd=false, evt=DISCOVERY_CUSTOM_EVT, evtNode=96ff27bd-315f-42e4-aee4-8ac792021c76, customEvt=CacheAffinityChangeMessage [id=1724fb4f361-6ba010bd-11ab-414e-a8bd-e8c2717ae5a5, topVer=AffinityTopologyVersion [topVer=5, minorTopVer=0], exchId=null, partsMsg=null, exchangeNeeded=true], allowMerge=false]
[2018-06-12 19:06:23,247][INFO ][exchange-worker-#42][GridDhtPartitionsExchangeFuture] Finished waiting for partition release future [topVer=AffinityTopologyVersion [topVer=5, minorTopVer=1], waitTime=0ms, futInfo=NA]
[2018-06-12 19:06:23,468][INFO ][exchange-worker-#42][GridDhtPartitionsExchangeFuture] Finished waiting for partitions release latch: ClientLatch [coordinator=TcpDiscoveryNode [id=96ff27bd-315f-42e4-aee4-8ac792021c76, addrs=[127.0.0.1, 172.17.0.1, 192.168.0.101], sockAddrs=[/172.17.0.1:47500, /127.0.0.1:47500, /192.168.0.101:47500], discPort=47500, order=1, intOrder=1, lastExchangeTime=1528819573422, loc=false, ver=2.5.0#20180518-sha1:fe6e70e3, isClient=false], ackSent=true, super=CompletableLatch [id=exchange, topVer=AffinityTopologyVersion [topVer=5, minorTopVer=1]]]
[2018-06-12 19:06:23,468][INFO ][exchange-worker-#42][GridDhtPartitionsExchangeFuture] Finished waiting for partition release future [topVer=AffinityTopologyVersion [topVer=5, minorTopVer=1], waitTime=0ms, futInfo=NA]
[2018-06-12 19:06:23,488][INFO ][exchange-worker-#42][time] Finished exchange init [topVer=AffinityTopologyVersion [topVer=5, minorTopVer=1], crd=false]
[2018-06-12 19:06:23,590][INFO ][sys-#44][GridDhtPartitionsExchangeFuture] Received full message, will finish exchange [node=96ff27bd-315f-42e4-aee4-8ac792021c76, resVer=AffinityTopologyVersion [topVer=5, minorTopVer=1]]
[2018-06-12 19:06:23,597][INFO ][sys-#44][GridDhtPartitionsExchangeFuture] Finish exchange future [startVer=AffinityTopologyVersion [topVer=5, minorTopVer=1], resVer=AffinityTopologyVersion [topVer=5, minorTopVer=1], err=null]
[2018-06-12 19:06:23,713][INFO ][grid-nio-worker-tcp-comm-2-#27][TcpCommunicationSpi] Accepted incoming communication connection [locAddr=/127.0.0.1:47101, rmtAddr=/127.0.0.1:49152]
[2018-06-12 19:06:23,792][INFO ][exchange-worker-#42][GridCachePartitionExchangeManager] Skipping rebalancing (nothing scheduled) [top=AffinityTopologyVersion [topVer=5, minorTopVer=1], evt=DISCOVERY_CUSTOM_EVT, node=96ff27bd-315f-42e4-aee4-8ac792021c76]
[2018-06-12 19:06:27,295][INFO ][grid-timeout-worker-#23][IgniteKernal] 
Metrics for local node (to disable set 'metricsLogFrequency' to 0)
    ^-- Node [id=7ebff1e5, uptime=00:00:10.026]
    ^-- H/N/C [hosts=1, nodes=5, CPUs=4]
    ^-- CPU [cur=14.43%, avg=16.21%, GC=0%]
    ^-- PageMemory [pages=1346]
    ^-- Heap [used=144MB, free=92.64%, comm=1963MB]
    ^-- Non heap [used=52MB, free=-1%, comm=53MB]
    ^-- Outbound messages queue [size=0]
    ^-- Public thread pool [active=0, idle=6, qSize=0]
    ^-- System thread pool [active=0, idle=8, qSize=0]
[2018-06-12 19:06:27,295][INFO ][grid-timeout-worker-#23][IgniteKernal] FreeList [name=null, buckets=256, dataPages=50, reusePages=197]
[2018-06-12 19:06:32,296][INFO ][grid-timeout-worker-#23][IgniteKernal] 
Metrics for local node (to disable set 'metricsLogFrequency' to 0)
    ^-- Node [id=7ebff1e5, uptime=00:00:15.030]
    ^-- H/N/C [hosts=1, nodes=5, CPUs=4]
    ^-- CPU [cur=19.17%, avg=16.41%, GC=0%]
    ^-- PageMemory [pages=1346]
    ^-- Heap [used=179MB, free=90.85%, comm=1963MB]
    ^-- Non heap [used=53MB, free=-1%, comm=55MB]
    ^-- Outbound messages queue [size=0]
    ^-- Public thread pool [active=0, idle=6, qSize=0]
    ^-- System thread pool [active=0, idle=8, qSize=0]
[2018-06-12 19:06:32,297][INFO ][grid-timeout-worker-#23][IgniteKernal] FreeList [name=null, buckets=256, dataPages=50, reusePages=197]
[2018-06-12 19:06:37,299][INFO ][grid-timeout-worker-#23][IgniteKernal] 
Metrics for local node (to disable set 'metricsLogFrequency' to 0)
    ^-- Node [id=7ebff1e5, uptime=00:00:20.035]
    ^-- H/N/C [hosts=1, nodes=5, CPUs=4]
    ^-- CPU [cur=12.27%, avg=16.07%, GC=0%]
    ^-- PageMemory [pages=1346]
    ^-- Heap [used=224MB, free=88.54%, comm=1963MB]
    ^-- Non heap [used=54MB, free=-1%, comm=55MB]
    ^-- Outbound messages queue [size=0]
    ^-- Public thread pool [active=0, idle=6, qSize=0]
    ^-- System thread pool [active=0, idle=8, qSize=0]
[2018-06-12 19:06:37,299][INFO ][grid-timeout-worker-#23][IgniteKernal] FreeList [name=null, buckets=256, dataPages=50, reusePages=197]
[2018-06-12 19:06:42,306][INFO ][grid-timeout-worker-#23][IgniteKernal] 
Metrics for local node (to disable set 'metricsLogFrequency' to 0)
    ^-- Node [id=7ebff1e5, uptime=00:00:25.041]
    ^-- H/N/C [hosts=1, nodes=5, CPUs=4]
    ^-- CPU [cur=18.33%, avg=15.48%, GC=0%]
    ^-- PageMemory [pages=1346]
    ^-- Heap [used=349MB, free=82.19%, comm=1963MB]
    ^-- Non heap [used=57MB, free=-1%, comm=58MB]
    ^-- Outbound messages queue [size=0]
    ^-- Public thread pool [active=8, idle=0, qSize=13]
    ^-- System thread pool [active=0, idle=8, qSize=0]
[2018-06-12 19:06:42,306][INFO ][grid-timeout-worker-#23][IgniteKernal] FreeList [name=null, buckets=256, dataPages=50, reusePages=197]
[2018-06-12 19:06:47,312][INFO ][grid-timeout-worker-#23][IgniteKernal] 
Metrics for local node (to disable set 'metricsLogFrequency' to 0)
    ^-- Node [id=7ebff1e5, uptime=00:00:30.049]
    ^-- H/N/C [hosts=1, nodes=5, CPUs=4]
    ^-- CPU [cur=19.67%, avg=16.06%, GC=0%]
    ^-- PageMemory [pages=1346]
    ^-- Heap [used=448MB, free=77.16%, comm=1963MB]
    ^-- Non heap [used=58MB, free=-1%, comm=59MB]
    ^-- Outbound messages queue [size=0]
    ^-- Public thread pool [active=8, idle=0, qSize=11]
    ^-- System thread pool [active=0, idle=8, qSize=0]
[2018-06-12 19:06:47,312][INFO ][grid-timeout-worker-#23][IgniteKernal] FreeList [name=null, buckets=256, dataPages=50, reusePages=197]
[2018-06-12 19:06:52,320][INFO ][grid-timeout-worker-#23][IgniteKernal] 
Metrics for local node (to disable set 'metricsLogFrequency' to 0)
    ^-- Node [id=7ebff1e5, uptime=00:00:35.053]
    ^-- H/N/C [hosts=1, nodes=5, CPUs=4]
    ^-- CPU [cur=19.6%, avg=16.41%, GC=0%]
    ^-- PageMemory [pages=1346]
    ^-- Heap [used=124MB, free=93.67%, comm=1963MB]
    ^-- Non heap [used=58MB, free=-1%, comm=59MB]
    ^-- Outbound messages queue [size=0]
    ^-- Public thread pool [active=8, idle=0, qSize=13]
    ^-- System thread pool [active=0, idle=8, qSize=0]
[2018-06-12 19:06:52,321][INFO ][grid-timeout-worker-#23][IgniteKernal] FreeList [name=null, buckets=256, dataPages=50, reusePages=197]
[2018-06-12 19:06:57,325][INFO ][grid-timeout-worker-#23][IgniteKernal] 
Metrics for local node (to disable set 'metricsLogFrequency' to 0)
    ^-- Node [id=7ebff1e5, uptime=00:00:40.056]
    ^-- H/N/C [hosts=1, nodes=5, CPUs=4]
    ^-- CPU [cur=20.67%, avg=16.81%, GC=0%]
    ^-- PageMemory [pages=1346]
    ^-- Heap [used=325MB, free=83.42%, comm=1963MB]
    ^-- Non heap [used=59MB, free=-1%, comm=60MB]
    ^-- Outbound messages queue [size=0]
    ^-- Public thread pool [active=8, idle=0, qSize=12]
    ^-- System thread pool [active=0, idle=8, qSize=0]
[2018-06-12 19:06:57,326][INFO ][grid-timeout-worker-#23][IgniteKernal] FreeList [name=null, buckets=256, dataPages=50, reusePages=197]
[2018-06-12 19:07:02,326][INFO ][grid-timeout-worker-#23][IgniteKernal] 
Metrics for local node (to disable set 'metricsLogFrequency' to 0)
    ^-- Node [id=7ebff1e5, uptime=00:00:45.063]
    ^-- H/N/C [hosts=1, nodes=5, CPUs=4]
    ^-- CPU [cur=21.83%, avg=17.48%, GC=0%]
    ^-- PageMemory [pages=1346]
    ^-- Heap [used=195MB, free=90.05%, comm=1963MB]
    ^-- Non heap [used=60MB, free=-1%, comm=61MB]
    ^-- Outbound messages queue [size=0]
    ^-- Public thread pool [active=8, idle=0, qSize=2]
    ^-- System thread pool [active=0, idle=8, qSize=0]
[2018-06-12 19:07:02,326][INFO ][grid-timeout-worker-#23][IgniteKernal] FreeList [name=null, buckets=256, dataPages=50, reusePages=197]
[2018-06-12 19:07:07,333][INFO ][grid-timeout-worker-#23][IgniteKernal] 
Metrics for local node (to disable set 'metricsLogFrequency' to 0)
    ^-- Node [id=7ebff1e5, uptime=00:00:50.072]
    ^-- H/N/C [hosts=1, nodes=5, CPUs=4]
    ^-- CPU [cur=17.57%, avg=17.88%, GC=0%]
    ^-- PageMemory [pages=1346]
    ^-- Heap [used=125MB, free=93.63%, comm=1963MB]
    ^-- Non heap [used=60MB, free=-1%, comm=62MB]
    ^-- Outbound messages queue [size=0]
    ^-- Public thread pool [active=8, idle=0, qSize=7]
    ^-- System thread pool [active=0, idle=8, qSize=0]
[2018-06-12 19:07:07,334][INFO ][grid-timeout-worker-#23][IgniteKernal] FreeList [name=null, buckets=256, dataPages=50, reusePages=197]
[2018-06-12 19:07:12,339][INFO ][grid-timeout-worker-#23][IgniteKernal] 
Metrics for local node (to disable set 'metricsLogFrequency' to 0)
    ^-- Node [id=7ebff1e5, uptime=00:00:55.073]
    ^-- H/N/C [hosts=1, nodes=5, CPUs=4]
    ^-- CPU [cur=20.17%, avg=17.93%, GC=0.1%]
    ^-- PageMemory [pages=1346]
    ^-- Heap [used=137MB, free=93.23%, comm=2025MB]
    ^-- Non heap [used=61MB, free=-1%, comm=62MB]
    ^-- Outbound messages queue [size=6]
    ^-- Public thread pool [active=8, idle=0, qSize=7]
    ^-- System thread pool [active=0, idle=8, qSize=0]
[2018-06-12 19:07:12,339][INFO ][grid-timeout-worker-#23][IgniteKernal] FreeList [name=null, buckets=256, dataPages=50, reusePages=197]
[2018-06-12 19:07:17,344][INFO ][grid-timeout-worker-#23][IgniteKernal] 
Metrics for local node (to disable set 'metricsLogFrequency' to 0)
    ^-- Node [id=7ebff1e5, uptime=00:01:00.082]
    ^-- H/N/C [hosts=1, nodes=5, CPUs=4]
    ^-- CPU [cur=17.23%, avg=17.99%, GC=0%]
    ^-- PageMemory [pages=1346]
    ^-- Heap [used=58MB, free=97.1%, comm=2024MB]
    ^-- Non heap [used=61MB, free=-1%, comm=62MB]
    ^-- Outbound messages queue [size=0]
    ^-- Public thread pool [active=8, idle=0, qSize=6]
    ^-- System thread pool [active=0, idle=8, qSize=0]
[2018-06-12 19:07:17,345][INFO ][grid-timeout-worker-#23][IgniteKernal] FreeList [name=null, buckets=256, dataPages=50, reusePages=197]
[2018-06-12 19:07:22,346][INFO ][grid-timeout-worker-#23][IgniteKernal] 
Metrics for local node (to disable set 'metricsLogFrequency' to 0)
    ^-- Node [id=7ebff1e5, uptime=00:01:05.083]
    ^-- H/N/C [hosts=1, nodes=5, CPUs=4]
    ^-- CPU [cur=17.83%, avg=17.96%, GC=0%]
    ^-- PageMemory [pages=1346]
    ^-- Heap [used=541MB, free=73.25%, comm=2024MB]
    ^-- Non heap [used=61MB, free=-1%, comm=62MB]
    ^-- Outbound messages queue [size=1]
    ^-- Public thread pool [active=8, idle=0, qSize=11]
    ^-- System thread pool [active=0, idle=8, qSize=0]
[2018-06-12 19:07:22,347][INFO ][grid-timeout-worker-#23][IgniteKernal] FreeList [name=null, buckets=256, dataPages=50, reusePages=197]
[2018-06-12 19:07:27,353][INFO ][grid-timeout-worker-#23][IgniteKernal] 
Metrics for local node (to disable set 'metricsLogFrequency' to 0)
    ^-- Node [id=7ebff1e5, uptime=00:01:10.087]
    ^-- H/N/C [hosts=1, nodes=5, CPUs=4]
    ^-- CPU [cur=17.4%, avg=17.82%, GC=0%]
    ^-- PageMemory [pages=1346]
    ^-- Heap [used=432MB, free=78.65%, comm=2026MB]
    ^-- Non heap [used=61MB, free=-1%, comm=62MB]
    ^-- Outbound messages queue [size=3]
    ^-- Public thread pool [active=8, idle=0, qSize=14]
    ^-- System thread pool [active=0, idle=8, qSize=0]
[2018-06-12 19:07:27,353][INFO ][grid-timeout-worker-#23][IgniteKernal] FreeList [name=null, buckets=256, dataPages=50, reusePages=197]
[2018-06-12 19:07:32,350][INFO ][grid-timeout-worker-#23][IgniteKernal] 
Metrics for local node (to disable set 'metricsLogFrequency' to 0)
    ^-- Node [id=7ebff1e5, uptime=00:01:15.087]
    ^-- H/N/C [hosts=1, nodes=5, CPUs=4]
    ^-- CPU [cur=15.17%, avg=17.71%, GC=0.1%]
    ^-- PageMemory [pages=1346]
    ^-- Heap [used=355MB, free=82.46%, comm=2025MB]
    ^-- Non heap [used=60MB, free=-1%, comm=62MB]
    ^-- Outbound messages queue [size=1]
    ^-- Public thread pool [active=8, idle=0, qSize=13]
    ^-- System thread pool [active=0, idle=8, qSize=0]
[2018-06-12 19:07:32,350][INFO ][grid-timeout-worker-#23][IgniteKernal] FreeList [name=null, buckets=256, dataPages=50, reusePages=197]
[2018-06-12 19:07:37,355][INFO ][grid-timeout-worker-#23][IgniteKernal] 
Metrics for local node (to disable set 'metricsLogFrequency' to 0)
    ^-- Node [id=7ebff1e5, uptime=00:01:20.091]
    ^-- H/N/C [hosts=1, nodes=5, CPUs=4]
    ^-- CPU [cur=18%, avg=17.7%, GC=0.1%]
    ^-- PageMemory [pages=1346]
    ^-- Heap [used=336MB, free=83.4%, comm=2028MB]
    ^-- Non heap [used=60MB, free=-1%, comm=62MB]
    ^-- Outbound messages queue [size=0]
    ^-- Public thread pool [active=8, idle=0, qSize=8]
    ^-- System thread pool [active=0, idle=6, qSize=0]
[2018-06-12 19:07:37,356][INFO ][grid-timeout-worker-#23][IgniteKernal] FreeList [name=null, buckets=256, dataPages=50, reusePages=197]
[2018-06-12 19:07:42,363][INFO ][grid-timeout-worker-#23][IgniteKernal] 
Metrics for local node (to disable set 'metricsLogFrequency' to 0)
    ^-- Node [id=7ebff1e5, uptime=00:01:25.099]
    ^-- H/N/C [hosts=1, nodes=5, CPUs=4]
    ^-- CPU [cur=18.43%, avg=17.74%, GC=0.17%]
    ^-- PageMemory [pages=1346]
    ^-- Heap [used=325MB, free=83.93%, comm=2027MB]
    ^-- Non heap [used=60MB, free=-1%, comm=62MB]
    ^-- Outbound messages queue [size=0]
    ^-- Public thread pool [active=8, idle=0, qSize=5]
    ^-- System thread pool [active=0, idle=6, qSize=0]
[2018-06-12 19:07:42,363][INFO ][grid-timeout-worker-#23][IgniteKernal] FreeList [name=null, buckets=256, dataPages=50, reusePages=197]
[2018-06-12 19:07:47,368][INFO ][grid-timeout-worker-#23][IgniteKernal] 
Metrics for local node (to disable set 'metricsLogFrequency' to 0)
    ^-- Node [id=7ebff1e5, uptime=00:01:30.106]
    ^-- H/N/C [hosts=1, nodes=5, CPUs=4]
    ^-- CPU [cur=20.4%, avg=17.82%, GC=0.13%]
    ^-- PageMemory [pages=1346]
    ^-- Heap [used=298MB, free=85.29%, comm=2029MB]
    ^-- Non heap [used=60MB, free=-1%, comm=63MB]
    ^-- Outbound messages queue [size=0]
    ^-- Public thread pool [active=8, idle=0, qSize=2]
    ^-- System thread pool [active=0, idle=6, qSize=0]
[2018-06-12 19:07:47,369][INFO ][grid-timeout-worker-#23][IgniteKernal] FreeList [name=null, buckets=256, dataPages=50, reusePages=197]
[2018-06-12 19:07:52,377][INFO ][grid-timeout-worker-#23][IgniteKernal] 
Metrics for local node (to disable set 'metricsLogFrequency' to 0)
    ^-- Node [id=7ebff1e5, uptime=00:01:35.115]
    ^-- H/N/C [hosts=1, nodes=5, CPUs=4]
    ^-- CPU [cur=19.17%, avg=17.92%, GC=0.07%]
    ^-- PageMemory [pages=1346]
    ^-- Heap [used=261MB, free=87.09%, comm=2028MB]
    ^-- Non heap [used=60MB, free=-1%, comm=63MB]
    ^-- Outbound messages queue [size=0]
    ^-- Public thread pool [active=8, idle=0, qSize=7]
    ^-- System thread pool [active=0, idle=6, qSize=0]
[2018-06-12 19:07:52,377][INFO ][grid-timeout-worker-#23][IgniteKernal] FreeList [name=null, buckets=256, dataPages=50, reusePages=197]
[2018-06-12 19:07:57,380][INFO ][grid-timeout-worker-#23][IgniteKernal] 
Metrics for local node (to disable set 'metricsLogFrequency' to 0)
    ^-- Node [id=7ebff1e5, uptime=00:01:40.116]
    ^-- H/N/C [hosts=1, nodes=5, CPUs=4]
    ^-- CPU [cur=18.57%, avg=17.95%, GC=0.13%]
    ^-- PageMemory [pages=1346]
    ^-- Heap [used=231MB, free=88.62%, comm=2031MB]
    ^-- Non heap [used=60MB, free=-1%, comm=63MB]
    ^-- Outbound messages queue [size=1]
    ^-- Public thread pool [active=8, idle=0, qSize=8]
    ^-- System thread pool [active=0, idle=6, qSize=0]
[2018-06-12 19:07:57,380][INFO ][grid-timeout-worker-#23][IgniteKernal] FreeList [name=null, buckets=256, dataPages=50, reusePages=197]
[2018-06-12 19:08:02,386][INFO ][grid-timeout-worker-#23][IgniteKernal] 
Metrics for local node (to disable set 'metricsLogFrequency' to 0)
    ^-- Node [id=7ebff1e5, uptime=00:01:45.119]
    ^-- H/N/C [hosts=1, nodes=5, CPUs=4]
    ^-- CPU [cur=17.67%, avg=17.97%, GC=0%]
    ^-- PageMemory [pages=1346]
    ^-- Heap [used=214MB, free=89.45%, comm=2030MB]
    ^-- Non heap [used=60MB, free=-1%, comm=63MB]
    ^-- Outbound messages queue [size=0]
    ^-- Public thread pool [active=8, idle=0, qSize=5]
    ^-- System thread pool [active=0, idle=6, qSize=0]
[2018-06-12 19:08:02,386][INFO ][grid-timeout-worker-#23][IgniteKernal] FreeList [name=null, buckets=256, dataPages=50, reusePages=197]
[2018-06-12 19:08:05,321][INFO ][disco-event-worker-#41][GridDiscoveryManager] Node left topology: TcpDiscoveryNode [id=62123ec8-4217-4018-b38d-15f4daf0b8ba, addrs=[127.0.0.1, 172.17.0.1, 192.168.0.101], sockAddrs=[/172.17.0.1:47504, /127.0.0.1:47504, /192.168.0.101:47504], discPort=47504, order=5, intOrder=5, lastExchangeTime=1528819577393, loc=false, ver=2.5.0#20180518-sha1:fe6e70e3, isClient=false]
[2018-06-12 19:08:05,328][INFO ][disco-event-worker-#41][GridDiscoveryManager] Topology snapshot [ver=6, servers=4, clients=0, CPUs=4, offheap=9.3GB, heap=8.0GB]
[2018-06-12 19:08:05,328][INFO ][disco-event-worker-#41][GridDiscoveryManager]   ^-- Node [id=7EBFF1E5-1997-4FCF-A971-5A5EB181E160, clusterState=ACTIVE]
[2018-06-12 19:08:05,328][INFO ][disco-event-worker-#41][GridDiscoveryManager] Data Regions Configured:
[2018-06-12 19:08:05,329][INFO ][disco-event-worker-#41][GridDiscoveryManager]   ^-- default [initSize=256.0 MiB, maxSize=2.3 GiB, persistenceEnabled=false]
[2018-06-12 19:08:05,374][INFO ][exchange-worker-#42][time] Started exchange init [topVer=AffinityTopologyVersion [topVer=6, minorTopVer=0], crd=false, evt=NODE_LEFT, evtNode=62123ec8-4217-4018-b38d-15f4daf0b8ba, customEvt=null, allowMerge=true]
[2018-06-12 19:08:05,375][INFO ][exchange-worker-#42][GridDhtPartitionsExchangeFuture] Finished waiting for partition release future [topVer=AffinityTopologyVersion [topVer=6, minorTopVer=0], waitTime=0ms, futInfo=NA]
[2018-06-12 19:08:05,426][INFO ][exchange-worker-#42][GridDhtPartitionsExchangeFuture] Finished waiting for partitions release latch: ClientLatch [coordinator=TcpDiscoveryNode [id=96ff27bd-315f-42e4-aee4-8ac792021c76, addrs=[127.0.0.1, 172.17.0.1, 192.168.0.101], sockAddrs=[/172.17.0.1:47500, /127.0.0.1:47500, /192.168.0.101:47500], discPort=47500, order=1, intOrder=1, lastExchangeTime=1528819573422, loc=false, ver=2.5.0#20180518-sha1:fe6e70e3, isClient=false], ackSent=true, super=CompletableLatch [id=exchange, topVer=AffinityTopologyVersion [topVer=6, minorTopVer=0]]]
[2018-06-12 19:08:05,426][INFO ][exchange-worker-#42][GridDhtPartitionsExchangeFuture] Finished waiting for partition release future [topVer=AffinityTopologyVersion [topVer=6, minorTopVer=0], waitTime=0ms, futInfo=NA]
[2018-06-12 19:08:05,432][INFO ][exchange-worker-#42][time] Finished exchange init [topVer=AffinityTopologyVersion [topVer=6, minorTopVer=0], crd=false]
[2018-06-12 19:08:05,538][INFO ][sys-#44][GridDhtPartitionsExchangeFuture] Received full message, will finish exchange [node=96ff27bd-315f-42e4-aee4-8ac792021c76, resVer=AffinityTopologyVersion [topVer=6, minorTopVer=0]]
[2018-06-12 19:08:05,620][INFO ][sys-#44][GridDhtPartitionsExchangeFuture] Finish exchange future [startVer=AffinityTopologyVersion [topVer=6, minorTopVer=0], resVer=AffinityTopologyVersion [topVer=6, minorTopVer=0], err=null]
[2018-06-12 19:08:05,679][INFO ][exchange-worker-#42][GridCachePartitionExchangeManager] Rebalancing scheduled [order=[PersonsCache]]
[2018-06-12 19:08:05,679][INFO ][exchange-worker-#42][GridCachePartitionExchangeManager] Rebalancing started [top=AffinityTopologyVersion [topVer=6, minorTopVer=0], evt=NODE_LEFT, node=62123ec8-4217-4018-b38d-15f4daf0b8ba]
[2018-06-12 19:08:05,680][INFO ][exchange-worker-#42][GridDhtPartitionDemander] Starting rebalancing [grp=PersonsCache, mode=ASYNC, fromNode=502b5915-349f-4d69-8c7c-2c40a5e79f87, partitionsCount=42, topology=AffinityTopologyVersion [topVer=6, minorTopVer=0], rebalanceId=24]
[2018-06-12 19:08:05,680][INFO ][grid-nio-worker-tcp-comm-3-#28][TcpCommunicationSpi] Accepted incoming communication connection [locAddr=/127.0.0.1:47101, rmtAddr=/127.0.0.1:49226]
[2018-06-12 19:08:05,680][INFO ][exchange-worker-#42][GridDhtPartitionDemander] Starting rebalancing [grp=PersonsCache, mode=ASYNC, fromNode=0c6b315b-65cb-4d56-a2f4-4716d1030220, partitionsCount=41, topology=AffinityTopologyVersion [topVer=6, minorTopVer=0], rebalanceId=24]
[2018-06-12 19:08:05,681][INFO ][exchange-worker-#42][GridDhtPartitionDemander] Starting rebalancing [grp=PersonsCache, mode=ASYNC, fromNode=96ff27bd-315f-42e4-aee4-8ac792021c76, partitionsCount=26, topology=AffinityTopologyVersion [topVer=6, minorTopVer=0], rebalanceId=24]
[2018-06-12 19:08:05,697][INFO ][sys-#53][GridDhtPartitionDemander] Completed rebalancing [fromNode=96ff27bd-315f-42e4-aee4-8ac792021c76, cacheOrGroup=PersonsCache, topology=AffinityTopologyVersion [topVer=6, minorTopVer=0], time=11 ms]
[2018-06-12 19:08:05,779][INFO ][sys-#57][GridDhtPartitionDemander] Completed rebalancing [fromNode=0c6b315b-65cb-4d56-a2f4-4716d1030220, cacheOrGroup=PersonsCache, topology=AffinityTopologyVersion [topVer=6, minorTopVer=0], time=103 ms]
[2018-06-12 19:08:05,912][INFO ][sys-#61][GridDhtPartitionDemander] Completed (final) rebalancing [fromNode=502b5915-349f-4d69-8c7c-2c40a5e79f87, cacheOrGroup=PersonsCache, topology=AffinityTopologyVersion [topVer=6, minorTopVer=0], time=234 ms]
[2018-06-12 19:08:05,912][INFO ][sys-#61][GridDhtPartitionDemander] Completed rebalance future: RebalanceFuture [grp=CacheGroupContext [grp=PersonsCache], topVer=AffinityTopologyVersion [topVer=6, minorTopVer=0], rebalanceId=24]
[2018-06-12 19:08:07,392][INFO ][grid-timeout-worker-#23][IgniteKernal] 
Metrics for local node (to disable set 'metricsLogFrequency' to 0)
    ^-- Node [id=7ebff1e5, uptime=00:01:50.128]
    ^-- H/N/C [hosts=1, nodes=4, CPUs=4]
    ^-- CPU [cur=14.73%, avg=17.91%, GC=0%]
    ^-- PageMemory [pages=1397]
    ^-- Heap [used=578MB, free=71.5%, comm=2030MB]
    ^-- Non heap [used=61MB, free=-1%, comm=63MB]
    ^-- Outbound messages queue [size=0]
    ^-- Public thread pool [active=0, idle=8, qSize=0]
    ^-- System thread pool [active=0, idle=8, qSize=0]
[2018-06-12 19:08:07,392][INFO ][grid-timeout-worker-#23][IgniteKernal] FreeList [name=null, buckets=256, dataPages=50, reusePages=0]
[2018-06-12 19:08:10,409][INFO ][disco-event-worker-#41][GridDiscoveryManager] Added new node to topology: TcpDiscoveryNode [id=55d3ac46-b6da-44e9-bf37-0320a7966a58, addrs=[127.0.0.1, 172.17.0.1, 192.168.0.101], sockAddrs=[/172.17.0.1:47504, /127.0.0.1:47504, /192.168.0.101:47504], discPort=47504, order=7, intOrder=6, lastExchangeTime=1528819690238, loc=false, ver=2.5.0#20180518-sha1:fe6e70e3, isClient=false]
[2018-06-12 19:08:10,414][INFO ][disco-event-worker-#41][GridDiscoveryManager] Topology snapshot [ver=7, servers=5, clients=0, CPUs=4, offheap=12.0GB, heap=10.0GB]
[2018-06-12 19:08:10,414][INFO ][disco-event-worker-#41][GridDiscoveryManager]   ^-- Node [id=7EBFF1E5-1997-4FCF-A971-5A5EB181E160, clusterState=ACTIVE]
[2018-06-12 19:08:10,414][INFO ][disco-event-worker-#41][GridDiscoveryManager] Data Regions Configured:
[2018-06-12 19:08:10,414][INFO ][disco-event-worker-#41][GridDiscoveryManager]   ^-- default [initSize=256.0 MiB, maxSize=2.3 GiB, persistenceEnabled=false]
[2018-06-12 19:08:10,416][INFO ][exchange-worker-#42][time] Started exchange init [topVer=AffinityTopologyVersion [topVer=7, minorTopVer=0], crd=false, evt=NODE_JOINED, evtNode=55d3ac46-b6da-44e9-bf37-0320a7966a58, customEvt=null, allowMerge=true]
[2018-06-12 19:08:10,416][INFO ][exchange-worker-#42][GridDhtPartitionsExchangeFuture] Finished waiting for partition release future [topVer=AffinityTopologyVersion [topVer=7, minorTopVer=0], waitTime=0ms, futInfo=NA]
[2018-06-12 19:08:11,065][INFO ][exchange-worker-#42][GridDhtPartitionsExchangeFuture] Finished waiting for partitions release latch: ClientLatch [coordinator=TcpDiscoveryNode [id=96ff27bd-315f-42e4-aee4-8ac792021c76, addrs=[127.0.0.1, 172.17.0.1, 192.168.0.101], sockAddrs=[/172.17.0.1:47500, /127.0.0.1:47500, /192.168.0.101:47500], discPort=47500, order=1, intOrder=1, lastExchangeTime=1528819573422, loc=false, ver=2.5.0#20180518-sha1:fe6e70e3, isClient=false], ackSent=true, super=CompletableLatch [id=exchange, topVer=AffinityTopologyVersion [topVer=7, minorTopVer=0]]]
[2018-06-12 19:08:11,065][INFO ][exchange-worker-#42][GridDhtPartitionsExchangeFuture] Finished waiting for partition release future [topVer=AffinityTopologyVersion [topVer=7, minorTopVer=0], waitTime=0ms, futInfo=NA]
[2018-06-12 19:08:11,080][INFO ][exchange-worker-#42][time] Finished exchange init [topVer=AffinityTopologyVersion [topVer=7, minorTopVer=0], crd=false]
[2018-06-12 19:08:11,132][INFO ][sys-#57][GridDhtPartitionsExchangeFuture] Received full message, will finish exchange [node=96ff27bd-315f-42e4-aee4-8ac792021c76, resVer=AffinityTopologyVersion [topVer=7, minorTopVer=0]]
[2018-06-12 19:08:11,220][INFO ][sys-#57][GridDhtPartitionsExchangeFuture] Finish exchange future [startVer=AffinityTopologyVersion [topVer=7, minorTopVer=0], resVer=AffinityTopologyVersion [topVer=7, minorTopVer=0], err=null]
[2018-06-12 19:08:11,248][INFO ][exchange-worker-#42][GridCachePartitionExchangeManager] Skipping rebalancing (nothing scheduled) [top=AffinityTopologyVersion [topVer=7, minorTopVer=0], evt=NODE_JOINED, node=55d3ac46-b6da-44e9-bf37-0320a7966a58]
[2018-06-12 19:08:11,710][INFO ][grid-nio-worker-tcp-comm-0-#25][TcpCommunicationSpi] Accepted incoming communication connection [locAddr=/127.0.0.1:47101, rmtAddr=/127.0.0.1:49244]
[2018-06-12 19:08:12,398][INFO ][grid-timeout-worker-#23][IgniteKernal] 
Metrics for local node (to disable set 'metricsLogFrequency' to 0)
    ^-- Node [id=7ebff1e5, uptime=00:01:55.130]
    ^-- H/N/C [hosts=1, nodes=5, CPUs=4]
    ^-- CPU [cur=4.93%, avg=17.58%, GC=0%]
    ^-- PageMemory [pages=1397]
    ^-- Heap [used=591MB, free=70.85%, comm=2030MB]
    ^-- Non heap [used=61MB, free=-1%, comm=63MB]
    ^-- Outbound messages queue [size=0]
    ^-- Public thread pool [active=0, idle=8, qSize=0]
    ^-- System thread pool [active=0, idle=8, qSize=0]
[2018-06-12 19:08:12,399][INFO ][grid-timeout-worker-#23][IgniteKernal] FreeList [name=null, buckets=256, dataPages=50, reusePages=0]
[2018-06-12 19:08:13,446][INFO ][exchange-worker-#42][time] Started exchange init [topVer=AffinityTopologyVersion [topVer=7, minorTopVer=1], crd=false, evt=DISCOVERY_CUSTOM_EVT, evtNode=96ff27bd-315f-42e4-aee4-8ac792021c76, customEvt=CacheAffinityChangeMessage [id=b5844c4f361-6ba010bd-11ab-414e-a8bd-e8c2717ae5a5, topVer=AffinityTopologyVersion [topVer=7, minorTopVer=0], exchId=null, partsMsg=null, exchangeNeeded=true], allowMerge=false]
[2018-06-12 19:08:13,451][INFO ][exchange-worker-#42][GridDhtPartitionsExchangeFuture] Finished waiting for partition release future [topVer=AffinityTopologyVersion [topVer=7, minorTopVer=1], waitTime=0ms, futInfo=NA]
[2018-06-12 19:08:13,670][INFO ][exchange-worker-#42][GridDhtPartitionsExchangeFuture] Finished waiting for partitions release latch: ClientLatch [coordinator=TcpDiscoveryNode [id=96ff27bd-315f-42e4-aee4-8ac792021c76, addrs=[127.0.0.1, 172.17.0.1, 192.168.0.101], sockAddrs=[/172.17.0.1:47500, /127.0.0.1:47500, /192.168.0.101:47500], discPort=47500, order=1, intOrder=1, lastExchangeTime=1528819573422, loc=false, ver=2.5.0#20180518-sha1:fe6e70e3, isClient=false], ackSent=true, super=CompletableLatch [id=exchange, topVer=AffinityTopologyVersion [topVer=7, minorTopVer=1]]]
[2018-06-12 19:08:13,670][INFO ][exchange-worker-#42][GridDhtPartitionsExchangeFuture] Finished waiting for partition release future [topVer=AffinityTopologyVersion [topVer=7, minorTopVer=1], waitTime=0ms, futInfo=NA]
[2018-06-12 19:08:13,681][INFO ][exchange-worker-#42][time] Finished exchange init [topVer=AffinityTopologyVersion [topVer=7, minorTopVer=1], crd=false]
[2018-06-12 19:08:13,804][INFO ][sys-#53][GridDhtPartitionsExchangeFuture] Received full message, will finish exchange [node=96ff27bd-315f-42e4-aee4-8ac792021c76, resVer=AffinityTopologyVersion [topVer=7, minorTopVer=1]]
[2018-06-12 19:08:13,819][INFO ][sys-#53][GridDhtPartitionsExchangeFuture] Finish exchange future [startVer=AffinityTopologyVersion [topVer=7, minorTopVer=1], resVer=AffinityTopologyVersion [topVer=7, minorTopVer=1], err=null]
[2018-06-12 19:08:13,866][INFO ][exchange-worker-#42][GridCachePartitionExchangeManager] Skipping rebalancing (nothing scheduled) [top=AffinityTopologyVersion [topVer=7, minorTopVer=1], evt=DISCOVERY_CUSTOM_EVT, node=96ff27bd-315f-42e4-aee4-8ac792021c76]
[2018-06-12 19:08:17,399][INFO ][grid-timeout-worker-#23][IgniteKernal] 
Metrics for local node (to disable set 'metricsLogFrequency' to 0)
    ^-- Node [id=7ebff1e5, uptime=00:02:00.134]
    ^-- H/N/C [hosts=1, nodes=5, CPUs=4]
    ^-- CPU [cur=19.23%, avg=17.38%, GC=0%]
    ^-- PageMemory [pages=1437]
    ^-- Heap [used=630MB, free=68.93%, comm=2030MB]
    ^-- Non heap [used=62MB, free=-1%, comm=63MB]
    ^-- Outbound messages queue [size=0]
    ^-- Public thread pool [active=0, idle=8, qSize=0]
    ^-- System thread pool [active=0, idle=8, qSize=0]
[2018-06-12 19:08:17,400][INFO ][grid-timeout-worker-#23][IgniteKernal] FreeList [name=null, buckets=256, dataPages=76, reusePages=216]
[2018-06-12 19:08:22,403][INFO ][grid-timeout-worker-#23][IgniteKernal] 
Metrics for local node (to disable set 'metricsLogFrequency' to 0)
    ^-- Node [id=7ebff1e5, uptime=00:02:05.141]
    ^-- H/N/C [hosts=1, nodes=5, CPUs=4]
    ^-- CPU [cur=0.33%, avg=17.19%, GC=0%]
    ^-- PageMemory [pages=1437]
    ^-- Heap [used=631MB, free=68.91%, comm=2030MB]
    ^-- Non heap [used=62MB, free=-1%, comm=63MB]
    ^-- Outbound messages queue [size=0]
    ^-- Public thread pool [active=0, idle=8, qSize=0]
    ^-- System thread pool [active=0, idle=8, qSize=0]
[2018-06-12 19:08:22,404][INFO ][grid-timeout-worker-#23][IgniteKernal] FreeList [name=null, buckets=256, dataPages=76, reusePages=216]
[2018-06-12 19:08:27,409][INFO ][grid-timeout-worker-#23][IgniteKernal] 
Metrics for local node (to disable set 'metricsLogFrequency' to 0)
    ^-- Node [id=7ebff1e5, uptime=00:02:10.144]
    ^-- H/N/C [hosts=1, nodes=5, CPUs=4]
    ^-- CPU [cur=0.67%, avg=16.6%, GC=0%]
    ^-- PageMemory [pages=1437]
    ^-- Heap [used=631MB, free=68.88%, comm=2030MB]
    ^-- Non heap [used=62MB, free=-1%, comm=63MB]
    ^-- Outbound messages queue [size=0]
    ^-- Public thread pool [active=0, idle=8, qSize=0]
    ^-- System thread pool [active=0, idle=8, qSize=0]
[2018-06-12 19:08:27,409][INFO ][grid-timeout-worker-#23][IgniteKernal] FreeList [name=null, buckets=256, dataPages=76, reusePages=216]
[2018-06-12 19:08:32,410][INFO ][grid-timeout-worker-#23][IgniteKernal] 
Metrics for local node (to disable set 'metricsLogFrequency' to 0)
    ^-- Node [id=7ebff1e5, uptime=00:02:15.144]
    ^-- H/N/C [hosts=1, nodes=5, CPUs=4]
    ^-- CPU [cur=0.33%, avg=16.05%, GC=0%]
    ^-- PageMemory [pages=1437]
    ^-- Heap [used=632MB, free=68.86%, comm=2030MB]
    ^-- Non heap [used=62MB, free=-1%, comm=63MB]
    ^-- Outbound messages queue [size=0]
    ^-- Public thread pool [active=0, idle=8, qSize=0]
    ^-- System thread pool [active=0, idle=8, qSize=0]
[2018-06-12 19:08:32,410][INFO ][grid-timeout-worker-#23][IgniteKernal] FreeList [name=null, buckets=256, dataPages=76, reusePages=216]
[2018-06-12 19:08:37,414][INFO ][grid-timeout-worker-#23][IgniteKernal] 
Metrics for local node (to disable set 'metricsLogFrequency' to 0)
    ^-- Node [id=7ebff1e5, uptime=00:02:20.147]
    ^-- H/N/C [hosts=1, nodes=5, CPUs=4]
    ^-- CPU [cur=0.33%, avg=15.54%, GC=0%]
    ^-- PageMemory [pages=1437]
    ^-- Heap [used=632MB, free=68.84%, comm=2030MB]
    ^-- Non heap [used=62MB, free=-1%, comm=63MB]
    ^-- Outbound messages queue [size=0]
    ^-- Public thread pool [active=0, idle=8, qSize=0]
    ^-- System thread pool [active=0, idle=8, qSize=0]
[2018-06-12 19:08:37,414][INFO ][grid-timeout-worker-#23][IgniteKernal] FreeList [name=null, buckets=256, dataPages=76, reusePages=216]
[2018-06-12 19:08:42,414][INFO ][grid-timeout-worker-#23][IgniteKernal] 
Metrics for local node (to disable set 'metricsLogFrequency' to 0)
    ^-- Node [id=7ebff1e5, uptime=00:02:25.150]
    ^-- H/N/C [hosts=1, nodes=5, CPUs=4]
    ^-- CPU [cur=0.33%, avg=15.06%, GC=0%]
    ^-- PageMemory [pages=1437]
    ^-- Heap [used=633MB, free=68.82%, comm=2030MB]
    ^-- Non heap [used=62MB, free=-1%, comm=63MB]
    ^-- Outbound messages queue [size=0]
    ^-- Public thread pool [active=0, idle=8, qSize=0]
    ^-- System thread pool [active=0, idle=8, qSize=0]
[2018-06-12 19:08:42,414][INFO ][grid-timeout-worker-#23][IgniteKernal] FreeList [name=null, buckets=256, dataPages=76, reusePages=216]
[2018-06-12 19:08:47,416][INFO ][grid-timeout-worker-#23][IgniteKernal] 
Metrics for local node (to disable set 'metricsLogFrequency' to 0)
    ^-- Node [id=7ebff1e5, uptime=00:02:30.153]
    ^-- H/N/C [hosts=1, nodes=5, CPUs=4]
    ^-- CPU [cur=0.33%, avg=14.83%, GC=0%]
    ^-- PageMemory [pages=1437]
    ^-- Heap [used=633MB, free=68.79%, comm=2030MB]
    ^-- Non heap [used=62MB, free=-1%, comm=63MB]
    ^-- Outbound messages queue [size=0]
    ^-- Public thread pool [active=0, idle=8, qSize=0]
    ^-- System thread pool [active=0, idle=8, qSize=0]
[2018-06-12 19:08:47,416][INFO ][grid-timeout-worker-#23][IgniteKernal] FreeList [name=null, buckets=256, dataPages=76, reusePages=216]
[2018-06-12 19:08:52,425][INFO ][grid-timeout-worker-#23][IgniteKernal] 
Metrics for local node (to disable set 'metricsLogFrequency' to 0)
    ^-- Node [id=7ebff1e5, uptime=00:02:35.156]
    ^-- H/N/C [hosts=1, nodes=5, CPUs=4]
    ^-- CPU [cur=0.4%, avg=14.39%, GC=0%]
    ^-- PageMemory [pages=1437]
    ^-- Heap [used=634MB, free=68.77%, comm=2030MB]
    ^-- Non heap [used=62MB, free=-1%, comm=63MB]
    ^-- Outbound messages queue [size=0]
    ^-- Public thread pool [active=0, idle=8, qSize=0]
    ^-- System thread pool [active=0, idle=8, qSize=0]
[2018-06-12 19:08:52,425][INFO ][grid-timeout-worker-#23][IgniteKernal] FreeList [name=null, buckets=256, dataPages=76, reusePages=216]
[2018-06-12 19:08:57,422][INFO ][grid-timeout-worker-#23][IgniteKernal] 
Metrics for local node (to disable set 'metricsLogFrequency' to 0)
    ^-- Node [id=7ebff1e5, uptime=00:02:40.160]
    ^-- H/N/C [hosts=1, nodes=5, CPUs=4]
    ^-- CPU [cur=0.6%, avg=13.97%, GC=0%]
    ^-- PageMemory [pages=1437]
    ^-- Heap [used=634MB, free=68.74%, comm=2030MB]
    ^-- Non heap [used=62MB, free=-1%, comm=63MB]
    ^-- Outbound messages queue [size=0]
    ^-- Public thread pool [active=0, idle=8, qSize=0]
    ^-- System thread pool [active=0, idle=8, qSize=0]
[2018-06-12 19:08:57,422][INFO ][grid-timeout-worker-#23][IgniteKernal] FreeList [name=null, buckets=256, dataPages=76, reusePages=216]
[2018-06-12 19:09:02,432][INFO ][grid-timeout-worker-#23][IgniteKernal] 
Metrics for local node (to disable set 'metricsLogFrequency' to 0)
    ^-- Node [id=7ebff1e5, uptime=00:02:45.169]
    ^-- H/N/C [hosts=1, nodes=5, CPUs=4]
    ^-- CPU [cur=0.33%, avg=13.78%, GC=0%]
    ^-- PageMemory [pages=1437]
    ^-- Heap [used=634MB, free=68.72%, comm=2030MB]
    ^-- Non heap [used=62MB, free=-1%, comm=63MB]
    ^-- Outbound messages queue [size=0]
    ^-- Public thread pool [active=0, idle=8, qSize=0]
    ^-- System thread pool [active=0, idle=8, qSize=0]
[2018-06-12 19:09:02,432][INFO ][grid-timeout-worker-#23][IgniteKernal] FreeList [name=null, buckets=256, dataPages=76, reusePages=216]
[2018-06-12 19:09:07,440][INFO ][grid-timeout-worker-#23][IgniteKernal] 
Metrics for local node (to disable set 'metricsLogFrequency' to 0)
    ^-- Node [id=7ebff1e5, uptime=00:02:50.170]
    ^-- H/N/C [hosts=1, nodes=5, CPUs=4]
    ^-- CPU [cur=0.33%, avg=13.4%, GC=0%]
    ^-- PageMemory [pages=1437]
    ^-- Heap [used=635MB, free=68.69%, comm=2030MB]
    ^-- Non heap [used=62MB, free=-1%, comm=63MB]
    ^-- Outbound messages queue [size=0]
    ^-- Public thread pool [active=0, idle=0, qSize=0]
    ^-- System thread pool [active=0, idle=8, qSize=0]
[2018-06-12 19:09:07,441][INFO ][grid-timeout-worker-#23][IgniteKernal] FreeList [name=null, buckets=256, dataPages=76, reusePages=216]
[2018-06-12 19:09:12,441][INFO ][grid-timeout-worker-#23][IgniteKernal] 
Metrics for local node (to disable set 'metricsLogFrequency' to 0)
    ^-- Node [id=7ebff1e5, uptime=00:02:55.170]
    ^-- H/N/C [hosts=1, nodes=5, CPUs=4]
    ^-- CPU [cur=0.17%, avg=13.22%, GC=0%]
    ^-- PageMemory [pages=1437]
    ^-- Heap [used=635MB, free=68.67%, comm=2030MB]
    ^-- Non heap [used=62MB, free=-1%, comm=63MB]
    ^-- Outbound messages queue [size=0]
    ^-- Public thread pool [active=0, idle=0, qSize=0]
    ^-- System thread pool [active=0, idle=8, qSize=0]
[2018-06-12 19:09:12,441][INFO ][grid-timeout-worker-#23][IgniteKernal] FreeList [name=null, buckets=256, dataPages=76, reusePages=216]
[2018-06-12 19:09:17,446][INFO ][grid-timeout-worker-#23][IgniteKernal] 
Metrics for local node (to disable set 'metricsLogFrequency' to 0)
    ^-- Node [id=7ebff1e5, uptime=00:03:00.183]
    ^-- H/N/C [hosts=1, nodes=5, CPUs=4]
    ^-- CPU [cur=0.5%, avg=12.7%, GC=0%]
    ^-- PageMemory [pages=1437]
    ^-- Heap [used=636MB, free=68.63%, comm=2030MB]
    ^-- Non heap [used=62MB, free=-1%, comm=63MB]
    ^-- Outbound messages queue [size=0]
    ^-- Public thread pool [active=0, idle=0, qSize=0]
    ^-- System thread pool [active=0, idle=6, qSize=0]
[2018-06-12 19:09:17,447][INFO ][grid-timeout-worker-#23][IgniteKernal] FreeList [name=null, buckets=256, dataPages=76, reusePages=216]
[2018-06-12 19:09:22,454][INFO ][grid-timeout-worker-#23][IgniteKernal] 
Metrics for local node (to disable set 'metricsLogFrequency' to 0)
    ^-- Node [id=7ebff1e5, uptime=00:03:05.184]
    ^-- H/N/C [hosts=1, nodes=5, CPUs=4]
    ^-- CPU [cur=0.27%, avg=12.38%, GC=0%]
    ^-- PageMemory [pages=1437]
    ^-- Heap [used=637MB, free=68.61%, comm=2030MB]
    ^-- Non heap [used=62MB, free=-1%, comm=63MB]
    ^-- Outbound messages queue [size=0]
    ^-- Public thread pool [active=0, idle=0, qSize=0]
    ^-- System thread pool [active=0, idle=6, qSize=0]
[2018-06-12 19:09:22,454][INFO ][grid-timeout-worker-#23][IgniteKernal] FreeList [name=null, buckets=256, dataPages=76, reusePages=216]
[2018-06-12 19:09:27,450][INFO ][grid-timeout-worker-#23][IgniteKernal] 
Metrics for local node (to disable set 'metricsLogFrequency' to 0)
    ^-- Node [id=7ebff1e5, uptime=00:03:10.188]
    ^-- H/N/C [hosts=1, nodes=5, CPUs=4]
    ^-- CPU [cur=0.73%, avg=12.08%, GC=0%]
    ^-- PageMemory [pages=1437]
    ^-- Heap [used=638MB, free=68.56%, comm=2030MB]
    ^-- Non heap [used=62MB, free=-1%, comm=63MB]
    ^-- Outbound messages queue [size=0]
    ^-- Public thread pool [active=0, idle=0, qSize=0]
    ^-- System thread pool [active=0, idle=6, qSize=0]
[2018-06-12 19:09:27,451][INFO ][grid-timeout-worker-#23][IgniteKernal] FreeList [name=null, buckets=256, dataPages=76, reusePages=216]
[2018-06-12 19:09:32,460][INFO ][grid-timeout-worker-#23][IgniteKernal] 
Metrics for local node (to disable set 'metricsLogFrequency' to 0)
    ^-- Node [id=7ebff1e5, uptime=00:03:15.197]
    ^-- H/N/C [hosts=1, nodes=5, CPUs=4]
    ^-- CPU [cur=0.77%, avg=11.93%, GC=0%]
    ^-- PageMemory [pages=1437]
    ^-- Heap [used=638MB, free=68.54%, comm=2030MB]
    ^-- Non heap [used=62MB, free=-1%, comm=63MB]
    ^-- Outbound messages queue [size=0]
    ^-- Public thread pool [active=0, idle=0, qSize=0]
    ^-- System thread pool [active=0, idle=6, qSize=0]
[2018-06-12 19:09:32,460][INFO ][grid-timeout-worker-#23][IgniteKernal] FreeList [name=null, buckets=256, dataPages=76, reusePages=216]
[2018-06-12 19:09:37,468][INFO ][grid-timeout-worker-#23][IgniteKernal] 
Metrics for local node (to disable set 'metricsLogFrequency' to 0)
    ^-- Node [id=7ebff1e5, uptime=00:03:20.206]
    ^-- H/N/C [hosts=1, nodes=5, CPUs=4]
    ^-- CPU [cur=0.17%, avg=11.52%, GC=0%]
    ^-- PageMemory [pages=1437]
    ^-- Heap [used=639MB, free=68.5%, comm=2030MB]
    ^-- Non heap [used=61MB, free=-1%, comm=63MB]
    ^-- Outbound messages queue [size=0]
    ^-- Public thread pool [active=0, idle=0, qSize=0]
    ^-- System thread pool [active=0, idle=6, qSize=0]
[2018-06-12 19:09:37,469][INFO ][grid-timeout-worker-#23][IgniteKernal] FreeList [name=null, buckets=256, dataPages=76, reusePages=216]
[2018-06-12 19:09:42,477][INFO ][grid-timeout-worker-#23][IgniteKernal] 
Metrics for local node (to disable set 'metricsLogFrequency' to 0)
    ^-- Node [id=7ebff1e5, uptime=00:03:25.212]
    ^-- H/N/C [hosts=1, nodes=5, CPUs=4]
    ^-- CPU [cur=0.27%, avg=11.25%, GC=0%]
    ^-- PageMemory [pages=1437]
    ^-- Heap [used=639MB, free=68.48%, comm=2030MB]
    ^-- Non heap [used=61MB, free=-1%, comm=63MB]
    ^-- Outbound messages queue [size=0]
    ^-- Public thread pool [active=0, idle=0, qSize=0]
    ^-- System thread pool [active=0, idle=6, qSize=0]
[2018-06-12 19:09:42,477][INFO ][grid-timeout-worker-#23][IgniteKernal] FreeList [name=null, buckets=256, dataPages=76, reusePages=216]
[2018-06-12 19:09:47,474][INFO ][grid-timeout-worker-#23][IgniteKernal] 
Metrics for local node (to disable set 'metricsLogFrequency' to 0)
    ^-- Node [id=7ebff1e5, uptime=00:03:30.212]
    ^-- H/N/C [hosts=1, nodes=5, CPUs=4]
    ^-- CPU [cur=0.57%, avg=10.88%, GC=0%]
    ^-- PageMemory [pages=1437]
    ^-- Heap [used=640MB, free=68.43%, comm=2030MB]
    ^-- Non heap [used=61MB, free=-1%, comm=63MB]
    ^-- Outbound messages queue [size=0]
    ^-- Public thread pool [active=0, idle=0, qSize=0]
    ^-- System thread pool [active=0, idle=6, qSize=0]
[2018-06-12 19:09:47,475][INFO ][grid-timeout-worker-#23][IgniteKernal] FreeList [name=null, buckets=256, dataPages=76, reusePages=216]
[2018-06-12 19:09:52,486][INFO ][grid-timeout-worker-#23][IgniteKernal] 
Metrics for local node (to disable set 'metricsLogFrequency' to 0)
    ^-- Node [id=7ebff1e5, uptime=00:03:35.222]
    ^-- H/N/C [hosts=1, nodes=5, CPUs=4]
    ^-- CPU [cur=0.4%, avg=10.65%, GC=0%]
    ^-- PageMemory [pages=1437]
    ^-- Heap [used=641MB, free=68.41%, comm=2030MB]
    ^-- Non heap [used=62MB, free=-1%, comm=63MB]
    ^-- Outbound messages queue [size=0]
    ^-- Public thread pool [active=0, idle=0, qSize=0]
    ^-- System thread pool [active=0, idle=6, qSize=0]
[2018-06-12 19:09:52,486][INFO ][grid-timeout-worker-#23][IgniteKernal] FreeList [name=null, buckets=256, dataPages=76, reusePages=216]
[2018-06-12 19:09:54,004][INFO ][disco-event-worker-#41][GridDiscoveryManager] Node left topology: TcpDiscoveryNode [id=55d3ac46-b6da-44e9-bf37-0320a7966a58, addrs=[127.0.0.1, 172.17.0.1, 192.168.0.101], sockAddrs=[/172.17.0.1:47504, /127.0.0.1:47504, /192.168.0.101:47504], discPort=47504, order=7, intOrder=6, lastExchangeTime=1528819690238, loc=false, ver=2.5.0#20180518-sha1:fe6e70e3, isClient=false]
[2018-06-12 19:09:54,005][INFO ][disco-event-worker-#41][GridDiscoveryManager] Topology snapshot [ver=8, servers=4, clients=0, CPUs=4, offheap=9.3GB, heap=8.0GB]
[2018-06-12 19:09:54,005][INFO ][disco-event-worker-#41][GridDiscoveryManager]   ^-- Node [id=7EBFF1E5-1997-4FCF-A971-5A5EB181E160, clusterState=ACTIVE]
[2018-06-12 19:09:54,005][INFO ][disco-event-worker-#41][GridDiscoveryManager] Data Regions Configured:
[2018-06-12 19:09:54,006][INFO ][disco-event-worker-#41][GridDiscoveryManager]   ^-- default [initSize=256.0 MiB, maxSize=2.3 GiB, persistenceEnabled=false]
[2018-06-12 19:09:54,046][INFO ][exchange-worker-#42][time] Started exchange init [topVer=AffinityTopologyVersion [topVer=8, minorTopVer=0], crd=false, evt=NODE_LEFT, evtNode=55d3ac46-b6da-44e9-bf37-0320a7966a58, customEvt=null, allowMerge=true]
[2018-06-12 19:09:54,046][INFO ][exchange-worker-#42][GridDhtPartitionsExchangeFuture] Finished waiting for partition release future [topVer=AffinityTopologyVersion [topVer=8, minorTopVer=0], waitTime=0ms, futInfo=NA]
[2018-06-12 19:09:54,113][INFO ][exchange-worker-#42][GridDhtPartitionsExchangeFuture] Finished waiting for partitions release latch: ClientLatch [coordinator=TcpDiscoveryNode [id=96ff27bd-315f-42e4-aee4-8ac792021c76, addrs=[127.0.0.1, 172.17.0.1, 192.168.0.101], sockAddrs=[/172.17.0.1:47500, /127.0.0.1:47500, /192.168.0.101:47500], discPort=47500, order=1, intOrder=1, lastExchangeTime=1528819573422, loc=false, ver=2.5.0#20180518-sha1:fe6e70e3, isClient=false], ackSent=true, super=CompletableLatch [id=exchange, topVer=AffinityTopologyVersion [topVer=8, minorTopVer=0]]]
[2018-06-12 19:09:54,113][INFO ][exchange-worker-#42][GridDhtPartitionsExchangeFuture] Finished waiting for partition release future [topVer=AffinityTopologyVersion [topVer=8, minorTopVer=0], waitTime=0ms, futInfo=NA]
[2018-06-12 19:09:54,121][INFO ][exchange-worker-#42][time] Finished exchange init [topVer=AffinityTopologyVersion [topVer=8, minorTopVer=0], crd=false]
[2018-06-12 19:09:54,219][INFO ][sys-#59][GridDhtPartitionsExchangeFuture] Received full message, will finish exchange [node=96ff27bd-315f-42e4-aee4-8ac792021c76, resVer=AffinityTopologyVersion [topVer=8, minorTopVer=0]]
[2018-06-12 19:09:54,287][INFO ][sys-#59][GridDhtPartitionsExchangeFuture] Finish exchange future [startVer=AffinityTopologyVersion [topVer=8, minorTopVer=0], resVer=AffinityTopologyVersion [topVer=8, minorTopVer=0], err=null]
[2018-06-12 19:09:54,310][INFO ][exchange-worker-#42][GridCachePartitionExchangeManager] Rebalancing scheduled [order=[PersonsCache]]
[2018-06-12 19:09:54,310][INFO ][exchange-worker-#42][GridCachePartitionExchangeManager] Rebalancing started [top=AffinityTopologyVersion [topVer=8, minorTopVer=0], evt=NODE_LEFT, node=55d3ac46-b6da-44e9-bf37-0320a7966a58]
[2018-06-12 19:09:54,311][INFO ][exchange-worker-#42][GridDhtPartitionDemander] Starting rebalancing [grp=PersonsCache, mode=ASYNC, fromNode=502b5915-349f-4d69-8c7c-2c40a5e79f87, partitionsCount=42, topology=AffinityTopologyVersion [topVer=8, minorTopVer=0], rebalanceId=49]
[2018-06-12 19:09:54,311][INFO ][exchange-worker-#42][GridDhtPartitionDemander] Starting rebalancing [grp=PersonsCache, mode=ASYNC, fromNode=0c6b315b-65cb-4d56-a2f4-4716d1030220, partitionsCount=41, topology=AffinityTopologyVersion [topVer=8, minorTopVer=0], rebalanceId=49]
[2018-06-12 19:09:54,312][INFO ][exchange-worker-#42][GridDhtPartitionDemander] Starting rebalancing [grp=PersonsCache, mode=ASYNC, fromNode=96ff27bd-315f-42e4-aee4-8ac792021c76, partitionsCount=26, topology=AffinityTopologyVersion [topVer=8, minorTopVer=0], rebalanceId=49]
[2018-06-12 19:09:54,316][INFO ][sys-#61][GridDhtPartitionDemander] Completed rebalancing [fromNode=96ff27bd-315f-42e4-aee4-8ac792021c76, cacheOrGroup=PersonsCache, topology=AffinityTopologyVersion [topVer=8, minorTopVer=0], time=0 ms]
[2018-06-12 19:09:54,317][INFO ][sys-#61][GridDhtPartitionDemander] Completed rebalancing [fromNode=502b5915-349f-4d69-8c7c-2c40a5e79f87, cacheOrGroup=PersonsCache, topology=AffinityTopologyVersion [topVer=8, minorTopVer=0], time=0 ms]
[2018-06-12 19:09:54,371][INFO ][sys-#66][GridDhtPartitionDemander] Completed (final) rebalancing [fromNode=0c6b315b-65cb-4d56-a2f4-4716d1030220, cacheOrGroup=PersonsCache, topology=AffinityTopologyVersion [topVer=8, minorTopVer=0], time=51 ms]
[2018-06-12 19:09:54,372][INFO ][sys-#66][GridDhtPartitionDemander] Completed rebalance future: RebalanceFuture [grp=CacheGroupContext [grp=PersonsCache], topVer=AffinityTopologyVersion [topVer=8, minorTopVer=0], rebalanceId=49]
/home/fl/SBT/affinity-example/bin/benchmark-bootstrap.sh: line 111:  7188 Killed                  "$JAVA" ${JVM_OPTS} -cp ${CP} ${MAIN_CLASS} ${ARGS}
