log4j:WARN No appenders could be found for logger (org.reflections.Reflections).
log4j:WARN Please initialize the log4j system properly.
log4j:WARN See http://logging.apache.org/log4j/1.2/faq.html#noconfig for more info.
<19:06:07><main><yardstick> Cache configured with the following parameters: CacheConfiguration [name=PersonsCache, grpName=null, memPlcName=null, storeConcurrentLoadAllThreshold=5, rebalancePoolSize=2, rebalanceTimeout=10000, evictPlc=null, evictPlcFactory=null, onheapCache=false, sqlOnheapCache=false, sqlOnheapCacheMaxSize=0, evictFilter=null, eagerTtl=true, dfltLockTimeout=0, nearCfg=null, writeSync=PRIMARY_SYNC, storeFactory=null, storeKeepBinary=false, loadPrevVal=false, aff=null, cacheMode=PARTITIONED, atomicityMode=null, backups=1, invalidate=false, tmLookupClsName=null, rebalanceMode=ASYNC, rebalanceOrder=0, rebalanceBatchSize=524288, rebalanceBatchesPrefetchCnt=2, maxConcurrentAsyncOps=500, sqlIdxMaxInlineSize=-1, writeBehindEnabled=false, writeBehindFlushSize=10240, writeBehindFlushFreq=5000, writeBehindFlushThreadCnt=1, writeBehindBatchSize=512, writeBehindCoalescing=true, maxQryIterCnt=1024, affMapper=null, rebalanceDelay=0, rebalanceThrottle=0, interceptor=null, longQryWarnTimeout=3000, qryDetailMetricsSz=0, readFromBackup=true, nodeFilter=null, sqlSchema=null, sqlEscapeAll=false, cpOnRead=true, topValidator=null, partLossPlc=IGNORE, qryParallelism=1, evtsDisabled=false]
[2018-06-12 19:06:08,643][INFO ][main][IgniteKernal] 

>>>    __________  ________________  
>>>   /  _/ ___/ |/ /  _/_  __/ __/  
>>>  _/ // (7 7    // /  / / / _/    
>>> /___/\___/_/|_/___/ /_/ /___/   
>>> 
>>> ver. 2.5.0-SNAPSHOT#20180518-sha1:fe6e70e3
>>> 2018 Copyright(C) Apache Software Foundation
>>> 
>>> Ignite documentation: http://ignite.apache.org

[2018-06-12 19:06:08,644][INFO ][main][IgniteKernal] Config URL: n/a
[2018-06-12 19:06:08,682][INFO ][main][IgniteKernal] IgniteConfiguration [igniteInstanceName=null, pubPoolSize=8, svcPoolSize=8, callbackPoolSize=8, stripedPoolSize=8, sysPoolSize=8, mgmtPoolSize=4, igfsPoolSize=4, dataStreamerPoolSize=8, utilityCachePoolSize=8, utilityCacheKeepAliveTime=60000, p2pPoolSize=2, qryPoolSize=8, igniteHome=/home/fl/apache-ignite-fabric-2.4.0-bin, igniteWorkDir=/home/fl/apache-ignite-fabric-2.4.0-bin/work, mbeanSrv=com.sun.jmx.mbeanserver.JmxMBeanServer@27462a88, nodeId=0c6b315b-65cb-4d56-a2f4-4716d1030220, marsh=org.apache.ignite.internal.binary.BinaryMarshaller@769a1df5, marshLocJobs=false, daemon=false, p2pEnabled=false, netTimeout=5000, sndRetryDelay=1000, sndRetryCnt=3, metricsHistSize=10000, metricsUpdateFreq=2000, metricsExpTime=9223372036854775807, discoSpi=TcpDiscoverySpi [addrRslvr=null, sockTimeout=0, ackTimeout=0, marsh=null, reconCnt=10, reconDelay=2000, maxAckTimeout=600000, forceSrvMode=false, clientReconnectDisabled=false, internalLsnr=null], segPlc=STOP, segResolveAttempts=2, waitForSegOnStart=true, allResolversPassReq=true, segChkFreq=10000, commSpi=TcpCommunicationSpi [connectGate=null, connPlc=null, enableForcibleNodeKill=false, enableTroubleshootingLog=false, srvLsnr=org.apache.ignite.spi.communication.tcp.TcpCommunicationSpi$2@5167f57d, locAddr=null, locHost=null, locPort=47100, locPortRange=100, shmemPort=-1, directBuf=true, directSndBuf=false, idleConnTimeout=600000, connTimeout=5000, maxConnTimeout=600000, reconCnt=10, sockSndBuf=32768, sockRcvBuf=32768, msgQueueLimit=0, slowClientQueueLimit=0, nioSrvr=null, shmemSrv=null, usePairedConnections=false, connectionsPerNode=1, tcpNoDelay=true, filterReachableAddresses=false, ackSndThreshold=32, unackedMsgsBufSize=0, sockWriteTimeout=2000, lsnr=null, boundTcpPort=-1, boundTcpShmemPort=-1, selectorsCnt=4, selectorSpins=0, addrRslvr=null, ctxInitLatch=java.util.concurrent.CountDownLatch@64b0598[Count = 1], stopping=false, metricsLsnr=org.apache.ignite.spi.communication.tcp.TcpCommunicationMetricsListener@18f8cd79], evtSpi=org.apache.ignite.spi.eventstorage.NoopEventStorageSpi@3e2055d6, colSpi=NoopCollisionSpi [], deploySpi=LocalDeploymentSpi [lsnr=null], indexingSpi=org.apache.ignite.spi.indexing.noop.NoopIndexingSpi@28194a50, addrRslvr=null, clientMode=false, rebalanceThreadPoolSize=1, txCfg=org.apache.ignite.configuration.TransactionConfiguration@7f2cfe3f, cacheSanityCheckEnabled=true, discoStartupDelay=60000, deployMode=SHARED, p2pMissedCacheSize=100, locHost=null, timeSrvPortBase=31100, timeSrvPortRange=100, failureDetectionTimeout=10000, clientFailureDetectionTimeout=30000, metricsLogFreq=5000, hadoopCfg=null, connectorCfg=org.apache.ignite.configuration.ConnectorConfiguration@1a5b6f42, odbcCfg=null, warmupClos=null, atomicCfg=AtomicConfiguration [seqReserveSize=1000, cacheMode=PARTITIONED, backups=1, aff=null, grpName=null], classLdr=null, sslCtxFactory=null, platformCfg=null, binaryCfg=null, memCfg=null, pstCfg=null, dsCfg=DataStorageConfiguration [sysRegionInitSize=41943040, sysCacheMaxSize=104857600, pageSize=0, concLvl=0, dfltDataRegConf=DataRegionConfiguration [name=default, maxSize=2494085529, initSize=268435456, swapPath=null, pageEvictionMode=DISABLED, evictionThreshold=0.9, emptyPagesPoolSize=100, metricsEnabled=false, metricsSubIntervalCount=5, metricsRateTimeInterval=60000, persistenceEnabled=false, checkpointPageBufSize=0], storagePath=null, checkpointFreq=180000, lockWaitTime=10000, checkpointThreads=4, checkpointWriteOrder=SEQUENTIAL, walHistSize=20, walSegments=10, walSegmentSize=67108864, walPath=db/wal, walArchivePath=db/wal/archive, metricsEnabled=false, walMode=LOG_ONLY, walTlbSize=131072, walBuffSize=0, walFlushFreq=2000, walFsyncDelay=1000, walRecordIterBuffSize=67108864, alwaysWriteFullPages=false, fileIOFactory=org.apache.ignite.internal.processors.cache.persistence.file.AsyncFileIOFactory@6bb4dd34, metricsSubIntervalCnt=5, metricsRateTimeInterval=60000, walAutoArchiveAfterInactivity=-1, writeThrottlingEnabled=false, walCompactionEnabled=false], activeOnStart=true, autoActivation=true, longQryWarnTimeout=3000, sqlConnCfg=null, cliConnCfg=ClientConnectorConfiguration [host=null, port=10800, portRange=100, sockSndBufSize=0, sockRcvBufSize=0, tcpNoDelay=true, maxOpenCursorsPerConn=128, threadPoolSize=8, idleTimeout=0, jdbcEnabled=true, odbcEnabled=true, thinCliEnabled=true, sslEnabled=false, useIgniteSslCtxFactory=true, sslClientAuth=false, sslCtxFactory=null], authEnabled=false, failureHnd=null, commFailureRslvr=null]
[2018-06-12 19:06:08,689][INFO ][main][IgniteKernal] Daemon mode: off
[2018-06-12 19:06:08,689][INFO ][main][IgniteKernal] OS: Linux 4.15.0-22-generic amd64
[2018-06-12 19:06:08,690][INFO ][main][IgniteKernal] OS user: fl
[2018-06-12 19:06:08,691][INFO ][main][IgniteKernal] PID: 7158
[2018-06-12 19:06:08,692][INFO ][main][IgniteKernal] Language runtime: Java Platform API Specification ver. 1.8
[2018-06-12 19:06:08,692][INFO ][main][IgniteKernal] VM information: Java(TM) SE Runtime Environment 1.8.0_172-b11 Oracle Corporation Java HotSpot(TM) 64-Bit Server VM 25.172-b11
[2018-06-12 19:06:08,694][INFO ][main][IgniteKernal] VM total memory: 1.9GB
[2018-06-12 19:06:08,706][INFO ][main][IgniteKernal] Remote Management [restart: off, REST: on, JMX (remote: off)]
[2018-06-12 19:06:08,730][INFO ][main][IgniteKernal] Logger: Log4JLogger [quiet=false, config=/home/fl/apache-ignite-fabric-2.4.0-bin/config/ignite-log4j.xml]
[2018-06-12 19:06:08,730][INFO ][main][IgniteKernal] IGNITE_HOME=/home/fl/apache-ignite-fabric-2.4.0-bin
[2018-06-12 19:06:08,731][INFO ][main][IgniteKernal] VM arguments: [-Xms2g, -Xmx2g, -Djava.net.preferIPv4Stack=true, -DIGNITE_QUIET=false, -Dyardstick.server0]
[2018-06-12 19:06:08,731][INFO ][main][IgniteKernal] System cache's DataRegion size is configured to 40 MB. Use DataStorageConfiguration.systemCacheMemorySize property to change the setting.
[2018-06-12 19:06:08,744][INFO ][main][IgniteKernal] Configured caches [in 'sysMemPlc' dataRegion: ['ignite-sys-cache'], in 'default' dataRegion: ['PersonsCache']]
[2018-06-12 19:06:08,848][INFO ][main][IgniteKernal] 3-rd party licenses can be found at: /home/fl/apache-ignite-fabric-2.4.0-bin/libs/licenses
[2018-06-12 19:06:08,849][INFO ][main][IgniteKernal] Local node user attribute [data.node=true]
[2018-06-12 19:06:09,224][INFO ][main][IgnitePluginProcessor] Configured plugins:
[2018-06-12 19:06:09,224][INFO ][main][IgnitePluginProcessor]   ^-- None
[2018-06-12 19:06:09,225][INFO ][main][IgnitePluginProcessor] 
[2018-06-12 19:06:09,228][INFO ][main][FailureProcessor] Configured failure handler: [hnd=StopNodeOrHaltFailureHandler [tryStop=false, timeout=0]]
[2018-06-12 19:06:09,446][INFO ][main][TcpCommunicationSpi] Successfully bound communication NIO server to TCP port [port=47102, locHost=0.0.0.0/0.0.0.0, selectorsCnt=4, selectorSpins=0, pairedConn=false]
[2018-06-12 19:06:09,467][WARN ][main][TcpCommunicationSpi] Message queue limit is set to 0 which may lead to potential OOMEs when running cache operations in FULL_ASYNC or PRIMARY_SYNC modes due to message queues growth on sender and receiver sides.
[2018-06-12 19:06:09,608][WARN ][main][NoopCheckpointSpi] Checkpoints are disabled (to enable configure any GridCheckpointSpi implementation)
[2018-06-12 19:06:09,698][WARN ][main][GridCollisionManager] Collision resolution is disabled (all jobs will be activated upon arrival).
[2018-06-12 19:06:09,700][INFO ][main][IgniteKernal] Security status [authentication=off, tls/ssl=off]
[2018-06-12 19:06:11,695][INFO ][main][ClientListenerProcessor] Client connector processor has started on TCP port 10802
[2018-06-12 19:06:11,872][INFO ][main][GridTcpRestProtocol] Command protocol successfully started [name=TCP binary, host=0.0.0.0/0.0.0.0, port=11213]
[2018-06-12 19:06:12,000][INFO ][main][IgniteKernal] Non-loopback local IPs: 172.17.0.1, 192.168.0.101
[2018-06-12 19:06:12,000][INFO ][main][IgniteKernal] Enabled local MACs: 02427E9A41E0, 5C93A2D830DE
[2018-06-12 19:06:12,191][INFO ][main][TcpDiscoverySpi] Successfully bound to TCP port [port=47501, localHost=0.0.0.0/0.0.0.0, locNodeId=0c6b315b-65cb-4d56-a2f4-4716d1030220]
[2018-06-12 19:06:12,306][INFO ][tcp-disco-srvr-#3][TcpDiscoverySpi] TCP discovery accepted incoming connection [rmtAddr=/127.0.0.1, rmtPort=39059]
[2018-06-12 19:06:12,400][INFO ][tcp-disco-srvr-#3][TcpDiscoverySpi] TCP discovery spawning a new thread for connection [rmtAddr=/127.0.0.1, rmtPort=39059]
[2018-06-12 19:06:12,410][INFO ][tcp-disco-sock-reader-#4][TcpDiscoverySpi] Started serving remote node connection [rmtAddr=/127.0.0.1:39059, rmtPort=39059]
[2018-06-12 19:06:12,481][INFO ][tcp-disco-sock-reader-#4][TcpDiscoverySpi] Finished serving remote node connection [rmtAddr=/127.0.0.1:39059, rmtPort=39059
[2018-06-12 19:06:12,705][INFO ][tcp-disco-srvr-#3][TcpDiscoverySpi] TCP discovery accepted incoming connection [rmtAddr=/127.0.0.1, rmtPort=47539]
[2018-06-12 19:06:12,705][INFO ][tcp-disco-srvr-#3][TcpDiscoverySpi] TCP discovery spawning a new thread for connection [rmtAddr=/127.0.0.1, rmtPort=47539]
[2018-06-12 19:06:12,717][INFO ][tcp-disco-sock-reader-#5][TcpDiscoverySpi] Started serving remote node connection [rmtAddr=/127.0.0.1:47539, rmtPort=47539]
[2018-06-12 19:06:13,350][WARN ][main][IgniteKernal] Nodes started on local machine require more than 80% of physical RAM what can lead to significant slowdown due to swapping (please decrease JVM heap size, data region size or checkpoint buffer size) [required=8883MB, available=11892MB]
[2018-06-12 19:06:13,469][INFO ][disco-event-worker-#41][GridDiscoveryManager] Added new node to topology: TcpDiscoveryNode [id=502b5915-349f-4d69-8c7c-2c40a5e79f87, addrs=[127.0.0.1, 172.17.0.1, 192.168.0.101], sockAddrs=[/127.0.0.1:47503, /192.168.0.101:47503, /172.17.0.1:47503], discPort=47503, order=3, intOrder=3, lastExchangeTime=1528819572888, loc=false, ver=2.5.0#20180518-sha1:fe6e70e3, isClient=false]
[2018-06-12 19:06:13,492][INFO ][disco-event-worker-#41][GridDiscoveryManager] Topology snapshot [ver=3, servers=3, clients=0, CPUs=4, offheap=7.0GB, heap=6.0GB]
[2018-06-12 19:06:13,493][INFO ][disco-event-worker-#41][GridDiscoveryManager]   ^-- Node [id=0C6B315B-65CB-4D56-A2F4-4716D1030220, clusterState=ACTIVE]
[2018-06-12 19:06:13,493][INFO ][disco-event-worker-#41][GridDiscoveryManager] Data Regions Configured:
[2018-06-12 19:06:13,494][INFO ][disco-event-worker-#41][GridDiscoveryManager]   ^-- default [initSize=256.0 MiB, maxSize=2.3 GiB, persistenceEnabled=false]
[2018-06-12 19:06:13,529][INFO ][exchange-worker-#42][time] Started exchange init [topVer=AffinityTopologyVersion [topVer=2, minorTopVer=0], crd=false, evt=NODE_JOINED, evtNode=0c6b315b-65cb-4d56-a2f4-4716d1030220, customEvt=null, allowMerge=true]
[2018-06-12 19:06:13,571][INFO ][disco-event-worker-#41][GridDiscoveryManager] Added new node to topology: TcpDiscoveryNode [id=7ebff1e5-1997-4fcf-a971-5a5eb181e160, addrs=[127.0.0.1, 172.17.0.1, 192.168.0.101], sockAddrs=[/172.17.0.1:47502, /127.0.0.1:47502, /192.168.0.101:47502], discPort=47502, order=4, intOrder=4, lastExchangeTime=1528819573298, loc=false, ver=2.5.0#20180518-sha1:fe6e70e3, isClient=false]
[2018-06-12 19:06:13,572][INFO ][disco-event-worker-#41][GridDiscoveryManager] Topology snapshot [ver=4, servers=4, clients=0, CPUs=4, offheap=9.3GB, heap=8.0GB]
[2018-06-12 19:06:13,572][INFO ][disco-event-worker-#41][GridDiscoveryManager]   ^-- Node [id=0C6B315B-65CB-4D56-A2F4-4716D1030220, clusterState=ACTIVE]
[2018-06-12 19:06:13,572][INFO ][disco-event-worker-#41][GridDiscoveryManager] Data Regions Configured:
[2018-06-12 19:06:13,574][INFO ][disco-event-worker-#41][GridDiscoveryManager]   ^-- default [initSize=256.0 MiB, maxSize=2.3 GiB, persistenceEnabled=false]
[2018-06-12 19:06:14,969][INFO ][exchange-worker-#42][GridCacheProcessor] Started cache [name=ignite-sys-cache, id=-2100569601, memoryPolicyName=sysMemPlc, mode=REPLICATED, atomicity=TRANSACTIONAL, backups=2147483647]
[2018-06-12 19:06:15,126][INFO ][exchange-worker-#42][GridCacheProcessor] Started cache [name=PersonsCache, id=383478404, memoryPolicyName=default, mode=PARTITIONED, atomicity=ATOMIC, backups=1]
[2018-06-12 19:06:15,284][INFO ][exchange-worker-#42][GridDhtPartitionsExchangeFuture] Finished waiting for partition release future [topVer=AffinityTopologyVersion [topVer=2, minorTopVer=0], waitTime=0ms, futInfo=NA]
[2018-06-12 19:06:15,373][INFO ][grid-nio-worker-tcp-comm-0-#25][TcpCommunicationSpi] Established outgoing communication connection [locAddr=/127.0.0.1:51458, rmtAddr=/127.0.0.1:47100]
[2018-06-12 19:06:15,378][INFO ][exchange-worker-#42][GridDhtPartitionsExchangeFuture] Finished waiting for partition release future [topVer=AffinityTopologyVersion [topVer=2, minorTopVer=0], waitTime=0ms, futInfo=NA]
[2018-06-12 19:06:15,446][INFO ][exchange-worker-#42][time] Finished exchange init [topVer=AffinityTopologyVersion [topVer=2, minorTopVer=0], crd=false]
[2018-06-12 19:06:15,927][INFO ][sys-#45][GridDhtPartitionsExchangeFuture] Received full message, will finish exchange [node=96ff27bd-315f-42e4-aee4-8ac792021c76, resVer=AffinityTopologyVersion [topVer=4, minorTopVer=0]]
[2018-06-12 19:06:15,931][INFO ][sys-#45][GridDhtPartitionsExchangeFuture] Received full message, need merge [curFut=AffinityTopologyVersion [topVer=2, minorTopVer=0], resVer=AffinityTopologyVersion [topVer=4, minorTopVer=0]]
[2018-06-12 19:06:15,932][INFO ][sys-#45][GridCachePartitionExchangeManager] Merge exchange future on finish [curFut=AffinityTopologyVersion [topVer=2, minorTopVer=0], mergedFut=AffinityTopologyVersion [topVer=3, minorTopVer=0], evt=NODE_JOINED, evtNode=502b5915-349f-4d69-8c7c-2c40a5e79f87, evtNodeClient=false]
[2018-06-12 19:06:15,932][INFO ][sys-#45][GridCachePartitionExchangeManager] Merge exchange future on finish [curFut=AffinityTopologyVersion [topVer=2, minorTopVer=0], mergedFut=AffinityTopologyVersion [topVer=4, minorTopVer=0], evt=NODE_JOINED, evtNode=7ebff1e5-1997-4fcf-a971-5a5eb181e160, evtNodeClient=false]
[2018-06-12 19:06:16,339][INFO ][sys-#45][GridDhtPartitionsExchangeFuture] Finish exchange future [startVer=AffinityTopologyVersion [topVer=2, minorTopVer=0], resVer=AffinityTopologyVersion [topVer=4, minorTopVer=0], err=null]
[2018-06-12 19:06:16,559][INFO ][exchange-worker-#42][GridCachePartitionExchangeManager] Rebalancing scheduled [order=[ignite-sys-cache, PersonsCache]]
[2018-06-12 19:06:16,561][INFO ][exchange-worker-#42][GridCachePartitionExchangeManager] Rebalancing started [top=AffinityTopologyVersion [topVer=4, minorTopVer=0], evt=NODE_JOINED, node=0c6b315b-65cb-4d56-a2f4-4716d1030220]
[2018-06-12 19:06:16,565][INFO ][exchange-worker-#42][GridDhtPartitionDemander] Starting rebalancing [grp=ignite-sys-cache, mode=SYNC, fromNode=96ff27bd-315f-42e4-aee4-8ac792021c76, partitionsCount=100, topology=AffinityTopologyVersion [topVer=4, minorTopVer=0], rebalanceId=1]
[2018-06-12 19:06:16,730][INFO ][utility-#47][GridDhtPartitionDemander] Completed (final) rebalancing [fromNode=96ff27bd-315f-42e4-aee4-8ac792021c76, cacheOrGroup=ignite-sys-cache, topology=AffinityTopologyVersion [topVer=4, minorTopVer=0], time=166 ms]
[2018-06-12 19:06:16,731][INFO ][utility-#47][GridDhtPartitionDemander] Completed rebalance future: RebalanceFuture [grp=CacheGroupContext [grp=ignite-sys-cache], topVer=AffinityTopologyVersion [topVer=4, minorTopVer=0], rebalanceId=1]
[2018-06-12 19:06:16,753][INFO ][utility-#47][GridDhtPartitionDemander] Starting rebalancing [grp=PersonsCache, mode=ASYNC, fromNode=96ff27bd-315f-42e4-aee4-8ac792021c76, partitionsCount=521, topology=AffinityTopologyVersion [topVer=4, minorTopVer=0], rebalanceId=1]
[2018-06-12 19:06:17,029][INFO ][sys-#50][GridDhtPartitionDemander] Completed (final) rebalancing [fromNode=96ff27bd-315f-42e4-aee4-8ac792021c76, cacheOrGroup=PersonsCache, topology=AffinityTopologyVersion [topVer=4, minorTopVer=0], time=276 ms]
[2018-06-12 19:06:17,030][INFO ][sys-#50][GridDhtPartitionDemander] Completed rebalance future: RebalanceFuture [grp=CacheGroupContext [grp=PersonsCache], topVer=AffinityTopologyVersion [topVer=4, minorTopVer=0], rebalanceId=1]
[2018-06-12 19:06:17,175][INFO ][main][IgniteKernal] Performance suggestions for grid  (fix if possible)
[2018-06-12 19:06:17,176][INFO ][main][IgniteKernal] To disable, set -DIGNITE_PERFORMANCE_SUGGESTIONS_DISABLED=true
[2018-06-12 19:06:17,176][INFO ][main][IgniteKernal]   ^-- Enable G1 Garbage Collector (add '-XX:+UseG1GC' to JVM options)
[2018-06-12 19:06:17,176][INFO ][main][IgniteKernal]   ^-- Set max direct memory size if getting 'OOME: Direct buffer memory' (add '-XX:MaxDirectMemorySize=<size>[g|G|m|M|k|K]' to JVM options)
[2018-06-12 19:06:17,176][INFO ][main][IgniteKernal]   ^-- Disable processing of calls to System.gc() (add '-XX:+DisableExplicitGC' to JVM options)
[2018-06-12 19:06:17,176][INFO ][main][IgniteKernal]   ^-- Decrease number of backups (set 'backups' to 0)
[2018-06-12 19:06:17,176][INFO ][main][IgniteKernal] Refer to this page for more performance suggestions: https://apacheignite.readme.io/docs/jvm-and-system-tuning
[2018-06-12 19:06:17,176][INFO ][main][IgniteKernal] 
[2018-06-12 19:06:17,177][INFO ][main][IgniteKernal] To start Console Management & Monitoring run ignitevisorcmd.{sh|bat}
[2018-06-12 19:06:17,177][INFO ][main][IgniteKernal] 
[2018-06-12 19:06:17,181][INFO ][main][IgniteKernal] 

>>> +-------------------------------------------------------------------------------+
>>> Ignite ver. 2.5.0-SNAPSHOT#20180518-sha1:fe6e70e3c8d6a6349ea00b7ec99b215945ffce6d
>>> +-------------------------------------------------------------------------------+
>>> OS name: Linux 4.15.0-22-generic amd64
>>> CPU(s): 4
>>> Heap: 2.0GB
>>> VM name: 7158@fl-PC
>>> Local node [ID=0C6B315B-65CB-4D56-A2F4-4716D1030220, order=2, clientMode=false]
>>> Local node addresses: [172.17.0.1/127.0.0.1, 192.168.0.101/172.17.0.1, /192.168.0.101]
>>> Local ports: TCP:10802 TCP:11213 TCP:47102 TCP:47501 

[2018-06-12 19:06:17,183][INFO ][main][GridDiscoveryManager] Topology snapshot [ver=2, servers=2, clients=0, CPUs=4, offheap=4.6GB, heap=4.0GB]
[2018-06-12 19:06:17,184][INFO ][main][GridDiscoveryManager]   ^-- Node [id=0C6B315B-65CB-4D56-A2F4-4716D1030220, clusterState=ACTIVE]
[2018-06-12 19:06:17,185][INFO ][main][GridDiscoveryManager] Data Regions Configured:
[2018-06-12 19:06:17,185][INFO ][main][GridDiscoveryManager]   ^-- default [initSize=256.0 MiB, maxSize=2.3 GiB, persistenceEnabled=false]
<19:06:17><main><yardstick> Configured marshaller: org.apache.ignite.internal.binary.BinaryMarshaller
[2018-06-12 19:06:17,782][INFO ][disco-event-worker-#41][GridDiscoveryManager] Added new node to topology: TcpDiscoveryNode [id=62123ec8-4217-4018-b38d-15f4daf0b8ba, addrs=[127.0.0.1, 172.17.0.1, 192.168.0.101], sockAddrs=[/172.17.0.1:47504, /127.0.0.1:47504, /192.168.0.101:47504], discPort=47504, order=5, intOrder=5, lastExchangeTime=1528819577342, loc=false, ver=2.5.0#20180518-sha1:fe6e70e3, isClient=false]
[2018-06-12 19:06:17,787][INFO ][disco-event-worker-#41][GridDiscoveryManager] Topology snapshot [ver=5, servers=5, clients=0, CPUs=4, offheap=12.0GB, heap=10.0GB]
[2018-06-12 19:06:17,787][INFO ][disco-event-worker-#41][GridDiscoveryManager]   ^-- Node [id=0C6B315B-65CB-4D56-A2F4-4716D1030220, clusterState=ACTIVE]
[2018-06-12 19:06:17,787][INFO ][disco-event-worker-#41][GridDiscoveryManager] Data Regions Configured:
[2018-06-12 19:06:17,788][INFO ][disco-event-worker-#41][GridDiscoveryManager]   ^-- default [initSize=256.0 MiB, maxSize=2.3 GiB, persistenceEnabled=false]
[2018-06-12 19:06:17,791][INFO ][exchange-worker-#42][time] Started exchange init [topVer=AffinityTopologyVersion [topVer=5, minorTopVer=0], crd=false, evt=NODE_JOINED, evtNode=62123ec8-4217-4018-b38d-15f4daf0b8ba, customEvt=null, allowMerge=true]
[2018-06-12 19:06:17,792][INFO ][exchange-worker-#42][GridDhtPartitionsExchangeFuture] Finished waiting for partition release future [topVer=AffinityTopologyVersion [topVer=5, minorTopVer=0], waitTime=0ms, futInfo=NA]
[2018-06-12 19:06:20,398][INFO ][exchange-worker-#42][GridDhtPartitionsExchangeFuture] Finished waiting for partitions release latch: ClientLatch [coordinator=TcpDiscoveryNode [id=96ff27bd-315f-42e4-aee4-8ac792021c76, addrs=[127.0.0.1, 172.17.0.1, 192.168.0.101], sockAddrs=[/172.17.0.1:47500, /127.0.0.1:47500, /192.168.0.101:47500], discPort=47500, order=1, intOrder=1, lastExchangeTime=1528819572777, loc=false, ver=2.5.0#20180518-sha1:fe6e70e3, isClient=false], ackSent=true, super=CompletableLatch [id=exchange, topVer=AffinityTopologyVersion [topVer=5, minorTopVer=0]]]
[2018-06-12 19:06:20,398][INFO ][exchange-worker-#42][GridDhtPartitionsExchangeFuture] Finished waiting for partition release future [topVer=AffinityTopologyVersion [topVer=5, minorTopVer=0], waitTime=0ms, futInfo=NA]
[2018-06-12 19:06:20,404][INFO ][exchange-worker-#42][time] Finished exchange init [topVer=AffinityTopologyVersion [topVer=5, minorTopVer=0], crd=false]
[2018-06-12 19:06:20,657][INFO ][sys-#44][GridDhtPartitionsExchangeFuture] Received full message, will finish exchange [node=96ff27bd-315f-42e4-aee4-8ac792021c76, resVer=AffinityTopologyVersion [topVer=5, minorTopVer=0]]
[2018-06-12 19:06:20,737][INFO ][sys-#44][GridDhtPartitionsExchangeFuture] Finish exchange future [startVer=AffinityTopologyVersion [topVer=5, minorTopVer=0], resVer=AffinityTopologyVersion [topVer=5, minorTopVer=0], err=null]
[2018-06-12 19:06:20,767][INFO ][exchange-worker-#42][GridCachePartitionExchangeManager] Skipping rebalancing (nothing scheduled) [top=AffinityTopologyVersion [topVer=5, minorTopVer=0], evt=NODE_JOINED, node=62123ec8-4217-4018-b38d-15f4daf0b8ba]
[2018-06-12 19:06:21,357][INFO ][grid-nio-worker-tcp-comm-1-#26][TcpCommunicationSpi] Accepted incoming communication connection [locAddr=/127.0.0.1:47102, rmtAddr=/127.0.0.1:47088]
[2018-06-12 19:06:22,187][INFO ][grid-timeout-worker-#23][IgniteKernal] 
Metrics for local node (to disable set 'metricsLogFrequency' to 0)
    ^-- Node [id=0c6b315b, uptime=00:00:05.009]
    ^-- H/N/C [hosts=1, nodes=5, CPUs=4]
    ^-- CPU [cur=17%, avg=12.17%, GC=2.87%]
    ^-- PageMemory [pages=1244]
    ^-- Heap [used=124MB, free=93.67%, comm=1963MB]
    ^-- Non heap [used=49MB, free=-1%, comm=51MB]
    ^-- Outbound messages queue [size=0]
    ^-- Public thread pool [active=0, idle=6, qSize=0]
    ^-- System thread pool [active=0, idle=8, qSize=0]
[2018-06-12 19:06:23,096][INFO ][exchange-worker-#42][time] Started exchange init [topVer=AffinityTopologyVersion [topVer=5, minorTopVer=1], crd=false, evt=DISCOVERY_CUSTOM_EVT, evtNode=96ff27bd-315f-42e4-aee4-8ac792021c76, customEvt=CacheAffinityChangeMessage [id=1724fb4f361-6ba010bd-11ab-414e-a8bd-e8c2717ae5a5, topVer=AffinityTopologyVersion [topVer=5, minorTopVer=0], exchId=null, partsMsg=null, exchangeNeeded=true], allowMerge=false]
[2018-06-12 19:06:23,152][INFO ][exchange-worker-#42][GridDhtPartitionsExchangeFuture] Finished waiting for partition release future [topVer=AffinityTopologyVersion [topVer=5, minorTopVer=1], waitTime=0ms, futInfo=NA]
[2018-06-12 19:06:23,473][INFO ][exchange-worker-#42][GridDhtPartitionsExchangeFuture] Finished waiting for partitions release latch: ClientLatch [coordinator=TcpDiscoveryNode [id=96ff27bd-315f-42e4-aee4-8ac792021c76, addrs=[127.0.0.1, 172.17.0.1, 192.168.0.101], sockAddrs=[/172.17.0.1:47500, /127.0.0.1:47500, /192.168.0.101:47500], discPort=47500, order=1, intOrder=1, lastExchangeTime=1528819572777, loc=false, ver=2.5.0#20180518-sha1:fe6e70e3, isClient=false], ackSent=true, super=CompletableLatch [id=exchange, topVer=AffinityTopologyVersion [topVer=5, minorTopVer=1]]]
[2018-06-12 19:06:23,473][INFO ][exchange-worker-#42][GridDhtPartitionsExchangeFuture] Finished waiting for partition release future [topVer=AffinityTopologyVersion [topVer=5, minorTopVer=1], waitTime=0ms, futInfo=NA]
[2018-06-12 19:06:23,508][INFO ][exchange-worker-#42][time] Finished exchange init [topVer=AffinityTopologyVersion [topVer=5, minorTopVer=1], crd=false]
[2018-06-12 19:06:23,581][INFO ][sys-#45][GridDhtPartitionsExchangeFuture] Received full message, will finish exchange [node=96ff27bd-315f-42e4-aee4-8ac792021c76, resVer=AffinityTopologyVersion [topVer=5, minorTopVer=1]]
[2018-06-12 19:06:23,593][INFO ][sys-#45][GridDhtPartitionsExchangeFuture] Finish exchange future [startVer=AffinityTopologyVersion [topVer=5, minorTopVer=1], resVer=AffinityTopologyVersion [topVer=5, minorTopVer=1], err=null]
[2018-06-12 19:06:23,715][INFO ][grid-nio-worker-tcp-comm-2-#27][TcpCommunicationSpi] Established outgoing communication connection [locAddr=/127.0.0.1:49152, rmtAddr=/127.0.0.1:47101]
[2018-06-12 19:06:23,744][INFO ][exchange-worker-#42][GridCachePartitionExchangeManager] Skipping rebalancing (nothing scheduled) [top=AffinityTopologyVersion [topVer=5, minorTopVer=1], evt=DISCOVERY_CUSTOM_EVT, node=96ff27bd-315f-42e4-aee4-8ac792021c76]
[2018-06-12 19:06:27,188][INFO ][grid-timeout-worker-#23][IgniteKernal] 
Metrics for local node (to disable set 'metricsLogFrequency' to 0)
    ^-- Node [id=0c6b315b, uptime=00:00:10.013]
    ^-- H/N/C [hosts=1, nodes=5, CPUs=4]
    ^-- CPU [cur=14.73%, avg=13.96%, GC=0%]
    ^-- PageMemory [pages=1388]
    ^-- Heap [used=166MB, free=91.51%, comm=1963MB]
    ^-- Non heap [used=51MB, free=-1%, comm=52MB]
    ^-- Outbound messages queue [size=0]
    ^-- Public thread pool [active=0, idle=6, qSize=0]
    ^-- System thread pool [active=0, idle=8, qSize=0]
[2018-06-12 19:06:27,189][INFO ][grid-timeout-worker-#23][IgniteKernal] FreeList [name=null, buckets=256, dataPages=63, reusePages=170]
[2018-06-12 19:06:32,188][INFO ][grid-timeout-worker-#23][IgniteKernal] 
Metrics for local node (to disable set 'metricsLogFrequency' to 0)
    ^-- Node [id=0c6b315b, uptime=00:00:15.016]
    ^-- H/N/C [hosts=1, nodes=5, CPUs=4]
    ^-- CPU [cur=19.33%, avg=15.03%, GC=0%]
    ^-- PageMemory [pages=1388]
    ^-- Heap [used=201MB, free=89.72%, comm=1963MB]
    ^-- Non heap [used=53MB, free=-1%, comm=54MB]
    ^-- Outbound messages queue [size=0]
    ^-- Public thread pool [active=0, idle=6, qSize=0]
    ^-- System thread pool [active=0, idle=8, qSize=0]
[2018-06-12 19:06:32,188][INFO ][grid-timeout-worker-#23][IgniteKernal] FreeList [name=null, buckets=256, dataPages=63, reusePages=170]
[2018-06-12 19:06:37,197][INFO ][grid-timeout-worker-#23][IgniteKernal] 
Metrics for local node (to disable set 'metricsLogFrequency' to 0)
    ^-- Node [id=0c6b315b, uptime=00:00:20.023]
    ^-- H/N/C [hosts=1, nodes=5, CPUs=4]
    ^-- CPU [cur=21.33%, avg=15.66%, GC=0%]
    ^-- PageMemory [pages=1388]
    ^-- Heap [used=245MB, free=87.49%, comm=1963MB]
    ^-- Non heap [used=54MB, free=-1%, comm=55MB]
    ^-- Outbound messages queue [size=0]
    ^-- Public thread pool [active=0, idle=6, qSize=0]
    ^-- System thread pool [active=0, idle=8, qSize=0]
[2018-06-12 19:06:37,197][INFO ][grid-timeout-worker-#23][IgniteKernal] FreeList [name=null, buckets=256, dataPages=63, reusePages=170]
[2018-06-12 19:06:38,321][INFO ][grid-nio-worker-tcp-comm-3-#28][TcpCommunicationSpi] Accepted incoming communication connection [locAddr=/127.0.0.1:47102, rmtAddr=/127.0.0.1:47094]
[2018-06-12 19:06:42,204][INFO ][grid-timeout-worker-#23][IgniteKernal] 
Metrics for local node (to disable set 'metricsLogFrequency' to 0)
    ^-- Node [id=0c6b315b, uptime=00:00:25.025]
    ^-- H/N/C [hosts=1, nodes=5, CPUs=4]
    ^-- CPU [cur=30.9%, avg=17.39%, GC=0%]
    ^-- PageMemory [pages=1388]
    ^-- Heap [used=354MB, free=81.94%, comm=1963MB]
    ^-- Non heap [used=58MB, free=-1%, comm=59MB]
    ^-- Outbound messages queue [size=6]
    ^-- Public thread pool [active=1, idle=7, qSize=0]
    ^-- System thread pool [active=0, idle=8, qSize=0]
[2018-06-12 19:06:42,204][INFO ][grid-timeout-worker-#23][IgniteKernal] FreeList [name=null, buckets=256, dataPages=63, reusePages=170]
[2018-06-12 19:06:47,207][INFO ][grid-timeout-worker-#23][IgniteKernal] 
Metrics for local node (to disable set 'metricsLogFrequency' to 0)
    ^-- Node [id=0c6b315b, uptime=00:00:30.033]
    ^-- H/N/C [hosts=1, nodes=5, CPUs=4]
    ^-- CPU [cur=26.17%, avg=20.64%, GC=0%]
    ^-- PageMemory [pages=1388]
    ^-- Heap [used=489MB, free=75.08%, comm=1963MB]
    ^-- Non heap [used=60MB, free=-1%, comm=61MB]
    ^-- Outbound messages queue [size=0]
    ^-- Public thread pool [active=0, idle=8, qSize=0]
    ^-- System thread pool [active=0, idle=8, qSize=0]
[2018-06-12 19:06:47,208][INFO ][grid-timeout-worker-#23][IgniteKernal] FreeList [name=null, buckets=256, dataPages=63, reusePages=170]
[2018-06-12 19:06:52,208][INFO ][grid-timeout-worker-#23][IgniteKernal] 
Metrics for local node (to disable set 'metricsLogFrequency' to 0)
    ^-- Node [id=0c6b315b, uptime=00:00:35.036]
    ^-- H/N/C [hosts=1, nodes=5, CPUs=4]
    ^-- CPU [cur=22.23%, avg=21.43%, GC=0.3%]
    ^-- PageMemory [pages=1388]
    ^-- Heap [used=268MB, free=86.34%, comm=1963MB]
    ^-- Non heap [used=58MB, free=-1%, comm=61MB]
    ^-- Outbound messages queue [size=1]
    ^-- Public thread pool [active=0, idle=8, qSize=0]
    ^-- System thread pool [active=0, idle=8, qSize=0]
[2018-06-12 19:06:52,209][INFO ][grid-timeout-worker-#23][IgniteKernal] FreeList [name=null, buckets=256, dataPages=63, reusePages=170]
[2018-06-12 19:06:57,212][INFO ][grid-timeout-worker-#23][IgniteKernal] 
Metrics for local node (to disable set 'metricsLogFrequency' to 0)
    ^-- Node [id=0c6b315b, uptime=00:00:40.037]
    ^-- H/N/C [hosts=1, nodes=5, CPUs=4]
    ^-- CPU [cur=25.07%, avg=21.79%, GC=0%]
    ^-- PageMemory [pages=1388]
    ^-- Heap [used=517MB, free=73.61%, comm=1963MB]
    ^-- Non heap [used=59MB, free=-1%, comm=61MB]
    ^-- Outbound messages queue [size=1]
    ^-- Public thread pool [active=0, idle=8, qSize=0]
    ^-- System thread pool [active=0, idle=8, qSize=0]
[2018-06-12 19:06:57,212][INFO ][grid-timeout-worker-#23][IgniteKernal] FreeList [name=null, buckets=256, dataPages=63, reusePages=170]
[2018-06-12 19:07:02,223][INFO ][grid-timeout-worker-#23][IgniteKernal] 
Metrics for local node (to disable set 'metricsLogFrequency' to 0)
    ^-- Node [id=0c6b315b, uptime=00:00:45.044]
    ^-- H/N/C [hosts=1, nodes=5, CPUs=4]
    ^-- CPU [cur=21.17%, avg=21.94%, GC=0.2%]
    ^-- PageMemory [pages=1388]
    ^-- Heap [used=475MB, free=75.76%, comm=1963MB]
    ^-- Non heap [used=60MB, free=-1%, comm=61MB]
    ^-- Outbound messages queue [size=0]
    ^-- Public thread pool [active=1, idle=7, qSize=0]
    ^-- System thread pool [active=0, idle=8, qSize=0]
[2018-06-12 19:07:02,224][INFO ][grid-timeout-worker-#23][IgniteKernal] FreeList [name=null, buckets=256, dataPages=63, reusePages=170]
[2018-06-12 19:07:07,217][INFO ][grid-timeout-worker-#23][IgniteKernal] 
Metrics for local node (to disable set 'metricsLogFrequency' to 0)
    ^-- Node [id=0c6b315b, uptime=00:00:50.045]
    ^-- H/N/C [hosts=1, nodes=5, CPUs=4]
    ^-- CPU [cur=20.43%, avg=21.61%, GC=0%]
    ^-- PageMemory [pages=1388]
    ^-- Heap [used=68MB, free=96.63%, comm=2025MB]
    ^-- Non heap [used=60MB, free=-1%, comm=62MB]
    ^-- Outbound messages queue [size=7]
    ^-- Public thread pool [active=0, idle=8, qSize=0]
    ^-- System thread pool [active=0, idle=8, qSize=0]
[2018-06-12 19:07:07,218][INFO ][grid-timeout-worker-#23][IgniteKernal] FreeList [name=null, buckets=256, dataPages=63, reusePages=170]
[2018-06-12 19:07:12,226][INFO ][grid-timeout-worker-#23][IgniteKernal] 
Metrics for local node (to disable set 'metricsLogFrequency' to 0)
    ^-- Node [id=0c6b315b, uptime=00:00:55.047]
    ^-- H/N/C [hosts=1, nodes=5, CPUs=4]
    ^-- CPU [cur=18.67%, avg=21.49%, GC=0.1%]
    ^-- PageMemory [pages=1388]
    ^-- Heap [used=110MB, free=94.55%, comm=2024MB]
    ^-- Non heap [used=61MB, free=-1%, comm=62MB]
    ^-- Outbound messages queue [size=0]
    ^-- Public thread pool [active=0, idle=8, qSize=0]
    ^-- System thread pool [active=0, idle=8, qSize=0]
[2018-06-12 19:07:12,227][INFO ][grid-timeout-worker-#23][IgniteKernal] FreeList [name=null, buckets=256, dataPages=63, reusePages=170]
[2018-06-12 19:07:17,228][INFO ][grid-timeout-worker-#23][IgniteKernal] 
Metrics for local node (to disable set 'metricsLogFrequency' to 0)
    ^-- Node [id=0c6b315b, uptime=00:01:00.052]
    ^-- H/N/C [hosts=1, nodes=5, CPUs=4]
    ^-- CPU [cur=20.07%, avg=21.22%, GC=0%]
    ^-- PageMemory [pages=1388]
    ^-- Heap [used=212MB, free=89.52%, comm=2026MB]
    ^-- Non heap [used=61MB, free=-1%, comm=62MB]
    ^-- Outbound messages queue [size=7]
    ^-- Public thread pool [active=0, idle=8, qSize=0]
    ^-- System thread pool [active=0, idle=8, qSize=0]
[2018-06-12 19:07:17,228][INFO ][grid-timeout-worker-#23][IgniteKernal] FreeList [name=null, buckets=256, dataPages=63, reusePages=170]
[2018-06-12 19:07:22,229][INFO ][grid-timeout-worker-#23][IgniteKernal] 
Metrics for local node (to disable set 'metricsLogFrequency' to 0)
    ^-- Node [id=0c6b315b, uptime=00:01:05.052]
    ^-- H/N/C [hosts=1, nodes=5, CPUs=4]
    ^-- CPU [cur=19.4%, avg=21.12%, GC=0.07%]
    ^-- PageMemory [pages=1388]
    ^-- Heap [used=253MB, free=87.47%, comm=2026MB]
    ^-- Non heap [used=61MB, free=-1%, comm=62MB]
    ^-- Outbound messages queue [size=1]
    ^-- Public thread pool [active=0, idle=8, qSize=0]
    ^-- System thread pool [active=0, idle=8, qSize=0]
[2018-06-12 19:07:22,229][INFO ][grid-timeout-worker-#23][IgniteKernal] FreeList [name=null, buckets=256, dataPages=63, reusePages=170]
[2018-06-12 19:07:27,231][INFO ][grid-timeout-worker-#23][IgniteKernal] 
Metrics for local node (to disable set 'metricsLogFrequency' to 0)
    ^-- Node [id=0c6b315b, uptime=00:01:10.053]
    ^-- H/N/C [hosts=1, nodes=5, CPUs=4]
    ^-- CPU [cur=19.07%, avg=20.74%, GC=0.1%]
    ^-- PageMemory [pages=1388]
    ^-- Heap [used=330MB, free=83.69%, comm=2028MB]
    ^-- Non heap [used=61MB, free=-1%, comm=62MB]
    ^-- Outbound messages queue [size=0]
    ^-- Public thread pool [active=0, idle=8, qSize=0]
    ^-- System thread pool [active=0, idle=8, qSize=0]
[2018-06-12 19:07:27,231][INFO ][grid-timeout-worker-#23][IgniteKernal] FreeList [name=null, buckets=256, dataPages=63, reusePages=170]
[2018-06-12 19:07:32,233][INFO ][grid-timeout-worker-#23][IgniteKernal] 
Metrics for local node (to disable set 'metricsLogFrequency' to 0)
    ^-- Node [id=0c6b315b, uptime=00:01:15.055]
    ^-- H/N/C [hosts=1, nodes=5, CPUs=4]
    ^-- CPU [cur=17.77%, avg=20.6%, GC=0.1%]
    ^-- PageMemory [pages=1388]
    ^-- Heap [used=442MB, free=78.18%, comm=2027MB]
    ^-- Non heap [used=61MB, free=-1%, comm=62MB]
    ^-- Outbound messages queue [size=5]
    ^-- Public thread pool [active=1, idle=7, qSize=0]
    ^-- System thread pool [active=0, idle=8, qSize=0]
[2018-06-12 19:07:32,234][INFO ][grid-timeout-worker-#23][IgniteKernal] FreeList [name=null, buckets=256, dataPages=63, reusePages=170]
[2018-06-12 19:07:37,237][INFO ][grid-timeout-worker-#23][IgniteKernal] 
Metrics for local node (to disable set 'metricsLogFrequency' to 0)
    ^-- Node [id=0c6b315b, uptime=00:01:20.066]
    ^-- H/N/C [hosts=1, nodes=5, CPUs=4]
    ^-- CPU [cur=19.5%, avg=20.45%, GC=0.07%]
    ^-- PageMemory [pages=1388]
    ^-- Heap [used=610MB, free=69.9%, comm=2029MB]
    ^-- Non heap [used=60MB, free=-1%, comm=62MB]
    ^-- Outbound messages queue [size=0]
    ^-- Public thread pool [active=0, idle=8, qSize=0]
    ^-- System thread pool [active=0, idle=6, qSize=0]
[2018-06-12 19:07:37,238][INFO ][grid-timeout-worker-#23][IgniteKernal] FreeList [name=null, buckets=256, dataPages=63, reusePages=170]
[2018-06-12 19:07:42,241][INFO ][grid-timeout-worker-#23][IgniteKernal] 
Metrics for local node (to disable set 'metricsLogFrequency' to 0)
    ^-- Node [id=0c6b315b, uptime=00:01:25.066]
    ^-- H/N/C [hosts=1, nodes=5, CPUs=4]
    ^-- CPU [cur=20.83%, avg=20.4%, GC=0.07%]
    ^-- PageMemory [pages=1388]
    ^-- Heap [used=175MB, free=91.37%, comm=2031MB]
    ^-- Non heap [used=60MB, free=-1%, comm=62MB]
    ^-- Outbound messages queue [size=1]
    ^-- Public thread pool [active=1, idle=7, qSize=0]
    ^-- System thread pool [active=0, idle=6, qSize=0]
[2018-06-12 19:07:42,241][INFO ][grid-timeout-worker-#23][IgniteKernal] FreeList [name=null, buckets=256, dataPages=63, reusePages=170]
[2018-06-12 19:07:47,247][INFO ][grid-timeout-worker-#23][IgniteKernal] 
Metrics for local node (to disable set 'metricsLogFrequency' to 0)
    ^-- Node [id=0c6b315b, uptime=00:01:30.068]
    ^-- H/N/C [hosts=1, nodes=5, CPUs=4]
    ^-- CPU [cur=19.77%, avg=20.41%, GC=0%]
    ^-- PageMemory [pages=1388]
    ^-- Heap [used=346MB, free=82.92%, comm=2030MB]
    ^-- Non heap [used=60MB, free=-1%, comm=62MB]
    ^-- Outbound messages queue [size=0]
    ^-- Public thread pool [active=0, idle=8, qSize=0]
    ^-- System thread pool [active=0, idle=6, qSize=0]
[2018-06-12 19:07:47,249][INFO ][grid-timeout-worker-#23][IgniteKernal] FreeList [name=null, buckets=256, dataPages=63, reusePages=170]
[2018-06-12 19:07:52,249][INFO ][grid-timeout-worker-#23][IgniteKernal] 
Metrics for local node (to disable set 'metricsLogFrequency' to 0)
    ^-- Node [id=0c6b315b, uptime=00:01:35.075]
    ^-- H/N/C [hosts=1, nodes=5, CPUs=4]
    ^-- CPU [cur=21.07%, avg=20.41%, GC=0.1%]
    ^-- PageMemory [pages=1388]
    ^-- Heap [used=534MB, free=73.68%, comm=2032MB]
    ^-- Non heap [used=60MB, free=-1%, comm=62MB]
    ^-- Outbound messages queue [size=2]
    ^-- Public thread pool [active=1, idle=7, qSize=0]
    ^-- System thread pool [active=0, idle=6, qSize=0]
[2018-06-12 19:07:52,249][INFO ][grid-timeout-worker-#23][IgniteKernal] FreeList [name=null, buckets=256, dataPages=63, reusePages=170]
[2018-06-12 19:07:57,255][INFO ][grid-timeout-worker-#23][IgniteKernal] 
Metrics for local node (to disable set 'metricsLogFrequency' to 0)
    ^-- Node [id=0c6b315b, uptime=00:01:40.082]
    ^-- H/N/C [hosts=1, nodes=5, CPUs=4]
    ^-- CPU [cur=20.93%, avg=20.42%, GC=0.1%]
    ^-- PageMemory [pages=1388]
    ^-- Heap [used=75MB, free=96.26%, comm=2032MB]
    ^-- Non heap [used=60MB, free=-1%, comm=62MB]
    ^-- Outbound messages queue [size=0]
    ^-- Public thread pool [active=1, idle=7, qSize=0]
    ^-- System thread pool [active=0, idle=6, qSize=0]
[2018-06-12 19:07:57,255][INFO ][grid-timeout-worker-#23][IgniteKernal] FreeList [name=null, buckets=256, dataPages=63, reusePages=170]
[2018-06-12 19:08:02,257][INFO ][grid-timeout-worker-#23][IgniteKernal] 
Metrics for local node (to disable set 'metricsLogFrequency' to 0)
    ^-- Node [id=0c6b315b, uptime=00:01:45.083]
    ^-- H/N/C [hosts=1, nodes=5, CPUs=4]
    ^-- CPU [cur=20.67%, avg=20.43%, GC=0%]
    ^-- PageMemory [pages=1388]
    ^-- Heap [used=263MB, free=87.03%, comm=2032MB]
    ^-- Non heap [used=60MB, free=-1%, comm=62MB]
    ^-- Outbound messages queue [size=0]
    ^-- Public thread pool [active=1, idle=7, qSize=0]
    ^-- System thread pool [active=0, idle=6, qSize=0]
[2018-06-12 19:08:02,257][INFO ][grid-timeout-worker-#23][IgniteKernal] FreeList [name=null, buckets=256, dataPages=63, reusePages=170]
[2018-06-12 19:08:05,296][INFO ][disco-event-worker-#41][GridDiscoveryManager] Node left topology: TcpDiscoveryNode [id=62123ec8-4217-4018-b38d-15f4daf0b8ba, addrs=[127.0.0.1, 172.17.0.1, 192.168.0.101], sockAddrs=[/172.17.0.1:47504, /127.0.0.1:47504, /192.168.0.101:47504], discPort=47504, order=5, intOrder=5, lastExchangeTime=1528819577342, loc=false, ver=2.5.0#20180518-sha1:fe6e70e3, isClient=false]
[2018-06-12 19:08:05,297][INFO ][disco-event-worker-#41][GridDiscoveryManager] Topology snapshot [ver=6, servers=4, clients=0, CPUs=4, offheap=9.3GB, heap=8.0GB]
[2018-06-12 19:08:05,297][INFO ][disco-event-worker-#41][GridDiscoveryManager]   ^-- Node [id=0C6B315B-65CB-4D56-A2F4-4716D1030220, clusterState=ACTIVE]
[2018-06-12 19:08:05,297][INFO ][disco-event-worker-#41][GridDiscoveryManager] Data Regions Configured:
[2018-06-12 19:08:05,297][INFO ][disco-event-worker-#41][GridDiscoveryManager]   ^-- default [initSize=256.0 MiB, maxSize=2.3 GiB, persistenceEnabled=false]
[2018-06-12 19:08:05,371][INFO ][exchange-worker-#42][time] Started exchange init [topVer=AffinityTopologyVersion [topVer=6, minorTopVer=0], crd=false, evt=NODE_LEFT, evtNode=62123ec8-4217-4018-b38d-15f4daf0b8ba, customEvt=null, allowMerge=true]
[2018-06-12 19:08:05,372][INFO ][exchange-worker-#42][GridDhtPartitionsExchangeFuture] Finished waiting for partition release future [topVer=AffinityTopologyVersion [topVer=6, minorTopVer=0], waitTime=0ms, futInfo=NA]
[2018-06-12 19:08:05,417][INFO ][exchange-worker-#42][GridDhtPartitionsExchangeFuture] Finished waiting for partitions release latch: ClientLatch [coordinator=TcpDiscoveryNode [id=96ff27bd-315f-42e4-aee4-8ac792021c76, addrs=[127.0.0.1, 172.17.0.1, 192.168.0.101], sockAddrs=[/172.17.0.1:47500, /127.0.0.1:47500, /192.168.0.101:47500], discPort=47500, order=1, intOrder=1, lastExchangeTime=1528819572777, loc=false, ver=2.5.0#20180518-sha1:fe6e70e3, isClient=false], ackSent=true, super=CompletableLatch [id=exchange, topVer=AffinityTopologyVersion [topVer=6, minorTopVer=0]]]
[2018-06-12 19:08:05,417][INFO ][exchange-worker-#42][GridDhtPartitionsExchangeFuture] Finished waiting for partition release future [topVer=AffinityTopologyVersion [topVer=6, minorTopVer=0], waitTime=0ms, futInfo=NA]
[2018-06-12 19:08:05,460][INFO ][exchange-worker-#42][time] Finished exchange init [topVer=AffinityTopologyVersion [topVer=6, minorTopVer=0], crd=false]
[2018-06-12 19:08:05,542][INFO ][sys-#52][GridDhtPartitionsExchangeFuture] Received full message, will finish exchange [node=96ff27bd-315f-42e4-aee4-8ac792021c76, resVer=AffinityTopologyVersion [topVer=6, minorTopVer=0]]
[2018-06-12 19:08:05,603][INFO ][sys-#52][GridDhtPartitionsExchangeFuture] Finish exchange future [startVer=AffinityTopologyVersion [topVer=6, minorTopVer=0], resVer=AffinityTopologyVersion [topVer=6, minorTopVer=0], err=null]
[2018-06-12 19:08:05,653][INFO ][exchange-worker-#42][GridCachePartitionExchangeManager] Rebalancing scheduled [order=[PersonsCache]]
[2018-06-12 19:08:05,653][INFO ][exchange-worker-#42][GridCachePartitionExchangeManager] Rebalancing started [top=AffinityTopologyVersion [topVer=6, minorTopVer=0], evt=NODE_LEFT, node=62123ec8-4217-4018-b38d-15f4daf0b8ba]
[2018-06-12 19:08:05,654][INFO ][exchange-worker-#42][GridDhtPartitionDemander] Starting rebalancing [grp=PersonsCache, mode=ASYNC, fromNode=502b5915-349f-4d69-8c7c-2c40a5e79f87, partitionsCount=29, topology=AffinityTopologyVersion [topVer=6, minorTopVer=0], rebalanceId=24]
[2018-06-12 19:08:05,656][INFO ][exchange-worker-#42][GridDhtPartitionDemander] Starting rebalancing [grp=PersonsCache, mode=ASYNC, fromNode=7ebff1e5-1997-4fcf-a971-5a5eb181e160, partitionsCount=38, topology=AffinityTopologyVersion [topVer=6, minorTopVer=0], rebalanceId=24]
[2018-06-12 19:08:05,657][INFO ][exchange-worker-#42][GridDhtPartitionDemander] Starting rebalancing [grp=PersonsCache, mode=ASYNC, fromNode=96ff27bd-315f-42e4-aee4-8ac792021c76, partitionsCount=24, topology=AffinityTopologyVersion [topVer=6, minorTopVer=0], rebalanceId=24]
[2018-06-12 19:08:05,664][INFO ][sys-#61][GridDhtPartitionDemander] Completed rebalancing [fromNode=502b5915-349f-4d69-8c7c-2c40a5e79f87, cacheOrGroup=PersonsCache, topology=AffinityTopologyVersion [topVer=6, minorTopVer=0], time=11 ms]
[2018-06-12 19:08:05,666][INFO ][sys-#53][GridDhtPartitionDemander] Completed rebalancing [fromNode=7ebff1e5-1997-4fcf-a971-5a5eb181e160, cacheOrGroup=PersonsCache, topology=AffinityTopologyVersion [topVer=6, minorTopVer=0], time=11 ms]
[2018-06-12 19:08:05,678][INFO ][sys-#44][GridDhtPartitionDemander] Completed (final) rebalancing [fromNode=96ff27bd-315f-42e4-aee4-8ac792021c76, cacheOrGroup=PersonsCache, topology=AffinityTopologyVersion [topVer=6, minorTopVer=0], time=22 ms]
[2018-06-12 19:08:05,679][INFO ][sys-#44][GridDhtPartitionDemander] Completed rebalance future: RebalanceFuture [grp=CacheGroupContext [grp=PersonsCache], topVer=AffinityTopologyVersion [topVer=6, minorTopVer=0], rebalanceId=24]
[2018-06-12 19:08:07,263][INFO ][grid-timeout-worker-#23][IgniteKernal] 
Metrics for local node (to disable set 'metricsLogFrequency' to 0)
    ^-- Node [id=0c6b315b, uptime=00:01:50.087]
    ^-- H/N/C [hosts=1, nodes=4, CPUs=4]
    ^-- CPU [cur=16.83%, avg=20.45%, GC=0.03%]
    ^-- PageMemory [pages=1400]
    ^-- Heap [used=117MB, free=94.22%, comm=2033MB]
    ^-- Non heap [used=61MB, free=-1%, comm=63MB]
    ^-- Outbound messages queue [size=0]
    ^-- Public thread pool [active=0, idle=8, qSize=0]
    ^-- System thread pool [active=0, idle=8, qSize=0]
[2018-06-12 19:08:07,263][INFO ][grid-timeout-worker-#23][IgniteKernal] FreeList [name=null, buckets=256, dataPages=63, reusePages=0]
[2018-06-12 19:08:10,179][INFO ][tcp-disco-srvr-#3][TcpDiscoverySpi] TCP discovery accepted incoming connection [rmtAddr=/127.0.0.1, rmtPort=33799]
[2018-06-12 19:08:10,180][INFO ][tcp-disco-srvr-#3][TcpDiscoverySpi] TCP discovery spawning a new thread for connection [rmtAddr=/127.0.0.1, rmtPort=33799]
[2018-06-12 19:08:10,180][INFO ][tcp-disco-sock-reader-#6][TcpDiscoverySpi] Started serving remote node connection [rmtAddr=/127.0.0.1:33799, rmtPort=33799]
[2018-06-12 19:08:10,214][INFO ][tcp-disco-sock-reader-#6][TcpDiscoverySpi] Finished serving remote node connection [rmtAddr=/127.0.0.1:33799, rmtPort=33799
[2018-06-12 19:08:10,401][INFO ][disco-event-worker-#41][GridDiscoveryManager] Added new node to topology: TcpDiscoveryNode [id=55d3ac46-b6da-44e9-bf37-0320a7966a58, addrs=[127.0.0.1, 172.17.0.1, 192.168.0.101], sockAddrs=[/172.17.0.1:47504, /127.0.0.1:47504, /192.168.0.101:47504], discPort=47504, order=7, intOrder=6, lastExchangeTime=1528819690229, loc=false, ver=2.5.0#20180518-sha1:fe6e70e3, isClient=false]
[2018-06-12 19:08:10,402][INFO ][disco-event-worker-#41][GridDiscoveryManager] Topology snapshot [ver=7, servers=5, clients=0, CPUs=4, offheap=12.0GB, heap=10.0GB]
[2018-06-12 19:08:10,402][INFO ][disco-event-worker-#41][GridDiscoveryManager]   ^-- Node [id=0C6B315B-65CB-4D56-A2F4-4716D1030220, clusterState=ACTIVE]
[2018-06-12 19:08:10,403][INFO ][disco-event-worker-#41][GridDiscoveryManager] Data Regions Configured:
[2018-06-12 19:08:10,404][INFO ][disco-event-worker-#41][GridDiscoveryManager]   ^-- default [initSize=256.0 MiB, maxSize=2.3 GiB, persistenceEnabled=false]
[2018-06-12 19:08:10,405][INFO ][exchange-worker-#42][time] Started exchange init [topVer=AffinityTopologyVersion [topVer=7, minorTopVer=0], crd=false, evt=NODE_JOINED, evtNode=55d3ac46-b6da-44e9-bf37-0320a7966a58, customEvt=null, allowMerge=true]
[2018-06-12 19:08:10,406][INFO ][exchange-worker-#42][GridDhtPartitionsExchangeFuture] Finished waiting for partition release future [topVer=AffinityTopologyVersion [topVer=7, minorTopVer=0], waitTime=0ms, futInfo=NA]
[2018-06-12 19:08:11,066][INFO ][exchange-worker-#42][GridDhtPartitionsExchangeFuture] Finished waiting for partitions release latch: ClientLatch [coordinator=TcpDiscoveryNode [id=96ff27bd-315f-42e4-aee4-8ac792021c76, addrs=[127.0.0.1, 172.17.0.1, 192.168.0.101], sockAddrs=[/172.17.0.1:47500, /127.0.0.1:47500, /192.168.0.101:47500], discPort=47500, order=1, intOrder=1, lastExchangeTime=1528819572777, loc=false, ver=2.5.0#20180518-sha1:fe6e70e3, isClient=false], ackSent=true, super=CompletableLatch [id=exchange, topVer=AffinityTopologyVersion [topVer=7, minorTopVer=0]]]
[2018-06-12 19:08:11,067][INFO ][exchange-worker-#42][GridDhtPartitionsExchangeFuture] Finished waiting for partition release future [topVer=AffinityTopologyVersion [topVer=7, minorTopVer=0], waitTime=0ms, futInfo=NA]
[2018-06-12 19:08:11,070][INFO ][exchange-worker-#42][time] Finished exchange init [topVer=AffinityTopologyVersion [topVer=7, minorTopVer=0], crd=false]
[2018-06-12 19:08:11,129][INFO ][sys-#59][GridDhtPartitionsExchangeFuture] Received full message, will finish exchange [node=96ff27bd-315f-42e4-aee4-8ac792021c76, resVer=AffinityTopologyVersion [topVer=7, minorTopVer=0]]
[2018-06-12 19:08:11,235][INFO ][sys-#59][GridDhtPartitionsExchangeFuture] Finish exchange future [startVer=AffinityTopologyVersion [topVer=7, minorTopVer=0], resVer=AffinityTopologyVersion [topVer=7, minorTopVer=0], err=null]
[2018-06-12 19:08:11,251][INFO ][exchange-worker-#42][GridCachePartitionExchangeManager] Skipping rebalancing (nothing scheduled) [top=AffinityTopologyVersion [topVer=7, minorTopVer=0], evt=NODE_JOINED, node=55d3ac46-b6da-44e9-bf37-0320a7966a58]
[2018-06-12 19:08:11,712][INFO ][grid-nio-worker-tcp-comm-0-#25][TcpCommunicationSpi] Accepted incoming communication connection [locAddr=/127.0.0.1:47102, rmtAddr=/127.0.0.1:47184]
[2018-06-12 19:08:12,259][INFO ][grid-timeout-worker-#23][IgniteKernal] 
Metrics for local node (to disable set 'metricsLogFrequency' to 0)
    ^-- Node [id=0c6b315b, uptime=00:01:55.087]
    ^-- H/N/C [hosts=1, nodes=5, CPUs=4]
    ^-- CPU [cur=4.43%, avg=20%, GC=0%]
    ^-- PageMemory [pages=1400]
    ^-- Heap [used=132MB, free=93.5%, comm=2033MB]
    ^-- Non heap [used=61MB, free=-1%, comm=63MB]
    ^-- Outbound messages queue [size=0]
    ^-- Public thread pool [active=0, idle=8, qSize=0]
    ^-- System thread pool [active=0, idle=8, qSize=0]
[2018-06-12 19:08:12,260][INFO ][grid-timeout-worker-#23][IgniteKernal] FreeList [name=null, buckets=256, dataPages=63, reusePages=0]
[2018-06-12 19:08:13,427][INFO ][exchange-worker-#42][time] Started exchange init [topVer=AffinityTopologyVersion [topVer=7, minorTopVer=1], crd=false, evt=DISCOVERY_CUSTOM_EVT, evtNode=96ff27bd-315f-42e4-aee4-8ac792021c76, customEvt=CacheAffinityChangeMessage [id=b5844c4f361-6ba010bd-11ab-414e-a8bd-e8c2717ae5a5, topVer=AffinityTopologyVersion [topVer=7, minorTopVer=0], exchId=null, partsMsg=null, exchangeNeeded=true], allowMerge=false]
[2018-06-12 19:08:13,435][INFO ][exchange-worker-#42][GridDhtPartitionsExchangeFuture] Finished waiting for partition release future [topVer=AffinityTopologyVersion [topVer=7, minorTopVer=1], waitTime=0ms, futInfo=NA]
[2018-06-12 19:08:13,670][INFO ][exchange-worker-#42][GridDhtPartitionsExchangeFuture] Finished waiting for partitions release latch: ClientLatch [coordinator=TcpDiscoveryNode [id=96ff27bd-315f-42e4-aee4-8ac792021c76, addrs=[127.0.0.1, 172.17.0.1, 192.168.0.101], sockAddrs=[/172.17.0.1:47500, /127.0.0.1:47500, /192.168.0.101:47500], discPort=47500, order=1, intOrder=1, lastExchangeTime=1528819572777, loc=false, ver=2.5.0#20180518-sha1:fe6e70e3, isClient=false], ackSent=true, super=CompletableLatch [id=exchange, topVer=AffinityTopologyVersion [topVer=7, minorTopVer=1]]]
[2018-06-12 19:08:13,670][INFO ][exchange-worker-#42][GridDhtPartitionsExchangeFuture] Finished waiting for partition release future [topVer=AffinityTopologyVersion [topVer=7, minorTopVer=1], waitTime=0ms, futInfo=NA]
[2018-06-12 19:08:13,681][INFO ][exchange-worker-#42][time] Finished exchange init [topVer=AffinityTopologyVersion [topVer=7, minorTopVer=1], crd=false]
[2018-06-12 19:08:13,797][INFO ][sys-#53][GridDhtPartitionsExchangeFuture] Received full message, will finish exchange [node=96ff27bd-315f-42e4-aee4-8ac792021c76, resVer=AffinityTopologyVersion [topVer=7, minorTopVer=1]]
[2018-06-12 19:08:13,811][INFO ][sys-#53][GridDhtPartitionsExchangeFuture] Finish exchange future [startVer=AffinityTopologyVersion [topVer=7, minorTopVer=1], resVer=AffinityTopologyVersion [topVer=7, minorTopVer=1], err=null]
[2018-06-12 19:08:13,841][INFO ][exchange-worker-#42][GridCachePartitionExchangeManager] Skipping rebalancing (nothing scheduled) [top=AffinityTopologyVersion [topVer=7, minorTopVer=1], evt=DISCOVERY_CUSTOM_EVT, node=96ff27bd-315f-42e4-aee4-8ac792021c76]
[2018-06-12 19:08:17,267][INFO ][grid-timeout-worker-#23][IgniteKernal] 
Metrics for local node (to disable set 'metricsLogFrequency' to 0)
    ^-- Node [id=0c6b315b, uptime=00:02:00.094]
    ^-- H/N/C [hosts=1, nodes=5, CPUs=4]
    ^-- CPU [cur=17.07%, avg=19.66%, GC=0%]
    ^-- PageMemory [pages=1411]
    ^-- Heap [used=594MB, free=70.75%, comm=2033MB]
    ^-- Non heap [used=62MB, free=-1%, comm=63MB]
    ^-- Outbound messages queue [size=4]
    ^-- Public thread pool [active=8, idle=0, qSize=53]
    ^-- System thread pool [active=0, idle=8, qSize=0]
[2018-06-12 19:08:17,267][INFO ][grid-timeout-worker-#23][IgniteKernal] FreeList [name=null, buckets=256, dataPages=69, reusePages=182]
[2018-06-12 19:08:22,273][INFO ][grid-timeout-worker-#23][IgniteKernal] 
Metrics for local node (to disable set 'metricsLogFrequency' to 0)
    ^-- Node [id=0c6b315b, uptime=00:02:05.098]
    ^-- H/N/C [hosts=1, nodes=5, CPUs=4]
    ^-- CPU [cur=57.4%, avg=20.15%, GC=0.53%]
    ^-- PageMemory [pages=1411]
    ^-- Heap [used=310MB, free=84.77%, comm=2036MB]
    ^-- Non heap [used=62MB, free=-1%, comm=63MB]
    ^-- Outbound messages queue [size=0]
    ^-- Public thread pool [active=8, idle=0, qSize=56]
    ^-- System thread pool [active=0, idle=8, qSize=0]
[2018-06-12 19:08:22,273][INFO ][grid-timeout-worker-#23][IgniteKernal] FreeList [name=null, buckets=256, dataPages=69, reusePages=182]
[2018-06-12 19:08:27,276][INFO ][grid-timeout-worker-#23][IgniteKernal] 
Metrics for local node (to disable set 'metricsLogFrequency' to 0)
    ^-- Node [id=0c6b315b, uptime=00:02:10.103]
    ^-- H/N/C [hosts=1, nodes=5, CPUs=4]
    ^-- CPU [cur=55.27%, avg=21.88%, GC=0.33%]
    ^-- PageMemory [pages=1411]
    ^-- Heap [used=681MB, free=66.55%, comm=2038MB]
    ^-- Non heap [used=62MB, free=-1%, comm=63MB]
    ^-- Outbound messages queue [size=0]
    ^-- Public thread pool [active=8, idle=0, qSize=56]
    ^-- System thread pool [active=0, idle=8, qSize=0]
[2018-06-12 19:08:27,277][INFO ][grid-timeout-worker-#23][IgniteKernal] FreeList [name=null, buckets=256, dataPages=69, reusePages=182]
[2018-06-12 19:08:32,283][INFO ][grid-timeout-worker-#23][IgniteKernal] 
Metrics for local node (to disable set 'metricsLogFrequency' to 0)
    ^-- Node [id=0c6b315b, uptime=00:02:15.103]
    ^-- H/N/C [hosts=1, nodes=5, CPUs=4]
    ^-- CPU [cur=62.9%, avg=23.1%, GC=0.37%]
    ^-- PageMemory [pages=1411]
    ^-- Heap [used=678MB, free=66.73%, comm=2040MB]
    ^-- Non heap [used=63MB, free=-1%, comm=64MB]
    ^-- Outbound messages queue [size=6]
    ^-- Public thread pool [active=8, idle=0, qSize=51]
    ^-- System thread pool [active=0, idle=8, qSize=0]
[2018-06-12 19:08:32,284][INFO ][grid-timeout-worker-#23][IgniteKernal] FreeList [name=null, buckets=256, dataPages=69, reusePages=182]
[2018-06-12 19:08:37,277][INFO ][grid-timeout-worker-#23][IgniteKernal] 
Metrics for local node (to disable set 'metricsLogFrequency' to 0)
    ^-- Node [id=0c6b315b, uptime=00:02:20.104]
    ^-- H/N/C [hosts=1, nodes=5, CPUs=4]
    ^-- CPU [cur=55.67%, avg=24.86%, GC=0.17%]
    ^-- PageMemory [pages=1411]
    ^-- Heap [used=402MB, free=80.28%, comm=2041MB]
    ^-- Non heap [used=62MB, free=-1%, comm=64MB]
    ^-- Outbound messages queue [size=0]
    ^-- Public thread pool [active=8, idle=0, qSize=56]
    ^-- System thread pool [active=0, idle=8, qSize=0]
[2018-06-12 19:08:37,277][INFO ][grid-timeout-worker-#23][IgniteKernal] FreeList [name=null, buckets=256, dataPages=69, reusePages=182]
[2018-06-12 19:08:42,283][INFO ][grid-timeout-worker-#23][IgniteKernal] 
Metrics for local node (to disable set 'metricsLogFrequency' to 0)
    ^-- Node [id=0c6b315b, uptime=00:02:25.104]
    ^-- H/N/C [hosts=1, nodes=5, CPUs=4]
    ^-- CPU [cur=50.6%, avg=25.69%, GC=0.43%]
    ^-- PageMemory [pages=1411]
    ^-- Heap [used=150MB, free=92.62%, comm=2042MB]
    ^-- Non heap [used=62MB, free=-1%, comm=64MB]
    ^-- Outbound messages queue [size=4]
    ^-- Public thread pool [active=8, idle=0, qSize=55]
    ^-- System thread pool [active=0, idle=8, qSize=0]
[2018-06-12 19:08:42,283][INFO ][grid-timeout-worker-#23][IgniteKernal] FreeList [name=null, buckets=256, dataPages=69, reusePages=182]
[2018-06-12 19:08:47,285][INFO ][grid-timeout-worker-#23][IgniteKernal] 
Metrics for local node (to disable set 'metricsLogFrequency' to 0)
    ^-- Node [id=0c6b315b, uptime=00:02:30.106]
    ^-- H/N/C [hosts=1, nodes=5, CPUs=4]
    ^-- CPU [cur=47%, avg=26.72%, GC=0.47%]
    ^-- PageMemory [pages=1411]
    ^-- Heap [used=631MB, free=69.09%, comm=2044MB]
    ^-- Non heap [used=62MB, free=-1%, comm=64MB]
    ^-- Outbound messages queue [size=0]
    ^-- Public thread pool [active=8, idle=0, qSize=55]
    ^-- System thread pool [active=0, idle=8, qSize=0]
[2018-06-12 19:08:47,286][INFO ][grid-timeout-worker-#23][IgniteKernal] FreeList [name=null, buckets=256, dataPages=69, reusePages=182]
[2018-06-12 19:08:52,284][INFO ][grid-timeout-worker-#23][IgniteKernal] 
Metrics for local node (to disable set 'metricsLogFrequency' to 0)
    ^-- Node [id=0c6b315b, uptime=00:02:35.110]
    ^-- H/N/C [hosts=1, nodes=5, CPUs=4]
    ^-- CPU [cur=59.73%, avg=27.48%, GC=0.17%]
    ^-- PageMemory [pages=1411]
    ^-- Heap [used=478MB, free=76.61%, comm=2044MB]
    ^-- Non heap [used=62MB, free=-1%, comm=64MB]
    ^-- Outbound messages queue [size=1]
    ^-- Public thread pool [active=8, idle=0, qSize=56]
    ^-- System thread pool [active=0, idle=8, qSize=0]
[2018-06-12 19:08:52,284][INFO ][grid-timeout-worker-#23][IgniteKernal] FreeList [name=null, buckets=256, dataPages=69, reusePages=182]
[2018-06-12 19:08:57,291][INFO ][grid-timeout-worker-#23][IgniteKernal] 
Metrics for local node (to disable set 'metricsLogFrequency' to 0)
    ^-- Node [id=0c6b315b, uptime=00:02:40.118]
    ^-- H/N/C [hosts=1, nodes=5, CPUs=4]
    ^-- CPU [cur=50.4%, avg=28.73%, GC=0.4%]
    ^-- PageMemory [pages=1411]
    ^-- Heap [used=492MB, free=75.93%, comm=2045MB]
    ^-- Non heap [used=62MB, free=-1%, comm=64MB]
    ^-- Outbound messages queue [size=0]
    ^-- Public thread pool [active=8, idle=0, qSize=55]
    ^-- System thread pool [active=0, idle=8, qSize=0]
[2018-06-12 19:08:57,292][INFO ][grid-timeout-worker-#23][IgniteKernal] FreeList [name=null, buckets=256, dataPages=69, reusePages=182]
[2018-06-12 19:09:02,294][INFO ][grid-timeout-worker-#23][IgniteKernal] 
Metrics for local node (to disable set 'metricsLogFrequency' to 0)
    ^-- Node [id=0c6b315b, uptime=00:02:45.122]
    ^-- H/N/C [hosts=1, nodes=5, CPUs=4]
    ^-- CPU [cur=56.27%, avg=29.37%, GC=0.23%]
    ^-- PageMemory [pages=1411]
    ^-- Heap [used=710MB, free=65.26%, comm=2045MB]
    ^-- Non heap [used=62MB, free=-1%, comm=64MB]
    ^-- Outbound messages queue [size=0]
    ^-- Public thread pool [active=8, idle=0, qSize=56]
    ^-- System thread pool [active=0, idle=8, qSize=0]
[2018-06-12 19:09:02,294][INFO ][grid-timeout-worker-#23][IgniteKernal] FreeList [name=null, buckets=256, dataPages=69, reusePages=182]
[2018-06-12 19:09:07,303][INFO ][grid-timeout-worker-#23][IgniteKernal] 
Metrics for local node (to disable set 'metricsLogFrequency' to 0)
    ^-- Node [id=0c6b315b, uptime=00:02:50.128]
    ^-- H/N/C [hosts=1, nodes=5, CPUs=4]
    ^-- CPU [cur=60.07%, avg=30.41%, GC=0.2%]
    ^-- PageMemory [pages=1411]
    ^-- Heap [used=82MB, free=95.95%, comm=2046MB]
    ^-- Non heap [used=62MB, free=-1%, comm=64MB]
    ^-- Outbound messages queue [size=0]
    ^-- Public thread pool [active=8, idle=0, qSize=56]
    ^-- System thread pool [active=0, idle=8, qSize=0]
[2018-06-12 19:09:07,304][INFO ][grid-timeout-worker-#23][IgniteKernal] FreeList [name=null, buckets=256, dataPages=69, reusePages=182]
[2018-06-12 19:09:12,307][INFO ][grid-timeout-worker-#23][IgniteKernal] 
Metrics for local node (to disable set 'metricsLogFrequency' to 0)
    ^-- Node [id=0c6b315b, uptime=00:02:55.134]
    ^-- H/N/C [hosts=1, nodes=5, CPUs=4]
    ^-- CPU [cur=69%, avg=31.25%, GC=0.17%]
    ^-- PageMemory [pages=1411]
    ^-- Heap [used=651MB, free=68.15%, comm=2046MB]
    ^-- Non heap [used=62MB, free=-1%, comm=64MB]
    ^-- Outbound messages queue [size=0]
    ^-- Public thread pool [active=8, idle=0, qSize=56]
    ^-- System thread pool [active=0, idle=8, qSize=0]
[2018-06-12 19:09:12,308][INFO ][grid-timeout-worker-#23][IgniteKernal] FreeList [name=null, buckets=256, dataPages=69, reusePages=182]
[2018-06-12 19:09:17,315][INFO ][grid-timeout-worker-#23][IgniteKernal] 
Metrics for local node (to disable set 'metricsLogFrequency' to 0)
    ^-- Node [id=0c6b315b, uptime=00:03:00.136]
    ^-- H/N/C [hosts=1, nodes=5, CPUs=4]
    ^-- CPU [cur=57.17%, avg=32.18%, GC=0.3%]
    ^-- PageMemory [pages=1411]
    ^-- Heap [used=296MB, free=85.49%, comm=2046MB]
    ^-- Non heap [used=62MB, free=-1%, comm=64MB]
    ^-- Outbound messages queue [size=0]
    ^-- Public thread pool [active=8, idle=0, qSize=56]
    ^-- System thread pool [active=0, idle=6, qSize=0]
[2018-06-12 19:09:17,316][INFO ][grid-timeout-worker-#23][IgniteKernal] FreeList [name=null, buckets=256, dataPages=69, reusePages=182]
[2018-06-12 19:09:22,321][INFO ][grid-timeout-worker-#23][IgniteKernal] 
Metrics for local node (to disable set 'metricsLogFrequency' to 0)
    ^-- Node [id=0c6b315b, uptime=00:03:05.146]
    ^-- H/N/C [hosts=1, nodes=5, CPUs=4]
    ^-- CPU [cur=58%, avg=32.76%, GC=0.23%]
    ^-- PageMemory [pages=1411]
    ^-- Heap [used=204MB, free=90%, comm=2046MB]
    ^-- Non heap [used=62MB, free=-1%, comm=64MB]
    ^-- Outbound messages queue [size=0]
    ^-- Public thread pool [active=8, idle=0, qSize=54]
    ^-- System thread pool [active=0, idle=6, qSize=0]
[2018-06-12 19:09:22,321][INFO ][grid-timeout-worker-#23][IgniteKernal] FreeList [name=null, buckets=256, dataPages=69, reusePages=182]
[2018-06-12 19:09:27,327][INFO ][grid-timeout-worker-#23][IgniteKernal] 
Metrics for local node (to disable set 'metricsLogFrequency' to 0)
    ^-- Node [id=0c6b315b, uptime=00:03:10.152]
    ^-- H/N/C [hosts=1, nodes=5, CPUs=4]
    ^-- CPU [cur=55.67%, avg=33.56%, GC=0.37%]
    ^-- PageMemory [pages=1411]
    ^-- Heap [used=446MB, free=78.19%, comm=2046MB]
    ^-- Non heap [used=62MB, free=-1%, comm=64MB]
    ^-- Outbound messages queue [size=0]
    ^-- Public thread pool [active=8, idle=0, qSize=56]
    ^-- System thread pool [active=0, idle=6, qSize=0]
[2018-06-12 19:09:27,328][INFO ][grid-timeout-worker-#23][IgniteKernal] FreeList [name=null, buckets=256, dataPages=69, reusePages=182]
[2018-06-12 19:09:32,369][INFO ][grid-timeout-worker-#23][IgniteKernal] 
Metrics for local node (to disable set 'metricsLogFrequency' to 0)
    ^-- Node [id=0c6b315b, uptime=00:03:15.191]
    ^-- H/N/C [hosts=1, nodes=5, CPUs=4]
    ^-- CPU [cur=56.17%, avg=34.04%, GC=0.33%]
    ^-- PageMemory [pages=1411]
    ^-- Heap [used=91MB, free=95.52%, comm=2046MB]
    ^-- Non heap [used=62MB, free=-1%, comm=64MB]
    ^-- Outbound messages queue [size=0]
    ^-- Public thread pool [active=8, idle=0, qSize=55]
    ^-- System thread pool [active=0, idle=6, qSize=0]
[2018-06-12 19:09:32,370][INFO ][grid-timeout-worker-#23][IgniteKernal] FreeList [name=null, buckets=256, dataPages=69, reusePages=182]
[2018-06-12 19:09:37,371][INFO ][grid-timeout-worker-#23][IgniteKernal] 
Metrics for local node (to disable set 'metricsLogFrequency' to 0)
    ^-- Node [id=0c6b315b, uptime=00:03:20.197]
    ^-- H/N/C [hosts=1, nodes=5, CPUs=4]
    ^-- CPU [cur=59.07%, avg=34.75%, GC=0.2%]
    ^-- PageMemory [pages=1411]
    ^-- Heap [used=592MB, free=71.05%, comm=2046MB]
    ^-- Non heap [used=62MB, free=-1%, comm=64MB]
    ^-- Outbound messages queue [size=0]
    ^-- Public thread pool [active=8, idle=0, qSize=56]
    ^-- System thread pool [active=0, idle=6, qSize=0]
[2018-06-12 19:09:37,372][INFO ][grid-timeout-worker-#23][IgniteKernal] FreeList [name=null, buckets=256, dataPages=69, reusePages=182]
[2018-06-12 19:09:42,379][INFO ][grid-timeout-worker-#23][IgniteKernal] 
Metrics for local node (to disable set 'metricsLogFrequency' to 0)
    ^-- Node [id=0c6b315b, uptime=00:03:25.205]
    ^-- H/N/C [hosts=1, nodes=5, CPUs=4]
    ^-- CPU [cur=57.4%, avg=35.24%, GC=0.47%]
    ^-- PageMemory [pages=1411]
    ^-- Heap [used=351MB, free=82.8%, comm=2046MB]
    ^-- Non heap [used=62MB, free=-1%, comm=64MB]
    ^-- Outbound messages queue [size=2]
    ^-- Public thread pool [active=8, idle=0, qSize=55]
    ^-- System thread pool [active=0, idle=6, qSize=0]
[2018-06-12 19:09:42,379][INFO ][grid-timeout-worker-#23][IgniteKernal] FreeList [name=null, buckets=256, dataPages=69, reusePages=182]
[2018-06-12 19:09:47,385][INFO ][grid-timeout-worker-#23][IgniteKernal] 
Metrics for local node (to disable set 'metricsLogFrequency' to 0)
    ^-- Node [id=0c6b315b, uptime=00:03:30.207]
    ^-- H/N/C [hosts=1, nodes=5, CPUs=4]
    ^-- CPU [cur=57.1%, avg=35.91%, GC=0.6%]
    ^-- PageMemory [pages=1411]
    ^-- Heap [used=198MB, free=90.29%, comm=2046MB]
    ^-- Non heap [used=62MB, free=-1%, comm=64MB]
    ^-- Outbound messages queue [size=2]
    ^-- Public thread pool [active=8, idle=0, qSize=55]
    ^-- System thread pool [active=0, idle=6, qSize=0]
[2018-06-12 19:09:47,385][INFO ][grid-timeout-worker-#23][IgniteKernal] FreeList [name=null, buckets=256, dataPages=69, reusePages=182]
[2018-06-12 19:09:52,388][INFO ][grid-timeout-worker-#23][IgniteKernal] 
Metrics for local node (to disable set 'metricsLogFrequency' to 0)
    ^-- Node [id=0c6b315b, uptime=00:03:35.213]
    ^-- H/N/C [hosts=1, nodes=5, CPUs=4]
    ^-- CPU [cur=58.17%, avg=36.38%, GC=0.33%]
    ^-- PageMemory [pages=1411]
    ^-- Heap [used=650MB, free=68.2%, comm=2046MB]
    ^-- Non heap [used=61MB, free=-1%, comm=64MB]
    ^-- Outbound messages queue [size=0]
    ^-- Public thread pool [active=8, idle=0, qSize=55]
    ^-- System thread pool [active=0, idle=6, qSize=0]
[2018-06-12 19:09:52,388][INFO ][grid-timeout-worker-#23][IgniteKernal] FreeList [name=null, buckets=256, dataPages=69, reusePages=182]
[2018-06-12 19:09:53,993][INFO ][disco-event-worker-#41][GridDiscoveryManager] Node left topology: TcpDiscoveryNode [id=55d3ac46-b6da-44e9-bf37-0320a7966a58, addrs=[127.0.0.1, 172.17.0.1, 192.168.0.101], sockAddrs=[/172.17.0.1:47504, /127.0.0.1:47504, /192.168.0.101:47504], discPort=47504, order=7, intOrder=6, lastExchangeTime=1528819690229, loc=false, ver=2.5.0#20180518-sha1:fe6e70e3, isClient=false]
[2018-06-12 19:09:54,000][INFO ][disco-event-worker-#41][GridDiscoveryManager] Topology snapshot [ver=8, servers=4, clients=0, CPUs=4, offheap=9.3GB, heap=8.0GB]
[2018-06-12 19:09:54,000][INFO ][disco-event-worker-#41][GridDiscoveryManager]   ^-- Node [id=0C6B315B-65CB-4D56-A2F4-4716D1030220, clusterState=ACTIVE]
[2018-06-12 19:09:54,000][INFO ][disco-event-worker-#41][GridDiscoveryManager] Data Regions Configured:
[2018-06-12 19:09:54,001][INFO ][disco-event-worker-#41][GridDiscoveryManager]   ^-- default [initSize=256.0 MiB, maxSize=2.3 GiB, persistenceEnabled=false]
[2018-06-12 19:09:54,051][INFO ][exchange-worker-#42][time] Started exchange init [topVer=AffinityTopologyVersion [topVer=8, minorTopVer=0], crd=false, evt=NODE_LEFT, evtNode=55d3ac46-b6da-44e9-bf37-0320a7966a58, customEvt=null, allowMerge=true]
[2018-06-12 19:09:54,052][INFO ][exchange-worker-#42][GridDhtPartitionsExchangeFuture] Finished waiting for partition release future [topVer=AffinityTopologyVersion [topVer=8, minorTopVer=0], waitTime=0ms, futInfo=NA]
[2018-06-12 19:09:54,114][INFO ][exchange-worker-#42][GridDhtPartitionsExchangeFuture] Finished waiting for partitions release latch: ClientLatch [coordinator=TcpDiscoveryNode [id=96ff27bd-315f-42e4-aee4-8ac792021c76, addrs=[127.0.0.1, 172.17.0.1, 192.168.0.101], sockAddrs=[/172.17.0.1:47500, /127.0.0.1:47500, /192.168.0.101:47500], discPort=47500, order=1, intOrder=1, lastExchangeTime=1528819572777, loc=false, ver=2.5.0#20180518-sha1:fe6e70e3, isClient=false], ackSent=true, super=CompletableLatch [id=exchange, topVer=AffinityTopologyVersion [topVer=8, minorTopVer=0]]]
[2018-06-12 19:09:54,114][INFO ][exchange-worker-#42][GridDhtPartitionsExchangeFuture] Finished waiting for partition release future [topVer=AffinityTopologyVersion [topVer=8, minorTopVer=0], waitTime=0ms, futInfo=NA]
[2018-06-12 19:09:54,149][INFO ][exchange-worker-#42][time] Finished exchange init [topVer=AffinityTopologyVersion [topVer=8, minorTopVer=0], crd=false]
[2018-06-12 19:09:54,203][INFO ][sys-#44][GridDhtPartitionsExchangeFuture] Received full message, will finish exchange [node=96ff27bd-315f-42e4-aee4-8ac792021c76, resVer=AffinityTopologyVersion [topVer=8, minorTopVer=0]]
[2018-06-12 19:09:54,272][INFO ][sys-#44][GridDhtPartitionsExchangeFuture] Finish exchange future [startVer=AffinityTopologyVersion [topVer=8, minorTopVer=0], resVer=AffinityTopologyVersion [topVer=8, minorTopVer=0], err=null]
[2018-06-12 19:09:54,341][INFO ][exchange-worker-#42][GridCachePartitionExchangeManager] Rebalancing scheduled [order=[PersonsCache]]
[2018-06-12 19:09:54,341][INFO ][exchange-worker-#42][GridCachePartitionExchangeManager] Rebalancing started [top=AffinityTopologyVersion [topVer=8, minorTopVer=0], evt=NODE_LEFT, node=55d3ac46-b6da-44e9-bf37-0320a7966a58]
[2018-06-12 19:09:54,341][INFO ][exchange-worker-#42][GridDhtPartitionDemander] Starting rebalancing [grp=PersonsCache, mode=ASYNC, fromNode=502b5915-349f-4d69-8c7c-2c40a5e79f87, partitionsCount=29, topology=AffinityTopologyVersion [topVer=8, minorTopVer=0], rebalanceId=49]
[2018-06-12 19:09:54,342][INFO ][exchange-worker-#42][GridDhtPartitionDemander] Starting rebalancing [grp=PersonsCache, mode=ASYNC, fromNode=7ebff1e5-1997-4fcf-a971-5a5eb181e160, partitionsCount=38, topology=AffinityTopologyVersion [topVer=8, minorTopVer=0], rebalanceId=49]
[2018-06-12 19:09:54,343][INFO ][exchange-worker-#42][GridDhtPartitionDemander] Starting rebalancing [grp=PersonsCache, mode=ASYNC, fromNode=96ff27bd-315f-42e4-aee4-8ac792021c76, partitionsCount=24, topology=AffinityTopologyVersion [topVer=8, minorTopVer=0], rebalanceId=49]
[2018-06-12 19:09:54,345][INFO ][sys-#65][GridDhtPartitionDemander] Completed rebalancing [fromNode=502b5915-349f-4d69-8c7c-2c40a5e79f87, cacheOrGroup=PersonsCache, topology=AffinityTopologyVersion [topVer=8, minorTopVer=0], time=10 ms]
[2018-06-12 19:09:54,347][INFO ][sys-#66][GridDhtPartitionDemander] Completed rebalancing [fromNode=96ff27bd-315f-42e4-aee4-8ac792021c76, cacheOrGroup=PersonsCache, topology=AffinityTopologyVersion [topVer=8, minorTopVer=0], time=10 ms]
[2018-06-12 19:09:54,382][INFO ][sys-#68][GridDhtPartitionDemander] Completed (final) rebalancing [fromNode=7ebff1e5-1997-4fcf-a971-5a5eb181e160, cacheOrGroup=PersonsCache, topology=AffinityTopologyVersion [topVer=8, minorTopVer=0], time=51 ms]
[2018-06-12 19:09:54,383][INFO ][sys-#68][GridDhtPartitionDemander] Completed rebalance future: RebalanceFuture [grp=CacheGroupContext [grp=PersonsCache], topVer=AffinityTopologyVersion [topVer=8, minorTopVer=0], rebalanceId=49]
/home/fl/SBT/affinity-example/bin/benchmark-bootstrap.sh: line 111:  7158 Killed                  "$JAVA" ${JVM_OPTS} -cp ${CP} ${MAIN_CLASS} ${ARGS}
