log4j:WARN No appenders could be found for logger (org.reflections.Reflections).
log4j:WARN Please initialize the log4j system properly.
log4j:WARN See http://logging.apache.org/log4j/1.2/faq.html#noconfig for more info.
<19:06:07><main><yardstick> Cache configured with the following parameters: CacheConfiguration [name=PersonsCache, grpName=null, memPlcName=null, storeConcurrentLoadAllThreshold=5, rebalancePoolSize=2, rebalanceTimeout=10000, evictPlc=null, evictPlcFactory=null, onheapCache=false, sqlOnheapCache=false, sqlOnheapCacheMaxSize=0, evictFilter=null, eagerTtl=true, dfltLockTimeout=0, nearCfg=null, writeSync=PRIMARY_SYNC, storeFactory=null, storeKeepBinary=false, loadPrevVal=false, aff=null, cacheMode=PARTITIONED, atomicityMode=null, backups=1, invalidate=false, tmLookupClsName=null, rebalanceMode=ASYNC, rebalanceOrder=0, rebalanceBatchSize=524288, rebalanceBatchesPrefetchCnt=2, maxConcurrentAsyncOps=500, sqlIdxMaxInlineSize=-1, writeBehindEnabled=false, writeBehindFlushSize=10240, writeBehindFlushFreq=5000, writeBehindFlushThreadCnt=1, writeBehindBatchSize=512, writeBehindCoalescing=true, maxQryIterCnt=1024, affMapper=null, rebalanceDelay=0, rebalanceThrottle=0, interceptor=null, longQryWarnTimeout=3000, qryDetailMetricsSz=0, readFromBackup=true, nodeFilter=null, sqlSchema=null, sqlEscapeAll=false, cpOnRead=true, topValidator=null, partLossPlc=IGNORE, qryParallelism=1, evtsDisabled=false]
[2018-06-12 19:06:08,780][INFO ][main][IgniteKernal] 

>>>    __________  ________________  
>>>   /  _/ ___/ |/ /  _/_  __/ __/  
>>>  _/ // (7 7    // /  / / / _/    
>>> /___/\___/_/|_/___/ /_/ /___/   
>>> 
>>> ver. 2.5.0-SNAPSHOT#20180518-sha1:fe6e70e3
>>> 2018 Copyright(C) Apache Software Foundation
>>> 
>>> Ignite documentation: http://ignite.apache.org

[2018-06-12 19:06:08,781][INFO ][main][IgniteKernal] Config URL: n/a
[2018-06-12 19:06:08,834][INFO ][main][IgniteKernal] IgniteConfiguration [igniteInstanceName=null, pubPoolSize=8, svcPoolSize=8, callbackPoolSize=8, stripedPoolSize=8, sysPoolSize=8, mgmtPoolSize=4, igfsPoolSize=4, dataStreamerPoolSize=8, utilityCachePoolSize=8, utilityCacheKeepAliveTime=60000, p2pPoolSize=2, qryPoolSize=8, igniteHome=/home/fl/apache-ignite-fabric-2.4.0-bin, igniteWorkDir=/home/fl/apache-ignite-fabric-2.4.0-bin/work, mbeanSrv=com.sun.jmx.mbeanserver.JmxMBeanServer@27462a88, nodeId=502b5915-349f-4d69-8c7c-2c40a5e79f87, marsh=org.apache.ignite.internal.binary.BinaryMarshaller@769a1df5, marshLocJobs=false, daemon=false, p2pEnabled=false, netTimeout=5000, sndRetryDelay=1000, sndRetryCnt=3, metricsHistSize=10000, metricsUpdateFreq=2000, metricsExpTime=9223372036854775807, discoSpi=TcpDiscoverySpi [addrRslvr=null, sockTimeout=0, ackTimeout=0, marsh=null, reconCnt=10, reconDelay=2000, maxAckTimeout=600000, forceSrvMode=false, clientReconnectDisabled=false, internalLsnr=null], segPlc=STOP, segResolveAttempts=2, waitForSegOnStart=true, allResolversPassReq=true, segChkFreq=10000, commSpi=TcpCommunicationSpi [connectGate=null, connPlc=null, enableForcibleNodeKill=false, enableTroubleshootingLog=false, srvLsnr=org.apache.ignite.spi.communication.tcp.TcpCommunicationSpi$2@5167f57d, locAddr=null, locHost=null, locPort=47100, locPortRange=100, shmemPort=-1, directBuf=true, directSndBuf=false, idleConnTimeout=600000, connTimeout=5000, maxConnTimeout=600000, reconCnt=10, sockSndBuf=32768, sockRcvBuf=32768, msgQueueLimit=0, slowClientQueueLimit=0, nioSrvr=null, shmemSrv=null, usePairedConnections=false, connectionsPerNode=1, tcpNoDelay=true, filterReachableAddresses=false, ackSndThreshold=32, unackedMsgsBufSize=0, sockWriteTimeout=2000, lsnr=null, boundTcpPort=-1, boundTcpShmemPort=-1, selectorsCnt=4, selectorSpins=0, addrRslvr=null, ctxInitLatch=java.util.concurrent.CountDownLatch@64b0598[Count = 1], stopping=false, metricsLsnr=org.apache.ignite.spi.communication.tcp.TcpCommunicationMetricsListener@18f8cd79], evtSpi=org.apache.ignite.spi.eventstorage.NoopEventStorageSpi@3e2055d6, colSpi=NoopCollisionSpi [], deploySpi=LocalDeploymentSpi [lsnr=null], indexingSpi=org.apache.ignite.spi.indexing.noop.NoopIndexingSpi@28194a50, addrRslvr=null, clientMode=false, rebalanceThreadPoolSize=1, txCfg=org.apache.ignite.configuration.TransactionConfiguration@7f2cfe3f, cacheSanityCheckEnabled=true, discoStartupDelay=60000, deployMode=SHARED, p2pMissedCacheSize=100, locHost=null, timeSrvPortBase=31100, timeSrvPortRange=100, failureDetectionTimeout=10000, clientFailureDetectionTimeout=30000, metricsLogFreq=5000, hadoopCfg=null, connectorCfg=org.apache.ignite.configuration.ConnectorConfiguration@1a5b6f42, odbcCfg=null, warmupClos=null, atomicCfg=AtomicConfiguration [seqReserveSize=1000, cacheMode=PARTITIONED, backups=1, aff=null, grpName=null], classLdr=null, sslCtxFactory=null, platformCfg=null, binaryCfg=null, memCfg=null, pstCfg=null, dsCfg=DataStorageConfiguration [sysRegionInitSize=41943040, sysCacheMaxSize=104857600, pageSize=0, concLvl=0, dfltDataRegConf=DataRegionConfiguration [name=default, maxSize=2494085529, initSize=268435456, swapPath=null, pageEvictionMode=DISABLED, evictionThreshold=0.9, emptyPagesPoolSize=100, metricsEnabled=false, metricsSubIntervalCount=5, metricsRateTimeInterval=60000, persistenceEnabled=false, checkpointPageBufSize=0], storagePath=null, checkpointFreq=180000, lockWaitTime=10000, checkpointThreads=4, checkpointWriteOrder=SEQUENTIAL, walHistSize=20, walSegments=10, walSegmentSize=67108864, walPath=db/wal, walArchivePath=db/wal/archive, metricsEnabled=false, walMode=LOG_ONLY, walTlbSize=131072, walBuffSize=0, walFlushFreq=2000, walFsyncDelay=1000, walRecordIterBuffSize=67108864, alwaysWriteFullPages=false, fileIOFactory=org.apache.ignite.internal.processors.cache.persistence.file.AsyncFileIOFactory@6bb4dd34, metricsSubIntervalCnt=5, metricsRateTimeInterval=60000, walAutoArchiveAfterInactivity=-1, writeThrottlingEnabled=false, walCompactionEnabled=false], activeOnStart=true, autoActivation=true, longQryWarnTimeout=3000, sqlConnCfg=null, cliConnCfg=ClientConnectorConfiguration [host=null, port=10800, portRange=100, sockSndBufSize=0, sockRcvBufSize=0, tcpNoDelay=true, maxOpenCursorsPerConn=128, threadPoolSize=8, idleTimeout=0, jdbcEnabled=true, odbcEnabled=true, thinCliEnabled=true, sslEnabled=false, useIgniteSslCtxFactory=true, sslClientAuth=false, sslCtxFactory=null], authEnabled=false, failureHnd=null, commFailureRslvr=null]
[2018-06-12 19:06:08,842][INFO ][main][IgniteKernal] Daemon mode: off
[2018-06-12 19:06:08,843][INFO ][main][IgniteKernal] OS: Linux 4.15.0-22-generic amd64
[2018-06-12 19:06:08,843][INFO ][main][IgniteKernal] OS user: fl
[2018-06-12 19:06:08,849][INFO ][main][IgniteKernal] PID: 7179
[2018-06-12 19:06:08,849][INFO ][main][IgniteKernal] Language runtime: Java Platform API Specification ver. 1.8
[2018-06-12 19:06:08,850][INFO ][main][IgniteKernal] VM information: Java(TM) SE Runtime Environment 1.8.0_172-b11 Oracle Corporation Java HotSpot(TM) 64-Bit Server VM 25.172-b11
[2018-06-12 19:06:08,851][INFO ][main][IgniteKernal] VM total memory: 1.9GB
[2018-06-12 19:06:08,852][INFO ][main][IgniteKernal] Remote Management [restart: off, REST: on, JMX (remote: off)]
[2018-06-12 19:06:08,865][INFO ][main][IgniteKernal] Logger: Log4JLogger [quiet=false, config=/home/fl/apache-ignite-fabric-2.4.0-bin/config/ignite-log4j.xml]
[2018-06-12 19:06:08,866][INFO ][main][IgniteKernal] IGNITE_HOME=/home/fl/apache-ignite-fabric-2.4.0-bin
[2018-06-12 19:06:08,866][INFO ][main][IgniteKernal] VM arguments: [-Xms2g, -Xmx2g, -Djava.net.preferIPv4Stack=true, -DIGNITE_QUIET=false, -Dyardstick.server0, -Dyardstick.server1]
[2018-06-12 19:06:08,866][INFO ][main][IgniteKernal] System cache's DataRegion size is configured to 40 MB. Use DataStorageConfiguration.systemCacheMemorySize property to change the setting.
[2018-06-12 19:06:08,877][INFO ][main][IgniteKernal] Configured caches [in 'sysMemPlc' dataRegion: ['ignite-sys-cache'], in 'default' dataRegion: ['PersonsCache']]
[2018-06-12 19:06:08,953][INFO ][main][IgniteKernal] 3-rd party licenses can be found at: /home/fl/apache-ignite-fabric-2.4.0-bin/libs/licenses
[2018-06-12 19:06:08,953][INFO ][main][IgniteKernal] Local node user attribute [data.node=true]
[2018-06-12 19:06:09,311][INFO ][main][IgnitePluginProcessor] Configured plugins:
[2018-06-12 19:06:09,311][INFO ][main][IgnitePluginProcessor]   ^-- None
[2018-06-12 19:06:09,316][INFO ][main][IgnitePluginProcessor] 
[2018-06-12 19:06:09,332][INFO ][main][FailureProcessor] Configured failure handler: [hnd=StopNodeOrHaltFailureHandler [tryStop=false, timeout=0]]
[2018-06-12 19:06:09,550][INFO ][main][TcpCommunicationSpi] Successfully bound communication NIO server to TCP port [port=47103, locHost=0.0.0.0/0.0.0.0, selectorsCnt=4, selectorSpins=0, pairedConn=false]
[2018-06-12 19:06:09,574][WARN ][main][TcpCommunicationSpi] Message queue limit is set to 0 which may lead to potential OOMEs when running cache operations in FULL_ASYNC or PRIMARY_SYNC modes due to message queues growth on sender and receiver sides.
[2018-06-12 19:06:09,689][WARN ][main][NoopCheckpointSpi] Checkpoints are disabled (to enable configure any GridCheckpointSpi implementation)
[2018-06-12 19:06:09,931][WARN ][main][GridCollisionManager] Collision resolution is disabled (all jobs will be activated upon arrival).
[2018-06-12 19:06:09,936][INFO ][main][IgniteKernal] Security status [authentication=off, tls/ssl=off]
[2018-06-12 19:06:11,860][INFO ][main][ClientListenerProcessor] Client connector processor has started on TCP port 10803
[2018-06-12 19:06:12,157][INFO ][main][GridTcpRestProtocol] Command protocol successfully started [name=TCP binary, host=0.0.0.0/0.0.0.0, port=11214]
[2018-06-12 19:06:12,285][INFO ][main][IgniteKernal] Non-loopback local IPs: 172.17.0.1, 192.168.0.101
[2018-06-12 19:06:12,285][INFO ][main][IgniteKernal] Enabled local MACs: 02427E9A41E0, 5C93A2D830DE
[2018-06-12 19:06:12,523][INFO ][main][TcpDiscoverySpi] Successfully bound to TCP port [port=47503, localHost=0.0.0.0/0.0.0.0, locNodeId=502b5915-349f-4d69-8c7c-2c40a5e79f87]
[2018-06-12 19:06:12,973][INFO ][tcp-disco-srvr-#3][TcpDiscoverySpi] TCP discovery accepted incoming connection [rmtAddr=/127.0.0.1, rmtPort=58937]
[2018-06-12 19:06:13,011][INFO ][tcp-disco-srvr-#3][TcpDiscoverySpi] TCP discovery spawning a new thread for connection [rmtAddr=/127.0.0.1, rmtPort=58937]
[2018-06-12 19:06:13,019][INFO ][tcp-disco-sock-reader-#4][TcpDiscoverySpi] Started serving remote node connection [rmtAddr=/127.0.0.1:58937, rmtPort=58937]
[2018-06-12 19:06:13,486][WARN ][main][IgniteKernal] Nodes started on local machine require more than 80% of physical RAM what can lead to significant slowdown due to swapping (please decrease JVM heap size, data region size or checkpoint buffer size) [required=13324MB, available=11892MB]
[2018-06-12 19:06:13,635][INFO ][disco-event-worker-#41][GridDiscoveryManager] Added new node to topology: TcpDiscoveryNode [id=7ebff1e5-1997-4fcf-a971-5a5eb181e160, addrs=[127.0.0.1, 172.17.0.1, 192.168.0.101], sockAddrs=[/172.17.0.1:47502, /127.0.0.1:47502, /192.168.0.101:47502], discPort=47502, order=4, intOrder=4, lastExchangeTime=1528819573318, loc=false, ver=2.5.0#20180518-sha1:fe6e70e3, isClient=false]
[2018-06-12 19:06:13,637][INFO ][exchange-worker-#42][time] Started exchange init [topVer=AffinityTopologyVersion [topVer=3, minorTopVer=0], crd=false, evt=NODE_JOINED, evtNode=502b5915-349f-4d69-8c7c-2c40a5e79f87, customEvt=null, allowMerge=true]
[2018-06-12 19:06:13,645][INFO ][disco-event-worker-#41][GridDiscoveryManager] Topology snapshot [ver=4, servers=4, clients=0, CPUs=4, offheap=9.3GB, heap=8.0GB]
[2018-06-12 19:06:13,645][INFO ][disco-event-worker-#41][GridDiscoveryManager]   ^-- Node [id=502B5915-349F-4D69-8C7C-2C40A5E79F87, clusterState=ACTIVE]
[2018-06-12 19:06:13,646][INFO ][disco-event-worker-#41][GridDiscoveryManager] Data Regions Configured:
[2018-06-12 19:06:13,647][INFO ][disco-event-worker-#41][GridDiscoveryManager]   ^-- default [initSize=256.0 MiB, maxSize=2.3 GiB, persistenceEnabled=false]
[2018-06-12 19:06:14,881][INFO ][exchange-worker-#42][GridCacheProcessor] Started cache [name=ignite-sys-cache, id=-2100569601, memoryPolicyName=sysMemPlc, mode=REPLICATED, atomicity=TRANSACTIONAL, backups=2147483647]
[2018-06-12 19:06:15,087][INFO ][exchange-worker-#42][GridCacheProcessor] Started cache [name=PersonsCache, id=383478404, memoryPolicyName=default, mode=PARTITIONED, atomicity=ATOMIC, backups=1]
[2018-06-12 19:06:15,283][INFO ][exchange-worker-#42][GridDhtPartitionsExchangeFuture] Finished waiting for partition release future [topVer=AffinityTopologyVersion [topVer=3, minorTopVer=0], waitTime=0ms, futInfo=NA]
[2018-06-12 19:06:15,373][INFO ][grid-nio-worker-tcp-comm-0-#25][TcpCommunicationSpi] Established outgoing communication connection [locAddr=/127.0.0.1:51456, rmtAddr=/127.0.0.1:47100]
[2018-06-12 19:06:15,379][INFO ][exchange-worker-#42][GridDhtPartitionsExchangeFuture] Finished waiting for partition release future [topVer=AffinityTopologyVersion [topVer=3, minorTopVer=0], waitTime=0ms, futInfo=NA]
[2018-06-12 19:06:15,474][INFO ][exchange-worker-#42][time] Finished exchange init [topVer=AffinityTopologyVersion [topVer=3, minorTopVer=0], crd=false]
[2018-06-12 19:06:15,867][INFO ][sys-#44][GridDhtPartitionsExchangeFuture] Received full message, will finish exchange [node=96ff27bd-315f-42e4-aee4-8ac792021c76, resVer=AffinityTopologyVersion [topVer=4, minorTopVer=0]]
[2018-06-12 19:06:15,872][INFO ][sys-#44][GridDhtPartitionsExchangeFuture] Received full message, need merge [curFut=AffinityTopologyVersion [topVer=3, minorTopVer=0], resVer=AffinityTopologyVersion [topVer=4, minorTopVer=0]]
[2018-06-12 19:06:15,872][INFO ][sys-#44][GridCachePartitionExchangeManager] Merge exchange future on finish [curFut=AffinityTopologyVersion [topVer=3, minorTopVer=0], mergedFut=AffinityTopologyVersion [topVer=4, minorTopVer=0], evt=NODE_JOINED, evtNode=7ebff1e5-1997-4fcf-a971-5a5eb181e160, evtNodeClient=false]
[2018-06-12 19:06:16,340][INFO ][sys-#44][GridDhtPartitionsExchangeFuture] Finish exchange future [startVer=AffinityTopologyVersion [topVer=3, minorTopVer=0], resVer=AffinityTopologyVersion [topVer=4, minorTopVer=0], err=null]
[2018-06-12 19:06:16,627][INFO ][exchange-worker-#42][GridCachePartitionExchangeManager] Rebalancing scheduled [order=[ignite-sys-cache, PersonsCache]]
[2018-06-12 19:06:16,628][INFO ][exchange-worker-#42][GridCachePartitionExchangeManager] Rebalancing started [top=AffinityTopologyVersion [topVer=4, minorTopVer=0], evt=NODE_JOINED, node=502b5915-349f-4d69-8c7c-2c40a5e79f87]
[2018-06-12 19:06:16,635][INFO ][exchange-worker-#42][GridDhtPartitionDemander] Starting rebalancing [grp=ignite-sys-cache, mode=SYNC, fromNode=96ff27bd-315f-42e4-aee4-8ac792021c76, partitionsCount=100, topology=AffinityTopologyVersion [topVer=4, minorTopVer=0], rebalanceId=1]
[2018-06-12 19:06:16,763][INFO ][utility-#46][GridDhtPartitionDemander] Completed (final) rebalancing [fromNode=96ff27bd-315f-42e4-aee4-8ac792021c76, cacheOrGroup=ignite-sys-cache, topology=AffinityTopologyVersion [topVer=4, minorTopVer=0], time=122 ms]
[2018-06-12 19:06:16,768][INFO ][utility-#46][GridDhtPartitionDemander] Completed rebalance future: RebalanceFuture [grp=CacheGroupContext [grp=ignite-sys-cache], topVer=AffinityTopologyVersion [topVer=4, minorTopVer=0], rebalanceId=1]
[2018-06-12 19:06:16,769][INFO ][utility-#46][GridDhtPartitionDemander] Starting rebalancing [grp=PersonsCache, mode=ASYNC, fromNode=96ff27bd-315f-42e4-aee4-8ac792021c76, partitionsCount=517, topology=AffinityTopologyVersion [topVer=4, minorTopVer=0], rebalanceId=1]
[2018-06-12 19:06:16,990][INFO ][sys-#49][GridDhtPartitionDemander] Completed (final) rebalancing [fromNode=96ff27bd-315f-42e4-aee4-8ac792021c76, cacheOrGroup=PersonsCache, topology=AffinityTopologyVersion [topVer=4, minorTopVer=0], time=223 ms]
[2018-06-12 19:06:16,990][INFO ][sys-#49][GridDhtPartitionDemander] Completed rebalance future: RebalanceFuture [grp=CacheGroupContext [grp=PersonsCache], topVer=AffinityTopologyVersion [topVer=4, minorTopVer=0], rebalanceId=1]
[2018-06-12 19:06:17,176][INFO ][main][IgniteKernal] Performance suggestions for grid  (fix if possible)
[2018-06-12 19:06:17,176][INFO ][main][IgniteKernal] To disable, set -DIGNITE_PERFORMANCE_SUGGESTIONS_DISABLED=true
[2018-06-12 19:06:17,176][INFO ][main][IgniteKernal]   ^-- Enable G1 Garbage Collector (add '-XX:+UseG1GC' to JVM options)
[2018-06-12 19:06:17,177][INFO ][main][IgniteKernal]   ^-- Set max direct memory size if getting 'OOME: Direct buffer memory' (add '-XX:MaxDirectMemorySize=<size>[g|G|m|M|k|K]' to JVM options)
[2018-06-12 19:06:17,177][INFO ][main][IgniteKernal]   ^-- Disable processing of calls to System.gc() (add '-XX:+DisableExplicitGC' to JVM options)
[2018-06-12 19:06:17,178][INFO ][main][IgniteKernal]   ^-- Decrease number of backups (set 'backups' to 0)
[2018-06-12 19:06:17,178][INFO ][main][IgniteKernal] Refer to this page for more performance suggestions: https://apacheignite.readme.io/docs/jvm-and-system-tuning
[2018-06-12 19:06:17,178][INFO ][main][IgniteKernal] 
[2018-06-12 19:06:17,178][INFO ][main][IgniteKernal] To start Console Management & Monitoring run ignitevisorcmd.{sh|bat}
[2018-06-12 19:06:17,179][INFO ][main][IgniteKernal] 
[2018-06-12 19:06:17,180][INFO ][main][IgniteKernal] 

>>> +-------------------------------------------------------------------------------+
>>> Ignite ver. 2.5.0-SNAPSHOT#20180518-sha1:fe6e70e3c8d6a6349ea00b7ec99b215945ffce6d
>>> +-------------------------------------------------------------------------------+
>>> OS name: Linux 4.15.0-22-generic amd64
>>> CPU(s): 4
>>> Heap: 2.0GB
>>> VM name: 7179@fl-PC
>>> Local node [ID=502B5915-349F-4D69-8C7C-2C40A5E79F87, order=3, clientMode=false]
>>> Local node addresses: [172.17.0.1/127.0.0.1, 192.168.0.101/172.17.0.1, /192.168.0.101]
>>> Local ports: TCP:10803 TCP:11214 TCP:47103 TCP:47503 

[2018-06-12 19:06:17,181][INFO ][main][GridDiscoveryManager] Topology snapshot [ver=3, servers=3, clients=0, CPUs=4, offheap=7.0GB, heap=6.0GB]
[2018-06-12 19:06:17,183][INFO ][main][GridDiscoveryManager]   ^-- Node [id=502B5915-349F-4D69-8C7C-2C40A5E79F87, clusterState=ACTIVE]
[2018-06-12 19:06:17,183][INFO ][main][GridDiscoveryManager] Data Regions Configured:
[2018-06-12 19:06:17,184][INFO ][main][GridDiscoveryManager]   ^-- default [initSize=256.0 MiB, maxSize=2.3 GiB, persistenceEnabled=false]
<19:06:17><main><yardstick> Configured marshaller: org.apache.ignite.internal.binary.BinaryMarshaller
[2018-06-12 19:06:17,787][INFO ][disco-event-worker-#41][GridDiscoveryManager] Added new node to topology: TcpDiscoveryNode [id=62123ec8-4217-4018-b38d-15f4daf0b8ba, addrs=[127.0.0.1, 172.17.0.1, 192.168.0.101], sockAddrs=[/172.17.0.1:47504, /127.0.0.1:47504, /192.168.0.101:47504], discPort=47504, order=5, intOrder=5, lastExchangeTime=1528819577372, loc=false, ver=2.5.0#20180518-sha1:fe6e70e3, isClient=false]
[2018-06-12 19:06:17,788][INFO ][disco-event-worker-#41][GridDiscoveryManager] Topology snapshot [ver=5, servers=5, clients=0, CPUs=4, offheap=12.0GB, heap=10.0GB]
[2018-06-12 19:06:17,788][INFO ][disco-event-worker-#41][GridDiscoveryManager]   ^-- Node [id=502B5915-349F-4D69-8C7C-2C40A5E79F87, clusterState=ACTIVE]
[2018-06-12 19:06:17,788][INFO ][disco-event-worker-#41][GridDiscoveryManager] Data Regions Configured:
[2018-06-12 19:06:17,789][INFO ][disco-event-worker-#41][GridDiscoveryManager]   ^-- default [initSize=256.0 MiB, maxSize=2.3 GiB, persistenceEnabled=false]
[2018-06-12 19:06:17,791][INFO ][exchange-worker-#42][time] Started exchange init [topVer=AffinityTopologyVersion [topVer=5, minorTopVer=0], crd=false, evt=NODE_JOINED, evtNode=62123ec8-4217-4018-b38d-15f4daf0b8ba, customEvt=null, allowMerge=true]
[2018-06-12 19:06:17,792][INFO ][exchange-worker-#42][GridDhtPartitionsExchangeFuture] Finished waiting for partition release future [topVer=AffinityTopologyVersion [topVer=5, minorTopVer=0], waitTime=0ms, futInfo=NA]
[2018-06-12 19:06:20,410][INFO ][exchange-worker-#42][GridDhtPartitionsExchangeFuture] Finished waiting for partitions release latch: ClientLatch [coordinator=TcpDiscoveryNode [id=96ff27bd-315f-42e4-aee4-8ac792021c76, addrs=[127.0.0.1, 172.17.0.1, 192.168.0.101], sockAddrs=[/172.17.0.1:47500, /127.0.0.1:47500, /192.168.0.101:47500], discPort=47500, order=1, intOrder=1, lastExchangeTime=1528819573065, loc=false, ver=2.5.0#20180518-sha1:fe6e70e3, isClient=false], ackSent=true, super=CompletableLatch [id=exchange, topVer=AffinityTopologyVersion [topVer=5, minorTopVer=0]]]
[2018-06-12 19:06:20,410][INFO ][exchange-worker-#42][GridDhtPartitionsExchangeFuture] Finished waiting for partition release future [topVer=AffinityTopologyVersion [topVer=5, minorTopVer=0], waitTime=0ms, futInfo=NA]
[2018-06-12 19:06:20,423][INFO ][exchange-worker-#42][time] Finished exchange init [topVer=AffinityTopologyVersion [topVer=5, minorTopVer=0], crd=false]
[2018-06-12 19:06:20,680][INFO ][sys-#53][GridDhtPartitionsExchangeFuture] Received full message, will finish exchange [node=96ff27bd-315f-42e4-aee4-8ac792021c76, resVer=AffinityTopologyVersion [topVer=5, minorTopVer=0]]
[2018-06-12 19:06:20,802][INFO ][sys-#53][GridDhtPartitionsExchangeFuture] Finish exchange future [startVer=AffinityTopologyVersion [topVer=5, minorTopVer=0], resVer=AffinityTopologyVersion [topVer=5, minorTopVer=0], err=null]
[2018-06-12 19:06:20,851][INFO ][exchange-worker-#42][GridCachePartitionExchangeManager] Skipping rebalancing (nothing scheduled) [top=AffinityTopologyVersion [topVer=5, minorTopVer=0], evt=NODE_JOINED, node=62123ec8-4217-4018-b38d-15f4daf0b8ba]
[2018-06-12 19:06:21,320][INFO ][grid-nio-worker-tcp-comm-1-#26][TcpCommunicationSpi] Accepted incoming communication connection [locAddr=/127.0.0.1:47103, rmtAddr=/127.0.0.1:43762]
[2018-06-12 19:06:22,184][INFO ][grid-timeout-worker-#23][IgniteKernal] 
Metrics for local node (to disable set 'metricsLogFrequency' to 0)
    ^-- Node [id=502b5915, uptime=00:00:05.025]
    ^-- H/N/C [hosts=1, nodes=5, CPUs=4]
    ^-- CPU [cur=20%, avg=0%, GC=2.67%]
    ^-- PageMemory [pages=1236]
    ^-- Heap [used=123MB, free=93.72%, comm=1963MB]
    ^-- Non heap [used=50MB, free=-1%, comm=51MB]
    ^-- Outbound messages queue [size=0]
    ^-- Public thread pool [active=0, idle=6, qSize=0]
    ^-- System thread pool [active=0, idle=8, qSize=0]
[2018-06-12 19:06:23,174][INFO ][exchange-worker-#42][time] Started exchange init [topVer=AffinityTopologyVersion [topVer=5, minorTopVer=1], crd=false, evt=DISCOVERY_CUSTOM_EVT, evtNode=96ff27bd-315f-42e4-aee4-8ac792021c76, customEvt=CacheAffinityChangeMessage [id=1724fb4f361-6ba010bd-11ab-414e-a8bd-e8c2717ae5a5, topVer=AffinityTopologyVersion [topVer=5, minorTopVer=0], exchId=null, partsMsg=null, exchangeNeeded=true], allowMerge=false]
[2018-06-12 19:06:23,192][INFO ][exchange-worker-#42][GridDhtPartitionsExchangeFuture] Finished waiting for partition release future [topVer=AffinityTopologyVersion [topVer=5, minorTopVer=1], waitTime=0ms, futInfo=NA]
[2018-06-12 19:06:23,465][INFO ][exchange-worker-#42][GridDhtPartitionsExchangeFuture] Finished waiting for partitions release latch: ClientLatch [coordinator=TcpDiscoveryNode [id=96ff27bd-315f-42e4-aee4-8ac792021c76, addrs=[127.0.0.1, 172.17.0.1, 192.168.0.101], sockAddrs=[/172.17.0.1:47500, /127.0.0.1:47500, /192.168.0.101:47500], discPort=47500, order=1, intOrder=1, lastExchangeTime=1528819573065, loc=false, ver=2.5.0#20180518-sha1:fe6e70e3, isClient=false], ackSent=true, super=CompletableLatch [id=exchange, topVer=AffinityTopologyVersion [topVer=5, minorTopVer=1]]]
[2018-06-12 19:06:23,465][INFO ][exchange-worker-#42][GridDhtPartitionsExchangeFuture] Finished waiting for partition release future [topVer=AffinityTopologyVersion [topVer=5, minorTopVer=1], waitTime=0ms, futInfo=NA]
[2018-06-12 19:06:23,487][INFO ][exchange-worker-#42][time] Finished exchange init [topVer=AffinityTopologyVersion [topVer=5, minorTopVer=1], crd=false]
[2018-06-12 19:06:23,586][INFO ][sys-#45][GridDhtPartitionsExchangeFuture] Received full message, will finish exchange [node=96ff27bd-315f-42e4-aee4-8ac792021c76, resVer=AffinityTopologyVersion [topVer=5, minorTopVer=1]]
[2018-06-12 19:06:23,609][INFO ][sys-#45][GridDhtPartitionsExchangeFuture] Finish exchange future [startVer=AffinityTopologyVersion [topVer=5, minorTopVer=1], resVer=AffinityTopologyVersion [topVer=5, minorTopVer=1], err=null]
[2018-06-12 19:06:23,773][INFO ][exchange-worker-#42][GridCachePartitionExchangeManager] Skipping rebalancing (nothing scheduled) [top=AffinityTopologyVersion [topVer=5, minorTopVer=1], evt=DISCOVERY_CUSTOM_EVT, node=96ff27bd-315f-42e4-aee4-8ac792021c76]
[2018-06-12 19:06:27,193][INFO ][grid-timeout-worker-#23][IgniteKernal] 
Metrics for local node (to disable set 'metricsLogFrequency' to 0)
    ^-- Node [id=502b5915, uptime=00:00:10.028]
    ^-- H/N/C [hosts=1, nodes=5, CPUs=4]
    ^-- CPU [cur=8.43%, avg=7.11%, GC=0%]
    ^-- PageMemory [pages=1236]
    ^-- Heap [used=139MB, free=92.87%, comm=1963MB]
    ^-- Non heap [used=51MB, free=-1%, comm=52MB]
    ^-- Outbound messages queue [size=0]
    ^-- Public thread pool [active=0, idle=6, qSize=0]
    ^-- System thread pool [active=0, idle=8, qSize=0]
[2018-06-12 19:06:32,194][INFO ][grid-timeout-worker-#23][IgniteKernal] 
Metrics for local node (to disable set 'metricsLogFrequency' to 0)
    ^-- Node [id=502b5915, uptime=00:00:15.034]
    ^-- H/N/C [hosts=1, nodes=5, CPUs=4]
    ^-- CPU [cur=18.93%, avg=8.9%, GC=0%]
    ^-- PageMemory [pages=1236]
    ^-- Heap [used=175MB, free=91.08%, comm=1963MB]
    ^-- Non heap [used=53MB, free=-1%, comm=54MB]
    ^-- Outbound messages queue [size=0]
    ^-- Public thread pool [active=0, idle=6, qSize=0]
    ^-- System thread pool [active=0, idle=8, qSize=0]
[2018-06-12 19:06:37,200][INFO ][grid-timeout-worker-#23][IgniteKernal] 
Metrics for local node (to disable set 'metricsLogFrequency' to 0)
    ^-- Node [id=502b5915, uptime=00:00:20.038]
    ^-- H/N/C [hosts=1, nodes=5, CPUs=4]
    ^-- CPU [cur=18.67%, avg=11.83%, GC=0%]
    ^-- PageMemory [pages=1236]
    ^-- Heap [used=219MB, free=88.84%, comm=1963MB]
    ^-- Non heap [used=53MB, free=-1%, comm=54MB]
    ^-- Outbound messages queue [size=0]
    ^-- Public thread pool [active=0, idle=6, qSize=0]
    ^-- System thread pool [active=0, idle=8, qSize=0]
[2018-06-12 19:06:38,370][INFO ][grid-nio-worker-tcp-comm-2-#27][TcpCommunicationSpi] Established outgoing communication connection [locAddr=/127.0.0.1:47094, rmtAddr=/127.0.0.1:47102]
[2018-06-12 19:06:42,205][INFO ][grid-timeout-worker-#23][IgniteKernal] 
Metrics for local node (to disable set 'metricsLogFrequency' to 0)
    ^-- Node [id=502b5915, uptime=00:00:25.046]
    ^-- H/N/C [hosts=1, nodes=5, CPUs=4]
    ^-- CPU [cur=17.1%, avg=13.18%, GC=0%]
    ^-- PageMemory [pages=1236]
    ^-- Heap [used=349MB, free=82.18%, comm=1963MB]
    ^-- Non heap [used=56MB, free=-1%, comm=57MB]
    ^-- Outbound messages queue [size=0]
    ^-- Public thread pool [active=8, idle=0, qSize=13]
    ^-- System thread pool [active=0, idle=8, qSize=0]
[2018-06-12 19:06:47,213][INFO ][grid-timeout-worker-#23][IgniteKernal] 
Metrics for local node (to disable set 'metricsLogFrequency' to 0)
    ^-- Node [id=502b5915, uptime=00:00:30.052]
    ^-- H/N/C [hosts=1, nodes=5, CPUs=4]
    ^-- CPU [cur=19%, avg=14.42%, GC=0%]
    ^-- PageMemory [pages=1236]
    ^-- Heap [used=443MB, free=77.39%, comm=1963MB]
    ^-- Non heap [used=58MB, free=-1%, comm=58MB]
    ^-- Outbound messages queue [size=0]
    ^-- Public thread pool [active=8, idle=0, qSize=10]
    ^-- System thread pool [active=0, idle=8, qSize=0]
[2018-06-12 19:06:52,212][INFO ][grid-timeout-worker-#23][IgniteKernal] 
Metrics for local node (to disable set 'metricsLogFrequency' to 0)
    ^-- Node [id=502b5915, uptime=00:00:35.053]
    ^-- H/N/C [hosts=1, nodes=5, CPUs=4]
    ^-- CPU [cur=19.67%, avg=15.08%, GC=0.43%]
    ^-- PageMemory [pages=1236]
    ^-- Heap [used=130MB, free=93.35%, comm=1963MB]
    ^-- Non heap [used=58MB, free=-1%, comm=59MB]
    ^-- Outbound messages queue [size=0]
    ^-- Public thread pool [active=8, idle=0, qSize=13]
    ^-- System thread pool [active=0, idle=8, qSize=0]
[2018-06-12 19:06:57,219][INFO ][grid-timeout-worker-#23][IgniteKernal] 
Metrics for local node (to disable set 'metricsLogFrequency' to 0)
    ^-- Node [id=502b5915, uptime=00:00:40.057]
    ^-- H/N/C [hosts=1, nodes=5, CPUs=4]
    ^-- CPU [cur=20.77%, avg=15.77%, GC=0%]
    ^-- PageMemory [pages=1236]
    ^-- Heap [used=325MB, free=83.44%, comm=1963MB]
    ^-- Non heap [used=59MB, free=-1%, comm=60MB]
    ^-- Outbound messages queue [size=0]
    ^-- Public thread pool [active=8, idle=0, qSize=13]
    ^-- System thread pool [active=0, idle=8, qSize=0]
[2018-06-12 19:07:02,225][INFO ][grid-timeout-worker-#23][IgniteKernal] 
Metrics for local node (to disable set 'metricsLogFrequency' to 0)
    ^-- Node [id=502b5915, uptime=00:00:45.066]
    ^-- H/N/C [hosts=1, nodes=5, CPUs=4]
    ^-- CPU [cur=21.93%, avg=16.57%, GC=0%]
    ^-- PageMemory [pages=1236]
    ^-- Heap [used=171MB, free=91.27%, comm=1963MB]
    ^-- Non heap [used=60MB, free=-1%, comm=61MB]
    ^-- Outbound messages queue [size=0]
    ^-- Public thread pool [active=8, idle=0, qSize=6]
    ^-- System thread pool [active=0, idle=8, qSize=0]
[2018-06-12 19:07:07,233][INFO ][grid-timeout-worker-#23][IgniteKernal] 
Metrics for local node (to disable set 'metricsLogFrequency' to 0)
    ^-- Node [id=502b5915, uptime=00:00:50.068]
    ^-- H/N/C [hosts=1, nodes=5, CPUs=4]
    ^-- CPU [cur=18.5%, avg=17.29%, GC=0%]
    ^-- PageMemory [pages=1236]
    ^-- Heap [used=116MB, free=94.06%, comm=1963MB]
    ^-- Non heap [used=60MB, free=-1%, comm=61MB]
    ^-- Outbound messages queue [size=2]
    ^-- Public thread pool [active=8, idle=0, qSize=11]
    ^-- System thread pool [active=0, idle=8, qSize=0]
[2018-06-12 19:07:12,231][INFO ][grid-timeout-worker-#23][IgniteKernal] 
Metrics for local node (to disable set 'metricsLogFrequency' to 0)
    ^-- Node [id=502b5915, uptime=00:00:55.068]
    ^-- H/N/C [hosts=1, nodes=5, CPUs=4]
    ^-- CPU [cur=17.83%, avg=17.39%, GC=0.07%]
    ^-- PageMemory [pages=1236]
    ^-- Heap [used=120MB, free=94.03%, comm=2025MB]
    ^-- Non heap [used=60MB, free=-1%, comm=61MB]
    ^-- Outbound messages queue [size=0]
    ^-- Public thread pool [active=8, idle=0, qSize=10]
    ^-- System thread pool [active=0, idle=8, qSize=0]
[2018-06-12 19:07:17,234][INFO ][grid-timeout-worker-#23][IgniteKernal] 
Metrics for local node (to disable set 'metricsLogFrequency' to 0)
    ^-- Node [id=502b5915, uptime=00:01:00.072]
    ^-- H/N/C [hosts=1, nodes=5, CPUs=4]
    ^-- CPU [cur=18.5%, avg=17.35%, GC=0%]
    ^-- PageMemory [pages=1236]
    ^-- Heap [used=58MB, free=97.12%, comm=2024MB]
    ^-- Non heap [used=60MB, free=-1%, comm=61MB]
    ^-- Outbound messages queue [size=0]
    ^-- Public thread pool [active=8, idle=0, qSize=7]
    ^-- System thread pool [active=0, idle=8, qSize=0]
[2018-06-12 19:07:22,238][INFO ][grid-timeout-worker-#23][IgniteKernal] 
Metrics for local node (to disable set 'metricsLogFrequency' to 0)
    ^-- Node [id=502b5915, uptime=00:01:05.080]
    ^-- H/N/C [hosts=1, nodes=5, CPUs=4]
    ^-- CPU [cur=19.77%, avg=17.52%, GC=0%]
    ^-- PageMemory [pages=1236]
    ^-- Heap [used=549MB, free=72.84%, comm=2024MB]
    ^-- Non heap [used=60MB, free=-1%, comm=61MB]
    ^-- Outbound messages queue [size=0]
    ^-- Public thread pool [active=8, idle=0, qSize=5]
    ^-- System thread pool [active=0, idle=8, qSize=0]
[2018-06-12 19:07:27,244][INFO ][grid-timeout-worker-#23][IgniteKernal] 
Metrics for local node (to disable set 'metricsLogFrequency' to 0)
    ^-- Node [id=502b5915, uptime=00:01:10.083]
    ^-- H/N/C [hosts=1, nodes=5, CPUs=4]
    ^-- CPU [cur=18.73%, avg=17.64%, GC=0.1%]
    ^-- PageMemory [pages=1236]
    ^-- Heap [used=437MB, free=78.39%, comm=2026MB]
    ^-- Non heap [used=60MB, free=-1%, comm=61MB]
    ^-- Outbound messages queue [size=0]
    ^-- Public thread pool [active=8, idle=0, qSize=6]
    ^-- System thread pool [active=0, idle=8, qSize=0]
[2018-06-12 19:07:32,250][INFO ][grid-timeout-worker-#23][IgniteKernal] 
Metrics for local node (to disable set 'metricsLogFrequency' to 0)
    ^-- Node [id=502b5915, uptime=00:01:15.092]
    ^-- H/N/C [hosts=1, nodes=5, CPUs=4]
    ^-- CPU [cur=16.27%, avg=17.48%, GC=0.2%]
    ^-- PageMemory [pages=1236]
    ^-- Heap [used=374MB, free=81.49%, comm=2026MB]
    ^-- Non heap [used=60MB, free=-1%, comm=61MB]
    ^-- Outbound messages queue [size=0]
    ^-- Public thread pool [active=8, idle=0, qSize=2]
    ^-- System thread pool [active=0, idle=8, qSize=0]
[2018-06-12 19:07:37,255][INFO ][grid-timeout-worker-#23][IgniteKernal] 
Metrics for local node (to disable set 'metricsLogFrequency' to 0)
    ^-- Node [id=502b5915, uptime=00:01:20.094]
    ^-- H/N/C [hosts=1, nodes=5, CPUs=4]
    ^-- CPU [cur=17.23%, avg=17.43%, GC=0.1%]
    ^-- PageMemory [pages=1236]
    ^-- Heap [used=331MB, free=83.63%, comm=2028MB]
    ^-- Non heap [used=60MB, free=-1%, comm=61MB]
    ^-- Outbound messages queue [size=0]
    ^-- Public thread pool [active=8, idle=0, qSize=2]
    ^-- System thread pool [active=0, idle=6, qSize=0]
[2018-06-12 19:07:42,262][INFO ][grid-timeout-worker-#23][IgniteKernal] 
Metrics for local node (to disable set 'metricsLogFrequency' to 0)
    ^-- Node [id=502b5915, uptime=00:01:25.103]
    ^-- H/N/C [hosts=1, nodes=5, CPUs=4]
    ^-- CPU [cur=17.93%, avg=17.45%, GC=0%]
    ^-- PageMemory [pages=1236]
    ^-- Heap [used=311MB, free=84.65%, comm=2027MB]
    ^-- Non heap [used=60MB, free=-1%, comm=61MB]
    ^-- Outbound messages queue [size=0]
    ^-- Public thread pool [active=8, idle=0, qSize=4]
    ^-- System thread pool [active=0, idle=6, qSize=0]
[2018-06-12 19:07:47,270][INFO ][grid-timeout-worker-#23][IgniteKernal] 
Metrics for local node (to disable set 'metricsLogFrequency' to 0)
    ^-- Node [id=502b5915, uptime=00:01:30.111]
    ^-- H/N/C [hosts=1, nodes=5, CPUs=4]
    ^-- CPU [cur=17.9%, avg=17.47%, GC=0.07%]
    ^-- PageMemory [pages=1236]
    ^-- Heap [used=270MB, free=86.66%, comm=2029MB]
    ^-- Non heap [used=60MB, free=-1%, comm=62MB]
    ^-- Outbound messages queue [size=0]
    ^-- Public thread pool [active=8, idle=0, qSize=4]
    ^-- System thread pool [active=0, idle=6, qSize=0]
[2018-06-12 19:07:52,270][INFO ][grid-timeout-worker-#23][IgniteKernal] 
Metrics for local node (to disable set 'metricsLogFrequency' to 0)
    ^-- Node [id=502b5915, uptime=00:01:35.111]
    ^-- H/N/C [hosts=1, nodes=5, CPUs=4]
    ^-- CPU [cur=17.9%, avg=17.51%, GC=0.1%]
    ^-- PageMemory [pages=1236]
    ^-- Heap [used=252MB, free=87.55%, comm=2028MB]
    ^-- Non heap [used=60MB, free=-1%, comm=62MB]
    ^-- Outbound messages queue [size=0]
    ^-- Public thread pool [active=8, idle=0, qSize=0]
    ^-- System thread pool [active=0, idle=6, qSize=0]
[2018-06-12 19:07:57,276][INFO ][grid-timeout-worker-#23][IgniteKernal] 
Metrics for local node (to disable set 'metricsLogFrequency' to 0)
    ^-- Node [id=502b5915, uptime=00:01:40.118]
    ^-- H/N/C [hosts=1, nodes=5, CPUs=4]
    ^-- CPU [cur=17.93%, avg=17.53%, GC=0%]
    ^-- PageMemory [pages=1236]
    ^-- Heap [used=221MB, free=89.1%, comm=2031MB]
    ^-- Non heap [used=60MB, free=-1%, comm=62MB]
    ^-- Outbound messages queue [size=0]
    ^-- Public thread pool [active=7, idle=1, qSize=0]
    ^-- System thread pool [active=0, idle=6, qSize=0]
[2018-06-12 19:08:02,285][INFO ][grid-timeout-worker-#23][IgniteKernal] 
Metrics for local node (to disable set 'metricsLogFrequency' to 0)
    ^-- Node [id=502b5915, uptime=00:01:45.127]
    ^-- H/N/C [hosts=1, nodes=5, CPUs=4]
    ^-- CPU [cur=17.77%, avg=17.54%, GC=0%]
    ^-- PageMemory [pages=1236]
    ^-- Heap [used=196MB, free=90.3%, comm=2030MB]
    ^-- Non heap [used=60MB, free=-1%, comm=62MB]
    ^-- Outbound messages queue [size=0]
    ^-- Public thread pool [active=5, idle=3, qSize=0]
    ^-- System thread pool [active=0, idle=6, qSize=0]
[2018-06-12 19:08:05,307][INFO ][disco-event-worker-#41][GridDiscoveryManager] Node left topology: TcpDiscoveryNode [id=62123ec8-4217-4018-b38d-15f4daf0b8ba, addrs=[127.0.0.1, 172.17.0.1, 192.168.0.101], sockAddrs=[/172.17.0.1:47504, /127.0.0.1:47504, /192.168.0.101:47504], discPort=47504, order=5, intOrder=5, lastExchangeTime=1528819577372, loc=false, ver=2.5.0#20180518-sha1:fe6e70e3, isClient=false]
[2018-06-12 19:08:05,308][INFO ][disco-event-worker-#41][GridDiscoveryManager] Topology snapshot [ver=6, servers=4, clients=0, CPUs=4, offheap=9.3GB, heap=8.0GB]
[2018-06-12 19:08:05,309][INFO ][disco-event-worker-#41][GridDiscoveryManager]   ^-- Node [id=502B5915-349F-4D69-8C7C-2C40A5E79F87, clusterState=ACTIVE]
[2018-06-12 19:08:05,309][INFO ][disco-event-worker-#41][GridDiscoveryManager] Data Regions Configured:
[2018-06-12 19:08:05,309][INFO ][disco-event-worker-#41][GridDiscoveryManager]   ^-- default [initSize=256.0 MiB, maxSize=2.3 GiB, persistenceEnabled=false]
[2018-06-12 19:08:05,405][INFO ][exchange-worker-#42][time] Started exchange init [topVer=AffinityTopologyVersion [topVer=6, minorTopVer=0], crd=false, evt=NODE_LEFT, evtNode=62123ec8-4217-4018-b38d-15f4daf0b8ba, customEvt=null, allowMerge=true]
[2018-06-12 19:08:05,413][INFO ][exchange-worker-#42][GridDhtPartitionsExchangeFuture] Finished waiting for partition release future [topVer=AffinityTopologyVersion [topVer=6, minorTopVer=0], waitTime=0ms, futInfo=NA]
[2018-06-12 19:08:05,433][INFO ][exchange-worker-#42][GridDhtPartitionsExchangeFuture] Finished waiting for partitions release latch: ClientLatch [coordinator=TcpDiscoveryNode [id=96ff27bd-315f-42e4-aee4-8ac792021c76, addrs=[127.0.0.1, 172.17.0.1, 192.168.0.101], sockAddrs=[/172.17.0.1:47500, /127.0.0.1:47500, /192.168.0.101:47500], discPort=47500, order=1, intOrder=1, lastExchangeTime=1528819573065, loc=false, ver=2.5.0#20180518-sha1:fe6e70e3, isClient=false], ackSent=true, super=CompletableLatch [id=exchange, topVer=AffinityTopologyVersion [topVer=6, minorTopVer=0]]]
[2018-06-12 19:08:05,433][INFO ][exchange-worker-#42][GridDhtPartitionsExchangeFuture] Finished waiting for partition release future [topVer=AffinityTopologyVersion [topVer=6, minorTopVer=0], waitTime=0ms, futInfo=NA]
[2018-06-12 19:08:05,467][INFO ][exchange-worker-#42][time] Finished exchange init [topVer=AffinityTopologyVersion [topVer=6, minorTopVer=0], crd=false]
[2018-06-12 19:08:05,538][INFO ][sys-#52][GridDhtPartitionsExchangeFuture] Received full message, will finish exchange [node=96ff27bd-315f-42e4-aee4-8ac792021c76, resVer=AffinityTopologyVersion [topVer=6, minorTopVer=0]]
[2018-06-12 19:08:05,620][INFO ][sys-#52][GridDhtPartitionsExchangeFuture] Finish exchange future [startVer=AffinityTopologyVersion [topVer=6, minorTopVer=0], resVer=AffinityTopologyVersion [topVer=6, minorTopVer=0], err=null]
[2018-06-12 19:08:05,673][INFO ][exchange-worker-#42][GridCachePartitionExchangeManager] Rebalancing scheduled [order=[PersonsCache]]
[2018-06-12 19:08:05,673][INFO ][exchange-worker-#42][GridCachePartitionExchangeManager] Rebalancing started [top=AffinityTopologyVersion [topVer=6, minorTopVer=0], evt=NODE_LEFT, node=62123ec8-4217-4018-b38d-15f4daf0b8ba]
[2018-06-12 19:08:05,673][INFO ][exchange-worker-#42][GridDhtPartitionDemander] Starting rebalancing [grp=PersonsCache, mode=ASYNC, fromNode=0c6b315b-65cb-4d56-a2f4-4716d1030220, partitionsCount=36, topology=AffinityTopologyVersion [topVer=6, minorTopVer=0], rebalanceId=24]
[2018-06-12 19:08:05,675][INFO ][exchange-worker-#42][GridDhtPartitionDemander] Starting rebalancing [grp=PersonsCache, mode=ASYNC, fromNode=7ebff1e5-1997-4fcf-a971-5a5eb181e160, partitionsCount=32, topology=AffinityTopologyVersion [topVer=6, minorTopVer=0], rebalanceId=24]
[2018-06-12 19:08:05,680][INFO ][exchange-worker-#42][GridDhtPartitionDemander] Starting rebalancing [grp=PersonsCache, mode=ASYNC, fromNode=96ff27bd-315f-42e4-aee4-8ac792021c76, partitionsCount=31, topology=AffinityTopologyVersion [topVer=6, minorTopVer=0], rebalanceId=24]
[2018-06-12 19:08:05,681][INFO ][sys-#62][GridDhtPartitionDemander] Completed rebalancing [fromNode=0c6b315b-65cb-4d56-a2f4-4716d1030220, cacheOrGroup=PersonsCache, topology=AffinityTopologyVersion [topVer=6, minorTopVer=0], time=0 ms]
[2018-06-12 19:08:05,682][INFO ][grid-nio-worker-tcp-comm-3-#28][TcpCommunicationSpi] Accepted incoming communication connection [locAddr=/127.0.0.1:47103, rmtAddr=/127.0.0.1:43844]
[2018-06-12 19:08:05,685][INFO ][sys-#58][GridDhtPartitionDemander] Completed rebalancing [fromNode=96ff27bd-315f-42e4-aee4-8ac792021c76, cacheOrGroup=PersonsCache, topology=AffinityTopologyVersion [topVer=6, minorTopVer=0], time=11 ms]
[2018-06-12 19:08:05,703][INFO ][grid-nio-worker-tcp-comm-3-#28][TcpCommunicationSpi] Received incoming connection from remote node while connecting to this node, rejecting [locNode=502b5915-349f-4d69-8c7c-2c40a5e79f87, locNodeOrder=3, rmtNode=7ebff1e5-1997-4fcf-a971-5a5eb181e160, rmtNodeOrder=4]
[2018-06-12 19:08:05,709][INFO ][grid-nio-worker-tcp-comm-0-#25][TcpCommunicationSpi] Established outgoing communication connection [locAddr=/127.0.0.1:49226, rmtAddr=/127.0.0.1:47101]
[2018-06-12 19:08:05,713][INFO ][sys-#52][GridDhtPartitionDemander] Completed (final) rebalancing [fromNode=7ebff1e5-1997-4fcf-a971-5a5eb181e160, cacheOrGroup=PersonsCache, topology=AffinityTopologyVersion [topVer=6, minorTopVer=0], time=36 ms]
[2018-06-12 19:08:05,714][INFO ][sys-#52][GridDhtPartitionDemander] Completed rebalance future: RebalanceFuture [grp=CacheGroupContext [grp=PersonsCache], topVer=AffinityTopologyVersion [topVer=6, minorTopVer=0], rebalanceId=24]
[2018-06-12 19:08:07,293][INFO ][grid-timeout-worker-#23][IgniteKernal] 
Metrics for local node (to disable set 'metricsLogFrequency' to 0)
    ^-- Node [id=502b5915, uptime=00:01:50.133]
    ^-- H/N/C [hosts=1, nodes=4, CPUs=4]
    ^-- CPU [cur=25%, avg=17.56%, GC=0%]
    ^-- PageMemory [pages=1237]
    ^-- Heap [used=558MB, free=72.48%, comm=2030MB]
    ^-- Non heap [used=61MB, free=-1%, comm=63MB]
    ^-- Outbound messages queue [size=0]
    ^-- Public thread pool [active=0, idle=8, qSize=0]
    ^-- System thread pool [active=0, idle=8, qSize=0]
[2018-06-12 19:08:10,404][INFO ][disco-event-worker-#41][GridDiscoveryManager] Added new node to topology: TcpDiscoveryNode [id=55d3ac46-b6da-44e9-bf37-0320a7966a58, addrs=[127.0.0.1, 172.17.0.1, 192.168.0.101], sockAddrs=[/172.17.0.1:47504, /127.0.0.1:47504, /192.168.0.101:47504], discPort=47504, order=7, intOrder=6, lastExchangeTime=1528819690240, loc=false, ver=2.5.0#20180518-sha1:fe6e70e3, isClient=false]
[2018-06-12 19:08:10,405][INFO ][disco-event-worker-#41][GridDiscoveryManager] Topology snapshot [ver=7, servers=5, clients=0, CPUs=4, offheap=12.0GB, heap=10.0GB]
[2018-06-12 19:08:10,405][INFO ][disco-event-worker-#41][GridDiscoveryManager]   ^-- Node [id=502B5915-349F-4D69-8C7C-2C40A5E79F87, clusterState=ACTIVE]
[2018-06-12 19:08:10,405][INFO ][disco-event-worker-#41][GridDiscoveryManager] Data Regions Configured:
[2018-06-12 19:08:10,406][INFO ][disco-event-worker-#41][GridDiscoveryManager]   ^-- default [initSize=256.0 MiB, maxSize=2.3 GiB, persistenceEnabled=false]
[2018-06-12 19:08:10,406][INFO ][exchange-worker-#42][time] Started exchange init [topVer=AffinityTopologyVersion [topVer=7, minorTopVer=0], crd=false, evt=NODE_JOINED, evtNode=55d3ac46-b6da-44e9-bf37-0320a7966a58, customEvt=null, allowMerge=true]
[2018-06-12 19:08:10,412][INFO ][exchange-worker-#42][GridDhtPartitionsExchangeFuture] Finished waiting for partition release future [topVer=AffinityTopologyVersion [topVer=7, minorTopVer=0], waitTime=0ms, futInfo=NA]
[2018-06-12 19:08:11,066][INFO ][exchange-worker-#42][GridDhtPartitionsExchangeFuture] Finished waiting for partitions release latch: ClientLatch [coordinator=TcpDiscoveryNode [id=96ff27bd-315f-42e4-aee4-8ac792021c76, addrs=[127.0.0.1, 172.17.0.1, 192.168.0.101], sockAddrs=[/172.17.0.1:47500, /127.0.0.1:47500, /192.168.0.101:47500], discPort=47500, order=1, intOrder=1, lastExchangeTime=1528819573065, loc=false, ver=2.5.0#20180518-sha1:fe6e70e3, isClient=false], ackSent=true, super=CompletableLatch [id=exchange, topVer=AffinityTopologyVersion [topVer=7, minorTopVer=0]]]
[2018-06-12 19:08:11,066][INFO ][exchange-worker-#42][GridDhtPartitionsExchangeFuture] Finished waiting for partition release future [topVer=AffinityTopologyVersion [topVer=7, minorTopVer=0], waitTime=0ms, futInfo=NA]
[2018-06-12 19:08:11,078][INFO ][exchange-worker-#42][time] Finished exchange init [topVer=AffinityTopologyVersion [topVer=7, minorTopVer=0], crd=false]
[2018-06-12 19:08:11,129][INFO ][sys-#50][GridDhtPartitionsExchangeFuture] Received full message, will finish exchange [node=96ff27bd-315f-42e4-aee4-8ac792021c76, resVer=AffinityTopologyVersion [topVer=7, minorTopVer=0]]
[2018-06-12 19:08:11,141][INFO ][sys-#50][GridDhtPartitionsExchangeFuture] Finish exchange future [startVer=AffinityTopologyVersion [topVer=7, minorTopVer=0], resVer=AffinityTopologyVersion [topVer=7, minorTopVer=0], err=null]
[2018-06-12 19:08:11,148][INFO ][exchange-worker-#42][GridCachePartitionExchangeManager] Skipping rebalancing (nothing scheduled) [top=AffinityTopologyVersion [topVer=7, minorTopVer=0], evt=NODE_JOINED, node=55d3ac46-b6da-44e9-bf37-0320a7966a58]
[2018-06-12 19:08:11,709][INFO ][grid-nio-worker-tcp-comm-1-#26][TcpCommunicationSpi] Accepted incoming communication connection [locAddr=/127.0.0.1:47103, rmtAddr=/127.0.0.1:43858]
[2018-06-12 19:08:12,299][INFO ][grid-timeout-worker-#23][IgniteKernal] 
Metrics for local node (to disable set 'metricsLogFrequency' to 0)
    ^-- Node [id=502b5915, uptime=00:01:55.133]
    ^-- H/N/C [hosts=1, nodes=5, CPUs=4]
    ^-- CPU [cur=6.23%, avg=17.49%, GC=0%]
    ^-- PageMemory [pages=1237]
    ^-- Heap [used=568MB, free=71.99%, comm=2030MB]
    ^-- Non heap [used=61MB, free=-1%, comm=63MB]
    ^-- Outbound messages queue [size=0]
    ^-- Public thread pool [active=0, idle=8, qSize=0]
    ^-- System thread pool [active=0, idle=8, qSize=0]
[2018-06-12 19:08:13,439][INFO ][exchange-worker-#42][time] Started exchange init [topVer=AffinityTopologyVersion [topVer=7, minorTopVer=1], crd=false, evt=DISCOVERY_CUSTOM_EVT, evtNode=96ff27bd-315f-42e4-aee4-8ac792021c76, customEvt=CacheAffinityChangeMessage [id=b5844c4f361-6ba010bd-11ab-414e-a8bd-e8c2717ae5a5, topVer=AffinityTopologyVersion [topVer=7, minorTopVer=0], exchId=null, partsMsg=null, exchangeNeeded=true], allowMerge=false]
[2018-06-12 19:08:13,443][INFO ][exchange-worker-#42][GridDhtPartitionsExchangeFuture] Finished waiting for partition release future [topVer=AffinityTopologyVersion [topVer=7, minorTopVer=1], waitTime=0ms, futInfo=NA]
[2018-06-12 19:08:13,673][INFO ][exchange-worker-#42][GridDhtPartitionsExchangeFuture] Finished waiting for partitions release latch: ClientLatch [coordinator=TcpDiscoveryNode [id=96ff27bd-315f-42e4-aee4-8ac792021c76, addrs=[127.0.0.1, 172.17.0.1, 192.168.0.101], sockAddrs=[/172.17.0.1:47500, /127.0.0.1:47500, /192.168.0.101:47500], discPort=47500, order=1, intOrder=1, lastExchangeTime=1528819573065, loc=false, ver=2.5.0#20180518-sha1:fe6e70e3, isClient=false], ackSent=true, super=CompletableLatch [id=exchange, topVer=AffinityTopologyVersion [topVer=7, minorTopVer=1]]]
[2018-06-12 19:08:13,673][INFO ][exchange-worker-#42][GridDhtPartitionsExchangeFuture] Finished waiting for partition release future [topVer=AffinityTopologyVersion [topVer=7, minorTopVer=1], waitTime=0ms, futInfo=NA]
[2018-06-12 19:08:13,679][INFO ][exchange-worker-#42][time] Finished exchange init [topVer=AffinityTopologyVersion [topVer=7, minorTopVer=1], crd=false]
[2018-06-12 19:08:13,803][INFO ][sys-#44][GridDhtPartitionsExchangeFuture] Received full message, will finish exchange [node=96ff27bd-315f-42e4-aee4-8ac792021c76, resVer=AffinityTopologyVersion [topVer=7, minorTopVer=1]]
[2018-06-12 19:08:13,820][INFO ][sys-#44][GridDhtPartitionsExchangeFuture] Finish exchange future [startVer=AffinityTopologyVersion [topVer=7, minorTopVer=1], resVer=AffinityTopologyVersion [topVer=7, minorTopVer=1], err=null]
[2018-06-12 19:08:13,876][INFO ][exchange-worker-#42][GridCachePartitionExchangeManager] Skipping rebalancing (nothing scheduled) [top=AffinityTopologyVersion [topVer=7, minorTopVer=1], evt=DISCOVERY_CUSTOM_EVT, node=96ff27bd-315f-42e4-aee4-8ac792021c76]
[2018-06-12 19:08:17,300][INFO ][grid-timeout-worker-#23][IgniteKernal] 
Metrics for local node (to disable set 'metricsLogFrequency' to 0)
    ^-- Node [id=502b5915, uptime=00:02:00.139]
    ^-- H/N/C [hosts=1, nodes=5, CPUs=4]
    ^-- CPU [cur=11.43%, avg=17.12%, GC=0%]
    ^-- PageMemory [pages=1237]
    ^-- Heap [used=600MB, free=70.41%, comm=2030MB]
    ^-- Non heap [used=60MB, free=-1%, comm=63MB]
    ^-- Outbound messages queue [size=0]
    ^-- Public thread pool [active=0, idle=8, qSize=0]
    ^-- System thread pool [active=0, idle=8, qSize=0]
[2018-06-12 19:08:22,307][INFO ][grid-timeout-worker-#23][IgniteKernal] 
Metrics for local node (to disable set 'metricsLogFrequency' to 0)
    ^-- Node [id=502b5915, uptime=00:02:05.142]
    ^-- H/N/C [hosts=1, nodes=5, CPUs=4]
    ^-- CPU [cur=0.23%, avg=16.94%, GC=0%]
    ^-- PageMemory [pages=1237]
    ^-- Heap [used=601MB, free=70.39%, comm=2030MB]
    ^-- Non heap [used=60MB, free=-1%, comm=63MB]
    ^-- Outbound messages queue [size=0]
    ^-- Public thread pool [active=0, idle=8, qSize=0]
    ^-- System thread pool [active=0, idle=8, qSize=0]
[2018-06-12 19:08:27,318][INFO ][grid-timeout-worker-#23][IgniteKernal] 
Metrics for local node (to disable set 'metricsLogFrequency' to 0)
    ^-- Node [id=502b5915, uptime=00:02:10.157]
    ^-- H/N/C [hosts=1, nodes=5, CPUs=4]
    ^-- CPU [cur=0.67%, avg=16.35%, GC=0%]
    ^-- PageMemory [pages=1237]
    ^-- Heap [used=601MB, free=70.36%, comm=2030MB]
    ^-- Non heap [used=60MB, free=-1%, comm=63MB]
    ^-- Outbound messages queue [size=0]
    ^-- Public thread pool [active=0, idle=8, qSize=0]
    ^-- System thread pool [active=0, idle=8, qSize=0]
[2018-06-12 19:08:32,325][INFO ][grid-timeout-worker-#23][IgniteKernal] 
Metrics for local node (to disable set 'metricsLogFrequency' to 0)
    ^-- Node [id=502b5915, uptime=00:02:15.163]
    ^-- H/N/C [hosts=1, nodes=5, CPUs=4]
    ^-- CPU [cur=0.33%, avg=15.81%, GC=0%]
    ^-- PageMemory [pages=1237]
    ^-- Heap [used=602MB, free=70.34%, comm=2030MB]
    ^-- Non heap [used=60MB, free=-1%, comm=63MB]
    ^-- Outbound messages queue [size=0]
    ^-- Public thread pool [active=0, idle=8, qSize=0]
    ^-- System thread pool [active=0, idle=8, qSize=0]
[2018-06-12 19:08:37,326][INFO ][grid-timeout-worker-#23][IgniteKernal] 
Metrics for local node (to disable set 'metricsLogFrequency' to 0)
    ^-- Node [id=502b5915, uptime=00:02:20.165]
    ^-- H/N/C [hosts=1, nodes=5, CPUs=4]
    ^-- CPU [cur=0.67%, avg=15.3%, GC=0%]
    ^-- PageMemory [pages=1237]
    ^-- Heap [used=602MB, free=70.31%, comm=2030MB]
    ^-- Non heap [used=60MB, free=-1%, comm=63MB]
    ^-- Outbound messages queue [size=0]
    ^-- Public thread pool [active=0, idle=8, qSize=0]
    ^-- System thread pool [active=0, idle=8, qSize=0]
[2018-06-12 19:08:42,334][INFO ][grid-timeout-worker-#23][IgniteKernal] 
Metrics for local node (to disable set 'metricsLogFrequency' to 0)
    ^-- Node [id=502b5915, uptime=00:02:25.173]
    ^-- H/N/C [hosts=1, nodes=5, CPUs=4]
    ^-- CPU [cur=0.4%, avg=14.83%, GC=0%]
    ^-- PageMemory [pages=1237]
    ^-- Heap [used=603MB, free=70.29%, comm=2030MB]
    ^-- Non heap [used=61MB, free=-1%, comm=63MB]
    ^-- Outbound messages queue [size=0]
    ^-- Public thread pool [active=0, idle=8, qSize=0]
    ^-- System thread pool [active=0, idle=8, qSize=0]
[2018-06-12 19:08:47,336][INFO ][grid-timeout-worker-#23][IgniteKernal] 
Metrics for local node (to disable set 'metricsLogFrequency' to 0)
    ^-- Node [id=502b5915, uptime=00:02:30.173]
    ^-- H/N/C [hosts=1, nodes=5, CPUs=4]
    ^-- CPU [cur=0.27%, avg=14.61%, GC=0%]
    ^-- PageMemory [pages=1237]
    ^-- Heap [used=603MB, free=70.27%, comm=2030MB]
    ^-- Non heap [used=61MB, free=-1%, comm=63MB]
    ^-- Outbound messages queue [size=0]
    ^-- Public thread pool [active=0, idle=8, qSize=0]
    ^-- System thread pool [active=0, idle=8, qSize=0]
[2018-06-12 19:08:52,339][INFO ][grid-timeout-worker-#23][IgniteKernal] 
Metrics for local node (to disable set 'metricsLogFrequency' to 0)
    ^-- Node [id=502b5915, uptime=00:02:35.181]
    ^-- H/N/C [hosts=1, nodes=5, CPUs=4]
    ^-- CPU [cur=0.27%, avg=14.18%, GC=0%]
    ^-- PageMemory [pages=1237]
    ^-- Heap [used=604MB, free=70.25%, comm=2030MB]
    ^-- Non heap [used=61MB, free=-1%, comm=63MB]
    ^-- Outbound messages queue [size=0]
    ^-- Public thread pool [active=0, idle=8, qSize=0]
    ^-- System thread pool [active=0, idle=8, qSize=0]
[2018-06-12 19:08:57,348][INFO ][grid-timeout-worker-#23][IgniteKernal] 
Metrics for local node (to disable set 'metricsLogFrequency' to 0)
    ^-- Node [id=502b5915, uptime=00:02:40.183]
    ^-- H/N/C [hosts=1, nodes=5, CPUs=4]
    ^-- CPU [cur=0.33%, avg=13.77%, GC=0%]
    ^-- PageMemory [pages=1237]
    ^-- Heap [used=604MB, free=70.22%, comm=2030MB]
    ^-- Non heap [used=61MB, free=-1%, comm=63MB]
    ^-- Outbound messages queue [size=0]
    ^-- Public thread pool [active=0, idle=8, qSize=0]
    ^-- System thread pool [active=0, idle=8, qSize=0]
[2018-06-12 19:09:02,347][INFO ][grid-timeout-worker-#23][IgniteKernal] 
Metrics for local node (to disable set 'metricsLogFrequency' to 0)
    ^-- Node [id=502b5915, uptime=00:02:45.189]
    ^-- H/N/C [hosts=1, nodes=5, CPUs=4]
    ^-- CPU [cur=0.33%, avg=13.39%, GC=0%]
    ^-- PageMemory [pages=1237]
    ^-- Heap [used=604MB, free=70.2%, comm=2030MB]
    ^-- Non heap [used=61MB, free=-1%, comm=63MB]
    ^-- Outbound messages queue [size=0]
    ^-- Public thread pool [active=0, idle=8, qSize=0]
    ^-- System thread pool [active=0, idle=8, qSize=0]
[2018-06-12 19:09:07,351][INFO ][grid-timeout-worker-#23][IgniteKernal] 
Metrics for local node (to disable set 'metricsLogFrequency' to 0)
    ^-- Node [id=502b5915, uptime=00:02:50.193]
    ^-- H/N/C [hosts=1, nodes=5, CPUs=4]
    ^-- CPU [cur=0.67%, avg=13.03%, GC=0%]
    ^-- PageMemory [pages=1237]
    ^-- Heap [used=605MB, free=70.17%, comm=2030MB]
    ^-- Non heap [used=61MB, free=-1%, comm=63MB]
    ^-- Outbound messages queue [size=0]
    ^-- Public thread pool [active=0, idle=0, qSize=0]
    ^-- System thread pool [active=0, idle=8, qSize=0]
[2018-06-12 19:09:12,351][INFO ][grid-timeout-worker-#23][IgniteKernal] 
Metrics for local node (to disable set 'metricsLogFrequency' to 0)
    ^-- Node [id=502b5915, uptime=00:02:55.193]
    ^-- H/N/C [hosts=1, nodes=5, CPUs=4]
    ^-- CPU [cur=0.33%, avg=12.69%, GC=0%]
    ^-- PageMemory [pages=1237]
    ^-- Heap [used=605MB, free=70.15%, comm=2030MB]
    ^-- Non heap [used=61MB, free=-1%, comm=63MB]
    ^-- Outbound messages queue [size=0]
    ^-- Public thread pool [active=0, idle=0, qSize=0]
    ^-- System thread pool [active=0, idle=8, qSize=0]
[2018-06-12 19:09:17,361][INFO ][grid-timeout-worker-#23][IgniteKernal] 
Metrics for local node (to disable set 'metricsLogFrequency' to 0)
    ^-- Node [id=502b5915, uptime=00:03:00.201]
    ^-- H/N/C [hosts=1, nodes=5, CPUs=4]
    ^-- CPU [cur=0.23%, avg=12.21%, GC=0%]
    ^-- PageMemory [pages=1237]
    ^-- Heap [used=606MB, free=70.11%, comm=2030MB]
    ^-- Non heap [used=61MB, free=-1%, comm=63MB]
    ^-- Outbound messages queue [size=0]
    ^-- Public thread pool [active=0, idle=0, qSize=0]
    ^-- System thread pool [active=0, idle=6, qSize=0]
[2018-06-12 19:09:22,368][INFO ][grid-timeout-worker-#23][IgniteKernal] 
Metrics for local node (to disable set 'metricsLogFrequency' to 0)
    ^-- Node [id=502b5915, uptime=00:03:05.210]
    ^-- H/N/C [hosts=1, nodes=5, CPUs=4]
    ^-- CPU [cur=0.33%, avg=12.05%, GC=0%]
    ^-- PageMemory [pages=1237]
    ^-- Heap [used=607MB, free=70.09%, comm=2030MB]
    ^-- Non heap [used=61MB, free=-1%, comm=63MB]
    ^-- Outbound messages queue [size=0]
    ^-- Public thread pool [active=0, idle=0, qSize=0]
    ^-- System thread pool [active=0, idle=6, qSize=0]
[2018-06-12 19:09:27,375][INFO ][grid-timeout-worker-#23][IgniteKernal] 
Metrics for local node (to disable set 'metricsLogFrequency' to 0)
    ^-- Node [id=502b5915, uptime=00:03:10.217]
    ^-- H/N/C [hosts=1, nodes=5, CPUs=4]
    ^-- CPU [cur=0.5%, avg=11.62%, GC=0%]
    ^-- PageMemory [pages=1237]
    ^-- Heap [used=608MB, free=70.04%, comm=2030MB]
    ^-- Non heap [used=61MB, free=-1%, comm=63MB]
    ^-- Outbound messages queue [size=0]
    ^-- Public thread pool [active=0, idle=0, qSize=0]
    ^-- System thread pool [active=0, idle=6, qSize=0]
[2018-06-12 19:09:32,385][INFO ][grid-timeout-worker-#23][IgniteKernal] 
Metrics for local node (to disable set 'metricsLogFrequency' to 0)
    ^-- Node [id=502b5915, uptime=00:03:15.224]
    ^-- H/N/C [hosts=1, nodes=5, CPUs=4]
    ^-- CPU [cur=0.5%, avg=11.35%, GC=0%]
    ^-- PageMemory [pages=1237]
    ^-- Heap [used=608MB, free=70.02%, comm=2030MB]
    ^-- Non heap [used=61MB, free=-1%, comm=63MB]
    ^-- Outbound messages queue [size=0]
    ^-- Public thread pool [active=0, idle=0, qSize=0]
    ^-- System thread pool [active=0, idle=6, qSize=0]
[2018-06-12 19:09:37,391][INFO ][grid-timeout-worker-#23][IgniteKernal] 
Metrics for local node (to disable set 'metricsLogFrequency' to 0)
    ^-- Node [id=502b5915, uptime=00:03:20.229]
    ^-- H/N/C [hosts=1, nodes=5, CPUs=4]
    ^-- CPU [cur=0.33%, avg=11.22%, GC=0%]
    ^-- PageMemory [pages=1237]
    ^-- Heap [used=609MB, free=69.98%, comm=2030MB]
    ^-- Non heap [used=61MB, free=-1%, comm=63MB]
    ^-- Outbound messages queue [size=0]
    ^-- Public thread pool [active=0, idle=0, qSize=0]
    ^-- System thread pool [active=0, idle=6, qSize=0]
[2018-06-12 19:09:42,396][INFO ][grid-timeout-worker-#23][IgniteKernal] 
Metrics for local node (to disable set 'metricsLogFrequency' to 0)
    ^-- Node [id=502b5915, uptime=00:03:25.236]
    ^-- H/N/C [hosts=1, nodes=5, CPUs=4]
    ^-- CPU [cur=0.27%, avg=10.96%, GC=0%]
    ^-- PageMemory [pages=1237]
    ^-- Heap [used=609MB, free=69.95%, comm=2030MB]
    ^-- Non heap [used=61MB, free=-1%, comm=63MB]
    ^-- Outbound messages queue [size=0]
    ^-- Public thread pool [active=0, idle=0, qSize=0]
    ^-- System thread pool [active=0, idle=6, qSize=0]
[2018-06-12 19:09:47,403][INFO ][grid-timeout-worker-#23][IgniteKernal] 
Metrics for local node (to disable set 'metricsLogFrequency' to 0)
    ^-- Node [id=502b5915, uptime=00:03:30.245]
    ^-- H/N/C [hosts=1, nodes=5, CPUs=4]
    ^-- CPU [cur=0.23%, avg=10.6%, GC=0%]
    ^-- PageMemory [pages=1237]
    ^-- Heap [used=610MB, free=69.91%, comm=2030MB]
    ^-- Non heap [used=61MB, free=-1%, comm=63MB]
    ^-- Outbound messages queue [size=0]
    ^-- Public thread pool [active=0, idle=0, qSize=0]
    ^-- System thread pool [active=0, idle=6, qSize=0]
[2018-06-12 19:09:52,412][INFO ][grid-timeout-worker-#23][IgniteKernal] 
Metrics for local node (to disable set 'metricsLogFrequency' to 0)
    ^-- Node [id=502b5915, uptime=00:03:35.254]
    ^-- H/N/C [hosts=1, nodes=5, CPUs=4]
    ^-- CPU [cur=0.17%, avg=10.38%, GC=0%]
    ^-- PageMemory [pages=1237]
    ^-- Heap [used=611MB, free=69.89%, comm=2030MB]
    ^-- Non heap [used=61MB, free=-1%, comm=63MB]
    ^-- Outbound messages queue [size=0]
    ^-- Public thread pool [active=0, idle=0, qSize=0]
    ^-- System thread pool [active=0, idle=6, qSize=0]
[2018-06-12 19:09:53,995][INFO ][disco-event-worker-#41][GridDiscoveryManager] Node left topology: TcpDiscoveryNode [id=55d3ac46-b6da-44e9-bf37-0320a7966a58, addrs=[127.0.0.1, 172.17.0.1, 192.168.0.101], sockAddrs=[/172.17.0.1:47504, /127.0.0.1:47504, /192.168.0.101:47504], discPort=47504, order=7, intOrder=6, lastExchangeTime=1528819690240, loc=false, ver=2.5.0#20180518-sha1:fe6e70e3, isClient=false]
[2018-06-12 19:09:54,000][INFO ][disco-event-worker-#41][GridDiscoveryManager] Topology snapshot [ver=8, servers=4, clients=0, CPUs=4, offheap=9.3GB, heap=8.0GB]
[2018-06-12 19:09:54,000][INFO ][disco-event-worker-#41][GridDiscoveryManager]   ^-- Node [id=502B5915-349F-4D69-8C7C-2C40A5E79F87, clusterState=ACTIVE]
[2018-06-12 19:09:54,000][INFO ][disco-event-worker-#41][GridDiscoveryManager] Data Regions Configured:
[2018-06-12 19:09:54,000][INFO ][disco-event-worker-#41][GridDiscoveryManager]   ^-- default [initSize=256.0 MiB, maxSize=2.3 GiB, persistenceEnabled=false]
[2018-06-12 19:09:54,052][INFO ][exchange-worker-#42][time] Started exchange init [topVer=AffinityTopologyVersion [topVer=8, minorTopVer=0], crd=false, evt=NODE_LEFT, evtNode=55d3ac46-b6da-44e9-bf37-0320a7966a58, customEvt=null, allowMerge=true]
[2018-06-12 19:09:54,079][INFO ][exchange-worker-#42][GridDhtPartitionsExchangeFuture] Finished waiting for partition release future [topVer=AffinityTopologyVersion [topVer=8, minorTopVer=0], waitTime=0ms, futInfo=NA]
[2018-06-12 19:09:54,113][INFO ][exchange-worker-#42][GridDhtPartitionsExchangeFuture] Finished waiting for partitions release latch: ClientLatch [coordinator=TcpDiscoveryNode [id=96ff27bd-315f-42e4-aee4-8ac792021c76, addrs=[127.0.0.1, 172.17.0.1, 192.168.0.101], sockAddrs=[/172.17.0.1:47500, /127.0.0.1:47500, /192.168.0.101:47500], discPort=47500, order=1, intOrder=1, lastExchangeTime=1528819573065, loc=false, ver=2.5.0#20180518-sha1:fe6e70e3, isClient=false], ackSent=true, super=CompletableLatch [id=exchange, topVer=AffinityTopologyVersion [topVer=8, minorTopVer=0]]]
[2018-06-12 19:09:54,119][INFO ][exchange-worker-#42][GridDhtPartitionsExchangeFuture] Finished waiting for partition release future [topVer=AffinityTopologyVersion [topVer=8, minorTopVer=0], waitTime=0ms, futInfo=NA]
[2018-06-12 19:09:54,145][INFO ][exchange-worker-#42][time] Finished exchange init [topVer=AffinityTopologyVersion [topVer=8, minorTopVer=0], crd=false]
[2018-06-12 19:09:54,220][INFO ][sys-#50][GridDhtPartitionsExchangeFuture] Received full message, will finish exchange [node=96ff27bd-315f-42e4-aee4-8ac792021c76, resVer=AffinityTopologyVersion [topVer=8, minorTopVer=0]]
[2018-06-12 19:09:54,276][INFO ][sys-#50][GridDhtPartitionsExchangeFuture] Finish exchange future [startVer=AffinityTopologyVersion [topVer=8, minorTopVer=0], resVer=AffinityTopologyVersion [topVer=8, minorTopVer=0], err=null]
[2018-06-12 19:09:54,301][INFO ][exchange-worker-#42][GridCachePartitionExchangeManager] Rebalancing scheduled [order=[PersonsCache]]
[2018-06-12 19:09:54,301][INFO ][exchange-worker-#42][GridCachePartitionExchangeManager] Rebalancing started [top=AffinityTopologyVersion [topVer=8, minorTopVer=0], evt=NODE_LEFT, node=55d3ac46-b6da-44e9-bf37-0320a7966a58]
[2018-06-12 19:09:54,302][INFO ][exchange-worker-#42][GridDhtPartitionDemander] Starting rebalancing [grp=PersonsCache, mode=ASYNC, fromNode=0c6b315b-65cb-4d56-a2f4-4716d1030220, partitionsCount=36, topology=AffinityTopologyVersion [topVer=8, minorTopVer=0], rebalanceId=49]
[2018-06-12 19:09:54,302][INFO ][exchange-worker-#42][GridDhtPartitionDemander] Starting rebalancing [grp=PersonsCache, mode=ASYNC, fromNode=7ebff1e5-1997-4fcf-a971-5a5eb181e160, partitionsCount=32, topology=AffinityTopologyVersion [topVer=8, minorTopVer=0], rebalanceId=49]
[2018-06-12 19:09:54,306][INFO ][exchange-worker-#42][GridDhtPartitionDemander] Starting rebalancing [grp=PersonsCache, mode=ASYNC, fromNode=96ff27bd-315f-42e4-aee4-8ac792021c76, partitionsCount=31, topology=AffinityTopologyVersion [topVer=8, minorTopVer=0], rebalanceId=49]
[2018-06-12 19:09:54,311][INFO ][sys-#72][GridDhtPartitionDemander] Completed rebalancing [fromNode=7ebff1e5-1997-4fcf-a971-5a5eb181e160, cacheOrGroup=PersonsCache, topology=AffinityTopologyVersion [topVer=8, minorTopVer=0], time=10 ms]
[2018-06-12 19:09:54,316][INFO ][sys-#72][GridDhtPartitionDemander] Completed rebalancing [fromNode=0c6b315b-65cb-4d56-a2f4-4716d1030220, cacheOrGroup=PersonsCache, topology=AffinityTopologyVersion [topVer=8, minorTopVer=0], time=10 ms]
[2018-06-12 19:09:54,337][INFO ][sys-#50][GridDhtPartitionDemander] Completed (final) rebalancing [fromNode=96ff27bd-315f-42e4-aee4-8ac792021c76, cacheOrGroup=PersonsCache, topology=AffinityTopologyVersion [topVer=8, minorTopVer=0], time=30 ms]
[2018-06-12 19:09:54,337][INFO ][sys-#50][GridDhtPartitionDemander] Completed rebalance future: RebalanceFuture [grp=CacheGroupContext [grp=PersonsCache], topVer=AffinityTopologyVersion [topVer=8, minorTopVer=0], rebalanceId=49]
/home/fl/SBT/affinity-example/bin/benchmark-bootstrap.sh: line 111:  7179 Killed                  "$JAVA" ${JVM_OPTS} -cp ${CP} ${MAIN_CLASS} ${ARGS}
