log4j:WARN No appenders could be found for logger (org.reflections.Reflections).
log4j:WARN Please initialize the log4j system properly.
log4j:WARN See http://logging.apache.org/log4j/1.2/faq.html#noconfig for more info.
<16:30:06><main><yardstick> Cache configured with the following parameters: CacheConfiguration [name=CalculatorSvcMetrics, grpName=null, memPlcName=null, storeConcurrentLoadAllThreshold=5, rebalancePoolSize=2, rebalanceTimeout=10000, evictPlc=null, evictPlcFactory=null, onheapCache=false, sqlOnheapCache=false, sqlOnheapCacheMaxSize=0, evictFilter=null, eagerTtl=true, dfltLockTimeout=0, nearCfg=null, writeSync=PRIMARY_SYNC, storeFactory=null, storeKeepBinary=false, loadPrevVal=false, aff=null, cacheMode=PARTITIONED, atomicityMode=null, backups=1, invalidate=false, tmLookupClsName=null, rebalanceMode=ASYNC, rebalanceOrder=0, rebalanceBatchSize=524288, rebalanceBatchesPrefetchCnt=2, maxConcurrentAsyncOps=500, sqlIdxMaxInlineSize=-1, writeBehindEnabled=false, writeBehindFlushSize=10240, writeBehindFlushFreq=5000, writeBehindFlushThreadCnt=1, writeBehindBatchSize=512, writeBehindCoalescing=true, maxQryIterCnt=1024, affMapper=null, rebalanceDelay=0, rebalanceThrottle=0, interceptor=null, longQryWarnTimeout=3000, qryDetailMetricsSz=0, readFromBackup=true, nodeFilter=null, sqlSchema=null, sqlEscapeAll=false, cpOnRead=true, topValidator=null, partLossPlc=IGNORE, qryParallelism=1, evtsDisabled=false]
[2018-06-12 16:30:07,041][INFO ][main][IgniteKernal] 

>>>    __________  ________________  
>>>   /  _/ ___/ |/ /  _/_  __/ __/  
>>>  _/ // (7 7    // /  / / / _/    
>>> /___/\___/_/|_/___/ /_/ /___/   
>>> 
>>> ver. 2.5.0-SNAPSHOT#20180518-sha1:fe6e70e3
>>> 2018 Copyright(C) Apache Software Foundation
>>> 
>>> Ignite documentation: http://ignite.apache.org

[2018-06-12 16:30:07,042][INFO ][main][IgniteKernal] Config URL: n/a
[2018-06-12 16:30:07,118][INFO ][main][IgniteKernal] IgniteConfiguration [igniteInstanceName=null, pubPoolSize=8, svcPoolSize=8, callbackPoolSize=8, stripedPoolSize=8, sysPoolSize=8, mgmtPoolSize=4, igfsPoolSize=4, dataStreamerPoolSize=8, utilityCachePoolSize=8, utilityCacheKeepAliveTime=60000, p2pPoolSize=2, qryPoolSize=8, igniteHome=/home/fl/apache-ignite-fabric-2.4.0-bin, igniteWorkDir=/home/fl/apache-ignite-fabric-2.4.0-bin/work, mbeanSrv=com.sun.jmx.mbeanserver.JmxMBeanServer@51c668e3, nodeId=c93340de-1bd8-4a47-997b-bd15ae45d7a1, marsh=org.apache.ignite.internal.binary.BinaryMarshaller@6c7a164b, marshLocJobs=false, daemon=false, p2pEnabled=false, netTimeout=5000, sndRetryDelay=1000, sndRetryCnt=3, metricsHistSize=10000, metricsUpdateFreq=2000, metricsExpTime=9223372036854775807, discoSpi=TcpDiscoverySpi [addrRslvr=null, sockTimeout=0, ackTimeout=0, marsh=null, reconCnt=10, reconDelay=2000, maxAckTimeout=600000, forceSrvMode=false, clientReconnectDisabled=false, internalLsnr=null], segPlc=STOP, segResolveAttempts=2, waitForSegOnStart=true, allResolversPassReq=true, segChkFreq=10000, commSpi=TcpCommunicationSpi [connectGate=null, connPlc=null, enableForcibleNodeKill=false, enableTroubleshootingLog=false, srvLsnr=org.apache.ignite.spi.communication.tcp.TcpCommunicationSpi$2@638ef7ed, locAddr=null, locHost=null, locPort=47100, locPortRange=100, shmemPort=-1, directBuf=true, directSndBuf=false, idleConnTimeout=600000, connTimeout=5000, maxConnTimeout=600000, reconCnt=10, sockSndBuf=32768, sockRcvBuf=32768, msgQueueLimit=0, slowClientQueueLimit=0, nioSrvr=null, shmemSrv=null, usePairedConnections=false, connectionsPerNode=1, tcpNoDelay=true, filterReachableAddresses=false, ackSndThreshold=32, unackedMsgsBufSize=0, sockWriteTimeout=2000, lsnr=null, boundTcpPort=-1, boundTcpShmemPort=-1, selectorsCnt=4, selectorSpins=0, addrRslvr=null, ctxInitLatch=java.util.concurrent.CountDownLatch@4bff7da0[Count = 1], stopping=false, metricsLsnr=org.apache.ignite.spi.communication.tcp.TcpCommunicationMetricsListener@3f1d2e23], evtSpi=org.apache.ignite.spi.eventstorage.NoopEventStorageSpi@536dbea0, colSpi=NoopCollisionSpi [], deploySpi=LocalDeploymentSpi [lsnr=null], indexingSpi=org.apache.ignite.spi.indexing.noop.NoopIndexingSpi@18ece7f4, addrRslvr=null, clientMode=false, rebalanceThreadPoolSize=1, txCfg=org.apache.ignite.configuration.TransactionConfiguration@3cce57c7, cacheSanityCheckEnabled=true, discoStartupDelay=60000, deployMode=SHARED, p2pMissedCacheSize=100, locHost=null, timeSrvPortBase=31100, timeSrvPortRange=100, failureDetectionTimeout=10000, clientFailureDetectionTimeout=30000, metricsLogFreq=5000, hadoopCfg=null, connectorCfg=org.apache.ignite.configuration.ConnectorConfiguration@1cf56a1c, odbcCfg=null, warmupClos=null, atomicCfg=AtomicConfiguration [seqReserveSize=1000, cacheMode=PARTITIONED, backups=1, aff=null, grpName=null], classLdr=null, sslCtxFactory=null, platformCfg=null, binaryCfg=null, memCfg=null, pstCfg=null, dsCfg=DataStorageConfiguration [sysRegionInitSize=41943040, sysCacheMaxSize=104857600, pageSize=0, concLvl=0, dfltDataRegConf=DataRegionConfiguration [name=default, maxSize=2494085529, initSize=268435456, swapPath=null, pageEvictionMode=DISABLED, evictionThreshold=0.9, emptyPagesPoolSize=100, metricsEnabled=false, metricsSubIntervalCount=5, metricsRateTimeInterval=60000, persistenceEnabled=false, checkpointPageBufSize=0], storagePath=null, checkpointFreq=180000, lockWaitTime=10000, checkpointThreads=4, checkpointWriteOrder=SEQUENTIAL, walHistSize=20, walSegments=10, walSegmentSize=67108864, walPath=db/wal, walArchivePath=db/wal/archive, metricsEnabled=false, walMode=LOG_ONLY, walTlbSize=131072, walBuffSize=0, walFlushFreq=2000, walFsyncDelay=1000, walRecordIterBuffSize=67108864, alwaysWriteFullPages=false, fileIOFactory=org.apache.ignite.internal.processors.cache.persistence.file.AsyncFileIOFactory@3576ddc2, metricsSubIntervalCnt=5, metricsRateTimeInterval=60000, walAutoArchiveAfterInactivity=-1, writeThrottlingEnabled=false, walCompactionEnabled=false], activeOnStart=true, autoActivation=true, longQryWarnTimeout=3000, sqlConnCfg=null, cliConnCfg=ClientConnectorConfiguration [host=null, port=10800, portRange=100, sockSndBufSize=0, sockRcvBufSize=0, tcpNoDelay=true, maxOpenCursorsPerConn=128, threadPoolSize=8, idleTimeout=0, jdbcEnabled=true, odbcEnabled=true, thinCliEnabled=true, sslEnabled=false, useIgniteSslCtxFactory=true, sslClientAuth=false, sslCtxFactory=null], authEnabled=false, failureHnd=null, commFailureRslvr=null]
[2018-06-12 16:30:07,119][INFO ][main][IgniteKernal] Daemon mode: off
[2018-06-12 16:30:07,119][INFO ][main][IgniteKernal] OS: Linux 4.15.0-22-generic amd64
[2018-06-12 16:30:07,120][INFO ][main][IgniteKernal] OS user: fl
[2018-06-12 16:30:07,122][INFO ][main][IgniteKernal] PID: 21217
[2018-06-12 16:30:07,122][INFO ][main][IgniteKernal] Language runtime: Java Platform API Specification ver. 1.8
[2018-06-12 16:30:07,122][INFO ][main][IgniteKernal] VM information: Java(TM) SE Runtime Environment 1.8.0_172-b11 Oracle Corporation Java HotSpot(TM) 64-Bit Server VM 25.172-b11
[2018-06-12 16:30:07,131][INFO ][main][IgniteKernal] VM total memory: 1.9GB
[2018-06-12 16:30:07,132][INFO ][main][IgniteKernal] Remote Management [restart: off, REST: on, JMX (remote: off)]
[2018-06-12 16:30:07,133][INFO ][main][IgniteKernal] Logger: Log4JLogger [quiet=false, config=/home/fl/apache-ignite-fabric-2.4.0-bin/config/ignite-log4j.xml]
[2018-06-12 16:30:07,135][INFO ][main][IgniteKernal] IGNITE_HOME=/home/fl/apache-ignite-fabric-2.4.0-bin
[2018-06-12 16:30:07,135][INFO ][main][IgniteKernal] VM arguments: [-Xms2g, -Xmx2g, -Djava.net.preferIPv4Stack=true, -DIGNITE_QUIET=false, -Dyardstick.server0]
[2018-06-12 16:30:07,137][INFO ][main][IgniteKernal] System cache's DataRegion size is configured to 40 MB. Use DataStorageConfiguration.systemCacheMemorySize property to change the setting.
[2018-06-12 16:30:07,147][INFO ][main][IgniteKernal] Configured caches [in 'sysMemPlc' dataRegion: ['ignite-sys-cache'], in 'default' dataRegion: ['CalculatorSvcMetrics']]
[2018-06-12 16:30:07,219][INFO ][main][IgniteKernal] 3-rd party licenses can be found at: /home/fl/apache-ignite-fabric-2.4.0-bin/libs/licenses
[2018-06-12 16:30:07,219][INFO ][main][IgniteKernal] Local node user attribute [division.service.node=true]
[2018-06-12 16:30:07,547][INFO ][main][IgnitePluginProcessor] Configured plugins:
[2018-06-12 16:30:07,547][INFO ][main][IgnitePluginProcessor]   ^-- None
[2018-06-12 16:30:07,547][INFO ][main][IgnitePluginProcessor] 
[2018-06-12 16:30:07,549][INFO ][main][FailureProcessor] Configured failure handler: [hnd=StopNodeOrHaltFailureHandler [tryStop=false, timeout=0]]
[2018-06-12 16:30:07,679][INFO ][main][TcpCommunicationSpi] Successfully bound communication NIO server to TCP port [port=47101, locHost=0.0.0.0/0.0.0.0, selectorsCnt=4, selectorSpins=0, pairedConn=false]
[2018-06-12 16:30:07,703][WARN ][main][TcpCommunicationSpi] Message queue limit is set to 0 which may lead to potential OOMEs when running cache operations in FULL_ASYNC or PRIMARY_SYNC modes due to message queues growth on sender and receiver sides.
[2018-06-12 16:30:07,791][WARN ][main][NoopCheckpointSpi] Checkpoints are disabled (to enable configure any GridCheckpointSpi implementation)
[2018-06-12 16:30:07,867][WARN ][main][GridCollisionManager] Collision resolution is disabled (all jobs will be activated upon arrival).
[2018-06-12 16:30:07,871][INFO ][main][IgniteKernal] Security status [authentication=off, tls/ssl=off]
[2018-06-12 16:30:09,241][INFO ][main][ClientListenerProcessor] Client connector processor has started on TCP port 10801
[2018-06-12 16:30:09,380][INFO ][main][GridTcpRestProtocol] Command protocol successfully started [name=TCP binary, host=0.0.0.0/0.0.0.0, port=11212]
[2018-06-12 16:30:09,547][INFO ][main][IgniteKernal] Non-loopback local IPs: 172.17.0.1, 192.168.0.101
[2018-06-12 16:30:09,547][INFO ][main][IgniteKernal] Enabled local MACs: 02427E9A41E0, 5C93A2D830DE
[2018-06-12 16:30:09,689][INFO ][main][TcpDiscoverySpi] Successfully bound to TCP port [port=47500, localHost=0.0.0.0/0.0.0.0, locNodeId=c93340de-1bd8-4a47-997b-bd15ae45d7a1]
[2018-06-12 16:30:09,764][INFO ][tcp-disco-srvr-#3][TcpDiscoverySpi] TCP discovery accepted incoming connection [rmtAddr=/127.0.0.1, rmtPort=37285]
[2018-06-12 16:30:09,824][INFO ][tcp-disco-srvr-#3][TcpDiscoverySpi] TCP discovery spawning a new thread for connection [rmtAddr=/127.0.0.1, rmtPort=37285]
[2018-06-12 16:30:09,828][INFO ][tcp-disco-sock-reader-#4][TcpDiscoverySpi] Started serving remote node connection [rmtAddr=/127.0.0.1:37285, rmtPort=37285]
[2018-06-12 16:30:09,901][INFO ][tcp-disco-sock-reader-#4][TcpDiscoverySpi] Finished serving remote node connection [rmtAddr=/127.0.0.1:37285, rmtPort=37285
[2018-06-12 16:30:11,670][INFO ][tcp-disco-srvr-#3][TcpDiscoverySpi] TCP discovery accepted incoming connection [rmtAddr=/127.0.0.1, rmtPort=39239]
[2018-06-12 16:30:11,671][INFO ][tcp-disco-srvr-#3][TcpDiscoverySpi] TCP discovery spawning a new thread for connection [rmtAddr=/127.0.0.1, rmtPort=39239]
[2018-06-12 16:30:11,671][INFO ][tcp-disco-sock-reader-#5][TcpDiscoverySpi] Started serving remote node connection [rmtAddr=/127.0.0.1:39239, rmtPort=39239]
[2018-06-12 16:30:11,707][INFO ][tcp-disco-sock-reader-#5][TcpDiscoverySpi] Finished serving remote node connection [rmtAddr=/127.0.0.1:39239, rmtPort=39239
[2018-06-12 16:30:11,953][INFO ][tcp-disco-srvr-#3][TcpDiscoverySpi] TCP discovery accepted incoming connection [rmtAddr=/127.0.0.1, rmtPort=44885]
[2018-06-12 16:30:11,956][INFO ][tcp-disco-srvr-#3][TcpDiscoverySpi] TCP discovery spawning a new thread for connection [rmtAddr=/127.0.0.1, rmtPort=44885]
[2018-06-12 16:30:11,956][INFO ][tcp-disco-sock-reader-#6][TcpDiscoverySpi] Started serving remote node connection [rmtAddr=/127.0.0.1:44885, rmtPort=44885]
[2018-06-12 16:30:11,966][INFO ][tcp-disco-sock-reader-#6][TcpDiscoverySpi] Finished serving remote node connection [rmtAddr=/127.0.0.1:44885, rmtPort=44885
[2018-06-12 16:30:12,015][INFO ][exchange-worker-#42][time] Started exchange init [topVer=AffinityTopologyVersion [topVer=1, minorTopVer=0], crd=true, evt=NODE_JOINED, evtNode=c93340de-1bd8-4a47-997b-bd15ae45d7a1, customEvt=null, allowMerge=false]
[2018-06-12 16:30:12,126][INFO ][tcp-disco-srvr-#3][TcpDiscoverySpi] TCP discovery accepted incoming connection [rmtAddr=/127.0.0.1, rmtPort=34203]
[2018-06-12 16:30:12,126][INFO ][tcp-disco-srvr-#3][TcpDiscoverySpi] TCP discovery spawning a new thread for connection [rmtAddr=/127.0.0.1, rmtPort=34203]
[2018-06-12 16:30:12,127][INFO ][tcp-disco-sock-reader-#7][TcpDiscoverySpi] Started serving remote node connection [rmtAddr=/127.0.0.1:34203, rmtPort=34203]
[2018-06-12 16:30:12,148][INFO ][disco-event-worker-#41][GridDiscoveryManager] Added new node to topology: TcpDiscoveryNode [id=e72941cb-382f-4d77-888a-b2d56e5d8a59, addrs=[127.0.0.1, 172.17.0.1, 192.168.0.101], sockAddrs=[/127.0.0.1:47501, /192.168.0.101:47501, /172.17.0.1:47501], discPort=47501, order=2, intOrder=2, lastExchangeTime=1528810211955, loc=false, ver=2.5.0#20180518-sha1:fe6e70e3, isClient=false]
[2018-06-12 16:30:12,150][INFO ][disco-event-worker-#41][GridDiscoveryManager] Topology snapshot [ver=2, servers=2, clients=0, CPUs=4, offheap=4.6GB, heap=4.0GB]
[2018-06-12 16:30:12,151][INFO ][disco-event-worker-#41][GridDiscoveryManager]   ^-- Node [id=C93340DE-1BD8-4A47-997B-BD15AE45D7A1, clusterState=ACTIVE]
[2018-06-12 16:30:12,151][INFO ][disco-event-worker-#41][GridDiscoveryManager] Data Regions Configured:
[2018-06-12 16:30:12,153][INFO ][disco-event-worker-#41][GridDiscoveryManager]   ^-- default [initSize=256.0 MiB, maxSize=2.3 GiB, persistenceEnabled=false]
[2018-06-12 16:30:12,650][INFO ][exchange-worker-#42][GridCacheProcessor] Started cache [name=ignite-sys-cache, id=-2100569601, memoryPolicyName=sysMemPlc, mode=REPLICATED, atomicity=TRANSACTIONAL, backups=2147483647]
[2018-06-12 16:30:12,722][INFO ][exchange-worker-#42][GridCacheProcessor] Started cache [name=CalculatorSvcMetrics, id=1279840005, memoryPolicyName=default, mode=PARTITIONED, atomicity=ATOMIC, backups=1]
[2018-06-12 16:30:12,764][INFO ][exchange-worker-#42][GridAffinityAssignmentCache] Local node affinity assignment distribution is not ideal [cache=CalculatorSvcMetrics, expectedPrimary=1024.00, actualPrimary=1024, expectedBackups=1024.00, actualBackups=0, warningThreshold=50.00%]
[2018-06-12 16:30:12,795][INFO ][exchange-worker-#42][GridDhtPartitionsExchangeFuture] Finished waiting for partition release future [topVer=AffinityTopologyVersion [topVer=1, minorTopVer=0], waitTime=0ms, futInfo=NA]
[2018-06-12 16:30:12,800][INFO ][exchange-worker-#42][GridDhtPartitionsExchangeFuture] Finished waiting for partition release future [topVer=AffinityTopologyVersion [topVer=1, minorTopVer=0], waitTime=0ms, futInfo=NA]
[2018-06-12 16:30:13,001][INFO ][exchange-worker-#42][GridDhtPartitionsExchangeFuture] finishExchangeOnCoordinator [topVer=AffinityTopologyVersion [topVer=1, minorTopVer=0], resVer=AffinityTopologyVersion [topVer=1, minorTopVer=0]]
[2018-06-12 16:30:13,048][INFO ][grid-nio-worker-tcp-comm-0-#25][TcpCommunicationSpi] Accepted incoming communication connection [locAddr=/127.0.0.1:47101, rmtAddr=/127.0.0.1:40674]
[2018-06-12 16:30:13,071][INFO ][exchange-worker-#42][GridDhtPartitionsExchangeFuture] Finish exchange future [startVer=AffinityTopologyVersion [topVer=1, minorTopVer=0], resVer=AffinityTopologyVersion [topVer=1, minorTopVer=0], err=null]
[2018-06-12 16:30:13,086][INFO ][exchange-worker-#42][time] Finished exchange init [topVer=AffinityTopologyVersion [topVer=1, minorTopVer=0], crd=true]
[2018-06-12 16:30:13,096][INFO ][exchange-worker-#42][GridCachePartitionExchangeManager] Skipping rebalancing (obsolete exchange ID) [top=AffinityTopologyVersion [topVer=1, minorTopVer=0], evt=NODE_JOINED, node=c93340de-1bd8-4a47-997b-bd15ae45d7a1]
[2018-06-12 16:30:13,097][INFO ][exchange-worker-#42][time] Started exchange init [topVer=AffinityTopologyVersion [topVer=2, minorTopVer=0], crd=true, evt=NODE_JOINED, evtNode=e72941cb-382f-4d77-888a-b2d56e5d8a59, customEvt=null, allowMerge=true]
[2018-06-12 16:30:13,098][INFO ][exchange-worker-#42][GridDhtPartitionsExchangeFuture] Finished waiting for partition release future [topVer=AffinityTopologyVersion [topVer=2, minorTopVer=0], waitTime=0ms, futInfo=NA]
[2018-06-12 16:30:13,121][INFO ][exchange-worker-#42][GridDhtPartitionsExchangeFuture] Finished waiting for partitions release latch: ServerLatch [permits=0, pendingAcks=[], super=CompletableLatch [id=exchange, topVer=AffinityTopologyVersion [topVer=2, minorTopVer=0]]]
[2018-06-12 16:30:13,121][INFO ][exchange-worker-#42][GridDhtPartitionsExchangeFuture] Finished waiting for partition release future [topVer=AffinityTopologyVersion [topVer=2, minorTopVer=0], waitTime=0ms, futInfo=NA]
[2018-06-12 16:30:13,122][INFO ][exchange-worker-#42][time] Finished exchange init [topVer=AffinityTopologyVersion [topVer=2, minorTopVer=0], crd=true]
[2018-06-12 16:30:13,146][INFO ][sys-#45][GridDhtPartitionsExchangeFuture] Coordinator received single message [ver=AffinityTopologyVersion [topVer=2, minorTopVer=0], node=e72941cb-382f-4d77-888a-b2d56e5d8a59, allReceived=true]
[2018-06-12 16:30:13,146][INFO ][sys-#45][GridDhtPartitionsExchangeFuture] Coordinator received all messages, try merge [ver=AffinityTopologyVersion [topVer=2, minorTopVer=0]]
[2018-06-12 16:30:13,146][INFO ][sys-#45][GridDhtPartitionsExchangeFuture] finishExchangeOnCoordinator [topVer=AffinityTopologyVersion [topVer=2, minorTopVer=0], resVer=AffinityTopologyVersion [topVer=2, minorTopVer=0]]
[2018-06-12 16:30:13,186][INFO ][sys-#45][GridDhtPartitionsExchangeFuture] Finish exchange future [startVer=AffinityTopologyVersion [topVer=2, minorTopVer=0], resVer=AffinityTopologyVersion [topVer=2, minorTopVer=0], err=null]
[2018-06-12 16:30:13,196][INFO ][exchange-worker-#42][GridCachePartitionExchangeManager] Skipping rebalancing (nothing scheduled) [top=AffinityTopologyVersion [topVer=2, minorTopVer=0], evt=NODE_JOINED, node=e72941cb-382f-4d77-888a-b2d56e5d8a59]
[2018-06-12 16:30:13,993][INFO ][tcp-disco-sock-reader-#7][TcpDiscoverySpi] Finished serving remote node connection [rmtAddr=/127.0.0.1:34203, rmtPort=34203
Initializing DivisionService on node:TcpDiscoveryNode [id=c93340de-1bd8-4a47-997b-bd15ae45d7a1, addrs=[127.0.0.1, 172.17.0.1, 192.168.0.101], sockAddrs=[/172.17.0.1:47500, /127.0.0.1:47500, /192.168.0.101:47500], discPort=47500, order=1, intOrder=1, lastExchangeTime=1528810213997, loc=true, ver=2.5.0#20180518-sha1:fe6e70e3, isClient=false]
[2018-06-12 16:30:14,435][INFO ][tcp-disco-srvr-#3][TcpDiscoverySpi] TCP discovery accepted incoming connection [rmtAddr=/127.0.0.1, rmtPort=43363]
[2018-06-12 16:30:14,436][INFO ][tcp-disco-srvr-#3][TcpDiscoverySpi] TCP discovery spawning a new thread for connection [rmtAddr=/127.0.0.1, rmtPort=43363]
[2018-06-12 16:30:14,453][INFO ][tcp-disco-sock-reader-#8][TcpDiscoverySpi] Started serving remote node connection [rmtAddr=/127.0.0.1:43363, rmtPort=43363]
[2018-06-12 16:30:14,463][INFO ][disco-event-worker-#41][GridDiscoveryManager] Added new node to topology: TcpDiscoveryNode [id=4f0c4b5b-4b57-472d-b174-15710d6eef9d, addrs=[127.0.0.1, 172.17.0.1, 192.168.0.101], sockAddrs=[/172.17.0.1:47502, /127.0.0.1:47502, /192.168.0.101:47502], discPort=47502, order=3, intOrder=3, lastExchangeTime=1528810213756, loc=false, ver=2.5.0#20180518-sha1:fe6e70e3, isClient=false]
[2018-06-12 16:30:14,464][INFO ][disco-event-worker-#41][GridDiscoveryManager] Topology snapshot [ver=3, servers=3, clients=0, CPUs=4, offheap=7.0GB, heap=6.0GB]
[2018-06-12 16:30:14,464][INFO ][disco-event-worker-#41][GridDiscoveryManager]   ^-- Node [id=C93340DE-1BD8-4A47-997B-BD15AE45D7A1, clusterState=ACTIVE]
[2018-06-12 16:30:14,464][INFO ][disco-event-worker-#41][GridDiscoveryManager] Data Regions Configured:
[2018-06-12 16:30:14,464][INFO ][disco-event-worker-#41][GridDiscoveryManager]   ^-- default [initSize=256.0 MiB, maxSize=2.3 GiB, persistenceEnabled=false]
[2018-06-12 16:30:14,468][INFO ][exchange-worker-#42][time] Started exchange init [topVer=AffinityTopologyVersion [topVer=3, minorTopVer=0], crd=true, evt=NODE_JOINED, evtNode=4f0c4b5b-4b57-472d-b174-15710d6eef9d, customEvt=null, allowMerge=true]
[2018-06-12 16:30:14,469][INFO ][exchange-worker-#42][GridDhtPartitionsExchangeFuture] Finished waiting for partition release future [topVer=AffinityTopologyVersion [topVer=3, minorTopVer=0], waitTime=0ms, futInfo=NA]
[2018-06-12 16:30:16,177][INFO ][grid-nio-worker-tcp-comm-1-#26][TcpCommunicationSpi] Accepted incoming communication connection [locAddr=/127.0.0.1:47101, rmtAddr=/127.0.0.1:40676]
[2018-06-12 16:30:16,250][INFO ][exchange-worker-#42][GridDhtPartitionsExchangeFuture] Finished waiting for partitions release latch: ServerLatch [permits=0, pendingAcks=[], super=CompletableLatch [id=exchange, topVer=AffinityTopologyVersion [topVer=3, minorTopVer=0]]]
[2018-06-12 16:30:16,250][INFO ][exchange-worker-#42][GridDhtPartitionsExchangeFuture] Finished waiting for partition release future [topVer=AffinityTopologyVersion [topVer=3, minorTopVer=0], waitTime=0ms, futInfo=NA]
[2018-06-12 16:30:16,250][INFO ][exchange-worker-#42][time] Finished exchange init [topVer=AffinityTopologyVersion [topVer=3, minorTopVer=0], crd=true]
[2018-06-12 16:30:16,273][INFO ][sys-#50][GridDhtPartitionsExchangeFuture] Coordinator received single message [ver=AffinityTopologyVersion [topVer=3, minorTopVer=0], node=e72941cb-382f-4d77-888a-b2d56e5d8a59, allReceived=false]
[2018-06-12 16:30:16,317][INFO ][sys-#53][GridDhtPartitionsExchangeFuture] Coordinator received single message [ver=AffinityTopologyVersion [topVer=3, minorTopVer=0], node=4f0c4b5b-4b57-472d-b174-15710d6eef9d, allReceived=true]
[2018-06-12 16:30:16,317][INFO ][sys-#53][GridDhtPartitionsExchangeFuture] Coordinator received all messages, try merge [ver=AffinityTopologyVersion [topVer=3, minorTopVer=0]]
[2018-06-12 16:30:16,317][INFO ][sys-#53][GridDhtPartitionsExchangeFuture] finishExchangeOnCoordinator [topVer=AffinityTopologyVersion [topVer=3, minorTopVer=0], resVer=AffinityTopologyVersion [topVer=3, minorTopVer=0]]
[2018-06-12 16:30:16,381][INFO ][sys-#53][GridDhtPartitionsExchangeFuture] Finish exchange future [startVer=AffinityTopologyVersion [topVer=3, minorTopVer=0], resVer=AffinityTopologyVersion [topVer=3, minorTopVer=0], err=null]
[2018-06-12 16:30:16,413][INFO ][exchange-worker-#42][GridCachePartitionExchangeManager] Skipping rebalancing (nothing scheduled) [top=AffinityTopologyVersion [topVer=3, minorTopVer=0], evt=NODE_JOINED, node=4f0c4b5b-4b57-472d-b174-15710d6eef9d]
[2018-06-12 16:30:16,484][INFO ][srvc-deploy-#46][GridServiceProcessor] Starting service instance [name=DivisionService, execId=0d96fce0-86ff-4640-a57d-87499e3e6219]
Executing DivisionService on node:TcpDiscoveryNode [id=c93340de-1bd8-4a47-997b-bd15ae45d7a1, addrs=[127.0.0.1, 172.17.0.1, 192.168.0.101], sockAddrs=[/172.17.0.1:47500, /127.0.0.1:47500, /192.168.0.101:47500], discPort=47500, order=1, intOrder=1, lastExchangeTime=1528810216025, loc=true, ver=2.5.0#20180518-sha1:fe6e70e3, isClient=false]
[2018-06-12 16:30:16,757][INFO ][main][IgniteKernal] Performance suggestions for grid  (fix if possible)
[2018-06-12 16:30:16,757][INFO ][main][IgniteKernal] To disable, set -DIGNITE_PERFORMANCE_SUGGESTIONS_DISABLED=true
[2018-06-12 16:30:16,757][INFO ][main][IgniteKernal]   ^-- Enable G1 Garbage Collector (add '-XX:+UseG1GC' to JVM options)
[2018-06-12 16:30:16,757][INFO ][main][IgniteKernal]   ^-- Set max direct memory size if getting 'OOME: Direct buffer memory' (add '-XX:MaxDirectMemorySize=<size>[g|G|m|M|k|K]' to JVM options)
[2018-06-12 16:30:16,757][INFO ][main][IgniteKernal]   ^-- Disable processing of calls to System.gc() (add '-XX:+DisableExplicitGC' to JVM options)
[2018-06-12 16:30:16,757][INFO ][main][IgniteKernal]   ^-- Decrease number of backups (set 'backups' to 0)
[2018-06-12 16:30:16,757][INFO ][main][IgniteKernal] Refer to this page for more performance suggestions: https://apacheignite.readme.io/docs/jvm-and-system-tuning
[2018-06-12 16:30:16,757][INFO ][main][IgniteKernal] 
[2018-06-12 16:30:16,757][INFO ][main][IgniteKernal] To start Console Management & Monitoring run ignitevisorcmd.{sh|bat}
[2018-06-12 16:30:16,758][INFO ][main][IgniteKernal] 
[2018-06-12 16:30:16,774][INFO ][main][IgniteKernal] 

>>> +-------------------------------------------------------------------------------+
>>> Ignite ver. 2.5.0-SNAPSHOT#20180518-sha1:fe6e70e3c8d6a6349ea00b7ec99b215945ffce6d
>>> +-------------------------------------------------------------------------------+
>>> OS name: Linux 4.15.0-22-generic amd64
>>> CPU(s): 4
>>> Heap: 2.0GB
>>> VM name: 21217@fl-PC
>>> Local node [ID=C93340DE-1BD8-4A47-997B-BD15AE45D7A1, order=1, clientMode=false]
>>> Local node addresses: [172.17.0.1/127.0.0.1, 192.168.0.101/172.17.0.1, /192.168.0.101]
>>> Local ports: TCP:10801 TCP:11212 TCP:47101 TCP:47500 

[2018-06-12 16:30:16,775][INFO ][main][GridDiscoveryManager] Topology snapshot [ver=1, servers=1, clients=0, CPUs=4, offheap=2.3GB, heap=2.0GB]
[2018-06-12 16:30:16,777][INFO ][main][GridDiscoveryManager]   ^-- Node [id=C93340DE-1BD8-4A47-997B-BD15AE45D7A1, clusterState=ACTIVE]
[2018-06-12 16:30:16,778][INFO ][main][GridDiscoveryManager] Data Regions Configured:
[2018-06-12 16:30:16,785][INFO ][main][GridDiscoveryManager]   ^-- default [initSize=256.0 MiB, maxSize=2.3 GiB, persistenceEnabled=false]
<16:30:16><main><yardstick> Configured marshaller: org.apache.ignite.internal.binary.BinaryMarshaller
[2018-06-12 16:30:18,958][INFO ][exchange-worker-#42][time] Started exchange init [topVer=AffinityTopologyVersion [topVer=3, minorTopVer=1], crd=true, evt=DISCOVERY_CUSTOM_EVT, evtNode=c93340de-1bd8-4a47-997b-bd15ae45d7a1, customEvt=CacheAffinityChangeMessage [id=1bf6034f361-f3c8e094-2d78-41ae-bba0-87bc81190624, topVer=AffinityTopologyVersion [topVer=3, minorTopVer=0], exchId=null, partsMsg=null, exchangeNeeded=true], allowMerge=false]
[2018-06-12 16:30:19,779][INFO ][exchange-worker-#42][GridDhtPartitionsExchangeFuture] Finished waiting for partition release future [topVer=AffinityTopologyVersion [topVer=3, minorTopVer=1], waitTime=802ms, futInfo=NA]
[2018-06-12 16:30:19,779][INFO ][exchange-worker-#42][GridDhtPartitionsExchangeFuture] Finished waiting for partitions release latch: ServerLatch [permits=0, pendingAcks=[], super=CompletableLatch [id=exchange, topVer=AffinityTopologyVersion [topVer=3, minorTopVer=1]]]
[2018-06-12 16:30:19,780][INFO ][exchange-worker-#42][GridDhtPartitionsExchangeFuture] Finished waiting for partition release future [topVer=AffinityTopologyVersion [topVer=3, minorTopVer=1], waitTime=0ms, futInfo=NA]
[2018-06-12 16:30:19,795][INFO ][exchange-worker-#42][time] Finished exchange init [topVer=AffinityTopologyVersion [topVer=3, minorTopVer=1], crd=true]
[2018-06-12 16:30:19,808][INFO ][sys-#53][GridDhtPartitionsExchangeFuture] Coordinator received single message [ver=AffinityTopologyVersion [topVer=3, minorTopVer=1], node=e72941cb-382f-4d77-888a-b2d56e5d8a59, allReceived=false]
[2018-06-12 16:30:19,836][INFO ][sys-#56][GridDhtPartitionsExchangeFuture] Coordinator received single message [ver=AffinityTopologyVersion [topVer=3, minorTopVer=1], node=4f0c4b5b-4b57-472d-b174-15710d6eef9d, allReceived=true]
[2018-06-12 16:30:19,837][INFO ][sys-#56][GridDhtPartitionsExchangeFuture] finishExchangeOnCoordinator [topVer=AffinityTopologyVersion [topVer=3, minorTopVer=1], resVer=AffinityTopologyVersion [topVer=3, minorTopVer=1]]
[2018-06-12 16:30:19,884][INFO ][sys-#56][GridDhtPartitionsExchangeFuture] Finish exchange future [startVer=AffinityTopologyVersion [topVer=3, minorTopVer=1], resVer=AffinityTopologyVersion [topVer=3, minorTopVer=1], err=null]
[2018-06-12 16:30:20,182][INFO ][exchange-worker-#42][GridCachePartitionExchangeManager] Skipping rebalancing (nothing scheduled) [top=AffinityTopologyVersion [topVer=3, minorTopVer=1], evt=DISCOVERY_CUSTOM_EVT, node=c93340de-1bd8-4a47-997b-bd15ae45d7a1]
[2018-06-12 16:30:21,764][INFO ][grid-timeout-worker-#23][IgniteKernal] 
Metrics for local node (to disable set 'metricsLogFrequency' to 0)
    ^-- Node [id=c93340de, uptime=00:00:05.006]
    ^-- H/N/C [hosts=1, nodes=3, CPUs=4]
    ^-- CPU [cur=20.23%, avg=24.84%, GC=0%]
    ^-- PageMemory [pages=2257]
    ^-- Heap [used=218MB, free=88.86%, comm=1963MB]
    ^-- Non heap [used=54MB, free=-1%, comm=55MB]
    ^-- Outbound messages queue [size=0]
    ^-- Public thread pool [active=0, idle=6, qSize=0]
    ^-- System thread pool [active=0, idle=8, qSize=0]
[2018-06-12 16:30:21,779][INFO ][grid-timeout-worker-#23][IgniteKernal] FreeList [name=null, buckets=256, dataPages=1, reusePages=0]
[2018-06-12 16:30:21,779][INFO ][grid-timeout-worker-#23][IgniteKernal] FreeList [name=null, buckets=256, dataPages=1, reusePages=659]
[2018-06-12 16:30:26,788][INFO ][grid-timeout-worker-#23][IgniteKernal] 
Metrics for local node (to disable set 'metricsLogFrequency' to 0)
    ^-- Node [id=c93340de, uptime=00:00:10.034]
    ^-- H/N/C [hosts=1, nodes=3, CPUs=4]
    ^-- CPU [cur=17.43%, avg=22.84%, GC=0%]
    ^-- PageMemory [pages=2257]
    ^-- Heap [used=231MB, free=88.22%, comm=1963MB]
    ^-- Non heap [used=56MB, free=-1%, comm=57MB]
    ^-- Outbound messages queue [size=0]
    ^-- Public thread pool [active=0, idle=6, qSize=0]
    ^-- System thread pool [active=0, idle=8, qSize=0]
[2018-06-12 16:30:26,789][INFO ][grid-timeout-worker-#23][IgniteKernal] FreeList [name=null, buckets=256, dataPages=1, reusePages=0]
[2018-06-12 16:30:26,789][INFO ][grid-timeout-worker-#23][IgniteKernal] FreeList [name=null, buckets=256, dataPages=1, reusePages=659]
[2018-06-12 16:30:31,795][INFO ][grid-timeout-worker-#23][IgniteKernal] 
Metrics for local node (to disable set 'metricsLogFrequency' to 0)
    ^-- Node [id=c93340de, uptime=00:00:15.035]
    ^-- H/N/C [hosts=1, nodes=3, CPUs=4]
    ^-- CPU [cur=13.17%, avg=21.49%, GC=0%]
    ^-- PageMemory [pages=2257]
    ^-- Heap [used=282MB, free=85.61%, comm=1963MB]
    ^-- Non heap [used=56MB, free=-1%, comm=57MB]
    ^-- Outbound messages queue [size=1]
    ^-- Public thread pool [active=0, idle=6, qSize=0]
    ^-- System thread pool [active=0, idle=8, qSize=0]
[2018-06-12 16:30:31,795][INFO ][grid-timeout-worker-#23][IgniteKernal] FreeList [name=null, buckets=256, dataPages=1, reusePages=0]
[2018-06-12 16:30:31,795][INFO ][grid-timeout-worker-#23][IgniteKernal] FreeList [name=null, buckets=256, dataPages=1, reusePages=659]
[2018-06-12 16:30:36,790][INFO ][grid-timeout-worker-#23][IgniteKernal] 
Metrics for local node (to disable set 'metricsLogFrequency' to 0)
    ^-- Node [id=c93340de, uptime=00:00:20.036]
    ^-- H/N/C [hosts=1, nodes=3, CPUs=4]
    ^-- CPU [cur=11.67%, avg=19.67%, GC=0%]
    ^-- PageMemory [pages=2257]
    ^-- Heap [used=343MB, free=82.48%, comm=1963MB]
    ^-- Non heap [used=56MB, free=-1%, comm=57MB]
    ^-- Outbound messages queue [size=0]
    ^-- Public thread pool [active=0, idle=6, qSize=0]
    ^-- System thread pool [active=0, idle=8, qSize=0]
[2018-06-12 16:30:36,791][INFO ][grid-timeout-worker-#23][IgniteKernal] FreeList [name=null, buckets=256, dataPages=1, reusePages=0]
[2018-06-12 16:30:36,791][INFO ][grid-timeout-worker-#23][IgniteKernal] FreeList [name=null, buckets=256, dataPages=1, reusePages=659]
[2018-06-12 16:30:41,797][INFO ][grid-timeout-worker-#23][IgniteKernal] 
Metrics for local node (to disable set 'metricsLogFrequency' to 0)
    ^-- Node [id=c93340de, uptime=00:00:25.043]
    ^-- H/N/C [hosts=1, nodes=3, CPUs=4]
    ^-- CPU [cur=15.4%, avg=18.55%, GC=0%]
    ^-- PageMemory [pages=2257]
    ^-- Heap [used=477MB, free=75.69%, comm=1963MB]
    ^-- Non heap [used=57MB, free=-1%, comm=57MB]
    ^-- Outbound messages queue [size=0]
    ^-- Public thread pool [active=0, idle=6, qSize=0]
    ^-- System thread pool [active=0, idle=8, qSize=0]
[2018-06-12 16:30:41,797][INFO ][grid-timeout-worker-#23][IgniteKernal] FreeList [name=null, buckets=256, dataPages=1, reusePages=0]
[2018-06-12 16:30:41,798][INFO ][grid-timeout-worker-#23][IgniteKernal] FreeList [name=null, buckets=256, dataPages=1, reusePages=659]
[2018-06-12 16:30:46,799][INFO ][grid-timeout-worker-#23][IgniteKernal] 
Metrics for local node (to disable set 'metricsLogFrequency' to 0)
    ^-- Node [id=c93340de, uptime=00:00:30.047]
    ^-- H/N/C [hosts=1, nodes=3, CPUs=4]
    ^-- CPU [cur=11.93%, avg=17.8%, GC=2.37%]
    ^-- PageMemory [pages=2257]
    ^-- Heap [used=199MB, free=89.86%, comm=1963MB]
    ^-- Non heap [used=56MB, free=-1%, comm=58MB]
    ^-- Outbound messages queue [size=0]
    ^-- Public thread pool [active=0, idle=6, qSize=0]
    ^-- System thread pool [active=0, idle=8, qSize=0]
[2018-06-12 16:30:46,799][INFO ][grid-timeout-worker-#23][IgniteKernal] FreeList [name=null, buckets=256, dataPages=1, reusePages=0]
[2018-06-12 16:30:46,800][INFO ][grid-timeout-worker-#23][IgniteKernal] FreeList [name=null, buckets=256, dataPages=1, reusePages=659]
[2018-06-12 16:30:51,809][INFO ][grid-timeout-worker-#23][IgniteKernal] 
Metrics for local node (to disable set 'metricsLogFrequency' to 0)
    ^-- Node [id=c93340de, uptime=00:00:35.049]
    ^-- H/N/C [hosts=1, nodes=3, CPUs=4]
    ^-- CPU [cur=8.5%, avg=17.38%, GC=0%]
    ^-- PageMemory [pages=2257]
    ^-- Heap [used=315MB, free=83.92%, comm=1963MB]
    ^-- Non heap [used=56MB, free=-1%, comm=58MB]
    ^-- Outbound messages queue [size=0]
    ^-- Public thread pool [active=0, idle=6, qSize=0]
    ^-- System thread pool [active=0, idle=8, qSize=0]
[2018-06-12 16:30:51,809][INFO ][grid-timeout-worker-#23][IgniteKernal] FreeList [name=null, buckets=256, dataPages=1, reusePages=0]
[2018-06-12 16:30:51,809][INFO ][grid-timeout-worker-#23][IgniteKernal] FreeList [name=null, buckets=256, dataPages=1, reusePages=659]
[2018-06-12 16:30:56,807][INFO ][grid-timeout-worker-#23][IgniteKernal] 
Metrics for local node (to disable set 'metricsLogFrequency' to 0)
    ^-- Node [id=c93340de, uptime=00:00:40.055]
    ^-- H/N/C [hosts=1, nodes=3, CPUs=4]
    ^-- CPU [cur=3.67%, avg=15.53%, GC=0%]
    ^-- PageMemory [pages=2257]
    ^-- Heap [used=373MB, free=80.96%, comm=1963MB]
    ^-- Non heap [used=57MB, free=-1%, comm=58MB]
    ^-- Outbound messages queue [size=0]
    ^-- Public thread pool [active=0, idle=6, qSize=0]
    ^-- System thread pool [active=0, idle=8, qSize=0]
[2018-06-12 16:30:56,807][INFO ][grid-timeout-worker-#23][IgniteKernal] FreeList [name=null, buckets=256, dataPages=1, reusePages=0]
[2018-06-12 16:30:56,807][INFO ][grid-timeout-worker-#23][IgniteKernal] FreeList [name=null, buckets=256, dataPages=1, reusePages=659]
[2018-06-12 16:31:01,812][INFO ][grid-timeout-worker-#23][IgniteKernal] 
Metrics for local node (to disable set 'metricsLogFrequency' to 0)
    ^-- Node [id=c93340de, uptime=00:00:45.060]
    ^-- H/N/C [hosts=1, nodes=3, CPUs=4]
    ^-- CPU [cur=2.5%, avg=14.12%, GC=0%]
    ^-- PageMemory [pages=2257]
    ^-- Heap [used=442MB, free=77.47%, comm=1963MB]
    ^-- Non heap [used=57MB, free=-1%, comm=58MB]
    ^-- Outbound messages queue [size=0]
    ^-- Public thread pool [active=0, idle=6, qSize=0]
    ^-- System thread pool [active=0, idle=8, qSize=0]
[2018-06-12 16:31:01,813][INFO ][grid-timeout-worker-#23][IgniteKernal] FreeList [name=null, buckets=256, dataPages=1, reusePages=0]
[2018-06-12 16:31:01,813][INFO ][grid-timeout-worker-#23][IgniteKernal] FreeList [name=null, buckets=256, dataPages=1, reusePages=659]
[2018-06-12 16:31:06,812][INFO ][grid-timeout-worker-#23][IgniteKernal] 
Metrics for local node (to disable set 'metricsLogFrequency' to 0)
    ^-- Node [id=c93340de, uptime=00:00:50.060]
    ^-- H/N/C [hosts=1, nodes=3, CPUs=4]
    ^-- CPU [cur=5.17%, avg=13.05%, GC=0%]
    ^-- PageMemory [pages=2257]
    ^-- Heap [used=508MB, free=74.1%, comm=1963MB]
    ^-- Non heap [used=56MB, free=-1%, comm=58MB]
    ^-- Outbound messages queue [size=0]
    ^-- Public thread pool [active=0, idle=6, qSize=0]
    ^-- System thread pool [active=0, idle=8, qSize=0]
[2018-06-12 16:31:06,813][INFO ][grid-timeout-worker-#23][IgniteKernal] FreeList [name=null, buckets=256, dataPages=1, reusePages=0]
[2018-06-12 16:31:06,813][INFO ][grid-timeout-worker-#23][IgniteKernal] FreeList [name=null, buckets=256, dataPages=1, reusePages=659]
[2018-06-12 16:31:11,821][INFO ][grid-timeout-worker-#23][IgniteKernal] 
Metrics for local node (to disable set 'metricsLogFrequency' to 0)
    ^-- Node [id=c93340de, uptime=00:00:55.069]
    ^-- H/N/C [hosts=1, nodes=3, CPUs=4]
    ^-- CPU [cur=3.93%, avg=13.05%, GC=0%]
    ^-- PageMemory [pages=2257]
    ^-- Heap [used=548MB, free=72.06%, comm=1963MB]
    ^-- Non heap [used=56MB, free=-1%, comm=58MB]
    ^-- Outbound messages queue [size=0]
    ^-- Public thread pool [active=0, idle=0, qSize=0]
    ^-- System thread pool [active=0, idle=8, qSize=0]
[2018-06-12 16:31:11,821][INFO ][grid-timeout-worker-#23][IgniteKernal] FreeList [name=null, buckets=256, dataPages=1, reusePages=0]
[2018-06-12 16:31:11,822][INFO ][grid-timeout-worker-#23][IgniteKernal] FreeList [name=null, buckets=256, dataPages=1, reusePages=659]
[2018-06-12 16:31:16,826][INFO ][grid-timeout-worker-#23][IgniteKernal] 
Metrics for local node (to disable set 'metricsLogFrequency' to 0)
    ^-- Node [id=c93340de, uptime=00:01:00.070]
    ^-- H/N/C [hosts=1, nodes=3, CPUs=4]
    ^-- CPU [cur=6.6%, avg=12.47%, GC=0%]
    ^-- PageMemory [pages=2257]
    ^-- Heap [used=563MB, free=71.31%, comm=1963MB]
    ^-- Non heap [used=56MB, free=-1%, comm=58MB]
    ^-- Outbound messages queue [size=0]
    ^-- Public thread pool [active=0, idle=0, qSize=0]
    ^-- System thread pool [active=0, idle=8, qSize=0]
[2018-06-12 16:31:16,831][INFO ][grid-timeout-worker-#23][IgniteKernal] FreeList [name=null, buckets=256, dataPages=1, reusePages=0]
[2018-06-12 16:31:16,832][INFO ][grid-timeout-worker-#23][IgniteKernal] FreeList [name=null, buckets=256, dataPages=1, reusePages=659]
[2018-06-12 16:31:21,833][INFO ][grid-timeout-worker-#23][IgniteKernal] 
Metrics for local node (to disable set 'metricsLogFrequency' to 0)
    ^-- Node [id=c93340de, uptime=00:01:05.080]
    ^-- H/N/C [hosts=1, nodes=3, CPUs=4]
    ^-- CPU [cur=1.17%, avg=12.22%, GC=0%]
    ^-- PageMemory [pages=2257]
    ^-- Heap [used=93MB, free=95.23%, comm=1963MB]
    ^-- Non heap [used=56MB, free=-1%, comm=58MB]
    ^-- Outbound messages queue [size=0]
    ^-- Public thread pool [active=0, idle=0, qSize=0]
    ^-- System thread pool [active=0, idle=7, qSize=0]
[2018-06-12 16:31:21,833][INFO ][grid-timeout-worker-#23][IgniteKernal] FreeList [name=null, buckets=256, dataPages=1, reusePages=0]
[2018-06-12 16:31:21,833][INFO ][grid-timeout-worker-#23][IgniteKernal] FreeList [name=null, buckets=256, dataPages=1, reusePages=659]
[2018-06-12 16:31:26,842][INFO ][grid-timeout-worker-#23][IgniteKernal] 
Metrics for local node (to disable set 'metricsLogFrequency' to 0)
    ^-- Node [id=c93340de, uptime=00:01:10.085]
    ^-- H/N/C [hosts=1, nodes=3, CPUs=4]
    ^-- CPU [cur=1.5%, avg=11.76%, GC=0%]
    ^-- PageMemory [pages=2257]
    ^-- Heap [used=114MB, free=94.15%, comm=1963MB]
    ^-- Non heap [used=55MB, free=-1%, comm=58MB]
    ^-- Outbound messages queue [size=0]
    ^-- Public thread pool [active=0, idle=0, qSize=0]
    ^-- System thread pool [active=0, idle=6, qSize=0]
[2018-06-12 16:31:26,842][INFO ][grid-timeout-worker-#23][IgniteKernal] FreeList [name=null, buckets=256, dataPages=1, reusePages=0]
[2018-06-12 16:31:26,842][INFO ][grid-timeout-worker-#23][IgniteKernal] FreeList [name=null, buckets=256, dataPages=1, reusePages=659]
[2018-06-12 16:31:31,840][INFO ][grid-timeout-worker-#23][IgniteKernal] 
Metrics for local node (to disable set 'metricsLogFrequency' to 0)
    ^-- Node [id=c93340de, uptime=00:01:15.086]
    ^-- H/N/C [hosts=1, nodes=3, CPUs=4]
    ^-- CPU [cur=1.57%, avg=11.63%, GC=0%]
    ^-- PageMemory [pages=2257]
    ^-- Heap [used=126MB, free=93.53%, comm=1963MB]
    ^-- Non heap [used=55MB, free=-1%, comm=58MB]
    ^-- Outbound messages queue [size=0]
    ^-- Public thread pool [active=0, idle=0, qSize=0]
    ^-- System thread pool [active=0, idle=6, qSize=0]
[2018-06-12 16:31:31,840][INFO ][grid-timeout-worker-#23][IgniteKernal] FreeList [name=null, buckets=256, dataPages=1, reusePages=0]
[2018-06-12 16:31:31,840][INFO ][grid-timeout-worker-#23][IgniteKernal] FreeList [name=null, buckets=256, dataPages=1, reusePages=659]
[2018-06-12 16:31:36,846][INFO ][grid-timeout-worker-#23][IgniteKernal] 
Metrics for local node (to disable set 'metricsLogFrequency' to 0)
    ^-- Node [id=c93340de, uptime=00:01:20.094]
    ^-- H/N/C [hosts=1, nodes=3, CPUs=4]
    ^-- CPU [cur=0.83%, avg=11.2%, GC=0%]
    ^-- PageMemory [pages=2257]
    ^-- Heap [used=127MB, free=93.51%, comm=1963MB]
    ^-- Non heap [used=55MB, free=-1%, comm=58MB]
    ^-- Outbound messages queue [size=0]
    ^-- Public thread pool [active=0, idle=0, qSize=0]
    ^-- System thread pool [active=0, idle=6, qSize=0]
[2018-06-12 16:31:36,846][INFO ][grid-timeout-worker-#23][IgniteKernal] FreeList [name=null, buckets=256, dataPages=1, reusePages=0]
[2018-06-12 16:31:36,846][INFO ][grid-timeout-worker-#23][IgniteKernal] FreeList [name=null, buckets=256, dataPages=1, reusePages=659]
[2018-06-12 16:31:41,855][INFO ][grid-timeout-worker-#23][IgniteKernal] 
Metrics for local node (to disable set 'metricsLogFrequency' to 0)
    ^-- Node [id=c93340de, uptime=00:01:25.102]
    ^-- H/N/C [hosts=1, nodes=3, CPUs=4]
    ^-- CPU [cur=1%, avg=10.81%, GC=0%]
    ^-- PageMemory [pages=2257]
    ^-- Heap [used=139MB, free=92.88%, comm=1963MB]
    ^-- Non heap [used=55MB, free=-1%, comm=58MB]
    ^-- Outbound messages queue [size=0]
    ^-- Public thread pool [active=0, idle=0, qSize=0]
    ^-- System thread pool [active=0, idle=6, qSize=0]
[2018-06-12 16:31:41,855][INFO ][grid-timeout-worker-#23][IgniteKernal] FreeList [name=null, buckets=256, dataPages=1, reusePages=0]
[2018-06-12 16:31:41,855][INFO ][grid-timeout-worker-#23][IgniteKernal] FreeList [name=null, buckets=256, dataPages=1, reusePages=659]
[2018-06-12 16:31:46,862][INFO ][grid-timeout-worker-#23][IgniteKernal] 
Metrics for local node (to disable set 'metricsLogFrequency' to 0)
    ^-- Node [id=c93340de, uptime=00:01:30.110]
    ^-- H/N/C [hosts=1, nodes=3, CPUs=4]
    ^-- CPU [cur=0.77%, avg=10.44%, GC=0%]
    ^-- PageMemory [pages=2257]
    ^-- Heap [used=147MB, free=92.5%, comm=1963MB]
    ^-- Non heap [used=55MB, free=-1%, comm=58MB]
    ^-- Outbound messages queue [size=0]
    ^-- Public thread pool [active=0, idle=0, qSize=0]
    ^-- System thread pool [active=0, idle=6, qSize=0]
[2018-06-12 16:31:46,863][INFO ][grid-timeout-worker-#23][IgniteKernal] FreeList [name=null, buckets=256, dataPages=1, reusePages=0]
[2018-06-12 16:31:46,863][INFO ][grid-timeout-worker-#23][IgniteKernal] FreeList [name=null, buckets=256, dataPages=1, reusePages=659]
[2018-06-12 16:31:51,872][INFO ][grid-timeout-worker-#23][IgniteKernal] 
Metrics for local node (to disable set 'metricsLogFrequency' to 0)
    ^-- Node [id=c93340de, uptime=00:01:35.118]
    ^-- H/N/C [hosts=1, nodes=3, CPUs=4]
    ^-- CPU [cur=0.33%, avg=10.11%, GC=0%]
    ^-- PageMemory [pages=2257]
    ^-- Heap [used=159MB, free=91.86%, comm=1963MB]
    ^-- Non heap [used=56MB, free=-1%, comm=58MB]
    ^-- Outbound messages queue [size=0]
    ^-- Public thread pool [active=0, idle=0, qSize=0]
    ^-- System thread pool [active=0, idle=6, qSize=0]
[2018-06-12 16:31:51,872][INFO ][grid-timeout-worker-#23][IgniteKernal] FreeList [name=null, buckets=256, dataPages=1, reusePages=0]
[2018-06-12 16:31:51,872][INFO ][grid-timeout-worker-#23][IgniteKernal] FreeList [name=null, buckets=256, dataPages=1, reusePages=659]
[2018-06-12 16:31:56,879][INFO ][grid-timeout-worker-#23][IgniteKernal] 
Metrics for local node (to disable set 'metricsLogFrequency' to 0)
    ^-- Node [id=c93340de, uptime=00:01:40.124]
    ^-- H/N/C [hosts=1, nodes=3, CPUs=4]
    ^-- CPU [cur=0.77%, avg=9.78%, GC=0%]
    ^-- PageMemory [pages=2257]
    ^-- Heap [used=169MB, free=91.35%, comm=1963MB]
    ^-- Non heap [used=56MB, free=-1%, comm=58MB]
    ^-- Outbound messages queue [size=0]
    ^-- Public thread pool [active=0, idle=0, qSize=0]
    ^-- System thread pool [active=0, idle=6, qSize=0]
[2018-06-12 16:31:56,879][INFO ][grid-timeout-worker-#23][IgniteKernal] FreeList [name=null, buckets=256, dataPages=1, reusePages=0]
[2018-06-12 16:31:56,879][INFO ][grid-timeout-worker-#23][IgniteKernal] FreeList [name=null, buckets=256, dataPages=1, reusePages=659]
[2018-06-12 16:32:01,884][INFO ][grid-timeout-worker-#23][IgniteKernal] 
Metrics for local node (to disable set 'metricsLogFrequency' to 0)
    ^-- Node [id=c93340de, uptime=00:01:45.132]
    ^-- H/N/C [hosts=1, nodes=3, CPUs=4]
    ^-- CPU [cur=0.6%, avg=9.47%, GC=0%]
    ^-- PageMemory [pages=2257]
    ^-- Heap [used=175MB, free=91.05%, comm=1963MB]
    ^-- Non heap [used=56MB, free=-1%, comm=58MB]
    ^-- Outbound messages queue [size=0]
    ^-- Public thread pool [active=0, idle=0, qSize=0]
    ^-- System thread pool [active=0, idle=6, qSize=0]
[2018-06-12 16:32:01,884][INFO ][grid-timeout-worker-#23][IgniteKernal] FreeList [name=null, buckets=256, dataPages=1, reusePages=0]
[2018-06-12 16:32:01,884][INFO ][grid-timeout-worker-#23][IgniteKernal] FreeList [name=null, buckets=256, dataPages=1, reusePages=659]
[2018-06-12 16:32:06,890][INFO ][grid-timeout-worker-#23][IgniteKernal] 
Metrics for local node (to disable set 'metricsLogFrequency' to 0)
    ^-- Node [id=c93340de, uptime=00:01:50.134]
    ^-- H/N/C [hosts=1, nodes=3, CPUs=4]
    ^-- CPU [cur=0.6%, avg=9.19%, GC=0%]
    ^-- PageMemory [pages=2257]
    ^-- Heap [used=237MB, free=87.9%, comm=1963MB]
    ^-- Non heap [used=56MB, free=-1%, comm=58MB]
    ^-- Outbound messages queue [size=0]
    ^-- Public thread pool [active=0, idle=0, qSize=0]
    ^-- System thread pool [active=0, idle=6, qSize=0]
[2018-06-12 16:32:06,890][INFO ][grid-timeout-worker-#23][IgniteKernal] FreeList [name=null, buckets=256, dataPages=1, reusePages=0]
[2018-06-12 16:32:06,890][INFO ][grid-timeout-worker-#23][IgniteKernal] FreeList [name=null, buckets=256, dataPages=1, reusePages=659]
[2018-06-12 16:32:11,249][INFO ][disco-event-worker-#41][GridDiscoveryManager] Node left topology: TcpDiscoveryNode [id=4f0c4b5b-4b57-472d-b174-15710d6eef9d, addrs=[127.0.0.1, 172.17.0.1, 192.168.0.101], sockAddrs=[/172.17.0.1:47502, /127.0.0.1:47502, /192.168.0.101:47502], discPort=47502, order=3, intOrder=3, lastExchangeTime=1528810213756, loc=false, ver=2.5.0#20180518-sha1:fe6e70e3, isClient=false]
[2018-06-12 16:32:11,250][INFO ][disco-event-worker-#41][GridDiscoveryManager] Topology snapshot [ver=4, servers=2, clients=0, CPUs=4, offheap=4.6GB, heap=4.0GB]
[2018-06-12 16:32:11,250][INFO ][disco-event-worker-#41][GridDiscoveryManager]   ^-- Node [id=C93340DE-1BD8-4A47-997B-BD15AE45D7A1, clusterState=ACTIVE]
[2018-06-12 16:32:11,250][INFO ][disco-event-worker-#41][GridDiscoveryManager] Data Regions Configured:
[2018-06-12 16:32:11,251][INFO ][disco-event-worker-#41][GridDiscoveryManager]   ^-- default [initSize=256.0 MiB, maxSize=2.3 GiB, persistenceEnabled=false]
[2018-06-12 16:32:11,265][INFO ][tcp-disco-srvr-#3][TcpDiscoverySpi] TCP discovery accepted incoming connection [rmtAddr=/127.0.0.1, rmtPort=35705]
[2018-06-12 16:32:11,266][INFO ][tcp-disco-srvr-#3][TcpDiscoverySpi] TCP discovery spawning a new thread for connection [rmtAddr=/127.0.0.1, rmtPort=35705]
[2018-06-12 16:32:11,278][INFO ][tcp-disco-sock-reader-#9][TcpDiscoverySpi] Started serving remote node connection [rmtAddr=/127.0.0.1:35705, rmtPort=35705]
[2018-06-12 16:32:11,283][INFO ][exchange-worker-#42][time] Started exchange init [topVer=AffinityTopologyVersion [topVer=4, minorTopVer=0], crd=true, evt=NODE_LEFT, evtNode=4f0c4b5b-4b57-472d-b174-15710d6eef9d, customEvt=null, allowMerge=true]
[2018-06-12 16:32:11,283][INFO ][exchange-worker-#42][GridDhtPartitionsExchangeFuture] Finished waiting for partition release future [topVer=AffinityTopologyVersion [topVer=4, minorTopVer=0], waitTime=0ms, futInfo=NA]
[2018-06-12 16:32:11,312][INFO ][exchange-worker-#42][GridDhtPartitionsExchangeFuture] Finished waiting for partitions release latch: ServerLatch [permits=0, pendingAcks=[], super=CompletableLatch [id=exchange, topVer=AffinityTopologyVersion [topVer=4, minorTopVer=0]]]
[2018-06-12 16:32:11,313][INFO ][exchange-worker-#42][GridDhtPartitionsExchangeFuture] Finished waiting for partition release future [topVer=AffinityTopologyVersion [topVer=4, minorTopVer=0], waitTime=0ms, futInfo=NA]
[2018-06-12 16:32:11,322][INFO ][exchange-worker-#42][time] Finished exchange init [topVer=AffinityTopologyVersion [topVer=4, minorTopVer=0], crd=true]
[2018-06-12 16:32:11,338][INFO ][sys-#47][GridDhtPartitionsExchangeFuture] Coordinator received single message [ver=AffinityTopologyVersion [topVer=4, minorTopVer=0], node=e72941cb-382f-4d77-888a-b2d56e5d8a59, allReceived=true]
[2018-06-12 16:32:11,338][INFO ][sys-#47][GridDhtPartitionsExchangeFuture] Coordinator received all messages, try merge [ver=AffinityTopologyVersion [topVer=4, minorTopVer=0]]
[2018-06-12 16:32:11,338][INFO ][sys-#47][GridDhtPartitionsExchangeFuture] finishExchangeOnCoordinator [topVer=AffinityTopologyVersion [topVer=4, minorTopVer=0], resVer=AffinityTopologyVersion [topVer=4, minorTopVer=0]]
[2018-06-12 16:32:11,432][INFO ][sys-#47][GridDhtPartitionsExchangeFuture] Finish exchange future [startVer=AffinityTopologyVersion [topVer=4, minorTopVer=0], resVer=AffinityTopologyVersion [topVer=4, minorTopVer=0], err=null]
[2018-06-12 16:32:11,480][INFO ][exchange-worker-#42][GridCachePartitionExchangeManager] Rebalancing scheduled [order=[CalculatorSvcMetrics]]
[2018-06-12 16:32:11,480][INFO ][exchange-worker-#42][GridCachePartitionExchangeManager] Rebalancing started [top=AffinityTopologyVersion [topVer=4, minorTopVer=0], evt=NODE_LEFT, node=4f0c4b5b-4b57-472d-b174-15710d6eef9d]
[2018-06-12 16:32:11,481][INFO ][exchange-worker-#42][GridDhtPartitionDemander] Starting rebalancing [grp=CalculatorSvcMetrics, mode=ASYNC, fromNode=e72941cb-382f-4d77-888a-b2d56e5d8a59, partitionsCount=330, topology=AffinityTopologyVersion [topVer=4, minorTopVer=0], rebalanceId=27]
[2018-06-12 16:32:11,535][INFO ][sys-#64][GridDhtPartitionDemander] Completed (final) rebalancing [fromNode=e72941cb-382f-4d77-888a-b2d56e5d8a59, cacheOrGroup=CalculatorSvcMetrics, topology=AffinityTopologyVersion [topVer=4, minorTopVer=0], time=55 ms]
[2018-06-12 16:32:11,538][INFO ][sys-#64][GridDhtPartitionDemander] Completed rebalance future: RebalanceFuture [grp=CacheGroupContext [grp=CalculatorSvcMetrics], topVer=AffinityTopologyVersion [topVer=4, minorTopVer=0], rebalanceId=27]
[2018-06-12 16:32:11,892][INFO ][grid-timeout-worker-#23][IgniteKernal] 
Metrics for local node (to disable set 'metricsLogFrequency' to 0)
    ^-- Node [id=c93340de, uptime=00:01:55.135]
    ^-- H/N/C [hosts=1, nodes=2, CPUs=4]
    ^-- CPU [cur=3.4%, avg=8.77%, GC=0%]
    ^-- PageMemory [pages=2258]
    ^-- Heap [used=333MB, free=83.03%, comm=1963MB]
    ^-- Non heap [used=56MB, free=-1%, comm=59MB]
    ^-- Outbound messages queue [size=0]
    ^-- Public thread pool [active=0, idle=2, qSize=0]
    ^-- System thread pool [active=0, idle=8, qSize=0]
[2018-06-12 16:32:11,892][INFO ][grid-timeout-worker-#23][IgniteKernal] FreeList [name=null, buckets=256, dataPages=1, reusePages=0]
[2018-06-12 16:32:11,892][INFO ][grid-timeout-worker-#23][IgniteKernal] FreeList [name=null, buckets=256, dataPages=1, reusePages=0]
[2018-06-12 16:32:13,665][INFO ][tcp-disco-sock-reader-#8][TcpDiscoverySpi] Finished serving remote node connection [rmtAddr=/127.0.0.1:43363, rmtPort=43363
[2018-06-12 16:32:16,888][INFO ][tcp-disco-srvr-#3][TcpDiscoverySpi] TCP discovery accepted incoming connection [rmtAddr=/127.0.0.1, rmtPort=53091]
[2018-06-12 16:32:16,888][INFO ][tcp-disco-srvr-#3][TcpDiscoverySpi] TCP discovery spawning a new thread for connection [rmtAddr=/127.0.0.1, rmtPort=53091]
[2018-06-12 16:32:16,888][INFO ][tcp-disco-sock-reader-#10][TcpDiscoverySpi] Started serving remote node connection [rmtAddr=/127.0.0.1:53091, rmtPort=53091]
[2018-06-12 16:32:16,889][INFO ][grid-timeout-worker-#23][IgniteKernal] 
Metrics for local node (to disable set 'metricsLogFrequency' to 0)
    ^-- Node [id=c93340de, uptime=00:02:00.135]
    ^-- H/N/C [hosts=1, nodes=2, CPUs=4]
    ^-- CPU [cur=1%, avg=8.69%, GC=0%]
    ^-- PageMemory [pages=2258]
    ^-- Heap [used=334MB, free=82.98%, comm=1963MB]
    ^-- Non heap [used=56MB, free=-1%, comm=59MB]
    ^-- Outbound messages queue [size=0]
    ^-- Public thread pool [active=0, idle=2, qSize=0]
    ^-- System thread pool [active=0, idle=8, qSize=0]
[2018-06-12 16:32:16,890][INFO ][grid-timeout-worker-#23][IgniteKernal] FreeList [name=null, buckets=256, dataPages=1, reusePages=0]
[2018-06-12 16:32:16,890][INFO ][grid-timeout-worker-#23][IgniteKernal] FreeList [name=null, buckets=256, dataPages=1, reusePages=0]
[2018-06-12 16:32:16,916][INFO ][tcp-disco-sock-reader-#10][TcpDiscoverySpi] Finished serving remote node connection [rmtAddr=/127.0.0.1:53091, rmtPort=53091
[2018-06-12 16:32:16,929][INFO ][tcp-disco-sock-reader-#9][TcpDiscoverySpi] Finished serving remote node connection [rmtAddr=/127.0.0.1:35705, rmtPort=35705
[2018-06-12 16:32:17,030][INFO ][tcp-disco-srvr-#3][TcpDiscoverySpi] TCP discovery accepted incoming connection [rmtAddr=/127.0.0.1, rmtPort=43297]
[2018-06-12 16:32:17,030][INFO ][tcp-disco-srvr-#3][TcpDiscoverySpi] TCP discovery spawning a new thread for connection [rmtAddr=/127.0.0.1, rmtPort=43297]
[2018-06-12 16:32:17,030][INFO ][tcp-disco-sock-reader-#11][TcpDiscoverySpi] Started serving remote node connection [rmtAddr=/127.0.0.1:43297, rmtPort=43297]
[2018-06-12 16:32:17,041][INFO ][disco-event-worker-#41][GridDiscoveryManager] Added new node to topology: TcpDiscoveryNode [id=5d2a4652-0f9f-4fac-802f-b4535bb835a3, addrs=[127.0.0.1, 172.17.0.1, 192.168.0.101], sockAddrs=[/172.17.0.1:47502, /127.0.0.1:47502, /192.168.0.101:47502], discPort=47502, order=5, intOrder=4, lastExchangeTime=1528810336906, loc=false, ver=2.5.0#20180518-sha1:fe6e70e3, isClient=false]
[2018-06-12 16:32:17,041][INFO ][disco-event-worker-#41][GridDiscoveryManager] Topology snapshot [ver=5, servers=3, clients=0, CPUs=4, offheap=7.0GB, heap=6.0GB]
[2018-06-12 16:32:17,041][INFO ][disco-event-worker-#41][GridDiscoveryManager]   ^-- Node [id=C93340DE-1BD8-4A47-997B-BD15AE45D7A1, clusterState=ACTIVE]
[2018-06-12 16:32:17,041][INFO ][disco-event-worker-#41][GridDiscoveryManager] Data Regions Configured:
[2018-06-12 16:32:17,041][INFO ][disco-event-worker-#41][GridDiscoveryManager]   ^-- default [initSize=256.0 MiB, maxSize=2.3 GiB, persistenceEnabled=false]
[2018-06-12 16:32:17,042][INFO ][exchange-worker-#42][time] Started exchange init [topVer=AffinityTopologyVersion [topVer=5, minorTopVer=0], crd=true, evt=NODE_JOINED, evtNode=5d2a4652-0f9f-4fac-802f-b4535bb835a3, customEvt=null, allowMerge=true]
[2018-06-12 16:32:17,043][INFO ][exchange-worker-#42][GridDhtPartitionsExchangeFuture] Finished waiting for partition release future [topVer=AffinityTopologyVersion [topVer=5, minorTopVer=0], waitTime=0ms, futInfo=NA]
[2018-06-12 16:32:17,648][INFO ][grid-nio-worker-tcp-comm-2-#27][TcpCommunicationSpi] Accepted incoming communication connection [locAddr=/127.0.0.1:47101, rmtAddr=/127.0.0.1:40836]
[2018-06-12 16:32:17,701][INFO ][exchange-worker-#42][GridDhtPartitionsExchangeFuture] Finished waiting for partitions release latch: ServerLatch [permits=0, pendingAcks=[], super=CompletableLatch [id=exchange, topVer=AffinityTopologyVersion [topVer=5, minorTopVer=0]]]
[2018-06-12 16:32:17,702][INFO ][exchange-worker-#42][GridDhtPartitionsExchangeFuture] Finished waiting for partition release future [topVer=AffinityTopologyVersion [topVer=5, minorTopVer=0], waitTime=0ms, futInfo=NA]
[2018-06-12 16:32:17,702][INFO ][exchange-worker-#42][GridDhtPartitionsExchangeFuture] Coordinator received single message [ver=AffinityTopologyVersion [topVer=5, minorTopVer=0], node=5d2a4652-0f9f-4fac-802f-b4535bb835a3, allReceived=false]
[2018-06-12 16:32:17,702][INFO ][exchange-worker-#42][time] Finished exchange init [topVer=AffinityTopologyVersion [topVer=5, minorTopVer=0], crd=true]
[2018-06-12 16:32:17,722][INFO ][sys-#65][GridDhtPartitionsExchangeFuture] Coordinator received single message [ver=AffinityTopologyVersion [topVer=5, minorTopVer=0], node=e72941cb-382f-4d77-888a-b2d56e5d8a59, allReceived=true]
[2018-06-12 16:32:17,722][INFO ][sys-#65][GridDhtPartitionsExchangeFuture] Coordinator received all messages, try merge [ver=AffinityTopologyVersion [topVer=5, minorTopVer=0]]
[2018-06-12 16:32:17,722][INFO ][sys-#65][GridDhtPartitionsExchangeFuture] finishExchangeOnCoordinator [topVer=AffinityTopologyVersion [topVer=5, minorTopVer=0], resVer=AffinityTopologyVersion [topVer=5, minorTopVer=0]]
[2018-06-12 16:32:17,780][INFO ][sys-#65][GridDhtPartitionsExchangeFuture] Finish exchange future [startVer=AffinityTopologyVersion [topVer=5, minorTopVer=0], resVer=AffinityTopologyVersion [topVer=5, minorTopVer=0], err=null]
[2018-06-12 16:32:17,798][INFO ][exchange-worker-#42][GridCachePartitionExchangeManager] Skipping rebalancing (nothing scheduled) [top=AffinityTopologyVersion [topVer=5, minorTopVer=0], evt=NODE_JOINED, node=5d2a4652-0f9f-4fac-802f-b4535bb835a3]
[2018-06-12 16:32:19,907][INFO ][exchange-worker-#42][time] Started exchange init [topVer=AffinityTopologyVersion [topVer=5, minorTopVer=1], crd=true, evt=DISCOVERY_CUSTOM_EVT, evtNode=c93340de-1bd8-4a47-997b-bd15ae45d7a1, customEvt=CacheAffinityChangeMessage [id=54e7034f361-f3c8e094-2d78-41ae-bba0-87bc81190624, topVer=AffinityTopologyVersion [topVer=5, minorTopVer=0], exchId=null, partsMsg=null, exchangeNeeded=true], allowMerge=false]
[2018-06-12 16:32:19,920][INFO ][exchange-worker-#42][GridDhtPartitionsExchangeFuture] Finished waiting for partition release future [topVer=AffinityTopologyVersion [topVer=5, minorTopVer=1], waitTime=0ms, futInfo=NA]
[2018-06-12 16:32:20,347][INFO ][exchange-worker-#42][GridDhtPartitionsExchangeFuture] Finished waiting for partitions release latch: ServerLatch [permits=0, pendingAcks=[], super=CompletableLatch [id=exchange, topVer=AffinityTopologyVersion [topVer=5, minorTopVer=1]]]
[2018-06-12 16:32:20,347][INFO ][exchange-worker-#42][GridDhtPartitionsExchangeFuture] Finished waiting for partition release future [topVer=AffinityTopologyVersion [topVer=5, minorTopVer=1], waitTime=0ms, futInfo=NA]
[2018-06-12 16:32:20,350][INFO ][exchange-worker-#42][time] Finished exchange init [topVer=AffinityTopologyVersion [topVer=5, minorTopVer=1], crd=true]
[2018-06-12 16:32:20,377][INFO ][sys-#67][GridDhtPartitionsExchangeFuture] Coordinator received single message [ver=AffinityTopologyVersion [topVer=5, minorTopVer=1], node=e72941cb-382f-4d77-888a-b2d56e5d8a59, allReceived=false]
[2018-06-12 16:32:20,390][INFO ][sys-#70][GridDhtPartitionsExchangeFuture] Coordinator received single message [ver=AffinityTopologyVersion [topVer=5, minorTopVer=1], node=5d2a4652-0f9f-4fac-802f-b4535bb835a3, allReceived=true]
[2018-06-12 16:32:20,390][INFO ][sys-#70][GridDhtPartitionsExchangeFuture] finishExchangeOnCoordinator [topVer=AffinityTopologyVersion [topVer=5, minorTopVer=1], resVer=AffinityTopologyVersion [topVer=5, minorTopVer=1]]
[2018-06-12 16:32:20,412][INFO ][sys-#70][GridDhtPartitionsExchangeFuture] Finish exchange future [startVer=AffinityTopologyVersion [topVer=5, minorTopVer=1], resVer=AffinityTopologyVersion [topVer=5, minorTopVer=1], err=null]
[2018-06-12 16:32:20,430][INFO ][exchange-worker-#42][GridCachePartitionExchangeManager] Skipping rebalancing (nothing scheduled) [top=AffinityTopologyVersion [topVer=5, minorTopVer=1], evt=DISCOVERY_CUSTOM_EVT, node=c93340de-1bd8-4a47-997b-bd15ae45d7a1]
[2018-06-12 16:32:21,893][INFO ][grid-timeout-worker-#23][IgniteKernal] 
Metrics for local node (to disable set 'metricsLogFrequency' to 0)
    ^-- Node [id=c93340de, uptime=00:02:05.139]
    ^-- H/N/C [hosts=1, nodes=3, CPUs=4]
    ^-- CPU [cur=20.33%, avg=8.48%, GC=0%]
    ^-- PageMemory [pages=2261]
    ^-- Heap [used=369MB, free=81.17%, comm=1963MB]
    ^-- Non heap [used=58MB, free=-1%, comm=59MB]
    ^-- Outbound messages queue [size=0]
    ^-- Public thread pool [active=0, idle=2, qSize=0]
    ^-- System thread pool [active=0, idle=8, qSize=0]
[2018-06-12 16:32:21,893][INFO ][grid-timeout-worker-#23][IgniteKernal] FreeList [name=null, buckets=256, dataPages=1, reusePages=0]
[2018-06-12 16:32:21,893][INFO ][grid-timeout-worker-#23][IgniteKernal] FreeList [name=null, buckets=256, dataPages=1, reusePages=660]
[2018-06-12 16:32:26,900][INFO ][grid-timeout-worker-#23][IgniteKernal] 
Metrics for local node (to disable set 'metricsLogFrequency' to 0)
    ^-- Node [id=c93340de, uptime=00:02:10.146]
    ^-- H/N/C [hosts=1, nodes=3, CPUs=4]
    ^-- CPU [cur=10.93%, avg=9.15%, GC=0%]
    ^-- PageMemory [pages=2261]
    ^-- Heap [used=380MB, free=80.61%, comm=1963MB]
    ^-- Non heap [used=58MB, free=-1%, comm=59MB]
    ^-- Outbound messages queue [size=0]
    ^-- Public thread pool [active=0, idle=2, qSize=0]
    ^-- System thread pool [active=0, idle=8, qSize=0]
[2018-06-12 16:32:26,900][INFO ][grid-timeout-worker-#23][IgniteKernal] FreeList [name=null, buckets=256, dataPages=1, reusePages=0]
[2018-06-12 16:32:26,900][INFO ][grid-timeout-worker-#23][IgniteKernal] FreeList [name=null, buckets=256, dataPages=1, reusePages=660]
[2018-06-12 16:32:31,907][INFO ][grid-timeout-worker-#23][IgniteKernal] 
Metrics for local node (to disable set 'metricsLogFrequency' to 0)
    ^-- Node [id=c93340de, uptime=00:02:15.148]
    ^-- H/N/C [hosts=1, nodes=3, CPUs=4]
    ^-- CPU [cur=5%, avg=9.15%, GC=0%]
    ^-- PageMemory [pages=2261]
    ^-- Heap [used=411MB, free=79.04%, comm=1963MB]
    ^-- Non heap [used=58MB, free=-1%, comm=59MB]
    ^-- Outbound messages queue [size=0]
    ^-- Public thread pool [active=0, idle=2, qSize=0]
    ^-- System thread pool [active=0, idle=8, qSize=0]
[2018-06-12 16:32:31,907][INFO ][grid-timeout-worker-#23][IgniteKernal] FreeList [name=null, buckets=256, dataPages=1, reusePages=0]
[2018-06-12 16:32:31,907][INFO ][grid-timeout-worker-#23][IgniteKernal] FreeList [name=null, buckets=256, dataPages=1, reusePages=660]
[2018-06-12 16:32:36,901][INFO ][grid-timeout-worker-#23][IgniteKernal] 
Metrics for local node (to disable set 'metricsLogFrequency' to 0)
    ^-- Node [id=c93340de, uptime=00:02:20.149]
    ^-- H/N/C [hosts=1, nodes=3, CPUs=4]
    ^-- CPU [cur=9.6%, avg=9.03%, GC=0.1%]
    ^-- PageMemory [pages=2261]
    ^-- Heap [used=40MB, free=97.94%, comm=1963MB]
    ^-- Non heap [used=58MB, free=-1%, comm=59MB]
    ^-- Outbound messages queue [size=0]
    ^-- Public thread pool [active=0, idle=2, qSize=0]
    ^-- System thread pool [active=0, idle=8, qSize=0]
[2018-06-12 16:32:36,901][INFO ][grid-timeout-worker-#23][IgniteKernal] FreeList [name=null, buckets=256, dataPages=1, reusePages=0]
[2018-06-12 16:32:36,901][INFO ][grid-timeout-worker-#23][IgniteKernal] FreeList [name=null, buckets=256, dataPages=1, reusePages=660]
[2018-06-12 16:32:41,904][INFO ][grid-timeout-worker-#23][IgniteKernal] 
Metrics for local node (to disable set 'metricsLogFrequency' to 0)
    ^-- Node [id=c93340de, uptime=00:02:25.149]
    ^-- H/N/C [hosts=1, nodes=3, CPUs=4]
    ^-- CPU [cur=10.5%, avg=9.08%, GC=0%]
    ^-- PageMemory [pages=2261]
    ^-- Heap [used=215MB, free=89%, comm=1963MB]
    ^-- Non heap [used=59MB, free=-1%, comm=60MB]
    ^-- Outbound messages queue [size=0]
    ^-- Public thread pool [active=0, idle=2, qSize=0]
    ^-- System thread pool [active=0, idle=8, qSize=0]
[2018-06-12 16:32:41,904][INFO ][grid-timeout-worker-#23][IgniteKernal] FreeList [name=null, buckets=256, dataPages=1, reusePages=0]
[2018-06-12 16:32:41,904][INFO ][grid-timeout-worker-#23][IgniteKernal] FreeList [name=null, buckets=256, dataPages=1, reusePages=660]
[2018-06-12 16:32:46,904][INFO ][grid-timeout-worker-#23][IgniteKernal] 
Metrics for local node (to disable set 'metricsLogFrequency' to 0)
    ^-- Node [id=c93340de, uptime=00:02:30.151]
    ^-- H/N/C [hosts=1, nodes=3, CPUs=4]
    ^-- CPU [cur=10.67%, avg=9.14%, GC=0%]
    ^-- PageMemory [pages=2261]
    ^-- Heap [used=386MB, free=80.32%, comm=1963MB]
    ^-- Non heap [used=59MB, free=-1%, comm=60MB]
    ^-- Outbound messages queue [size=0]
    ^-- Public thread pool [active=0, idle=2, qSize=0]
    ^-- System thread pool [active=0, idle=8, qSize=0]
[2018-06-12 16:32:46,904][INFO ][grid-timeout-worker-#23][IgniteKernal] FreeList [name=null, buckets=256, dataPages=1, reusePages=0]
[2018-06-12 16:32:46,905][INFO ][grid-timeout-worker-#23][IgniteKernal] FreeList [name=null, buckets=256, dataPages=1, reusePages=660]
[2018-06-12 16:32:51,911][INFO ][grid-timeout-worker-#23][IgniteKernal] 
Metrics for local node (to disable set 'metricsLogFrequency' to 0)
    ^-- Node [id=c93340de, uptime=00:02:35.158]
    ^-- H/N/C [hosts=1, nodes=3, CPUs=4]
    ^-- CPU [cur=10%, avg=9.19%, GC=0.17%]
    ^-- PageMemory [pages=2261]
    ^-- Heap [used=42MB, free=97.87%, comm=2013MB]
    ^-- Non heap [used=59MB, free=-1%, comm=60MB]
    ^-- Outbound messages queue [size=0]
    ^-- Public thread pool [active=0, idle=2, qSize=0]
    ^-- System thread pool [active=0, idle=8, qSize=0]
[2018-06-12 16:32:51,911][INFO ][grid-timeout-worker-#23][IgniteKernal] FreeList [name=null, buckets=256, dataPages=1, reusePages=0]
[2018-06-12 16:32:51,911][INFO ][grid-timeout-worker-#23][IgniteKernal] FreeList [name=null, buckets=256, dataPages=1, reusePages=660]
[2018-06-12 16:32:56,915][INFO ][grid-timeout-worker-#23][IgniteKernal] 
Metrics for local node (to disable set 'metricsLogFrequency' to 0)
    ^-- Node [id=c93340de, uptime=00:02:40.158]
    ^-- H/N/C [hosts=1, nodes=3, CPUs=4]
    ^-- CPU [cur=12%, avg=9.27%, GC=0%]
    ^-- PageMemory [pages=2261]
    ^-- Heap [used=226MB, free=88.77%, comm=2013MB]
    ^-- Non heap [used=59MB, free=-1%, comm=60MB]
    ^-- Outbound messages queue [size=0]
    ^-- Public thread pool [active=0, idle=2, qSize=0]
    ^-- System thread pool [active=0, idle=8, qSize=0]
[2018-06-12 16:32:56,915][INFO ][grid-timeout-worker-#23][IgniteKernal] FreeList [name=null, buckets=256, dataPages=1, reusePages=0]
[2018-06-12 16:32:56,915][INFO ][grid-timeout-worker-#23][IgniteKernal] FreeList [name=null, buckets=256, dataPages=1, reusePages=660]
[2018-06-12 16:33:01,919][INFO ][grid-timeout-worker-#23][IgniteKernal] 
Metrics for local node (to disable set 'metricsLogFrequency' to 0)
    ^-- Node [id=c93340de, uptime=00:02:45.164]
    ^-- H/N/C [hosts=1, nodes=3, CPUs=4]
    ^-- CPU [cur=10%, avg=9.28%, GC=0%]
    ^-- PageMemory [pages=2261]
    ^-- Heap [used=393MB, free=80.45%, comm=2013MB]
    ^-- Non heap [used=59MB, free=-1%, comm=61MB]
    ^-- Outbound messages queue [size=0]
    ^-- Public thread pool [active=0, idle=2, qSize=0]
    ^-- System thread pool [active=0, idle=8, qSize=0]
[2018-06-12 16:33:01,919][INFO ][grid-timeout-worker-#23][IgniteKernal] FreeList [name=null, buckets=256, dataPages=1, reusePages=0]
[2018-06-12 16:33:01,919][INFO ][grid-timeout-worker-#23][IgniteKernal] FreeList [name=null, buckets=256, dataPages=1, reusePages=660]
[2018-06-12 16:33:06,925][INFO ][grid-timeout-worker-#23][IgniteKernal] 
Metrics for local node (to disable set 'metricsLogFrequency' to 0)
    ^-- Node [id=c93340de, uptime=00:02:50.173]
    ^-- H/N/C [hosts=1, nodes=3, CPUs=4]
    ^-- CPU [cur=10.73%, avg=9.29%, GC=0%]
    ^-- PageMemory [pages=2261]
    ^-- Heap [used=555MB, free=72.39%, comm=2013MB]
    ^-- Non heap [used=59MB, free=-1%, comm=61MB]
    ^-- Outbound messages queue [size=0]
    ^-- Public thread pool [active=0, idle=2, qSize=0]
    ^-- System thread pool [active=0, idle=8, qSize=0]
[2018-06-12 16:33:06,925][INFO ][grid-timeout-worker-#23][IgniteKernal] FreeList [name=null, buckets=256, dataPages=1, reusePages=0]
[2018-06-12 16:33:06,926][INFO ][grid-timeout-worker-#23][IgniteKernal] FreeList [name=null, buckets=256, dataPages=1, reusePages=660]
[2018-06-12 16:33:11,935][INFO ][grid-timeout-worker-#23][IgniteKernal] 
Metrics for local node (to disable set 'metricsLogFrequency' to 0)
    ^-- Node [id=c93340de, uptime=00:02:55.178]
    ^-- H/N/C [hosts=1, nodes=3, CPUs=4]
    ^-- CPU [cur=9.33%, avg=9.31%, GC=0%]
    ^-- PageMemory [pages=2261]
    ^-- Heap [used=113MB, free=94.37%, comm=2013MB]
    ^-- Non heap [used=59MB, free=-1%, comm=61MB]
    ^-- Outbound messages queue [size=0]
    ^-- Public thread pool [active=0, idle=0, qSize=0]
    ^-- System thread pool [active=0, idle=8, qSize=0]
[2018-06-12 16:33:11,935][INFO ][grid-timeout-worker-#23][IgniteKernal] FreeList [name=null, buckets=256, dataPages=1, reusePages=0]
[2018-06-12 16:33:11,935][INFO ][grid-timeout-worker-#23][IgniteKernal] FreeList [name=null, buckets=256, dataPages=1, reusePages=660]
[2018-06-12 16:33:16,934][INFO ][grid-timeout-worker-#23][IgniteKernal] 
Metrics for local node (to disable set 'metricsLogFrequency' to 0)
    ^-- Node [id=c93340de, uptime=00:03:00.178]
    ^-- H/N/C [hosts=1, nodes=3, CPUs=4]
    ^-- CPU [cur=10.43%, avg=9.34%, GC=0%]
    ^-- PageMemory [pages=2261]
    ^-- Heap [used=269MB, free=86.63%, comm=2013MB]
    ^-- Non heap [used=59MB, free=-1%, comm=61MB]
    ^-- Outbound messages queue [size=0]
    ^-- Public thread pool [active=0, idle=0, qSize=0]
    ^-- System thread pool [active=0, idle=8, qSize=0]
[2018-06-12 16:33:16,934][INFO ][grid-timeout-worker-#23][IgniteKernal] FreeList [name=null, buckets=256, dataPages=1, reusePages=0]
[2018-06-12 16:33:16,934][INFO ][grid-timeout-worker-#23][IgniteKernal] FreeList [name=null, buckets=256, dataPages=1, reusePages=660]
[2018-06-12 16:33:21,932][INFO ][grid-timeout-worker-#23][IgniteKernal] 
Metrics for local node (to disable set 'metricsLogFrequency' to 0)
    ^-- Node [id=c93340de, uptime=00:03:05.178]
    ^-- H/N/C [hosts=1, nodes=3, CPUs=4]
    ^-- CPU [cur=12.23%, avg=9.39%, GC=0%]
    ^-- PageMemory [pages=2261]
    ^-- Heap [used=429MB, free=78.66%, comm=2013MB]
    ^-- Non heap [used=60MB, free=-1%, comm=61MB]
    ^-- Outbound messages queue [size=0]
    ^-- Public thread pool [active=0, idle=0, qSize=0]
    ^-- System thread pool [active=0, idle=8, qSize=0]
[2018-06-12 16:33:21,932][INFO ][grid-timeout-worker-#23][IgniteKernal] FreeList [name=null, buckets=256, dataPages=1, reusePages=0]
[2018-06-12 16:33:21,933][INFO ][grid-timeout-worker-#23][IgniteKernal] FreeList [name=null, buckets=256, dataPages=1, reusePages=660]
[2018-06-12 16:33:26,937][INFO ][grid-timeout-worker-#23][IgniteKernal] 
Metrics for local node (to disable set 'metricsLogFrequency' to 0)
    ^-- Node [id=c93340de, uptime=00:03:10.183]
    ^-- H/N/C [hosts=1, nodes=3, CPUs=4]
    ^-- CPU [cur=10.17%, avg=9.65%, GC=0%]
    ^-- PageMemory [pages=2261]
    ^-- Heap [used=606MB, free=69.87%, comm=2013MB]
    ^-- Non heap [used=60MB, free=-1%, comm=61MB]
    ^-- Outbound messages queue [size=0]
    ^-- Public thread pool [active=0, idle=0, qSize=0]
    ^-- System thread pool [active=0, idle=6, qSize=0]
[2018-06-12 16:33:26,938][INFO ][grid-timeout-worker-#23][IgniteKernal] FreeList [name=null, buckets=256, dataPages=1, reusePages=0]
[2018-06-12 16:33:26,938][INFO ][grid-timeout-worker-#23][IgniteKernal] FreeList [name=null, buckets=256, dataPages=1, reusePages=660]
[2018-06-12 16:33:31,945][INFO ][grid-timeout-worker-#23][IgniteKernal] 
Metrics for local node (to disable set 'metricsLogFrequency' to 0)
    ^-- Node [id=c93340de, uptime=00:03:15.192]
    ^-- H/N/C [hosts=1, nodes=3, CPUs=4]
    ^-- CPU [cur=10%, avg=9.67%, GC=0.13%]
    ^-- PageMemory [pages=2261]
    ^-- Heap [used=178MB, free=91.16%, comm=2015MB]
    ^-- Non heap [used=60MB, free=-1%, comm=61MB]
    ^-- Outbound messages queue [size=0]
    ^-- Public thread pool [active=0, idle=0, qSize=0]
    ^-- System thread pool [active=0, idle=6, qSize=0]
[2018-06-12 16:33:31,945][INFO ][grid-timeout-worker-#23][IgniteKernal] FreeList [name=null, buckets=256, dataPages=1, reusePages=0]
[2018-06-12 16:33:31,945][INFO ][grid-timeout-worker-#23][IgniteKernal] FreeList [name=null, buckets=256, dataPages=1, reusePages=660]
[2018-06-12 16:33:36,953][INFO ][grid-timeout-worker-#23][IgniteKernal] 
Metrics for local node (to disable set 'metricsLogFrequency' to 0)
    ^-- Node [id=c93340de, uptime=00:03:20.198]
    ^-- H/N/C [hosts=1, nodes=3, CPUs=4]
    ^-- CPU [cur=10.07%, avg=9.68%, GC=0%]
    ^-- PageMemory [pages=2261]
    ^-- Heap [used=355MB, free=82.37%, comm=2015MB]
    ^-- Non heap [used=60MB, free=-1%, comm=61MB]
    ^-- Outbound messages queue [size=0]
    ^-- Public thread pool [active=0, idle=0, qSize=0]
    ^-- System thread pool [active=0, idle=6, qSize=0]
[2018-06-12 16:33:36,953][INFO ][grid-timeout-worker-#23][IgniteKernal] FreeList [name=null, buckets=256, dataPages=1, reusePages=0]
[2018-06-12 16:33:36,953][INFO ][grid-timeout-worker-#23][IgniteKernal] FreeList [name=null, buckets=256, dataPages=1, reusePages=660]
[2018-06-12 16:33:41,957][INFO ][grid-timeout-worker-#23][IgniteKernal] 
Metrics for local node (to disable set 'metricsLogFrequency' to 0)
    ^-- Node [id=c93340de, uptime=00:03:25.205]
    ^-- H/N/C [hosts=1, nodes=3, CPUs=4]
    ^-- CPU [cur=9.77%, avg=9.69%, GC=0%]
    ^-- PageMemory [pages=2261]
    ^-- Heap [used=527MB, free=73.83%, comm=2015MB]
    ^-- Non heap [used=60MB, free=-1%, comm=61MB]
    ^-- Outbound messages queue [size=1]
    ^-- Public thread pool [active=0, idle=0, qSize=0]
    ^-- System thread pool [active=0, idle=6, qSize=0]
[2018-06-12 16:33:41,958][INFO ][grid-timeout-worker-#23][IgniteKernal] FreeList [name=null, buckets=256, dataPages=1, reusePages=0]
[2018-06-12 16:33:41,958][INFO ][grid-timeout-worker-#23][IgniteKernal] FreeList [name=null, buckets=256, dataPages=1, reusePages=660]
[2018-06-12 16:33:46,960][INFO ][grid-timeout-worker-#23][IgniteKernal] 
Metrics for local node (to disable set 'metricsLogFrequency' to 0)
    ^-- Node [id=c93340de, uptime=00:03:30.206]
    ^-- H/N/C [hosts=1, nodes=3, CPUs=4]
    ^-- CPU [cur=10.33%, avg=9.69%, GC=0.07%]
    ^-- PageMemory [pages=2261]
    ^-- Heap [used=97MB, free=95.14%, comm=2014MB]
    ^-- Non heap [used=60MB, free=-1%, comm=61MB]
    ^-- Outbound messages queue [size=0]
    ^-- Public thread pool [active=0, idle=0, qSize=0]
    ^-- System thread pool [active=0, idle=6, qSize=0]
[2018-06-12 16:33:46,960][INFO ][grid-timeout-worker-#23][IgniteKernal] FreeList [name=null, buckets=256, dataPages=1, reusePages=0]
[2018-06-12 16:33:46,960][INFO ][grid-timeout-worker-#23][IgniteKernal] FreeList [name=null, buckets=256, dataPages=1, reusePages=660]
[2018-06-12 16:33:51,967][INFO ][grid-timeout-worker-#23][IgniteKernal] 
Metrics for local node (to disable set 'metricsLogFrequency' to 0)
    ^-- Node [id=c93340de, uptime=00:03:35.213]
    ^-- H/N/C [hosts=1, nodes=3, CPUs=4]
    ^-- CPU [cur=9.5%, avg=9.7%, GC=0%]
    ^-- PageMemory [pages=2261]
    ^-- Heap [used=262MB, free=86.99%, comm=2014MB]
    ^-- Non heap [used=60MB, free=-1%, comm=61MB]
    ^-- Outbound messages queue [size=0]
    ^-- Public thread pool [active=0, idle=0, qSize=0]
    ^-- System thread pool [active=0, idle=6, qSize=0]
[2018-06-12 16:33:51,967][INFO ][grid-timeout-worker-#23][IgniteKernal] FreeList [name=null, buckets=256, dataPages=1, reusePages=0]
[2018-06-12 16:33:51,967][INFO ][grid-timeout-worker-#23][IgniteKernal] FreeList [name=null, buckets=256, dataPages=1, reusePages=660]
[2018-06-12 16:33:56,974][INFO ][grid-timeout-worker-#23][IgniteKernal] 
Metrics for local node (to disable set 'metricsLogFrequency' to 0)
    ^-- Node [id=c93340de, uptime=00:03:40.219]
    ^-- H/N/C [hosts=1, nodes=3, CPUs=4]
    ^-- CPU [cur=10.17%, avg=9.69%, GC=0%]
    ^-- PageMemory [pages=2261]
    ^-- Heap [used=437MB, free=78.3%, comm=2014MB]
    ^-- Non heap [used=60MB, free=-1%, comm=61MB]
    ^-- Outbound messages queue [size=0]
    ^-- Public thread pool [active=0, idle=0, qSize=0]
    ^-- System thread pool [active=0, idle=6, qSize=0]
[2018-06-12 16:33:56,974][INFO ][grid-timeout-worker-#23][IgniteKernal] FreeList [name=null, buckets=256, dataPages=1, reusePages=0]
[2018-06-12 16:33:56,974][INFO ][grid-timeout-worker-#23][IgniteKernal] FreeList [name=null, buckets=256, dataPages=1, reusePages=660]
[2018-06-12 16:33:59,960][INFO ][disco-event-worker-#41][GridDiscoveryManager] Node left topology: TcpDiscoveryNode [id=5d2a4652-0f9f-4fac-802f-b4535bb835a3, addrs=[127.0.0.1, 172.17.0.1, 192.168.0.101], sockAddrs=[/172.17.0.1:47502, /127.0.0.1:47502, /192.168.0.101:47502], discPort=47502, order=5, intOrder=4, lastExchangeTime=1528810336906, loc=false, ver=2.5.0#20180518-sha1:fe6e70e3, isClient=false]
[2018-06-12 16:33:59,961][INFO ][disco-event-worker-#41][GridDiscoveryManager] Topology snapshot [ver=6, servers=2, clients=0, CPUs=4, offheap=4.6GB, heap=4.0GB]
[2018-06-12 16:33:59,961][INFO ][disco-event-worker-#41][GridDiscoveryManager]   ^-- Node [id=C93340DE-1BD8-4A47-997B-BD15AE45D7A1, clusterState=ACTIVE]
[2018-06-12 16:33:59,961][INFO ][disco-event-worker-#41][GridDiscoveryManager] Data Regions Configured:
[2018-06-12 16:33:59,961][INFO ][disco-event-worker-#41][GridDiscoveryManager]   ^-- default [initSize=256.0 MiB, maxSize=2.3 GiB, persistenceEnabled=false]
[2018-06-12 16:33:59,966][INFO ][tcp-disco-srvr-#3][TcpDiscoverySpi] TCP discovery accepted incoming connection [rmtAddr=/127.0.0.1, rmtPort=33357]
[2018-06-12 16:33:59,966][INFO ][tcp-disco-srvr-#3][TcpDiscoverySpi] TCP discovery spawning a new thread for connection [rmtAddr=/127.0.0.1, rmtPort=33357]
[2018-06-12 16:33:59,967][INFO ][tcp-disco-sock-reader-#12][TcpDiscoverySpi] Started serving remote node connection [rmtAddr=/127.0.0.1:33357, rmtPort=33357]
[2018-06-12 16:33:59,991][INFO ][exchange-worker-#42][time] Started exchange init [topVer=AffinityTopologyVersion [topVer=6, minorTopVer=0], crd=true, evt=NODE_LEFT, evtNode=5d2a4652-0f9f-4fac-802f-b4535bb835a3, customEvt=null, allowMerge=true]
[2018-06-12 16:33:59,991][INFO ][exchange-worker-#42][GridDhtPartitionsExchangeFuture] Finished waiting for partition release future [topVer=AffinityTopologyVersion [topVer=6, minorTopVer=0], waitTime=0ms, futInfo=NA]
[2018-06-12 16:34:00,131][INFO ][tcp-disco-sock-reader-#11][TcpDiscoverySpi] Finished serving remote node connection [rmtAddr=/127.0.0.1:43297, rmtPort=43297
[2018-06-12 16:34:00,451][INFO ][exchange-worker-#42][GridDhtPartitionsExchangeFuture] Finished waiting for partitions release latch: ServerLatch [permits=0, pendingAcks=[], super=CompletableLatch [id=exchange, topVer=AffinityTopologyVersion [topVer=6, minorTopVer=0]]]
[2018-06-12 16:34:00,451][INFO ][exchange-worker-#42][GridDhtPartitionsExchangeFuture] Finished waiting for partition release future [topVer=AffinityTopologyVersion [topVer=6, minorTopVer=0], waitTime=0ms, futInfo=NA]
[2018-06-12 16:34:00,453][INFO ][exchange-worker-#42][time] Finished exchange init [topVer=AffinityTopologyVersion [topVer=6, minorTopVer=0], crd=true]
[2018-06-12 16:34:00,461][INFO ][sys-#63][GridDhtPartitionsExchangeFuture] Coordinator received single message [ver=AffinityTopologyVersion [topVer=6, minorTopVer=0], node=e72941cb-382f-4d77-888a-b2d56e5d8a59, allReceived=true]
[2018-06-12 16:34:00,462][INFO ][sys-#63][GridDhtPartitionsExchangeFuture] Coordinator received all messages, try merge [ver=AffinityTopologyVersion [topVer=6, minorTopVer=0]]
[2018-06-12 16:34:00,462][INFO ][sys-#63][GridDhtPartitionsExchangeFuture] finishExchangeOnCoordinator [topVer=AffinityTopologyVersion [topVer=6, minorTopVer=0], resVer=AffinityTopologyVersion [topVer=6, minorTopVer=0]]
[2018-06-12 16:34:00,485][INFO ][sys-#63][GridDhtPartitionsExchangeFuture] Finish exchange future [startVer=AffinityTopologyVersion [topVer=6, minorTopVer=0], resVer=AffinityTopologyVersion [topVer=6, minorTopVer=0], err=null]
[2018-06-12 16:34:00,511][INFO ][exchange-worker-#42][GridCachePartitionExchangeManager] Rebalancing scheduled [order=[CalculatorSvcMetrics]]
[2018-06-12 16:34:00,512][INFO ][exchange-worker-#42][GridCachePartitionExchangeManager] Rebalancing started [top=AffinityTopologyVersion [topVer=6, minorTopVer=0], evt=NODE_LEFT, node=5d2a4652-0f9f-4fac-802f-b4535bb835a3]
[2018-06-12 16:34:00,512][INFO ][exchange-worker-#42][GridDhtPartitionDemander] Starting rebalancing [grp=CalculatorSvcMetrics, mode=ASYNC, fromNode=e72941cb-382f-4d77-888a-b2d56e5d8a59, partitionsCount=330, topology=AffinityTopologyVersion [topVer=6, minorTopVer=0], rebalanceId=52]
[2018-06-12 16:34:00,553][INFO ][sys-#80][GridDhtPartitionDemander] Completed (final) rebalancing [fromNode=e72941cb-382f-4d77-888a-b2d56e5d8a59, cacheOrGroup=CalculatorSvcMetrics, topology=AffinityTopologyVersion [topVer=6, minorTopVer=0], time=31 ms]
[2018-06-12 16:34:00,554][INFO ][sys-#80][GridDhtPartitionDemander] Completed rebalance future: RebalanceFuture [grp=CacheGroupContext [grp=CalculatorSvcMetrics], topVer=AffinityTopologyVersion [topVer=6, minorTopVer=0], rebalanceId=52]
Initializing MultiplicationService on node:TcpDiscoveryNode [id=c93340de-1bd8-4a47-997b-bd15ae45d7a1, addrs=[127.0.0.1, 172.17.0.1, 192.168.0.101], sockAddrs=[/172.17.0.1:47500, /127.0.0.1:47500, /192.168.0.101:47500], discPort=47500, order=1, intOrder=1, lastExchangeTime=1528810440595, loc=true, ver=2.5.0#20180518-sha1:fe6e70e3, isClient=false]
[2018-06-12 16:34:00,620][INFO ][srvc-deploy-#46][GridServiceProcessor] Starting service instance [name=MultiplicationService, execId=520ab13f-e9d8-4f15-991e-966e56c9be7b]
Executing MultiplicationService on node:TcpDiscoveryNode [id=c93340de-1bd8-4a47-997b-bd15ae45d7a1, addrs=[127.0.0.1, 172.17.0.1, 192.168.0.101], sockAddrs=[/172.17.0.1:47500, /127.0.0.1:47500, /192.168.0.101:47500], discPort=47500, order=1, intOrder=1, lastExchangeTime=1528810440595, loc=true, ver=2.5.0#20180518-sha1:fe6e70e3, isClient=false]
/home/fl/SBT/IgniteMicroSvcCalc/bin/benchmark-bootstrap.sh: line 111: 21217 Killed                  "$JAVA" ${JVM_OPTS} -cp ${CP} ${MAIN_CLASS} ${ARGS}
