log4j:WARN No appenders could be found for logger (org.reflections.Reflections).
log4j:WARN Please initialize the log4j system properly.
log4j:WARN See http://logging.apache.org/log4j/1.2/faq.html#noconfig for more info.
<16:30:06><main><yardstick> Cache configured with the following parameters: CacheConfiguration [name=CalculatorSvcMetrics, grpName=null, memPlcName=null, storeConcurrentLoadAllThreshold=5, rebalancePoolSize=2, rebalanceTimeout=10000, evictPlc=null, evictPlcFactory=null, onheapCache=false, sqlOnheapCache=false, sqlOnheapCacheMaxSize=0, evictFilter=null, eagerTtl=true, dfltLockTimeout=0, nearCfg=null, writeSync=PRIMARY_SYNC, storeFactory=null, storeKeepBinary=false, loadPrevVal=false, aff=null, cacheMode=PARTITIONED, atomicityMode=null, backups=1, invalidate=false, tmLookupClsName=null, rebalanceMode=ASYNC, rebalanceOrder=0, rebalanceBatchSize=524288, rebalanceBatchesPrefetchCnt=2, maxConcurrentAsyncOps=500, sqlIdxMaxInlineSize=-1, writeBehindEnabled=false, writeBehindFlushSize=10240, writeBehindFlushFreq=5000, writeBehindFlushThreadCnt=1, writeBehindBatchSize=512, writeBehindCoalescing=true, maxQryIterCnt=1024, affMapper=null, rebalanceDelay=0, rebalanceThrottle=0, interceptor=null, longQryWarnTimeout=3000, qryDetailMetricsSz=0, readFromBackup=true, nodeFilter=null, sqlSchema=null, sqlEscapeAll=false, cpOnRead=true, topValidator=null, partLossPlc=IGNORE, qryParallelism=1, evtsDisabled=false]
[2018-06-12 16:30:07,208][INFO ][main][IgniteKernal] 

>>>    __________  ________________  
>>>   /  _/ ___/ |/ /  _/_  __/ __/  
>>>  _/ // (7 7    // /  / / / _/    
>>> /___/\___/_/|_/___/ /_/ /___/   
>>> 
>>> ver. 2.5.0-SNAPSHOT#20180518-sha1:fe6e70e3
>>> 2018 Copyright(C) Apache Software Foundation
>>> 
>>> Ignite documentation: http://ignite.apache.org

[2018-06-12 16:30:07,213][INFO ][main][IgniteKernal] Config URL: n/a
[2018-06-12 16:30:07,233][INFO ][main][IgniteKernal] IgniteConfiguration [igniteInstanceName=null, pubPoolSize=8, svcPoolSize=8, callbackPoolSize=8, stripedPoolSize=8, sysPoolSize=8, mgmtPoolSize=4, igfsPoolSize=4, dataStreamerPoolSize=8, utilityCachePoolSize=8, utilityCacheKeepAliveTime=60000, p2pPoolSize=2, qryPoolSize=8, igniteHome=/home/fl/apache-ignite-fabric-2.4.0-bin, igniteWorkDir=/home/fl/apache-ignite-fabric-2.4.0-bin/work, mbeanSrv=com.sun.jmx.mbeanserver.JmxMBeanServer@51c668e3, nodeId=e72941cb-382f-4d77-888a-b2d56e5d8a59, marsh=org.apache.ignite.internal.binary.BinaryMarshaller@6c7a164b, marshLocJobs=false, daemon=false, p2pEnabled=false, netTimeout=5000, sndRetryDelay=1000, sndRetryCnt=3, metricsHistSize=10000, metricsUpdateFreq=2000, metricsExpTime=9223372036854775807, discoSpi=TcpDiscoverySpi [addrRslvr=null, sockTimeout=0, ackTimeout=0, marsh=null, reconCnt=10, reconDelay=2000, maxAckTimeout=600000, forceSrvMode=false, clientReconnectDisabled=false, internalLsnr=null], segPlc=STOP, segResolveAttempts=2, waitForSegOnStart=true, allResolversPassReq=true, segChkFreq=10000, commSpi=TcpCommunicationSpi [connectGate=null, connPlc=null, enableForcibleNodeKill=false, enableTroubleshootingLog=false, srvLsnr=org.apache.ignite.spi.communication.tcp.TcpCommunicationSpi$2@638ef7ed, locAddr=null, locHost=null, locPort=47100, locPortRange=100, shmemPort=-1, directBuf=true, directSndBuf=false, idleConnTimeout=600000, connTimeout=5000, maxConnTimeout=600000, reconCnt=10, sockSndBuf=32768, sockRcvBuf=32768, msgQueueLimit=0, slowClientQueueLimit=0, nioSrvr=null, shmemSrv=null, usePairedConnections=false, connectionsPerNode=1, tcpNoDelay=true, filterReachableAddresses=false, ackSndThreshold=32, unackedMsgsBufSize=0, sockWriteTimeout=2000, lsnr=null, boundTcpPort=-1, boundTcpShmemPort=-1, selectorsCnt=4, selectorSpins=0, addrRslvr=null, ctxInitLatch=java.util.concurrent.CountDownLatch@4bff7da0[Count = 1], stopping=false, metricsLsnr=org.apache.ignite.spi.communication.tcp.TcpCommunicationMetricsListener@3f1d2e23], evtSpi=org.apache.ignite.spi.eventstorage.NoopEventStorageSpi@536dbea0, colSpi=NoopCollisionSpi [], deploySpi=LocalDeploymentSpi [lsnr=null], indexingSpi=org.apache.ignite.spi.indexing.noop.NoopIndexingSpi@18ece7f4, addrRslvr=null, clientMode=false, rebalanceThreadPoolSize=1, txCfg=org.apache.ignite.configuration.TransactionConfiguration@3cce57c7, cacheSanityCheckEnabled=true, discoStartupDelay=60000, deployMode=SHARED, p2pMissedCacheSize=100, locHost=null, timeSrvPortBase=31100, timeSrvPortRange=100, failureDetectionTimeout=10000, clientFailureDetectionTimeout=30000, metricsLogFreq=5000, hadoopCfg=null, connectorCfg=org.apache.ignite.configuration.ConnectorConfiguration@1cf56a1c, odbcCfg=null, warmupClos=null, atomicCfg=AtomicConfiguration [seqReserveSize=1000, cacheMode=PARTITIONED, backups=1, aff=null, grpName=null], classLdr=null, sslCtxFactory=null, platformCfg=null, binaryCfg=null, memCfg=null, pstCfg=null, dsCfg=DataStorageConfiguration [sysRegionInitSize=41943040, sysCacheMaxSize=104857600, pageSize=0, concLvl=0, dfltDataRegConf=DataRegionConfiguration [name=default, maxSize=2494085529, initSize=268435456, swapPath=null, pageEvictionMode=DISABLED, evictionThreshold=0.9, emptyPagesPoolSize=100, metricsEnabled=false, metricsSubIntervalCount=5, metricsRateTimeInterval=60000, persistenceEnabled=false, checkpointPageBufSize=0], storagePath=null, checkpointFreq=180000, lockWaitTime=10000, checkpointThreads=4, checkpointWriteOrder=SEQUENTIAL, walHistSize=20, walSegments=10, walSegmentSize=67108864, walPath=db/wal, walArchivePath=db/wal/archive, metricsEnabled=false, walMode=LOG_ONLY, walTlbSize=131072, walBuffSize=0, walFlushFreq=2000, walFsyncDelay=1000, walRecordIterBuffSize=67108864, alwaysWriteFullPages=false, fileIOFactory=org.apache.ignite.internal.processors.cache.persistence.file.AsyncFileIOFactory@3576ddc2, metricsSubIntervalCnt=5, metricsRateTimeInterval=60000, walAutoArchiveAfterInactivity=-1, writeThrottlingEnabled=false, walCompactionEnabled=false], activeOnStart=true, autoActivation=true, longQryWarnTimeout=3000, sqlConnCfg=null, cliConnCfg=ClientConnectorConfiguration [host=null, port=10800, portRange=100, sockSndBufSize=0, sockRcvBufSize=0, tcpNoDelay=true, maxOpenCursorsPerConn=128, threadPoolSize=8, idleTimeout=0, jdbcEnabled=true, odbcEnabled=true, thinCliEnabled=true, sslEnabled=false, useIgniteSslCtxFactory=true, sslClientAuth=false, sslCtxFactory=null], authEnabled=false, failureHnd=null, commFailureRslvr=null]
[2018-06-12 16:30:07,234][INFO ][main][IgniteKernal] Daemon mode: off
[2018-06-12 16:30:07,234][INFO ][main][IgniteKernal] OS: Linux 4.15.0-22-generic amd64
[2018-06-12 16:30:07,234][INFO ][main][IgniteKernal] OS user: fl
[2018-06-12 16:30:07,235][INFO ][main][IgniteKernal] PID: 21220
[2018-06-12 16:30:07,236][INFO ][main][IgniteKernal] Language runtime: Java Platform API Specification ver. 1.8
[2018-06-12 16:30:07,236][INFO ][main][IgniteKernal] VM information: Java(TM) SE Runtime Environment 1.8.0_172-b11 Oracle Corporation Java HotSpot(TM) 64-Bit Server VM 25.172-b11
[2018-06-12 16:30:07,245][INFO ][main][IgniteKernal] VM total memory: 1.9GB
[2018-06-12 16:30:07,245][INFO ][main][IgniteKernal] Remote Management [restart: off, REST: on, JMX (remote: off)]
[2018-06-12 16:30:07,246][INFO ][main][IgniteKernal] Logger: Log4JLogger [quiet=false, config=/home/fl/apache-ignite-fabric-2.4.0-bin/config/ignite-log4j.xml]
[2018-06-12 16:30:07,246][INFO ][main][IgniteKernal] IGNITE_HOME=/home/fl/apache-ignite-fabric-2.4.0-bin
[2018-06-12 16:30:07,247][INFO ][main][IgniteKernal] VM arguments: [-Xms2g, -Xmx2g, -Djava.net.preferIPv4Stack=true, -DIGNITE_QUIET=false, -Dyardstick.server0, -Dyardstick.server1]
[2018-06-12 16:30:07,247][INFO ][main][IgniteKernal] System cache's DataRegion size is configured to 40 MB. Use DataStorageConfiguration.systemCacheMemorySize property to change the setting.
[2018-06-12 16:30:07,249][INFO ][main][IgniteKernal] Configured caches [in 'sysMemPlc' dataRegion: ['ignite-sys-cache'], in 'default' dataRegion: ['CalculatorSvcMetrics']]
[2018-06-12 16:30:07,269][INFO ][main][IgniteKernal] 3-rd party licenses can be found at: /home/fl/apache-ignite-fabric-2.4.0-bin/libs/licenses
[2018-06-12 16:30:07,269][INFO ][main][IgniteKernal] Local node user attribute [division.service.node=true]
[2018-06-12 16:30:07,502][INFO ][main][IgnitePluginProcessor] Configured plugins:
[2018-06-12 16:30:07,515][INFO ][main][IgnitePluginProcessor]   ^-- None
[2018-06-12 16:30:07,516][INFO ][main][IgnitePluginProcessor] 
[2018-06-12 16:30:07,518][INFO ][main][FailureProcessor] Configured failure handler: [hnd=StopNodeOrHaltFailureHandler [tryStop=false, timeout=0]]
[2018-06-12 16:30:07,624][INFO ][main][TcpCommunicationSpi] Successfully bound communication NIO server to TCP port [port=47100, locHost=0.0.0.0/0.0.0.0, selectorsCnt=4, selectorSpins=0, pairedConn=false]
[2018-06-12 16:30:07,650][WARN ][main][TcpCommunicationSpi] Message queue limit is set to 0 which may lead to potential OOMEs when running cache operations in FULL_ASYNC or PRIMARY_SYNC modes due to message queues growth on sender and receiver sides.
[2018-06-12 16:30:07,736][WARN ][main][NoopCheckpointSpi] Checkpoints are disabled (to enable configure any GridCheckpointSpi implementation)
[2018-06-12 16:30:07,810][WARN ][main][GridCollisionManager] Collision resolution is disabled (all jobs will be activated upon arrival).
[2018-06-12 16:30:07,814][INFO ][main][IgniteKernal] Security status [authentication=off, tls/ssl=off]
[2018-06-12 16:30:09,225][INFO ][main][ClientListenerProcessor] Client connector processor has started on TCP port 10800
[2018-06-12 16:30:09,390][INFO ][main][GridTcpRestProtocol] Command protocol successfully started [name=TCP binary, host=0.0.0.0/0.0.0.0, port=11211]
[2018-06-12 16:30:09,552][INFO ][main][IgniteKernal] Non-loopback local IPs: 172.17.0.1, 192.168.0.101
[2018-06-12 16:30:09,553][INFO ][main][IgniteKernal] Enabled local MACs: 02427E9A41E0, 5C93A2D830DE
[2018-06-12 16:30:09,709][INFO ][main][TcpDiscoverySpi] Successfully bound to TCP port [port=47501, localHost=0.0.0.0/0.0.0.0, locNodeId=e72941cb-382f-4d77-888a-b2d56e5d8a59]
[2018-06-12 16:30:09,751][INFO ][tcp-disco-srvr-#3][TcpDiscoverySpi] TCP discovery accepted incoming connection [rmtAddr=/127.0.0.1, rmtPort=45825]
[2018-06-12 16:30:09,796][INFO ][tcp-disco-srvr-#3][TcpDiscoverySpi] TCP discovery spawning a new thread for connection [rmtAddr=/127.0.0.1, rmtPort=45825]
[2018-06-12 16:30:09,805][INFO ][tcp-disco-sock-reader-#4][TcpDiscoverySpi] Started serving remote node connection [rmtAddr=/127.0.0.1:45825, rmtPort=45825]
[2018-06-12 16:30:09,881][INFO ][tcp-disco-sock-reader-#4][TcpDiscoverySpi] Finished serving remote node connection [rmtAddr=/127.0.0.1:45825, rmtPort=45825
[2018-06-12 16:30:11,717][INFO ][tcp-disco-srvr-#3][TcpDiscoverySpi] TCP discovery accepted incoming connection [rmtAddr=/127.0.0.1, rmtPort=38689]
[2018-06-12 16:30:11,717][INFO ][tcp-disco-srvr-#3][TcpDiscoverySpi] TCP discovery spawning a new thread for connection [rmtAddr=/127.0.0.1, rmtPort=38689]
[2018-06-12 16:30:11,718][INFO ][tcp-disco-sock-reader-#5][TcpDiscoverySpi] Started serving remote node connection [rmtAddr=/127.0.0.1:38689, rmtPort=38689]
[2018-06-12 16:30:11,730][INFO ][tcp-disco-sock-reader-#5][TcpDiscoverySpi] Finished serving remote node connection [rmtAddr=/127.0.0.1:38689, rmtPort=38689
[2018-06-12 16:30:11,933][INFO ][tcp-disco-srvr-#3][TcpDiscoverySpi] TCP discovery accepted incoming connection [rmtAddr=/127.0.0.1, rmtPort=38303]
[2018-06-12 16:30:11,933][INFO ][tcp-disco-srvr-#3][TcpDiscoverySpi] TCP discovery spawning a new thread for connection [rmtAddr=/127.0.0.1, rmtPort=38303]
[2018-06-12 16:30:11,934][INFO ][tcp-disco-sock-reader-#6][TcpDiscoverySpi] Started serving remote node connection [rmtAddr=/127.0.0.1:38303, rmtPort=38303]
[2018-06-12 16:30:11,943][INFO ][tcp-disco-sock-reader-#6][TcpDiscoverySpi] Finished serving remote node connection [rmtAddr=/127.0.0.1:38303, rmtPort=38303
[2018-06-12 16:30:12,037][INFO ][tcp-disco-srvr-#3][TcpDiscoverySpi] TCP discovery accepted incoming connection [rmtAddr=/127.0.0.1, rmtPort=46011]
[2018-06-12 16:30:12,037][INFO ][tcp-disco-srvr-#3][TcpDiscoverySpi] TCP discovery spawning a new thread for connection [rmtAddr=/127.0.0.1, rmtPort=46011]
[2018-06-12 16:30:12,039][INFO ][tcp-disco-sock-reader-#7][TcpDiscoverySpi] Started serving remote node connection [rmtAddr=/127.0.0.1:46011, rmtPort=46011]
[2018-06-12 16:30:12,161][WARN ][main][IgniteKernal] Nodes started on local machine require more than 80% of physical RAM what can lead to significant slowdown due to swapping (please decrease JVM heap size, data region size or checkpoint buffer size) [required=8883MB, available=11892MB]
[2018-06-12 16:30:12,222][INFO ][exchange-worker-#42][time] Started exchange init [topVer=AffinityTopologyVersion [topVer=2, minorTopVer=0], crd=false, evt=NODE_JOINED, evtNode=e72941cb-382f-4d77-888a-b2d56e5d8a59, customEvt=null, allowMerge=true]
[2018-06-12 16:30:12,863][INFO ][exchange-worker-#42][GridCacheProcessor] Started cache [name=ignite-sys-cache, id=-2100569601, memoryPolicyName=sysMemPlc, mode=REPLICATED, atomicity=TRANSACTIONAL, backups=2147483647]
[2018-06-12 16:30:12,953][INFO ][exchange-worker-#42][GridCacheProcessor] Started cache [name=CalculatorSvcMetrics, id=1279840005, memoryPolicyName=default, mode=PARTITIONED, atomicity=ATOMIC, backups=1]
[2018-06-12 16:30:13,023][INFO ][exchange-worker-#42][GridDhtPartitionsExchangeFuture] Finished waiting for partition release future [topVer=AffinityTopologyVersion [topVer=2, minorTopVer=0], waitTime=0ms, futInfo=NA]
[2018-06-12 16:30:13,079][INFO ][grid-nio-worker-tcp-comm-0-#25][TcpCommunicationSpi] Established outgoing communication connection [locAddr=/127.0.0.1:40674, rmtAddr=/127.0.0.1:47101]
[2018-06-12 16:30:13,084][INFO ][exchange-worker-#42][GridDhtPartitionsExchangeFuture] Finished waiting for partition release future [topVer=AffinityTopologyVersion [topVer=2, minorTopVer=0], waitTime=0ms, futInfo=NA]
[2018-06-12 16:30:13,131][INFO ][exchange-worker-#42][time] Finished exchange init [topVer=AffinityTopologyVersion [topVer=2, minorTopVer=0], crd=false]
[2018-06-12 16:30:13,255][INFO ][sys-#45][GridDhtPartitionsExchangeFuture] Received full message, will finish exchange [node=c93340de-1bd8-4a47-997b-bd15ae45d7a1, resVer=AffinityTopologyVersion [topVer=2, minorTopVer=0]]
[2018-06-12 16:30:13,457][INFO ][sys-#45][GridDhtPartitionsExchangeFuture] Finish exchange future [startVer=AffinityTopologyVersion [topVer=2, minorTopVer=0], resVer=AffinityTopologyVersion [topVer=2, minorTopVer=0], err=null]
[2018-06-12 16:30:13,562][INFO ][exchange-worker-#42][GridCachePartitionExchangeManager] Rebalancing scheduled [order=[ignite-sys-cache, CalculatorSvcMetrics]]
[2018-06-12 16:30:13,562][INFO ][exchange-worker-#42][GridCachePartitionExchangeManager] Rebalancing started [top=AffinityTopologyVersion [topVer=2, minorTopVer=0], evt=NODE_JOINED, node=e72941cb-382f-4d77-888a-b2d56e5d8a59]
[2018-06-12 16:30:13,569][INFO ][exchange-worker-#42][GridDhtPartitionDemander] Starting rebalancing [grp=ignite-sys-cache, mode=SYNC, fromNode=c93340de-1bd8-4a47-997b-bd15ae45d7a1, partitionsCount=100, topology=AffinityTopologyVersion [topVer=2, minorTopVer=0], rebalanceId=1]
[2018-06-12 16:30:13,664][INFO ][utility-#52][GridDhtPartitionDemander] Completed (final) rebalancing [fromNode=c93340de-1bd8-4a47-997b-bd15ae45d7a1, cacheOrGroup=ignite-sys-cache, topology=AffinityTopologyVersion [topVer=2, minorTopVer=0], time=99 ms]
[2018-06-12 16:30:13,665][INFO ][utility-#52][GridDhtPartitionDemander] Completed rebalance future: RebalanceFuture [grp=CacheGroupContext [grp=ignite-sys-cache], topVer=AffinityTopologyVersion [topVer=2, minorTopVer=0], rebalanceId=1]
[2018-06-12 16:30:13,670][INFO ][utility-#52][GridDhtPartitionDemander] Starting rebalancing [grp=CalculatorSvcMetrics, mode=ASYNC, fromNode=c93340de-1bd8-4a47-997b-bd15ae45d7a1, partitionsCount=1024, topology=AffinityTopologyVersion [topVer=2, minorTopVer=0], rebalanceId=1]
[2018-06-12 16:30:13,733][INFO ][tcp-disco-srvr-#3][TcpDiscoverySpi] TCP discovery accepted incoming connection [rmtAddr=/127.0.0.1, rmtPort=34577]
[2018-06-12 16:30:13,733][INFO ][tcp-disco-srvr-#3][TcpDiscoverySpi] TCP discovery spawning a new thread for connection [rmtAddr=/127.0.0.1, rmtPort=34577]
[2018-06-12 16:30:13,735][INFO ][tcp-disco-sock-reader-#8][TcpDiscoverySpi] Started serving remote node connection [rmtAddr=/127.0.0.1:34577, rmtPort=34577]
[2018-06-12 16:30:13,750][INFO ][tcp-disco-sock-reader-#8][TcpDiscoverySpi] Finished serving remote node connection [rmtAddr=/127.0.0.1:34577, rmtPort=34577
[2018-06-12 16:30:14,275][INFO ][sys-#44][GridDhtPartitionDemander] Completed (final) rebalancing [fromNode=c93340de-1bd8-4a47-997b-bd15ae45d7a1, cacheOrGroup=CalculatorSvcMetrics, topology=AffinityTopologyVersion [topVer=2, minorTopVer=0], time=596 ms]
[2018-06-12 16:30:14,276][INFO ][sys-#44][GridDhtPartitionDemander] Completed rebalance future: RebalanceFuture [grp=CacheGroupContext [grp=CalculatorSvcMetrics], topVer=AffinityTopologyVersion [topVer=2, minorTopVer=0], rebalanceId=1]
Initializing DivisionService on node:TcpDiscoveryNode [id=e72941cb-382f-4d77-888a-b2d56e5d8a59, addrs=[127.0.0.1, 172.17.0.1, 192.168.0.101], sockAddrs=[/127.0.0.1:47501, /192.168.0.101:47501, /172.17.0.1:47501], discPort=47501, order=2, intOrder=2, lastExchangeTime=1528810214295, loc=true, ver=2.5.0#20180518-sha1:fe6e70e3, isClient=false]
[2018-06-12 16:30:14,466][INFO ][disco-event-worker-#41][GridDiscoveryManager] Added new node to topology: TcpDiscoveryNode [id=4f0c4b5b-4b57-472d-b174-15710d6eef9d, addrs=[127.0.0.1, 172.17.0.1, 192.168.0.101], sockAddrs=[/172.17.0.1:47502, /127.0.0.1:47502, /192.168.0.101:47502], discPort=47502, order=3, intOrder=3, lastExchangeTime=1528810213969, loc=false, ver=2.5.0#20180518-sha1:fe6e70e3, isClient=false]
[2018-06-12 16:30:14,469][INFO ][disco-event-worker-#41][GridDiscoveryManager] Topology snapshot [ver=3, servers=3, clients=0, CPUs=4, offheap=7.0GB, heap=6.0GB]
[2018-06-12 16:30:14,469][INFO ][disco-event-worker-#41][GridDiscoveryManager]   ^-- Node [id=E72941CB-382F-4D77-888A-B2D56E5D8A59, clusterState=ACTIVE]
[2018-06-12 16:30:14,469][INFO ][disco-event-worker-#41][GridDiscoveryManager] Data Regions Configured:
[2018-06-12 16:30:14,472][INFO ][disco-event-worker-#41][GridDiscoveryManager]   ^-- default [initSize=256.0 MiB, maxSize=2.3 GiB, persistenceEnabled=false]
[2018-06-12 16:30:14,473][INFO ][exchange-worker-#42][time] Started exchange init [topVer=AffinityTopologyVersion [topVer=3, minorTopVer=0], crd=false, evt=NODE_JOINED, evtNode=4f0c4b5b-4b57-472d-b174-15710d6eef9d, customEvt=null, allowMerge=true]
[2018-06-12 16:30:14,474][INFO ][exchange-worker-#42][GridDhtPartitionsExchangeFuture] Finished waiting for partition release future [topVer=AffinityTopologyVersion [topVer=3, minorTopVer=0], waitTime=0ms, futInfo=NA]
[2018-06-12 16:30:16,255][INFO ][exchange-worker-#42][GridDhtPartitionsExchangeFuture] Finished waiting for partitions release latch: ClientLatch [coordinator=TcpDiscoveryNode [id=c93340de-1bd8-4a47-997b-bd15ae45d7a1, addrs=[127.0.0.1, 172.17.0.1, 192.168.0.101], sockAddrs=[/172.17.0.1:47500, /127.0.0.1:47500, /192.168.0.101:47500], discPort=47500, order=1, intOrder=1, lastExchangeTime=1528810212066, loc=false, ver=2.5.0#20180518-sha1:fe6e70e3, isClient=false], ackSent=true, super=CompletableLatch [id=exchange, topVer=AffinityTopologyVersion [topVer=3, minorTopVer=0]]]
[2018-06-12 16:30:16,256][INFO ][exchange-worker-#42][GridDhtPartitionsExchangeFuture] Finished waiting for partition release future [topVer=AffinityTopologyVersion [topVer=3, minorTopVer=0], waitTime=0ms, futInfo=NA]
[2018-06-12 16:30:16,269][INFO ][exchange-worker-#42][time] Finished exchange init [topVer=AffinityTopologyVersion [topVer=3, minorTopVer=0], crd=false]
[2018-06-12 16:30:16,365][INFO ][sys-#49][GridDhtPartitionsExchangeFuture] Received full message, will finish exchange [node=c93340de-1bd8-4a47-997b-bd15ae45d7a1, resVer=AffinityTopologyVersion [topVer=3, minorTopVer=0]]
[2018-06-12 16:30:16,417][INFO ][sys-#49][GridDhtPartitionsExchangeFuture] Finish exchange future [startVer=AffinityTopologyVersion [topVer=3, minorTopVer=0], resVer=AffinityTopologyVersion [topVer=3, minorTopVer=0], err=null]
[2018-06-12 16:30:16,458][INFO ][exchange-worker-#42][GridCachePartitionExchangeManager] Skipping rebalancing (nothing scheduled) [top=AffinityTopologyVersion [topVer=3, minorTopVer=0], evt=NODE_JOINED, node=4f0c4b5b-4b57-472d-b174-15710d6eef9d]
[2018-06-12 16:30:16,514][INFO ][srvc-deploy-#54][GridServiceProcessor] Starting service instance [name=DivisionService, execId=233f5095-5bfa-4fad-a382-735922bc05d6]
Executing DivisionService on node:TcpDiscoveryNode [id=e72941cb-382f-4d77-888a-b2d56e5d8a59, addrs=[127.0.0.1, 172.17.0.1, 192.168.0.101], sockAddrs=[/127.0.0.1:47501, /192.168.0.101:47501, /172.17.0.1:47501], discPort=47501, order=2, intOrder=2, lastExchangeTime=1528810216020, loc=true, ver=2.5.0#20180518-sha1:fe6e70e3, isClient=false]
[2018-06-12 16:30:16,776][INFO ][main][IgniteKernal] Performance suggestions for grid  (fix if possible)
[2018-06-12 16:30:16,776][INFO ][main][IgniteKernal] To disable, set -DIGNITE_PERFORMANCE_SUGGESTIONS_DISABLED=true
[2018-06-12 16:30:16,776][INFO ][main][IgniteKernal]   ^-- Enable G1 Garbage Collector (add '-XX:+UseG1GC' to JVM options)
[2018-06-12 16:30:16,779][INFO ][main][IgniteKernal]   ^-- Set max direct memory size if getting 'OOME: Direct buffer memory' (add '-XX:MaxDirectMemorySize=<size>[g|G|m|M|k|K]' to JVM options)
[2018-06-12 16:30:16,780][INFO ][main][IgniteKernal]   ^-- Disable processing of calls to System.gc() (add '-XX:+DisableExplicitGC' to JVM options)
[2018-06-12 16:30:16,780][INFO ][main][IgniteKernal]   ^-- Decrease number of backups (set 'backups' to 0)
[2018-06-12 16:30:16,780][INFO ][main][IgniteKernal] Refer to this page for more performance suggestions: https://apacheignite.readme.io/docs/jvm-and-system-tuning
[2018-06-12 16:30:16,780][INFO ][main][IgniteKernal] 
[2018-06-12 16:30:16,780][INFO ][main][IgniteKernal] To start Console Management & Monitoring run ignitevisorcmd.{sh|bat}
[2018-06-12 16:30:16,781][INFO ][main][IgniteKernal] 
[2018-06-12 16:30:16,782][INFO ][main][IgniteKernal] 

>>> +-------------------------------------------------------------------------------+
>>> Ignite ver. 2.5.0-SNAPSHOT#20180518-sha1:fe6e70e3c8d6a6349ea00b7ec99b215945ffce6d
>>> +-------------------------------------------------------------------------------+
>>> OS name: Linux 4.15.0-22-generic amd64
>>> CPU(s): 4
>>> Heap: 2.0GB
>>> VM name: 21220@fl-PC
>>> Local node [ID=E72941CB-382F-4D77-888A-B2D56E5D8A59, order=2, clientMode=false]
>>> Local node addresses: [172.17.0.1/127.0.0.1, 192.168.0.101/172.17.0.1, /192.168.0.101]
>>> Local ports: TCP:10800 TCP:11211 TCP:47100 TCP:47501 

[2018-06-12 16:30:16,784][INFO ][main][GridDiscoveryManager] Topology snapshot [ver=2, servers=2, clients=0, CPUs=4, offheap=4.6GB, heap=4.0GB]
[2018-06-12 16:30:16,784][INFO ][main][GridDiscoveryManager]   ^-- Node [id=E72941CB-382F-4D77-888A-B2D56E5D8A59, clusterState=ACTIVE]
[2018-06-12 16:30:16,784][INFO ][main][GridDiscoveryManager] Data Regions Configured:
[2018-06-12 16:30:16,785][INFO ][main][GridDiscoveryManager]   ^-- default [initSize=256.0 MiB, maxSize=2.3 GiB, persistenceEnabled=false]
<16:30:16><main><yardstick> Configured marshaller: org.apache.ignite.internal.binary.BinaryMarshaller
[2018-06-12 16:30:17,228][INFO ][grid-nio-worker-tcp-comm-1-#26][TcpCommunicationSpi] Accepted incoming communication connection [locAddr=/127.0.0.1:47100, rmtAddr=/127.0.0.1:43004]
[2018-06-12 16:30:18,997][INFO ][exchange-worker-#42][time] Started exchange init [topVer=AffinityTopologyVersion [topVer=3, minorTopVer=1], crd=false, evt=DISCOVERY_CUSTOM_EVT, evtNode=c93340de-1bd8-4a47-997b-bd15ae45d7a1, customEvt=CacheAffinityChangeMessage [id=1bf6034f361-f3c8e094-2d78-41ae-bba0-87bc81190624, topVer=AffinityTopologyVersion [topVer=3, minorTopVer=0], exchId=null, partsMsg=null, exchangeNeeded=true], allowMerge=false]
[2018-06-12 16:30:19,017][INFO ][exchange-worker-#42][GridDhtPartitionsExchangeFuture] Finished waiting for partition release future [topVer=AffinityTopologyVersion [topVer=3, minorTopVer=1], waitTime=0ms, futInfo=NA]
[2018-06-12 16:30:19,780][INFO ][exchange-worker-#42][GridDhtPartitionsExchangeFuture] Finished waiting for partitions release latch: ClientLatch [coordinator=TcpDiscoveryNode [id=c93340de-1bd8-4a47-997b-bd15ae45d7a1, addrs=[127.0.0.1, 172.17.0.1, 192.168.0.101], sockAddrs=[/172.17.0.1:47500, /127.0.0.1:47500, /192.168.0.101:47500], discPort=47500, order=1, intOrder=1, lastExchangeTime=1528810212066, loc=false, ver=2.5.0#20180518-sha1:fe6e70e3, isClient=false], ackSent=true, super=CompletableLatch [id=exchange, topVer=AffinityTopologyVersion [topVer=3, minorTopVer=1]]]
[2018-06-12 16:30:19,781][INFO ][exchange-worker-#42][GridDhtPartitionsExchangeFuture] Finished waiting for partition release future [topVer=AffinityTopologyVersion [topVer=3, minorTopVer=1], waitTime=0ms, futInfo=NA]
[2018-06-12 16:30:19,806][INFO ][exchange-worker-#42][time] Finished exchange init [topVer=AffinityTopologyVersion [topVer=3, minorTopVer=1], crd=false]
[2018-06-12 16:30:19,889][INFO ][sys-#47][GridDhtPartitionsExchangeFuture] Received full message, will finish exchange [node=c93340de-1bd8-4a47-997b-bd15ae45d7a1, resVer=AffinityTopologyVersion [topVer=3, minorTopVer=1]]
[2018-06-12 16:30:19,897][INFO ][sys-#47][GridDhtPartitionsExchangeFuture] Finish exchange future [startVer=AffinityTopologyVersion [topVer=3, minorTopVer=1], resVer=AffinityTopologyVersion [topVer=3, minorTopVer=1], err=null]
[2018-06-12 16:30:20,254][INFO ][exchange-worker-#42][GridCachePartitionExchangeManager] Skipping rebalancing (nothing scheduled) [top=AffinityTopologyVersion [topVer=3, minorTopVer=1], evt=DISCOVERY_CUSTOM_EVT, node=c93340de-1bd8-4a47-997b-bd15ae45d7a1]
[2018-06-12 16:30:21,780][INFO ][grid-timeout-worker-#23][IgniteKernal] 
Metrics for local node (to disable set 'metricsLogFrequency' to 0)
    ^-- Node [id=e72941cb, uptime=00:00:05.008]
    ^-- H/N/C [hosts=1, nodes=3, CPUs=4]
    ^-- CPU [cur=14%, avg=37.57%, GC=0%]
    ^-- PageMemory [pages=2257]
    ^-- Heap [used=167MB, free=91.45%, comm=1963MB]
    ^-- Non heap [used=52MB, free=-1%, comm=53MB]
    ^-- Outbound messages queue [size=0]
    ^-- Public thread pool [active=0, idle=6, qSize=0]
    ^-- System thread pool [active=0, idle=8, qSize=0]
[2018-06-12 16:30:21,781][INFO ][grid-timeout-worker-#23][IgniteKernal] FreeList [name=null, buckets=256, dataPages=1, reusePages=0]
[2018-06-12 16:30:21,781][INFO ][grid-timeout-worker-#23][IgniteKernal] FreeList [name=null, buckets=256, dataPages=1, reusePages=668]
[2018-06-12 16:30:26,785][INFO ][grid-timeout-worker-#23][IgniteKernal] 
Metrics for local node (to disable set 'metricsLogFrequency' to 0)
    ^-- Node [id=e72941cb, uptime=00:00:10.009]
    ^-- H/N/C [hosts=1, nodes=3, CPUs=4]
    ^-- CPU [cur=1.5%, avg=25.78%, GC=0%]
    ^-- PageMemory [pages=2257]
    ^-- Heap [used=171MB, free=91.27%, comm=1963MB]
    ^-- Non heap [used=52MB, free=-1%, comm=53MB]
    ^-- Outbound messages queue [size=0]
    ^-- Public thread pool [active=0, idle=6, qSize=0]
    ^-- System thread pool [active=0, idle=8, qSize=0]
[2018-06-12 16:30:26,786][INFO ][grid-timeout-worker-#23][IgniteKernal] FreeList [name=null, buckets=256, dataPages=1, reusePages=0]
[2018-06-12 16:30:26,786][INFO ][grid-timeout-worker-#23][IgniteKernal] FreeList [name=null, buckets=256, dataPages=1, reusePages=668]
[2018-06-12 16:30:31,787][INFO ][grid-timeout-worker-#23][IgniteKernal] 
Metrics for local node (to disable set 'metricsLogFrequency' to 0)
    ^-- Node [id=e72941cb, uptime=00:00:15.016]
    ^-- H/N/C [hosts=1, nodes=3, CPUs=4]
    ^-- CPU [cur=0.57%, avg=17.39%, GC=0%]
    ^-- PageMemory [pages=2257]
    ^-- Heap [used=172MB, free=91.2%, comm=1963MB]
    ^-- Non heap [used=52MB, free=-1%, comm=53MB]
    ^-- Outbound messages queue [size=0]
    ^-- Public thread pool [active=0, idle=6, qSize=0]
    ^-- System thread pool [active=0, idle=8, qSize=0]
[2018-06-12 16:30:31,787][INFO ][grid-timeout-worker-#23][IgniteKernal] FreeList [name=null, buckets=256, dataPages=1, reusePages=0]
[2018-06-12 16:30:31,787][INFO ][grid-timeout-worker-#23][IgniteKernal] FreeList [name=null, buckets=256, dataPages=1, reusePages=668]
[2018-06-12 16:30:36,792][INFO ][grid-timeout-worker-#23][IgniteKernal] 
Metrics for local node (to disable set 'metricsLogFrequency' to 0)
    ^-- Node [id=e72941cb, uptime=00:00:20.019]
    ^-- H/N/C [hosts=1, nodes=3, CPUs=4]
    ^-- CPU [cur=1.17%, avg=11.84%, GC=0%]
    ^-- PageMemory [pages=2257]
    ^-- Heap [used=172MB, free=91.2%, comm=1963MB]
    ^-- Non heap [used=52MB, free=-1%, comm=53MB]
    ^-- Outbound messages queue [size=0]
    ^-- Public thread pool [active=0, idle=6, qSize=0]
    ^-- System thread pool [active=0, idle=8, qSize=0]
[2018-06-12 16:30:36,792][INFO ][grid-timeout-worker-#23][IgniteKernal] FreeList [name=null, buckets=256, dataPages=1, reusePages=0]
[2018-06-12 16:30:36,793][INFO ][grid-timeout-worker-#23][IgniteKernal] FreeList [name=null, buckets=256, dataPages=1, reusePages=668]
[2018-06-12 16:30:41,794][INFO ][grid-timeout-worker-#23][IgniteKernal] 
Metrics for local node (to disable set 'metricsLogFrequency' to 0)
    ^-- Node [id=e72941cb, uptime=00:00:25.023]
    ^-- H/N/C [hosts=1, nodes=3, CPUs=4]
    ^-- CPU [cur=1.83%, avg=10.84%, GC=0%]
    ^-- PageMemory [pages=2257]
    ^-- Heap [used=172MB, free=91.2%, comm=1963MB]
    ^-- Non heap [used=52MB, free=-1%, comm=53MB]
    ^-- Outbound messages queue [size=0]
    ^-- Public thread pool [active=0, idle=6, qSize=0]
    ^-- System thread pool [active=0, idle=8, qSize=0]
[2018-06-12 16:30:41,794][INFO ][grid-timeout-worker-#23][IgniteKernal] FreeList [name=null, buckets=256, dataPages=1, reusePages=0]
[2018-06-12 16:30:41,794][INFO ][grid-timeout-worker-#23][IgniteKernal] FreeList [name=null, buckets=256, dataPages=1, reusePages=668]
[2018-06-12 16:30:46,794][INFO ][grid-timeout-worker-#23][IgniteKernal] 
Metrics for local node (to disable set 'metricsLogFrequency' to 0)
    ^-- Node [id=e72941cb, uptime=00:00:30.023]
    ^-- H/N/C [hosts=1, nodes=3, CPUs=4]
    ^-- CPU [cur=0.33%, avg=9.21%, GC=0%]
    ^-- PageMemory [pages=2257]
    ^-- Heap [used=172MB, free=91.2%, comm=1963MB]
    ^-- Non heap [used=52MB, free=-1%, comm=53MB]
    ^-- Outbound messages queue [size=0]
    ^-- Public thread pool [active=0, idle=6, qSize=0]
    ^-- System thread pool [active=0, idle=8, qSize=0]
[2018-06-12 16:30:46,794][INFO ][grid-timeout-worker-#23][IgniteKernal] FreeList [name=null, buckets=256, dataPages=1, reusePages=0]
[2018-06-12 16:30:46,794][INFO ][grid-timeout-worker-#23][IgniteKernal] FreeList [name=null, buckets=256, dataPages=1, reusePages=668]
[2018-06-12 16:30:51,798][INFO ][grid-timeout-worker-#23][IgniteKernal] 
Metrics for local node (to disable set 'metricsLogFrequency' to 0)
    ^-- Node [id=e72941cb, uptime=00:00:35.024]
    ^-- H/N/C [hosts=1, nodes=3, CPUs=4]
    ^-- CPU [cur=0.33%, avg=8.53%, GC=0%]
    ^-- PageMemory [pages=2257]
    ^-- Heap [used=172MB, free=91.2%, comm=1963MB]
    ^-- Non heap [used=52MB, free=-1%, comm=53MB]
    ^-- Outbound messages queue [size=0]
    ^-- Public thread pool [active=0, idle=6, qSize=0]
    ^-- System thread pool [active=0, idle=8, qSize=0]
[2018-06-12 16:30:51,798][INFO ][grid-timeout-worker-#23][IgniteKernal] FreeList [name=null, buckets=256, dataPages=1, reusePages=0]
[2018-06-12 16:30:51,798][INFO ][grid-timeout-worker-#23][IgniteKernal] FreeList [name=null, buckets=256, dataPages=1, reusePages=668]
[2018-06-12 16:30:56,799][INFO ][grid-timeout-worker-#23][IgniteKernal] 
Metrics for local node (to disable set 'metricsLogFrequency' to 0)
    ^-- Node [id=e72941cb, uptime=00:00:40.029]
    ^-- H/N/C [hosts=1, nodes=3, CPUs=4]
    ^-- CPU [cur=0.77%, avg=7.02%, GC=0%]
    ^-- PageMemory [pages=2257]
    ^-- Heap [used=172MB, free=91.2%, comm=1963MB]
    ^-- Non heap [used=53MB, free=-1%, comm=54MB]
    ^-- Outbound messages queue [size=0]
    ^-- Public thread pool [active=0, idle=6, qSize=0]
    ^-- System thread pool [active=0, idle=8, qSize=0]
[2018-06-12 16:30:56,800][INFO ][grid-timeout-worker-#23][IgniteKernal] FreeList [name=null, buckets=256, dataPages=1, reusePages=0]
[2018-06-12 16:30:56,800][INFO ][grid-timeout-worker-#23][IgniteKernal] FreeList [name=null, buckets=256, dataPages=1, reusePages=668]
[2018-06-12 16:31:01,798][INFO ][grid-timeout-worker-#23][IgniteKernal] 
Metrics for local node (to disable set 'metricsLogFrequency' to 0)
    ^-- Node [id=e72941cb, uptime=00:00:45.029]
    ^-- H/N/C [hosts=1, nodes=3, CPUs=4]
    ^-- CPU [cur=0.4%, avg=6.65%, GC=0%]
    ^-- PageMemory [pages=2257]
    ^-- Heap [used=174MB, free=91.12%, comm=1963MB]
    ^-- Non heap [used=53MB, free=-1%, comm=54MB]
    ^-- Outbound messages queue [size=0]
    ^-- Public thread pool [active=0, idle=6, qSize=0]
    ^-- System thread pool [active=0, idle=8, qSize=0]
[2018-06-12 16:31:01,799][INFO ][grid-timeout-worker-#23][IgniteKernal] FreeList [name=null, buckets=256, dataPages=1, reusePages=0]
[2018-06-12 16:31:01,799][INFO ][grid-timeout-worker-#23][IgniteKernal] FreeList [name=null, buckets=256, dataPages=1, reusePages=668]
[2018-06-12 16:31:06,807][INFO ][grid-timeout-worker-#23][IgniteKernal] 
Metrics for local node (to disable set 'metricsLogFrequency' to 0)
    ^-- Node [id=e72941cb, uptime=00:00:50.039]
    ^-- H/N/C [hosts=1, nodes=3, CPUs=4]
    ^-- CPU [cur=1%, avg=5.99%, GC=0%]
    ^-- PageMemory [pages=2257]
    ^-- Heap [used=187MB, free=90.45%, comm=1963MB]
    ^-- Non heap [used=53MB, free=-1%, comm=54MB]
    ^-- Outbound messages queue [size=0]
    ^-- Public thread pool [active=0, idle=6, qSize=0]
    ^-- System thread pool [active=0, idle=8, qSize=0]
[2018-06-12 16:31:06,807][INFO ][grid-timeout-worker-#23][IgniteKernal] FreeList [name=null, buckets=256, dataPages=1, reusePages=0]
[2018-06-12 16:31:06,808][INFO ][grid-timeout-worker-#23][IgniteKernal] FreeList [name=null, buckets=256, dataPages=1, reusePages=668]
[2018-06-12 16:31:11,813][INFO ][grid-timeout-worker-#23][IgniteKernal] 
Metrics for local node (to disable set 'metricsLogFrequency' to 0)
    ^-- Node [id=e72941cb, uptime=00:00:55.044]
    ^-- H/N/C [hosts=1, nodes=3, CPUs=4]
    ^-- CPU [cur=0.77%, avg=5.75%, GC=0%]
    ^-- PageMemory [pages=2257]
    ^-- Heap [used=192MB, free=90.19%, comm=1963MB]
    ^-- Non heap [used=53MB, free=-1%, comm=54MB]
    ^-- Outbound messages queue [size=0]
    ^-- Public thread pool [active=0, idle=0, qSize=0]
    ^-- System thread pool [active=0, idle=8, qSize=0]
[2018-06-12 16:31:11,813][INFO ][grid-timeout-worker-#23][IgniteKernal] FreeList [name=null, buckets=256, dataPages=1, reusePages=0]
[2018-06-12 16:31:11,813][INFO ][grid-timeout-worker-#23][IgniteKernal] FreeList [name=null, buckets=256, dataPages=1, reusePages=668]
[2018-06-12 16:31:16,823][INFO ][grid-timeout-worker-#23][IgniteKernal] 
Metrics for local node (to disable set 'metricsLogFrequency' to 0)
    ^-- Node [id=e72941cb, uptime=00:01:00.052]
    ^-- H/N/C [hosts=1, nodes=3, CPUs=4]
    ^-- CPU [cur=5.17%, avg=5.49%, GC=0%]
    ^-- PageMemory [pages=2257]
    ^-- Heap [used=194MB, free=90.11%, comm=1963MB]
    ^-- Non heap [used=53MB, free=-1%, comm=54MB]
    ^-- Outbound messages queue [size=0]
    ^-- Public thread pool [active=0, idle=0, qSize=0]
    ^-- System thread pool [active=0, idle=8, qSize=0]
[2018-06-12 16:31:16,824][INFO ][grid-timeout-worker-#23][IgniteKernal] FreeList [name=null, buckets=256, dataPages=1, reusePages=0]
[2018-06-12 16:31:16,824][INFO ][grid-timeout-worker-#23][IgniteKernal] FreeList [name=null, buckets=256, dataPages=1, reusePages=668]
[2018-06-12 16:31:21,829][INFO ][grid-timeout-worker-#23][IgniteKernal] 
Metrics for local node (to disable set 'metricsLogFrequency' to 0)
    ^-- Node [id=e72941cb, uptime=00:01:05.054]
    ^-- H/N/C [hosts=1, nodes=3, CPUs=4]
    ^-- CPU [cur=0.23%, avg=5.37%, GC=0%]
    ^-- PageMemory [pages=2257]
    ^-- Heap [used=194MB, free=90.11%, comm=1963MB]
    ^-- Non heap [used=53MB, free=-1%, comm=54MB]
    ^-- Outbound messages queue [size=0]
    ^-- Public thread pool [active=0, idle=0, qSize=0]
    ^-- System thread pool [active=0, idle=7, qSize=0]
[2018-06-12 16:31:21,829][INFO ][grid-timeout-worker-#23][IgniteKernal] FreeList [name=null, buckets=256, dataPages=1, reusePages=0]
[2018-06-12 16:31:21,829][INFO ][grid-timeout-worker-#23][IgniteKernal] FreeList [name=null, buckets=256, dataPages=1, reusePages=668]
[2018-06-12 16:31:26,830][INFO ][grid-timeout-worker-#23][IgniteKernal] 
Metrics for local node (to disable set 'metricsLogFrequency' to 0)
    ^-- Node [id=e72941cb, uptime=00:01:10.059]
    ^-- H/N/C [hosts=1, nodes=3, CPUs=4]
    ^-- CPU [cur=0.83%, avg=5.16%, GC=0%]
    ^-- PageMemory [pages=2257]
    ^-- Heap [used=196MB, free=90.01%, comm=1963MB]
    ^-- Non heap [used=53MB, free=-1%, comm=54MB]
    ^-- Outbound messages queue [size=0]
    ^-- Public thread pool [active=0, idle=0, qSize=0]
    ^-- System thread pool [active=0, idle=6, qSize=0]
[2018-06-12 16:31:26,832][INFO ][grid-timeout-worker-#23][IgniteKernal] FreeList [name=null, buckets=256, dataPages=1, reusePages=0]
[2018-06-12 16:31:26,833][INFO ][grid-timeout-worker-#23][IgniteKernal] FreeList [name=null, buckets=256, dataPages=1, reusePages=668]
[2018-06-12 16:31:31,836][INFO ][grid-timeout-worker-#23][IgniteKernal] 
Metrics for local node (to disable set 'metricsLogFrequency' to 0)
    ^-- Node [id=e72941cb, uptime=00:01:15.068]
    ^-- H/N/C [hosts=1, nodes=3, CPUs=4]
    ^-- CPU [cur=0.4%, avg=5.09%, GC=0%]
    ^-- PageMemory [pages=2257]
    ^-- Heap [used=196MB, free=90.01%, comm=1963MB]
    ^-- Non heap [used=53MB, free=-1%, comm=54MB]
    ^-- Outbound messages queue [size=0]
    ^-- Public thread pool [active=0, idle=0, qSize=0]
    ^-- System thread pool [active=0, idle=6, qSize=0]
[2018-06-12 16:31:31,836][INFO ][grid-timeout-worker-#23][IgniteKernal] FreeList [name=null, buckets=256, dataPages=1, reusePages=0]
[2018-06-12 16:31:31,836][INFO ][grid-timeout-worker-#23][IgniteKernal] FreeList [name=null, buckets=256, dataPages=1, reusePages=668]
[2018-06-12 16:31:36,840][INFO ][grid-timeout-worker-#23][IgniteKernal] 
Metrics for local node (to disable set 'metricsLogFrequency' to 0)
    ^-- Node [id=e72941cb, uptime=00:01:20.071]
    ^-- H/N/C [hosts=1, nodes=3, CPUs=4]
    ^-- CPU [cur=0.33%, avg=4.74%, GC=0%]
    ^-- PageMemory [pages=2257]
    ^-- Heap [used=196MB, free=89.98%, comm=1963MB]
    ^-- Non heap [used=53MB, free=-1%, comm=54MB]
    ^-- Outbound messages queue [size=0]
    ^-- Public thread pool [active=0, idle=0, qSize=0]
    ^-- System thread pool [active=0, idle=6, qSize=0]
[2018-06-12 16:31:36,840][INFO ][grid-timeout-worker-#23][IgniteKernal] FreeList [name=null, buckets=256, dataPages=1, reusePages=0]
[2018-06-12 16:31:36,840][INFO ][grid-timeout-worker-#23][IgniteKernal] FreeList [name=null, buckets=256, dataPages=1, reusePages=668]
[2018-06-12 16:31:41,848][INFO ][grid-timeout-worker-#23][IgniteKernal] 
Metrics for local node (to disable set 'metricsLogFrequency' to 0)
    ^-- Node [id=e72941cb, uptime=00:01:25.073]
    ^-- H/N/C [hosts=1, nodes=3, CPUs=4]
    ^-- CPU [cur=0.23%, avg=4.59%, GC=0%]
    ^-- PageMemory [pages=2257]
    ^-- Heap [used=196MB, free=89.98%, comm=1963MB]
    ^-- Non heap [used=53MB, free=-1%, comm=54MB]
    ^-- Outbound messages queue [size=0]
    ^-- Public thread pool [active=0, idle=0, qSize=0]
    ^-- System thread pool [active=0, idle=6, qSize=0]
[2018-06-12 16:31:41,848][INFO ][grid-timeout-worker-#23][IgniteKernal] FreeList [name=null, buckets=256, dataPages=1, reusePages=0]
[2018-06-12 16:31:41,848][INFO ][grid-timeout-worker-#23][IgniteKernal] FreeList [name=null, buckets=256, dataPages=1, reusePages=668]
[2018-06-12 16:31:46,848][INFO ][grid-timeout-worker-#23][IgniteKernal] 
Metrics for local node (to disable set 'metricsLogFrequency' to 0)
    ^-- Node [id=e72941cb, uptime=00:01:30.074]
    ^-- H/N/C [hosts=1, nodes=3, CPUs=4]
    ^-- CPU [cur=0.17%, avg=4.43%, GC=0%]
    ^-- PageMemory [pages=2257]
    ^-- Heap [used=197MB, free=89.95%, comm=1963MB]
    ^-- Non heap [used=53MB, free=-1%, comm=54MB]
    ^-- Outbound messages queue [size=0]
    ^-- Public thread pool [active=0, idle=0, qSize=0]
    ^-- System thread pool [active=0, idle=6, qSize=0]
[2018-06-12 16:31:46,848][INFO ][grid-timeout-worker-#23][IgniteKernal] FreeList [name=null, buckets=256, dataPages=1, reusePages=0]
[2018-06-12 16:31:46,848][INFO ][grid-timeout-worker-#23][IgniteKernal] FreeList [name=null, buckets=256, dataPages=1, reusePages=668]
[2018-06-12 16:31:51,851][INFO ][grid-timeout-worker-#23][IgniteKernal] 
Metrics for local node (to disable set 'metricsLogFrequency' to 0)
    ^-- Node [id=e72941cb, uptime=00:01:35.083]
    ^-- H/N/C [hosts=1, nodes=3, CPUs=4]
    ^-- CPU [cur=0.17%, avg=4.29%, GC=0%]
    ^-- PageMemory [pages=2257]
    ^-- Heap [used=197MB, free=89.95%, comm=1963MB]
    ^-- Non heap [used=53MB, free=-1%, comm=54MB]
    ^-- Outbound messages queue [size=0]
    ^-- Public thread pool [active=0, idle=0, qSize=0]
    ^-- System thread pool [active=0, idle=6, qSize=0]
[2018-06-12 16:31:51,851][INFO ][grid-timeout-worker-#23][IgniteKernal] FreeList [name=null, buckets=256, dataPages=1, reusePages=0]
[2018-06-12 16:31:51,851][INFO ][grid-timeout-worker-#23][IgniteKernal] FreeList [name=null, buckets=256, dataPages=1, reusePages=668]
[2018-06-12 16:31:56,859][INFO ][grid-timeout-worker-#23][IgniteKernal] 
Metrics for local node (to disable set 'metricsLogFrequency' to 0)
    ^-- Node [id=e72941cb, uptime=00:01:40.089]
    ^-- H/N/C [hosts=1, nodes=3, CPUs=4]
    ^-- CPU [cur=0.67%, avg=4.16%, GC=0%]
    ^-- PageMemory [pages=2257]
    ^-- Heap [used=197MB, free=89.92%, comm=1963MB]
    ^-- Non heap [used=53MB, free=-1%, comm=54MB]
    ^-- Outbound messages queue [size=0]
    ^-- Public thread pool [active=0, idle=0, qSize=0]
    ^-- System thread pool [active=0, idle=6, qSize=0]
[2018-06-12 16:31:56,860][INFO ][grid-timeout-worker-#23][IgniteKernal] FreeList [name=null, buckets=256, dataPages=1, reusePages=0]
[2018-06-12 16:31:56,860][INFO ][grid-timeout-worker-#23][IgniteKernal] FreeList [name=null, buckets=256, dataPages=1, reusePages=668]
[2018-06-12 16:32:01,861][INFO ][grid-timeout-worker-#23][IgniteKernal] 
Metrics for local node (to disable set 'metricsLogFrequency' to 0)
    ^-- Node [id=e72941cb, uptime=00:01:45.091]
    ^-- H/N/C [hosts=1, nodes=3, CPUs=4]
    ^-- CPU [cur=0.27%, avg=4.03%, GC=0%]
    ^-- PageMemory [pages=2257]
    ^-- Heap [used=197MB, free=89.92%, comm=1963MB]
    ^-- Non heap [used=53MB, free=-1%, comm=54MB]
    ^-- Outbound messages queue [size=0]
    ^-- Public thread pool [active=0, idle=0, qSize=0]
    ^-- System thread pool [active=0, idle=6, qSize=0]
[2018-06-12 16:32:01,861][INFO ][grid-timeout-worker-#23][IgniteKernal] FreeList [name=null, buckets=256, dataPages=1, reusePages=0]
[2018-06-12 16:32:01,861][INFO ][grid-timeout-worker-#23][IgniteKernal] FreeList [name=null, buckets=256, dataPages=1, reusePages=668]
[2018-06-12 16:32:06,868][INFO ][grid-timeout-worker-#23][IgniteKernal] 
Metrics for local node (to disable set 'metricsLogFrequency' to 0)
    ^-- Node [id=e72941cb, uptime=00:01:50.098]
    ^-- H/N/C [hosts=1, nodes=3, CPUs=4]
    ^-- CPU [cur=0.17%, avg=3.92%, GC=0%]
    ^-- PageMemory [pages=2257]
    ^-- Heap [used=201MB, free=89.74%, comm=1963MB]
    ^-- Non heap [used=53MB, free=-1%, comm=54MB]
    ^-- Outbound messages queue [size=0]
    ^-- Public thread pool [active=0, idle=0, qSize=0]
    ^-- System thread pool [active=0, idle=6, qSize=0]
[2018-06-12 16:32:06,869][INFO ][grid-timeout-worker-#23][IgniteKernal] FreeList [name=null, buckets=256, dataPages=1, reusePages=0]
[2018-06-12 16:32:06,869][INFO ][grid-timeout-worker-#23][IgniteKernal] FreeList [name=null, buckets=256, dataPages=1, reusePages=668]
[2018-06-12 16:32:11,263][INFO ][disco-event-worker-#41][GridDiscoveryManager] Node left topology: TcpDiscoveryNode [id=4f0c4b5b-4b57-472d-b174-15710d6eef9d, addrs=[127.0.0.1, 172.17.0.1, 192.168.0.101], sockAddrs=[/172.17.0.1:47502, /127.0.0.1:47502, /192.168.0.101:47502], discPort=47502, order=3, intOrder=3, lastExchangeTime=1528810213969, loc=false, ver=2.5.0#20180518-sha1:fe6e70e3, isClient=false]
[2018-06-12 16:32:11,265][INFO ][disco-event-worker-#41][GridDiscoveryManager] Topology snapshot [ver=4, servers=2, clients=0, CPUs=4, offheap=4.6GB, heap=4.0GB]
[2018-06-12 16:32:11,265][INFO ][disco-event-worker-#41][GridDiscoveryManager]   ^-- Node [id=E72941CB-382F-4D77-888A-B2D56E5D8A59, clusterState=ACTIVE]
[2018-06-12 16:32:11,265][INFO ][disco-event-worker-#41][GridDiscoveryManager] Data Regions Configured:
[2018-06-12 16:32:11,266][INFO ][disco-event-worker-#41][GridDiscoveryManager]   ^-- default [initSize=256.0 MiB, maxSize=2.3 GiB, persistenceEnabled=false]
[2018-06-12 16:32:11,303][INFO ][exchange-worker-#42][time] Started exchange init [topVer=AffinityTopologyVersion [topVer=4, minorTopVer=0], crd=false, evt=NODE_LEFT, evtNode=4f0c4b5b-4b57-472d-b174-15710d6eef9d, customEvt=null, allowMerge=true]
[2018-06-12 16:32:11,304][INFO ][exchange-worker-#42][GridDhtPartitionsExchangeFuture] Finished waiting for partition release future [topVer=AffinityTopologyVersion [topVer=4, minorTopVer=0], waitTime=0ms, futInfo=NA]
[2018-06-12 16:32:11,326][INFO ][exchange-worker-#42][GridDhtPartitionsExchangeFuture] Finished waiting for partitions release latch: ClientLatch [coordinator=TcpDiscoveryNode [id=c93340de-1bd8-4a47-997b-bd15ae45d7a1, addrs=[127.0.0.1, 172.17.0.1, 192.168.0.101], sockAddrs=[/172.17.0.1:47500, /127.0.0.1:47500, /192.168.0.101:47500], discPort=47500, order=1, intOrder=1, lastExchangeTime=1528810212066, loc=false, ver=2.5.0#20180518-sha1:fe6e70e3, isClient=false], ackSent=true, super=CompletableLatch [id=exchange, topVer=AffinityTopologyVersion [topVer=4, minorTopVer=0]]]
[2018-06-12 16:32:11,326][INFO ][exchange-worker-#42][GridDhtPartitionsExchangeFuture] Finished waiting for partition release future [topVer=AffinityTopologyVersion [topVer=4, minorTopVer=0], waitTime=0ms, futInfo=NA]
[2018-06-12 16:32:11,364][INFO ][exchange-worker-#42][time] Finished exchange init [topVer=AffinityTopologyVersion [topVer=4, minorTopVer=0], crd=false]
[2018-06-12 16:32:11,436][INFO ][sys-#62][GridDhtPartitionsExchangeFuture] Received full message, will finish exchange [node=c93340de-1bd8-4a47-997b-bd15ae45d7a1, resVer=AffinityTopologyVersion [topVer=4, minorTopVer=0]]
[2018-06-12 16:32:11,527][INFO ][sys-#62][GridDhtPartitionsExchangeFuture] Finish exchange future [startVer=AffinityTopologyVersion [topVer=4, minorTopVer=0], resVer=AffinityTopologyVersion [topVer=4, minorTopVer=0], err=null]
[2018-06-12 16:32:11,568][INFO ][exchange-worker-#42][GridCachePartitionExchangeManager] Rebalancing scheduled [order=[CalculatorSvcMetrics]]
[2018-06-12 16:32:11,569][INFO ][exchange-worker-#42][GridCachePartitionExchangeManager] Rebalancing started [top=AffinityTopologyVersion [topVer=4, minorTopVer=0], evt=NODE_LEFT, node=4f0c4b5b-4b57-472d-b174-15710d6eef9d]
[2018-06-12 16:32:11,580][INFO ][exchange-worker-#42][GridDhtPartitionDemander] Starting rebalancing [grp=CalculatorSvcMetrics, mode=ASYNC, fromNode=c93340de-1bd8-4a47-997b-bd15ae45d7a1, partitionsCount=335, topology=AffinityTopologyVersion [topVer=4, minorTopVer=0], rebalanceId=26]
[2018-06-12 16:32:11,599][INFO ][sys-#65][GridDhtPartitionDemander] Completed (final) rebalancing [fromNode=c93340de-1bd8-4a47-997b-bd15ae45d7a1, cacheOrGroup=CalculatorSvcMetrics, topology=AffinityTopologyVersion [topVer=4, minorTopVer=0], time=10 ms]
[2018-06-12 16:32:11,599][INFO ][sys-#65][GridDhtPartitionDemander] Completed rebalance future: RebalanceFuture [grp=CacheGroupContext [grp=CalculatorSvcMetrics], topVer=AffinityTopologyVersion [topVer=4, minorTopVer=0], rebalanceId=26]
[2018-06-12 16:32:11,869][INFO ][grid-timeout-worker-#23][IgniteKernal] 
Metrics for local node (to disable set 'metricsLogFrequency' to 0)
    ^-- Node [id=e72941cb, uptime=00:01:55.098]
    ^-- H/N/C [hosts=1, nodes=2, CPUs=4]
    ^-- CPU [cur=0.33%, avg=3.71%, GC=0%]
    ^-- PageMemory [pages=2259]
    ^-- Heap [used=210MB, free=89.29%, comm=1963MB]
    ^-- Non heap [used=53MB, free=-1%, comm=54MB]
    ^-- Outbound messages queue [size=0]
    ^-- Public thread pool [active=0, idle=2, qSize=0]
    ^-- System thread pool [active=0, idle=8, qSize=0]
[2018-06-12 16:32:11,869][INFO ][grid-timeout-worker-#23][IgniteKernal] FreeList [name=null, buckets=256, dataPages=1, reusePages=0]
[2018-06-12 16:32:11,869][INFO ][grid-timeout-worker-#23][IgniteKernal] FreeList [name=null, buckets=256, dataPages=1, reusePages=0]
[2018-06-12 16:32:16,870][INFO ][grid-timeout-worker-#23][IgniteKernal] 
Metrics for local node (to disable set 'metricsLogFrequency' to 0)
    ^-- Node [id=e72941cb, uptime=00:02:00.099]
    ^-- H/N/C [hosts=1, nodes=2, CPUs=4]
    ^-- CPU [cur=0.9%, avg=3.68%, GC=0%]
    ^-- PageMemory [pages=2259]
    ^-- Heap [used=210MB, free=89.29%, comm=1963MB]
    ^-- Non heap [used=53MB, free=-1%, comm=54MB]
    ^-- Outbound messages queue [size=0]
    ^-- Public thread pool [active=0, idle=2, qSize=0]
    ^-- System thread pool [active=0, idle=8, qSize=0]
[2018-06-12 16:32:16,870][INFO ][grid-timeout-worker-#23][IgniteKernal] FreeList [name=null, buckets=256, dataPages=1, reusePages=0]
[2018-06-12 16:32:16,870][INFO ][grid-timeout-worker-#23][IgniteKernal] FreeList [name=null, buckets=256, dataPages=1, reusePages=0]
[2018-06-12 16:32:17,044][INFO ][disco-event-worker-#41][GridDiscoveryManager] Added new node to topology: TcpDiscoveryNode [id=5d2a4652-0f9f-4fac-802f-b4535bb835a3, addrs=[127.0.0.1, 172.17.0.1, 192.168.0.101], sockAddrs=[/172.17.0.1:47502, /127.0.0.1:47502, /192.168.0.101:47502], discPort=47502, order=5, intOrder=4, lastExchangeTime=1528810336917, loc=false, ver=2.5.0#20180518-sha1:fe6e70e3, isClient=false]
[2018-06-12 16:32:17,049][INFO ][disco-event-worker-#41][GridDiscoveryManager] Topology snapshot [ver=5, servers=3, clients=0, CPUs=4, offheap=7.0GB, heap=6.0GB]
[2018-06-12 16:32:17,049][INFO ][disco-event-worker-#41][GridDiscoveryManager]   ^-- Node [id=E72941CB-382F-4D77-888A-B2D56E5D8A59, clusterState=ACTIVE]
[2018-06-12 16:32:17,049][INFO ][disco-event-worker-#41][GridDiscoveryManager] Data Regions Configured:
[2018-06-12 16:32:17,050][INFO ][disco-event-worker-#41][GridDiscoveryManager]   ^-- default [initSize=256.0 MiB, maxSize=2.3 GiB, persistenceEnabled=false]
[2018-06-12 16:32:17,051][INFO ][exchange-worker-#42][time] Started exchange init [topVer=AffinityTopologyVersion [topVer=5, minorTopVer=0], crd=false, evt=NODE_JOINED, evtNode=5d2a4652-0f9f-4fac-802f-b4535bb835a3, customEvt=null, allowMerge=true]
[2018-06-12 16:32:17,051][INFO ][exchange-worker-#42][GridDhtPartitionsExchangeFuture] Finished waiting for partition release future [topVer=AffinityTopologyVersion [topVer=5, minorTopVer=0], waitTime=0ms, futInfo=NA]
[2018-06-12 16:32:17,705][INFO ][exchange-worker-#42][GridDhtPartitionsExchangeFuture] Finished waiting for partitions release latch: ClientLatch [coordinator=TcpDiscoveryNode [id=c93340de-1bd8-4a47-997b-bd15ae45d7a1, addrs=[127.0.0.1, 172.17.0.1, 192.168.0.101], sockAddrs=[/172.17.0.1:47500, /127.0.0.1:47500, /192.168.0.101:47500], discPort=47500, order=1, intOrder=1, lastExchangeTime=1528810212066, loc=false, ver=2.5.0#20180518-sha1:fe6e70e3, isClient=false], ackSent=true, super=CompletableLatch [id=exchange, topVer=AffinityTopologyVersion [topVer=5, minorTopVer=0]]]
[2018-06-12 16:32:17,706][INFO ][exchange-worker-#42][GridDhtPartitionsExchangeFuture] Finished waiting for partition release future [topVer=AffinityTopologyVersion [topVer=5, minorTopVer=0], waitTime=0ms, futInfo=NA]
[2018-06-12 16:32:17,720][INFO ][exchange-worker-#42][time] Finished exchange init [topVer=AffinityTopologyVersion [topVer=5, minorTopVer=0], crd=false]
[2018-06-12 16:32:17,757][INFO ][sys-#62][GridDhtPartitionsExchangeFuture] Received full message, will finish exchange [node=c93340de-1bd8-4a47-997b-bd15ae45d7a1, resVer=AffinityTopologyVersion [topVer=5, minorTopVer=0]]
[2018-06-12 16:32:17,805][INFO ][sys-#62][GridDhtPartitionsExchangeFuture] Finish exchange future [startVer=AffinityTopologyVersion [topVer=5, minorTopVer=0], resVer=AffinityTopologyVersion [topVer=5, minorTopVer=0], err=null]
[2018-06-12 16:32:17,817][INFO ][exchange-worker-#42][GridCachePartitionExchangeManager] Skipping rebalancing (nothing scheduled) [top=AffinityTopologyVersion [topVer=5, minorTopVer=0], evt=NODE_JOINED, node=5d2a4652-0f9f-4fac-802f-b4535bb835a3]
[2018-06-12 16:32:18,179][INFO ][grid-nio-worker-tcp-comm-2-#27][TcpCommunicationSpi] Accepted incoming communication connection [locAddr=/127.0.0.1:47100, rmtAddr=/127.0.0.1:43164]
[2018-06-12 16:32:19,911][INFO ][exchange-worker-#42][time] Started exchange init [topVer=AffinityTopologyVersion [topVer=5, minorTopVer=1], crd=false, evt=DISCOVERY_CUSTOM_EVT, evtNode=c93340de-1bd8-4a47-997b-bd15ae45d7a1, customEvt=CacheAffinityChangeMessage [id=54e7034f361-f3c8e094-2d78-41ae-bba0-87bc81190624, topVer=AffinityTopologyVersion [topVer=5, minorTopVer=0], exchId=null, partsMsg=null, exchangeNeeded=true], allowMerge=false]
[2018-06-12 16:32:20,346][INFO ][exchange-worker-#42][GridDhtPartitionsExchangeFuture] Finished waiting for partition release future [topVer=AffinityTopologyVersion [topVer=5, minorTopVer=1], waitTime=424ms, futInfo=NA]
[2018-06-12 16:32:20,352][INFO ][exchange-worker-#42][GridDhtPartitionsExchangeFuture] Finished waiting for partitions release latch: ClientLatch [coordinator=TcpDiscoveryNode [id=c93340de-1bd8-4a47-997b-bd15ae45d7a1, addrs=[127.0.0.1, 172.17.0.1, 192.168.0.101], sockAddrs=[/172.17.0.1:47500, /127.0.0.1:47500, /192.168.0.101:47500], discPort=47500, order=1, intOrder=1, lastExchangeTime=1528810212066, loc=false, ver=2.5.0#20180518-sha1:fe6e70e3, isClient=false], ackSent=true, super=CompletableLatch [id=exchange, topVer=AffinityTopologyVersion [topVer=5, minorTopVer=1]]]
[2018-06-12 16:32:20,352][INFO ][exchange-worker-#42][GridDhtPartitionsExchangeFuture] Finished waiting for partition release future [topVer=AffinityTopologyVersion [topVer=5, minorTopVer=1], waitTime=0ms, futInfo=NA]
[2018-06-12 16:32:20,375][INFO ][exchange-worker-#42][time] Finished exchange init [topVer=AffinityTopologyVersion [topVer=5, minorTopVer=1], crd=false]
[2018-06-12 16:32:20,425][INFO ][sys-#63][GridDhtPartitionsExchangeFuture] Received full message, will finish exchange [node=c93340de-1bd8-4a47-997b-bd15ae45d7a1, resVer=AffinityTopologyVersion [topVer=5, minorTopVer=1]]
[2018-06-12 16:32:20,445][INFO ][sys-#63][GridDhtPartitionsExchangeFuture] Finish exchange future [startVer=AffinityTopologyVersion [topVer=5, minorTopVer=1], resVer=AffinityTopologyVersion [topVer=5, minorTopVer=1], err=null]
[2018-06-12 16:32:20,541][INFO ][exchange-worker-#42][GridCachePartitionExchangeManager] Skipping rebalancing (nothing scheduled) [top=AffinityTopologyVersion [topVer=5, minorTopVer=1], evt=DISCOVERY_CUSTOM_EVT, node=c93340de-1bd8-4a47-997b-bd15ae45d7a1]
[2018-06-12 16:32:21,869][INFO ][grid-timeout-worker-#23][IgniteKernal] 
Metrics for local node (to disable set 'metricsLogFrequency' to 0)
    ^-- Node [id=e72941cb, uptime=00:02:05.102]
    ^-- H/N/C [hosts=1, nodes=3, CPUs=4]
    ^-- CPU [cur=28.73%, avg=3.61%, GC=0%]
    ^-- PageMemory [pages=2262]
    ^-- Heap [used=254MB, free=87.02%, comm=1963MB]
    ^-- Non heap [used=58MB, free=-1%, comm=59MB]
    ^-- Outbound messages queue [size=1]
    ^-- Public thread pool [active=0, idle=2, qSize=0]
    ^-- System thread pool [active=0, idle=8, qSize=0]
[2018-06-12 16:32:21,870][INFO ][grid-timeout-worker-#23][IgniteKernal] FreeList [name=null, buckets=256, dataPages=1, reusePages=0]
[2018-06-12 16:32:21,870][INFO ][grid-timeout-worker-#23][IgniteKernal] FreeList [name=null, buckets=256, dataPages=1, reusePages=670]
[2018-06-12 16:32:26,880][INFO ][grid-timeout-worker-#23][IgniteKernal] 
Metrics for local node (to disable set 'metricsLogFrequency' to 0)
    ^-- Node [id=e72941cb, uptime=00:02:10.111]
    ^-- H/N/C [hosts=1, nodes=3, CPUs=4]
    ^-- CPU [cur=36.67%, avg=5.64%, GC=0%]
    ^-- PageMemory [pages=2262]
    ^-- Heap [used=297MB, free=84.85%, comm=1963MB]
    ^-- Non heap [used=59MB, free=-1%, comm=61MB]
    ^-- Outbound messages queue [size=1]
    ^-- Public thread pool [active=0, idle=2, qSize=0]
    ^-- System thread pool [active=0, idle=8, qSize=0]
[2018-06-12 16:32:26,880][INFO ][grid-timeout-worker-#23][IgniteKernal] FreeList [name=null, buckets=256, dataPages=1, reusePages=0]
[2018-06-12 16:32:26,880][INFO ][grid-timeout-worker-#23][IgniteKernal] FreeList [name=null, buckets=256, dataPages=1, reusePages=670]
[2018-06-12 16:32:31,887][INFO ][grid-timeout-worker-#23][IgniteKernal] 
Metrics for local node (to disable set 'metricsLogFrequency' to 0)
    ^-- Node [id=e72941cb, uptime=00:02:15.114]
    ^-- H/N/C [hosts=1, nodes=3, CPUs=4]
    ^-- CPU [cur=41.83%, avg=6.43%, GC=0%]
    ^-- PageMemory [pages=2262]
    ^-- Heap [used=389MB, free=80.15%, comm=1963MB]
    ^-- Non heap [used=60MB, free=-1%, comm=62MB]
    ^-- Outbound messages queue [size=0]
    ^-- Public thread pool [active=0, idle=2, qSize=0]
    ^-- System thread pool [active=0, idle=8, qSize=0]
[2018-06-12 16:32:31,888][INFO ][grid-timeout-worker-#23][IgniteKernal] FreeList [name=null, buckets=256, dataPages=1, reusePages=0]
[2018-06-12 16:32:31,888][INFO ][grid-timeout-worker-#23][IgniteKernal] FreeList [name=null, buckets=256, dataPages=1, reusePages=670]
[2018-06-12 16:32:36,891][INFO ][grid-timeout-worker-#23][IgniteKernal] 
Metrics for local node (to disable set 'metricsLogFrequency' to 0)
    ^-- Node [id=e72941cb, uptime=00:02:20.122]
    ^-- H/N/C [hosts=1, nodes=3, CPUs=4]
    ^-- CPU [cur=27.6%, avg=8.28%, GC=0.1%]
    ^-- PageMemory [pages=2262]
    ^-- Heap [used=288MB, free=85.31%, comm=1963MB]
    ^-- Non heap [used=59MB, free=-1%, comm=62MB]
    ^-- Outbound messages queue [size=0]
    ^-- Public thread pool [active=0, idle=2, qSize=0]
    ^-- System thread pool [active=0, idle=8, qSize=0]
[2018-06-12 16:32:36,891][INFO ][grid-timeout-worker-#23][IgniteKernal] FreeList [name=null, buckets=256, dataPages=1, reusePages=0]
[2018-06-12 16:32:36,891][INFO ][grid-timeout-worker-#23][IgniteKernal] FreeList [name=null, buckets=256, dataPages=1, reusePages=670]
[2018-06-12 16:32:41,891][INFO ][grid-timeout-worker-#23][IgniteKernal] 
Metrics for local node (to disable set 'metricsLogFrequency' to 0)
    ^-- Node [id=e72941cb, uptime=00:02:25.123]
    ^-- H/N/C [hosts=1, nodes=3, CPUs=4]
    ^-- CPU [cur=21.9%, avg=8.7%, GC=0%]
    ^-- PageMemory [pages=2262]
    ^-- Heap [used=214MB, free=89.09%, comm=1963MB]
    ^-- Non heap [used=59MB, free=-1%, comm=62MB]
    ^-- Outbound messages queue [size=27]
    ^-- Public thread pool [active=0, idle=2, qSize=0]
    ^-- System thread pool [active=0, idle=8, qSize=0]
[2018-06-12 16:32:41,891][INFO ][grid-timeout-worker-#23][IgniteKernal] FreeList [name=null, buckets=256, dataPages=1, reusePages=0]
[2018-06-12 16:32:41,892][INFO ][grid-timeout-worker-#23][IgniteKernal] FreeList [name=null, buckets=256, dataPages=1, reusePages=670]
[2018-06-12 16:32:46,900][INFO ][grid-timeout-worker-#23][IgniteKernal] 
Metrics for local node (to disable set 'metricsLogFrequency' to 0)
    ^-- Node [id=e72941cb, uptime=00:02:30.125]
    ^-- H/N/C [hosts=1, nodes=3, CPUs=4]
    ^-- CPU [cur=22.6%, avg=9.26%, GC=0%]
    ^-- PageMemory [pages=2262]
    ^-- Heap [used=139MB, free=92.9%, comm=1963MB]
    ^-- Non heap [used=59MB, free=-1%, comm=62MB]
    ^-- Outbound messages queue [size=0]
    ^-- Public thread pool [active=0, idle=2, qSize=0]
    ^-- System thread pool [active=0, idle=8, qSize=0]
[2018-06-12 16:32:46,901][INFO ][grid-timeout-worker-#23][IgniteKernal] FreeList [name=null, buckets=256, dataPages=1, reusePages=0]
[2018-06-12 16:32:46,901][INFO ][grid-timeout-worker-#23][IgniteKernal] FreeList [name=null, buckets=256, dataPages=1, reusePages=670]
[2018-06-12 16:32:51,903][INFO ][grid-timeout-worker-#23][IgniteKernal] 
Metrics for local node (to disable set 'metricsLogFrequency' to 0)
    ^-- Node [id=e72941cb, uptime=00:02:35.126]
    ^-- H/N/C [hosts=1, nodes=3, CPUs=4]
    ^-- CPU [cur=23.27%, avg=9.81%, GC=0%]
    ^-- PageMemory [pages=2262]
    ^-- Heap [used=545MB, free=72.22%, comm=1963MB]
    ^-- Non heap [used=59MB, free=-1%, comm=62MB]
    ^-- Outbound messages queue [size=63]
    ^-- Public thread pool [active=0, idle=2, qSize=0]
    ^-- System thread pool [active=0, idle=8, qSize=0]
[2018-06-12 16:32:51,904][INFO ][grid-timeout-worker-#23][IgniteKernal] FreeList [name=null, buckets=256, dataPages=1, reusePages=0]
[2018-06-12 16:32:51,904][INFO ][grid-timeout-worker-#23][IgniteKernal] FreeList [name=null, buckets=256, dataPages=1, reusePages=670]
[2018-06-12 16:32:56,913][INFO ][grid-timeout-worker-#23][IgniteKernal] 
Metrics for local node (to disable set 'metricsLogFrequency' to 0)
    ^-- Node [id=e72941cb, uptime=00:02:40.138]
    ^-- H/N/C [hosts=1, nodes=3, CPUs=4]
    ^-- CPU [cur=22.67%, avg=10.56%, GC=0.07%]
    ^-- PageMemory [pages=2262]
    ^-- Heap [used=475MB, free=76.53%, comm=2027MB]
    ^-- Non heap [used=59MB, free=-1%, comm=62MB]
    ^-- Outbound messages queue [size=0]
    ^-- Public thread pool [active=0, idle=2, qSize=0]
    ^-- System thread pool [active=0, idle=8, qSize=0]
[2018-06-12 16:32:56,913][INFO ][grid-timeout-worker-#23][IgniteKernal] FreeList [name=null, buckets=256, dataPages=1, reusePages=0]
[2018-06-12 16:32:56,913][INFO ][grid-timeout-worker-#23][IgniteKernal] FreeList [name=null, buckets=256, dataPages=1, reusePages=670]
[2018-06-12 16:33:01,913][INFO ][grid-timeout-worker-#23][IgniteKernal] 
Metrics for local node (to disable set 'metricsLogFrequency' to 0)
    ^-- Node [id=e72941cb, uptime=00:02:45.140]
    ^-- H/N/C [hosts=1, nodes=3, CPUs=4]
    ^-- CPU [cur=23.43%, avg=10.79%, GC=0.1%]
    ^-- PageMemory [pages=2262]
    ^-- Heap [used=261MB, free=87.09%, comm=2027MB]
    ^-- Non heap [used=60MB, free=-1%, comm=62MB]
    ^-- Outbound messages queue [size=4]
    ^-- Public thread pool [active=0, idle=2, qSize=0]
    ^-- System thread pool [active=0, idle=8, qSize=0]
[2018-06-12 16:33:01,913][INFO ][grid-timeout-worker-#23][IgniteKernal] FreeList [name=null, buckets=256, dataPages=1, reusePages=0]
[2018-06-12 16:33:01,913][INFO ][grid-timeout-worker-#23][IgniteKernal] FreeList [name=null, buckets=256, dataPages=1, reusePages=670]
[2018-06-12 16:33:06,918][INFO ][grid-timeout-worker-#23][IgniteKernal] 
Metrics for local node (to disable set 'metricsLogFrequency' to 0)
    ^-- Node [id=e72941cb, uptime=00:02:50.149]
    ^-- H/N/C [hosts=1, nodes=3, CPUs=4]
    ^-- CPU [cur=23.1%, avg=11.45%, GC=0%]
    ^-- PageMemory [pages=2262]
    ^-- Heap [used=653MB, free=67.75%, comm=2027MB]
    ^-- Non heap [used=60MB, free=-1%, comm=62MB]
    ^-- Outbound messages queue [size=14]
    ^-- Public thread pool [active=0, idle=2, qSize=0]
    ^-- System thread pool [active=0, idle=8, qSize=0]
[2018-06-12 16:33:06,918][INFO ][grid-timeout-worker-#23][IgniteKernal] FreeList [name=null, buckets=256, dataPages=1, reusePages=0]
[2018-06-12 16:33:06,918][INFO ][grid-timeout-worker-#23][IgniteKernal] FreeList [name=null, buckets=256, dataPages=1, reusePages=670]
[2018-06-12 16:33:11,917][INFO ][grid-timeout-worker-#23][IgniteKernal] 
Metrics for local node (to disable set 'metricsLogFrequency' to 0)
    ^-- Node [id=e72941cb, uptime=00:02:55.149]
    ^-- H/N/C [hosts=1, nodes=3, CPUs=4]
    ^-- CPU [cur=20.9%, avg=11.8%, GC=0.1%]
    ^-- PageMemory [pages=2262]
    ^-- Heap [used=417MB, free=79.42%, comm=2028MB]
    ^-- Non heap [used=60MB, free=-1%, comm=62MB]
    ^-- Outbound messages queue [size=28]
    ^-- Public thread pool [active=0, idle=0, qSize=0]
    ^-- System thread pool [active=0, idle=8, qSize=0]
[2018-06-12 16:33:11,917][INFO ][grid-timeout-worker-#23][IgniteKernal] FreeList [name=null, buckets=256, dataPages=1, reusePages=0]
[2018-06-12 16:33:11,917][INFO ][grid-timeout-worker-#23][IgniteKernal] FreeList [name=null, buckets=256, dataPages=1, reusePages=670]
[2018-06-12 16:33:16,920][INFO ][grid-timeout-worker-#23][IgniteKernal] 
Metrics for local node (to disable set 'metricsLogFrequency' to 0)
    ^-- Node [id=e72941cb, uptime=00:03:00.149]
    ^-- H/N/C [hosts=1, nodes=3, CPUs=4]
    ^-- CPU [cur=26.5%, avg=12.36%, GC=0.1%]
    ^-- PageMemory [pages=2262]
    ^-- Heap [used=160MB, free=92.06%, comm=2027MB]
    ^-- Non heap [used=60MB, free=-1%, comm=63MB]
    ^-- Outbound messages queue [size=10]
    ^-- Public thread pool [active=0, idle=0, qSize=0]
    ^-- System thread pool [active=0, idle=8, qSize=0]
[2018-06-12 16:33:16,921][INFO ][grid-timeout-worker-#23][IgniteKernal] FreeList [name=null, buckets=256, dataPages=1, reusePages=0]
[2018-06-12 16:33:16,921][INFO ][grid-timeout-worker-#23][IgniteKernal] FreeList [name=null, buckets=256, dataPages=1, reusePages=670]
[2018-06-12 16:33:21,926][INFO ][grid-timeout-worker-#23][IgniteKernal] 
Metrics for local node (to disable set 'metricsLogFrequency' to 0)
    ^-- Node [id=e72941cb, uptime=00:03:05.158]
    ^-- H/N/C [hosts=1, nodes=3, CPUs=4]
    ^-- CPU [cur=21.9%, avg=12.53%, GC=0%]
    ^-- PageMemory [pages=2262]
    ^-- Heap [used=565MB, free=72.11%, comm=2027MB]
    ^-- Non heap [used=60MB, free=-1%, comm=63MB]
    ^-- Outbound messages queue [size=39]
    ^-- Public thread pool [active=0, idle=0, qSize=0]
    ^-- System thread pool [active=0, idle=8, qSize=0]
[2018-06-12 16:33:21,926][INFO ][grid-timeout-worker-#23][IgniteKernal] FreeList [name=null, buckets=256, dataPages=1, reusePages=0]
[2018-06-12 16:33:21,927][INFO ][grid-timeout-worker-#23][IgniteKernal] FreeList [name=null, buckets=256, dataPages=1, reusePages=670]
[2018-06-12 16:33:26,935][INFO ][grid-timeout-worker-#23][IgniteKernal] 
Metrics for local node (to disable set 'metricsLogFrequency' to 0)
    ^-- Node [id=e72941cb, uptime=00:03:10.164]
    ^-- H/N/C [hosts=1, nodes=3, CPUs=4]
    ^-- CPU [cur=23.83%, avg=12.98%, GC=0.07%]
    ^-- PageMemory [pages=2262]
    ^-- Heap [used=370MB, free=81.73%, comm=2029MB]
    ^-- Non heap [used=59MB, free=-1%, comm=63MB]
    ^-- Outbound messages queue [size=19]
    ^-- Public thread pool [active=0, idle=0, qSize=0]
    ^-- System thread pool [active=0, idle=6, qSize=0]
[2018-06-12 16:33:26,935][INFO ][grid-timeout-worker-#23][IgniteKernal] FreeList [name=null, buckets=256, dataPages=1, reusePages=0]
[2018-06-12 16:33:26,936][INFO ][grid-timeout-worker-#23][IgniteKernal] FreeList [name=null, buckets=256, dataPages=1, reusePages=670]
[2018-06-12 16:33:31,934][INFO ][grid-timeout-worker-#23][IgniteKernal] 
Metrics for local node (to disable set 'metricsLogFrequency' to 0)
    ^-- Node [id=e72941cb, uptime=00:03:15.165]
    ^-- H/N/C [hosts=1, nodes=3, CPUs=4]
    ^-- CPU [cur=23.27%, avg=13.14%, GC=0.1%]
    ^-- PageMemory [pages=2262]
    ^-- Heap [used=161MB, free=92.03%, comm=2028MB]
    ^-- Non heap [used=59MB, free=-1%, comm=63MB]
    ^-- Outbound messages queue [size=0]
    ^-- Public thread pool [active=0, idle=0, qSize=0]
    ^-- System thread pool [active=0, idle=6, qSize=0]
[2018-06-12 16:33:31,934][INFO ][grid-timeout-worker-#23][IgniteKernal] FreeList [name=null, buckets=256, dataPages=1, reusePages=0]
[2018-06-12 16:33:31,934][INFO ][grid-timeout-worker-#23][IgniteKernal] FreeList [name=null, buckets=256, dataPages=1, reusePages=670]
[2018-06-12 16:33:36,941][INFO ][grid-timeout-worker-#23][IgniteKernal] 
Metrics for local node (to disable set 'metricsLogFrequency' to 0)
    ^-- Node [id=e72941cb, uptime=00:03:20.167]
    ^-- H/N/C [hosts=1, nodes=3, CPUs=4]
    ^-- CPU [cur=23.4%, avg=13.29%, GC=0%]
    ^-- PageMemory [pages=2262]
    ^-- Heap [used=602MB, free=70.31%, comm=2028MB]
    ^-- Non heap [used=59MB, free=-1%, comm=63MB]
    ^-- Outbound messages queue [size=22]
    ^-- Public thread pool [active=0, idle=0, qSize=0]
    ^-- System thread pool [active=0, idle=6, qSize=0]
[2018-06-12 16:33:36,941][INFO ][grid-timeout-worker-#23][IgniteKernal] FreeList [name=null, buckets=256, dataPages=1, reusePages=0]
[2018-06-12 16:33:36,941][INFO ][grid-timeout-worker-#23][IgniteKernal] FreeList [name=null, buckets=256, dataPages=1, reusePages=670]
[2018-06-12 16:33:41,937][INFO ][grid-timeout-worker-#23][IgniteKernal] 
Metrics for local node (to disable set 'metricsLogFrequency' to 0)
    ^-- Node [id=e72941cb, uptime=00:03:25.168]
    ^-- H/N/C [hosts=1, nodes=3, CPUs=4]
    ^-- CPU [cur=23%, avg=13.58%, GC=0.07%]
    ^-- PageMemory [pages=2262]
    ^-- Heap [used=375MB, free=81.51%, comm=2030MB]
    ^-- Non heap [used=59MB, free=-1%, comm=63MB]
    ^-- Outbound messages queue [size=0]
    ^-- Public thread pool [active=0, idle=0, qSize=0]
    ^-- System thread pool [active=0, idle=6, qSize=0]
[2018-06-12 16:33:41,937][INFO ][grid-timeout-worker-#23][IgniteKernal] FreeList [name=null, buckets=256, dataPages=1, reusePages=0]
[2018-06-12 16:33:41,937][INFO ][grid-timeout-worker-#23][IgniteKernal] FreeList [name=null, buckets=256, dataPages=1, reusePages=670]
[2018-06-12 16:33:46,945][INFO ][grid-timeout-worker-#23][IgniteKernal] 
Metrics for local node (to disable set 'metricsLogFrequency' to 0)
    ^-- Node [id=e72941cb, uptime=00:03:30.171]
    ^-- H/N/C [hosts=1, nodes=3, CPUs=4]
    ^-- CPU [cur=23.77%, avg=13.7%, GC=0.1%]
    ^-- PageMemory [pages=2262]
    ^-- Heap [used=186MB, free=90.8%, comm=2029MB]
    ^-- Non heap [used=60MB, free=-1%, comm=63MB]
    ^-- Outbound messages queue [size=9]
    ^-- Public thread pool [active=0, idle=0, qSize=0]
    ^-- System thread pool [active=0, idle=6, qSize=0]
[2018-06-12 16:33:46,945][INFO ][grid-timeout-worker-#23][IgniteKernal] FreeList [name=null, buckets=256, dataPages=1, reusePages=0]
[2018-06-12 16:33:46,945][INFO ][grid-timeout-worker-#23][IgniteKernal] FreeList [name=null, buckets=256, dataPages=1, reusePages=670]
[2018-06-12 16:33:51,948][INFO ][grid-timeout-worker-#23][IgniteKernal] 
Metrics for local node (to disable set 'metricsLogFrequency' to 0)
    ^-- Node [id=e72941cb, uptime=00:03:35.178]
    ^-- H/N/C [hosts=1, nodes=3, CPUs=4]
    ^-- CPU [cur=22.4%, avg=13.96%, GC=0%]
    ^-- PageMemory [pages=2262]
    ^-- Heap [used=590MB, free=70.92%, comm=2029MB]
    ^-- Non heap [used=60MB, free=-1%, comm=63MB]
    ^-- Outbound messages queue [size=1]
    ^-- Public thread pool [active=0, idle=0, qSize=0]
    ^-- System thread pool [active=0, idle=6, qSize=0]
[2018-06-12 16:33:51,949][INFO ][grid-timeout-worker-#23][IgniteKernal] FreeList [name=null, buckets=256, dataPages=1, reusePages=0]
[2018-06-12 16:33:51,949][INFO ][grid-timeout-worker-#23][IgniteKernal] FreeList [name=null, buckets=256, dataPages=1, reusePages=670]
[2018-06-12 16:33:56,949][INFO ][grid-timeout-worker-#23][IgniteKernal] 
Metrics for local node (to disable set 'metricsLogFrequency' to 0)
    ^-- Node [id=e72941cb, uptime=00:03:40.180]
    ^-- H/N/C [hosts=1, nodes=3, CPUs=4]
    ^-- CPU [cur=23.9%, avg=14.15%, GC=0.07%]
    ^-- PageMemory [pages=2262]
    ^-- Heap [used=377MB, free=81.43%, comm=2031MB]
    ^-- Non heap [used=60MB, free=-1%, comm=63MB]
    ^-- Outbound messages queue [size=0]
    ^-- Public thread pool [active=0, idle=0, qSize=0]
    ^-- System thread pool [active=0, idle=6, qSize=0]
[2018-06-12 16:33:56,949][INFO ][grid-timeout-worker-#23][IgniteKernal] FreeList [name=null, buckets=256, dataPages=1, reusePages=0]
[2018-06-12 16:33:56,949][INFO ][grid-timeout-worker-#23][IgniteKernal] FreeList [name=null, buckets=256, dataPages=1, reusePages=670]
[2018-06-12 16:33:59,967][INFO ][disco-event-worker-#41][GridDiscoveryManager] Node left topology: TcpDiscoveryNode [id=5d2a4652-0f9f-4fac-802f-b4535bb835a3, addrs=[127.0.0.1, 172.17.0.1, 192.168.0.101], sockAddrs=[/172.17.0.1:47502, /127.0.0.1:47502, /192.168.0.101:47502], discPort=47502, order=5, intOrder=4, lastExchangeTime=1528810336917, loc=false, ver=2.5.0#20180518-sha1:fe6e70e3, isClient=false]
[2018-06-12 16:33:59,968][INFO ][disco-event-worker-#41][GridDiscoveryManager] Topology snapshot [ver=6, servers=2, clients=0, CPUs=4, offheap=4.6GB, heap=4.0GB]
[2018-06-12 16:33:59,968][INFO ][disco-event-worker-#41][GridDiscoveryManager]   ^-- Node [id=E72941CB-382F-4D77-888A-B2D56E5D8A59, clusterState=ACTIVE]
[2018-06-12 16:33:59,968][INFO ][disco-event-worker-#41][GridDiscoveryManager] Data Regions Configured:
[2018-06-12 16:33:59,968][INFO ][disco-event-worker-#41][GridDiscoveryManager]   ^-- default [initSize=256.0 MiB, maxSize=2.3 GiB, persistenceEnabled=false]
[2018-06-12 16:33:59,975][INFO ][exchange-worker-#42][time] Started exchange init [topVer=AffinityTopologyVersion [topVer=6, minorTopVer=0], crd=false, evt=NODE_LEFT, evtNode=5d2a4652-0f9f-4fac-802f-b4535bb835a3, customEvt=null, allowMerge=true]
[2018-06-12 16:34:00,449][INFO ][exchange-worker-#42][GridDhtPartitionsExchangeFuture] Finished waiting for partition release future [topVer=AffinityTopologyVersion [topVer=6, minorTopVer=0], waitTime=465ms, futInfo=NA]
[2018-06-12 16:34:00,452][INFO ][exchange-worker-#42][GridDhtPartitionsExchangeFuture] Finished waiting for partitions release latch: ClientLatch [coordinator=TcpDiscoveryNode [id=c93340de-1bd8-4a47-997b-bd15ae45d7a1, addrs=[127.0.0.1, 172.17.0.1, 192.168.0.101], sockAddrs=[/172.17.0.1:47500, /127.0.0.1:47500, /192.168.0.101:47500], discPort=47500, order=1, intOrder=1, lastExchangeTime=1528810212066, loc=false, ver=2.5.0#20180518-sha1:fe6e70e3, isClient=false], ackSent=true, super=CompletableLatch [id=exchange, topVer=AffinityTopologyVersion [topVer=6, minorTopVer=0]]]
[2018-06-12 16:34:00,452][INFO ][exchange-worker-#42][GridDhtPartitionsExchangeFuture] Finished waiting for partition release future [topVer=AffinityTopologyVersion [topVer=6, minorTopVer=0], waitTime=0ms, futInfo=NA]
[2018-06-12 16:34:00,462][INFO ][exchange-worker-#42][time] Finished exchange init [topVer=AffinityTopologyVersion [topVer=6, minorTopVer=0], crd=false]
[2018-06-12 16:34:00,488][INFO ][sys-#64][GridDhtPartitionsExchangeFuture] Received full message, will finish exchange [node=c93340de-1bd8-4a47-997b-bd15ae45d7a1, resVer=AffinityTopologyVersion [topVer=6, minorTopVer=0]]
[2018-06-12 16:34:00,521][INFO ][sys-#64][GridDhtPartitionsExchangeFuture] Finish exchange future [startVer=AffinityTopologyVersion [topVer=6, minorTopVer=0], resVer=AffinityTopologyVersion [topVer=6, minorTopVer=0], err=null]
[2018-06-12 16:34:00,528][INFO ][exchange-worker-#42][GridCachePartitionExchangeManager] Rebalancing scheduled [order=[CalculatorSvcMetrics]]
[2018-06-12 16:34:00,529][INFO ][exchange-worker-#42][GridCachePartitionExchangeManager] Rebalancing started [top=AffinityTopologyVersion [topVer=6, minorTopVer=0], evt=NODE_LEFT, node=5d2a4652-0f9f-4fac-802f-b4535bb835a3]
[2018-06-12 16:34:00,529][INFO ][exchange-worker-#42][GridDhtPartitionDemander] Starting rebalancing [grp=CalculatorSvcMetrics, mode=ASYNC, fromNode=c93340de-1bd8-4a47-997b-bd15ae45d7a1, partitionsCount=335, topology=AffinityTopologyVersion [topVer=6, minorTopVer=0], rebalanceId=51]
[2018-06-12 16:34:00,550][INFO ][sys-#81][GridDhtPartitionDemander] Completed (final) rebalancing [fromNode=c93340de-1bd8-4a47-997b-bd15ae45d7a1, cacheOrGroup=CalculatorSvcMetrics, topology=AffinityTopologyVersion [topVer=6, minorTopVer=0], time=21 ms]
[2018-06-12 16:34:00,550][INFO ][sys-#81][GridDhtPartitionDemander] Completed rebalance future: RebalanceFuture [grp=CacheGroupContext [grp=CalculatorSvcMetrics], topVer=AffinityTopologyVersion [topVer=6, minorTopVer=0], rebalanceId=51]
Initializing MultiplicationService on node:TcpDiscoveryNode [id=e72941cb-382f-4d77-888a-b2d56e5d8a59, addrs=[127.0.0.1, 172.17.0.1, 192.168.0.101], sockAddrs=[/127.0.0.1:47501, /192.168.0.101:47501, /172.17.0.1:47501], discPort=47501, order=2, intOrder=2, lastExchangeTime=1528810440602, loc=true, ver=2.5.0#20180518-sha1:fe6e70e3, isClient=false]
[2018-06-12 16:34:00,613][INFO ][srvc-deploy-#54][GridServiceProcessor] Starting service instance [name=MultiplicationService, execId=9755481e-c565-47cd-97bf-e00d95abd7d2]
Executing MultiplicationService on node:TcpDiscoveryNode [id=e72941cb-382f-4d77-888a-b2d56e5d8a59, addrs=[127.0.0.1, 172.17.0.1, 192.168.0.101], sockAddrs=[/127.0.0.1:47501, /192.168.0.101:47501, /172.17.0.1:47501], discPort=47501, order=2, intOrder=2, lastExchangeTime=1528810440602, loc=true, ver=2.5.0#20180518-sha1:fe6e70e3, isClient=false]
/home/fl/SBT/IgniteMicroSvcCalc/bin/benchmark-bootstrap.sh: line 111: 21220 Killed                  "$JAVA" ${JVM_OPTS} -cp ${CP} ${MAIN_CLASS} ${ARGS}
