log4j:WARN No appenders could be found for logger (org.reflections.Reflections).
log4j:WARN Please initialize the log4j system properly.
log4j:WARN See http://logging.apache.org/log4j/1.2/faq.html#noconfig for more info.
<18:57:23><main><yardstick> Duplicate simple class names detected (use fully-qualified names for execution): 
<18:57:23><main><yardstick> 	org.apache.ignite.yardstick.io.IgniteIoTestSendRandomBenchmark
<18:57:23><main><yardstick> 	org.apache.ignite.yardstick.io.IgniteIoTestSendAllBenchmark
<18:57:24><main><yardstick> Cache configured with the following parameters: CacheConfiguration [name=PersonsCache, grpName=null, memPlcName=null, storeConcurrentLoadAllThreshold=5, rebalancePoolSize=2, rebalanceTimeout=10000, evictPlc=null, evictPlcFactory=null, onheapCache=false, sqlOnheapCache=false, sqlOnheapCacheMaxSize=0, evictFilter=null, eagerTtl=true, dfltLockTimeout=0, nearCfg=null, writeSync=PRIMARY_SYNC, storeFactory=null, storeKeepBinary=false, loadPrevVal=false, aff=null, cacheMode=PARTITIONED, atomicityMode=null, backups=1, invalidate=false, tmLookupClsName=null, rebalanceMode=ASYNC, rebalanceOrder=0, rebalanceBatchSize=524288, rebalanceBatchesPrefetchCnt=2, maxConcurrentAsyncOps=500, sqlIdxMaxInlineSize=-1, writeBehindEnabled=false, writeBehindFlushSize=10240, writeBehindFlushFreq=5000, writeBehindFlushThreadCnt=1, writeBehindBatchSize=512, writeBehindCoalescing=true, maxQryIterCnt=1024, affMapper=null, rebalanceDelay=0, rebalanceThrottle=0, interceptor=null, longQryWarnTimeout=3000, qryDetailMetricsSz=0, readFromBackup=true, nodeFilter=null, sqlSchema=null, sqlEscapeAll=false, cpOnRead=true, topValidator=null, partLossPlc=IGNORE, qryParallelism=1, evtsDisabled=false]
[2018-06-12 18:57:25,130][INFO ][main][IgniteKernal] 

>>>    __________  ________________  
>>>   /  _/ ___/ |/ /  _/_  __/ __/  
>>>  _/ // (7 7    // /  / / / _/    
>>> /___/\___/_/|_/___/ /_/ /___/   
>>> 
>>> ver. 2.5.0-SNAPSHOT#20180518-sha1:fe6e70e3
>>> 2018 Copyright(C) Apache Software Foundation
>>> 
>>> Ignite documentation: http://ignite.apache.org

[2018-06-12 18:57:25,132][INFO ][main][IgniteKernal] Config URL: n/a
[2018-06-12 18:57:25,150][INFO ][main][IgniteKernal] IgniteConfiguration [igniteInstanceName=null, pubPoolSize=8, svcPoolSize=8, callbackPoolSize=8, stripedPoolSize=8, sysPoolSize=8, mgmtPoolSize=4, igfsPoolSize=4, dataStreamerPoolSize=8, utilityCachePoolSize=8, utilityCacheKeepAliveTime=60000, p2pPoolSize=2, qryPoolSize=8, igniteHome=/home/fl/apache-ignite-fabric-2.4.0-bin, igniteWorkDir=/home/fl/apache-ignite-fabric-2.4.0-bin/work, mbeanSrv=com.sun.jmx.mbeanserver.JmxMBeanServer@7857fe2, nodeId=64cb3117-1be9-4b6f-b3a4-4fc794d5080f, marsh=org.apache.ignite.internal.binary.BinaryMarshaller@b978d10, marshLocJobs=false, daemon=false, p2pEnabled=false, netTimeout=5000, sndRetryDelay=1000, sndRetryCnt=3, metricsHistSize=10000, metricsUpdateFreq=2000, metricsExpTime=9223372036854775807, discoSpi=TcpDiscoverySpi [addrRslvr=null, sockTimeout=0, ackTimeout=0, marsh=null, reconCnt=10, reconDelay=2000, maxAckTimeout=600000, forceSrvMode=false, clientReconnectDisabled=false, internalLsnr=null], segPlc=STOP, segResolveAttempts=2, waitForSegOnStart=true, allResolversPassReq=true, segChkFreq=10000, commSpi=TcpCommunicationSpi [connectGate=null, connPlc=null, enableForcibleNodeKill=false, enableTroubleshootingLog=false, srvLsnr=org.apache.ignite.spi.communication.tcp.TcpCommunicationSpi$2@147a5d08, locAddr=null, locHost=null, locPort=47100, locPortRange=100, shmemPort=-1, directBuf=true, directSndBuf=false, idleConnTimeout=600000, connTimeout=5000, maxConnTimeout=600000, reconCnt=10, sockSndBuf=32768, sockRcvBuf=32768, msgQueueLimit=0, slowClientQueueLimit=0, nioSrvr=null, shmemSrv=null, usePairedConnections=false, connectionsPerNode=1, tcpNoDelay=true, filterReachableAddresses=false, ackSndThreshold=32, unackedMsgsBufSize=0, sockWriteTimeout=2000, lsnr=null, boundTcpPort=-1, boundTcpShmemPort=-1, selectorsCnt=4, selectorSpins=0, addrRslvr=null, ctxInitLatch=java.util.concurrent.CountDownLatch@6676f6a0[Count = 1], stopping=false, metricsLsnr=org.apache.ignite.spi.communication.tcp.TcpCommunicationMetricsListener@7cbd9d24], evtSpi=org.apache.ignite.spi.eventstorage.NoopEventStorageSpi@1672fe87, colSpi=NoopCollisionSpi [], deploySpi=LocalDeploymentSpi [lsnr=null], indexingSpi=org.apache.ignite.spi.indexing.noop.NoopIndexingSpi@73a8da0f, addrRslvr=null, clientMode=false, rebalanceThreadPoolSize=1, txCfg=org.apache.ignite.configuration.TransactionConfiguration@50dfbc58, cacheSanityCheckEnabled=true, discoStartupDelay=60000, deployMode=SHARED, p2pMissedCacheSize=100, locHost=null, timeSrvPortBase=31100, timeSrvPortRange=100, failureDetectionTimeout=10000, clientFailureDetectionTimeout=30000, metricsLogFreq=5000, hadoopCfg=null, connectorCfg=org.apache.ignite.configuration.ConnectorConfiguration@4416d64f, odbcCfg=null, warmupClos=null, atomicCfg=AtomicConfiguration [seqReserveSize=1000, cacheMode=PARTITIONED, backups=1, aff=null, grpName=null], classLdr=null, sslCtxFactory=null, platformCfg=null, binaryCfg=null, memCfg=null, pstCfg=null, dsCfg=DataStorageConfiguration [sysRegionInitSize=41943040, sysCacheMaxSize=104857600, pageSize=0, concLvl=0, dfltDataRegConf=DataRegionConfiguration [name=default, maxSize=2494085529, initSize=268435456, swapPath=null, pageEvictionMode=DISABLED, evictionThreshold=0.9, emptyPagesPoolSize=100, metricsEnabled=false, metricsSubIntervalCount=5, metricsRateTimeInterval=60000, persistenceEnabled=false, checkpointPageBufSize=0], storagePath=null, checkpointFreq=180000, lockWaitTime=10000, checkpointThreads=4, checkpointWriteOrder=SEQUENTIAL, walHistSize=20, walSegments=10, walSegmentSize=67108864, walPath=db/wal, walArchivePath=db/wal/archive, metricsEnabled=false, walMode=LOG_ONLY, walTlbSize=131072, walBuffSize=0, walFlushFreq=2000, walFsyncDelay=1000, walRecordIterBuffSize=67108864, alwaysWriteFullPages=false, fileIOFactory=org.apache.ignite.internal.processors.cache.persistence.file.AsyncFileIOFactory@1fb19a0, metricsSubIntervalCnt=5, metricsRateTimeInterval=60000, walAutoArchiveAfterInactivity=-1, writeThrottlingEnabled=false, walCompactionEnabled=false], activeOnStart=true, autoActivation=true, longQryWarnTimeout=3000, sqlConnCfg=null, cliConnCfg=ClientConnectorConfiguration [host=null, port=10800, portRange=100, sockSndBufSize=0, sockRcvBufSize=0, tcpNoDelay=true, maxOpenCursorsPerConn=128, threadPoolSize=8, idleTimeout=0, jdbcEnabled=true, odbcEnabled=true, thinCliEnabled=true, sslEnabled=false, useIgniteSslCtxFactory=true, sslClientAuth=false, sslCtxFactory=null], authEnabled=false, failureHnd=null, commFailureRslvr=null]
[2018-06-12 18:57:25,151][INFO ][main][IgniteKernal] Daemon mode: off
[2018-06-12 18:57:25,151][INFO ][main][IgniteKernal] OS: Linux 4.15.0-22-generic amd64
[2018-06-12 18:57:25,152][INFO ][main][IgniteKernal] OS user: fl
[2018-06-12 18:57:25,166][INFO ][main][IgniteKernal] PID: 6059
[2018-06-12 18:57:25,167][INFO ][main][IgniteKernal] Language runtime: Java Platform API Specification ver. 1.8
[2018-06-12 18:57:25,167][INFO ][main][IgniteKernal] VM information: Java(TM) SE Runtime Environment 1.8.0_172-b11 Oracle Corporation Java HotSpot(TM) 64-Bit Server VM 25.172-b11
[2018-06-12 18:57:25,168][INFO ][main][IgniteKernal] VM total memory: 1.9GB
[2018-06-12 18:57:25,168][INFO ][main][IgniteKernal] Remote Management [restart: off, REST: on, JMX (remote: off)]
[2018-06-12 18:57:25,169][INFO ][main][IgniteKernal] Logger: Log4JLogger [quiet=false, config=/home/fl/apache-ignite-fabric-2.4.0-bin/config/ignite-log4j.xml]
[2018-06-12 18:57:25,169][INFO ][main][IgniteKernal] IGNITE_HOME=/home/fl/apache-ignite-fabric-2.4.0-bin
[2018-06-12 18:57:25,169][INFO ][main][IgniteKernal] VM arguments: [-Xms2g, -Xmx2g, -Djava.net.preferIPv4Stack=true, -DIGNITE_QUIET=false, -Dyardstick.driver0]
[2018-06-12 18:57:25,170][INFO ][main][IgniteKernal] System cache's DataRegion size is configured to 40 MB. Use DataStorageConfiguration.systemCacheMemorySize property to change the setting.
[2018-06-12 18:57:25,170][INFO ][main][IgniteKernal] Configured caches [in 'sysMemPlc' dataRegion: ['ignite-sys-cache'], in 'default' dataRegion: ['PersonsCache']]
[2018-06-12 18:57:25,177][INFO ][main][IgniteKernal] 3-rd party licenses can be found at: /home/fl/apache-ignite-fabric-2.4.0-bin/libs/licenses
[2018-06-12 18:57:25,177][INFO ][main][IgniteKernal] Local node user attribute [data.node=true]
[2018-06-12 18:57:25,306][INFO ][main][IgnitePluginProcessor] Configured plugins:
[2018-06-12 18:57:25,306][INFO ][main][IgnitePluginProcessor]   ^-- None
[2018-06-12 18:57:25,306][INFO ][main][IgnitePluginProcessor] 
[2018-06-12 18:57:25,308][INFO ][main][FailureProcessor] Configured failure handler: [hnd=StopNodeOrHaltFailureHandler [tryStop=false, timeout=0]]
[2018-06-12 18:57:25,408][INFO ][main][TcpCommunicationSpi] Successfully bound communication NIO server to TCP port [port=47104, locHost=0.0.0.0/0.0.0.0, selectorsCnt=4, selectorSpins=0, pairedConn=false]
[2018-06-12 18:57:25,455][WARN ][main][TcpCommunicationSpi] Message queue limit is set to 0 which may lead to potential OOMEs when running cache operations in FULL_ASYNC or PRIMARY_SYNC modes due to message queues growth on sender and receiver sides.
[2018-06-12 18:57:25,504][WARN ][main][NoopCheckpointSpi] Checkpoints are disabled (to enable configure any GridCheckpointSpi implementation)
[2018-06-12 18:57:25,551][WARN ][main][GridCollisionManager] Collision resolution is disabled (all jobs will be activated upon arrival).
[2018-06-12 18:57:25,553][INFO ][main][IgniteKernal] Security status [authentication=off, tls/ssl=off]
[2018-06-12 18:57:26,223][INFO ][main][ClientListenerProcessor] Client connector processor has started on TCP port 10804
[2018-06-12 18:57:26,288][INFO ][main][GridTcpRestProtocol] Command protocol successfully started [name=TCP binary, host=0.0.0.0/0.0.0.0, port=11215]
[2018-06-12 18:57:26,341][INFO ][main][IgniteKernal] Non-loopback local IPs: 172.17.0.1, 192.168.0.101
[2018-06-12 18:57:26,341][INFO ][main][IgniteKernal] Enabled local MACs: 02427E9A41E0, 5C93A2D830DE
[2018-06-12 18:57:26,402][INFO ][main][TcpDiscoverySpi] Successfully bound to TCP port [port=47504, localHost=0.0.0.0/0.0.0.0, locNodeId=64cb3117-1be9-4b6f-b3a4-4fc794d5080f]
[2018-06-12 18:57:26,542][INFO ][tcp-disco-srvr-#3][TcpDiscoverySpi] TCP discovery accepted incoming connection [rmtAddr=/127.0.0.1, rmtPort=50591]
[2018-06-12 18:57:26,555][INFO ][tcp-disco-srvr-#3][TcpDiscoverySpi] TCP discovery spawning a new thread for connection [rmtAddr=/127.0.0.1, rmtPort=50591]
[2018-06-12 18:57:26,556][INFO ][tcp-disco-sock-reader-#4][TcpDiscoverySpi] Started serving remote node connection [rmtAddr=/127.0.0.1:50591, rmtPort=50591]
[2018-06-12 18:57:26,891][WARN ][main][IgniteKernal] Nodes started on local machine require more than 80% of physical RAM what can lead to significant slowdown due to swapping (please decrease JVM heap size, data region size or checkpoint buffer size) [required=22469MB, available=11892MB]
[2018-06-12 18:57:26,998][INFO ][exchange-worker-#42][time] Started exchange init [topVer=AffinityTopologyVersion [topVer=7, minorTopVer=0], crd=false, evt=NODE_JOINED, evtNode=64cb3117-1be9-4b6f-b3a4-4fc794d5080f, customEvt=null, allowMerge=true]
[2018-06-12 18:57:27,590][INFO ][exchange-worker-#42][GridCacheProcessor] Started cache [name=ignite-sys-cache, id=-2100569601, memoryPolicyName=sysMemPlc, mode=REPLICATED, atomicity=TRANSACTIONAL, backups=2147483647]
[2018-06-12 18:57:27,632][INFO ][exchange-worker-#42][GridCacheProcessor] Started cache [name=PersonsCache, id=383478404, memoryPolicyName=default, mode=PARTITIONED, atomicity=ATOMIC, backups=1]
[2018-06-12 18:57:27,681][INFO ][exchange-worker-#42][GridDhtPartitionsExchangeFuture] Finished waiting for partition release future [topVer=AffinityTopologyVersion [topVer=7, minorTopVer=0], waitTime=0ms, futInfo=NA]
[2018-06-12 18:57:27,700][INFO ][grid-nio-worker-tcp-comm-0-#25][TcpCommunicationSpi] Established outgoing communication connection [locAddr=/127.0.0.1:51028, rmtAddr=/127.0.0.1:47100]
[2018-06-12 18:57:27,703][INFO ][exchange-worker-#42][GridDhtPartitionsExchangeFuture] Finished waiting for partition release future [topVer=AffinityTopologyVersion [topVer=7, minorTopVer=0], waitTime=0ms, futInfo=NA]
[2018-06-12 18:57:27,728][INFO ][exchange-worker-#42][time] Finished exchange init [topVer=AffinityTopologyVersion [topVer=7, minorTopVer=0], crd=false]
[2018-06-12 18:57:27,959][INFO ][sys-#45][GridDhtPartitionsExchangeFuture] Received full message, will finish exchange [node=1fdb0598-3c73-42a9-bf68-d64a393762a6, resVer=AffinityTopologyVersion [topVer=7, minorTopVer=0]]
[2018-06-12 18:57:28,227][INFO ][sys-#45][GridDhtPartitionsExchangeFuture] Finish exchange future [startVer=AffinityTopologyVersion [topVer=7, minorTopVer=0], resVer=AffinityTopologyVersion [topVer=7, minorTopVer=0], err=null]
[2018-06-12 18:57:28,359][INFO ][exchange-worker-#42][GridCachePartitionExchangeManager] Rebalancing scheduled [order=[ignite-sys-cache, PersonsCache]]
[2018-06-12 18:57:28,360][INFO ][exchange-worker-#42][GridCachePartitionExchangeManager] Rebalancing started [top=AffinityTopologyVersion [topVer=7, minorTopVer=0], evt=NODE_JOINED, node=64cb3117-1be9-4b6f-b3a4-4fc794d5080f]
[2018-06-12 18:57:28,362][INFO ][exchange-worker-#42][GridDhtPartitionDemander] Starting rebalancing [grp=ignite-sys-cache, mode=SYNC, fromNode=05c7176e-32f4-4496-8fbf-44091632440a, partitionsCount=25, topology=AffinityTopologyVersion [topVer=7, minorTopVer=0], rebalanceId=1]
[2018-06-12 18:57:28,395][INFO ][exchange-worker-#42][GridDhtPartitionDemander] Starting rebalancing [grp=ignite-sys-cache, mode=SYNC, fromNode=1fdb0598-3c73-42a9-bf68-d64a393762a6, partitionsCount=23, topology=AffinityTopologyVersion [topVer=7, minorTopVer=0], rebalanceId=1]
[2018-06-12 18:57:28,409][INFO ][exchange-worker-#42][GridDhtPartitionDemander] Starting rebalancing [grp=ignite-sys-cache, mode=SYNC, fromNode=77c6e1c3-ccc1-4e67-9f65-b532e8370798, partitionsCount=23, topology=AffinityTopologyVersion [topVer=7, minorTopVer=0], rebalanceId=1]
[2018-06-12 18:57:28,411][INFO ][exchange-worker-#42][GridDhtPartitionDemander] Starting rebalancing [grp=ignite-sys-cache, mode=SYNC, fromNode=3471ddf5-7ac4-421d-892d-2a623a0a2ce6, partitionsCount=29, topology=AffinityTopologyVersion [topVer=7, minorTopVer=0], rebalanceId=1]
[2018-06-12 18:57:28,426][INFO ][grid-nio-worker-tcp-comm-1-#26][TcpCommunicationSpi] Established outgoing communication connection [locAddr=/127.0.0.1:46644, rmtAddr=/127.0.0.1:47102]
[2018-06-12 18:57:28,426][INFO ][grid-nio-worker-tcp-comm-2-#27][TcpCommunicationSpi] Established outgoing communication connection [locAddr=/127.0.0.1:48704, rmtAddr=/127.0.0.1:47101]
[2018-06-12 18:57:28,434][INFO ][grid-nio-worker-tcp-comm-3-#28][TcpCommunicationSpi] Established outgoing communication connection [locAddr=/127.0.0.1:43324, rmtAddr=/127.0.0.1:47103]
[2018-06-12 18:57:28,468][INFO ][utility-#50][GridDhtPartitionDemander] Completed rebalancing [fromNode=1fdb0598-3c73-42a9-bf68-d64a393762a6, cacheOrGroup=ignite-sys-cache, topology=AffinityTopologyVersion [topVer=7, minorTopVer=0], time=108 ms]
[2018-06-12 18:57:28,474][INFO ][utility-#53][GridDhtPartitionDemander] Completed rebalancing [fromNode=05c7176e-32f4-4496-8fbf-44091632440a, cacheOrGroup=ignite-sys-cache, topology=AffinityTopologyVersion [topVer=7, minorTopVer=0], time=108 ms]
[2018-06-12 18:57:28,476][INFO ][utility-#52][GridDhtPartitionDemander] Completed rebalancing [fromNode=77c6e1c3-ccc1-4e67-9f65-b532e8370798, cacheOrGroup=ignite-sys-cache, topology=AffinityTopologyVersion [topVer=7, minorTopVer=0], time=119 ms]
[2018-06-12 18:57:28,478][INFO ][utility-#51][GridDhtPartitionDemander] Completed (final) rebalancing [fromNode=3471ddf5-7ac4-421d-892d-2a623a0a2ce6, cacheOrGroup=ignite-sys-cache, topology=AffinityTopologyVersion [topVer=7, minorTopVer=0], time=119 ms]
[2018-06-12 18:57:28,479][INFO ][utility-#51][GridDhtPartitionDemander] Completed rebalance future: RebalanceFuture [grp=CacheGroupContext [grp=ignite-sys-cache], topVer=AffinityTopologyVersion [topVer=7, minorTopVer=0], rebalanceId=1]
[2018-06-12 18:57:28,480][INFO ][utility-#51][GridDhtPartitionDemander] Starting rebalancing [grp=PersonsCache, mode=ASYNC, fromNode=05c7176e-32f4-4496-8fbf-44091632440a, partitionsCount=75, topology=AffinityTopologyVersion [topVer=7, minorTopVer=0], rebalanceId=1]
[2018-06-12 18:57:28,502][INFO ][utility-#51][GridDhtPartitionDemander] Starting rebalancing [grp=PersonsCache, mode=ASYNC, fromNode=1fdb0598-3c73-42a9-bf68-d64a393762a6, partitionsCount=113, topology=AffinityTopologyVersion [topVer=7, minorTopVer=0], rebalanceId=1]
[2018-06-12 18:57:28,521][INFO ][utility-#51][GridDhtPartitionDemander] Starting rebalancing [grp=PersonsCache, mode=ASYNC, fromNode=77c6e1c3-ccc1-4e67-9f65-b532e8370798, partitionsCount=106, topology=AffinityTopologyVersion [topVer=7, minorTopVer=0], rebalanceId=1]
[2018-06-12 18:57:28,522][INFO ][utility-#51][GridDhtPartitionDemander] Starting rebalancing [grp=PersonsCache, mode=ASYNC, fromNode=3471ddf5-7ac4-421d-892d-2a623a0a2ce6, partitionsCount=106, topology=AffinityTopologyVersion [topVer=7, minorTopVer=0], rebalanceId=1]
[2018-06-12 18:57:28,525][INFO ][sys-#44][GridDhtPartitionDemander] Completed rebalancing [fromNode=05c7176e-32f4-4496-8fbf-44091632440a, cacheOrGroup=PersonsCache, topology=AffinityTopologyVersion [topVer=7, minorTopVer=0], time=40 ms]
[2018-06-12 18:57:28,545][INFO ][sys-#47][GridDhtPartitionDemander] Completed rebalancing [fromNode=3471ddf5-7ac4-421d-892d-2a623a0a2ce6, cacheOrGroup=PersonsCache, topology=AffinityTopologyVersion [topVer=7, minorTopVer=0], time=60 ms]
[2018-06-12 18:57:28,550][INFO ][sys-#46][GridDhtPartitionDemander] Completed rebalancing [fromNode=1fdb0598-3c73-42a9-bf68-d64a393762a6, cacheOrGroup=PersonsCache, topology=AffinityTopologyVersion [topVer=7, minorTopVer=0], time=72 ms]
[2018-06-12 18:57:28,630][INFO ][main][IgniteKernal] Performance suggestions for grid  (fix if possible)
[2018-06-12 18:57:28,630][INFO ][main][IgniteKernal] To disable, set -DIGNITE_PERFORMANCE_SUGGESTIONS_DISABLED=true
[2018-06-12 18:57:28,631][INFO ][main][IgniteKernal]   ^-- Enable G1 Garbage Collector (add '-XX:+UseG1GC' to JVM options)
[2018-06-12 18:57:28,631][INFO ][main][IgniteKernal]   ^-- Set max direct memory size if getting 'OOME: Direct buffer memory' (add '-XX:MaxDirectMemorySize=<size>[g|G|m|M|k|K]' to JVM options)
[2018-06-12 18:57:28,631][INFO ][main][IgniteKernal]   ^-- Disable processing of calls to System.gc() (add '-XX:+DisableExplicitGC' to JVM options)
[2018-06-12 18:57:28,631][INFO ][main][IgniteKernal]   ^-- Decrease number of backups (set 'backups' to 0)
[2018-06-12 18:57:28,631][INFO ][main][IgniteKernal] Refer to this page for more performance suggestions: https://apacheignite.readme.io/docs/jvm-and-system-tuning
[2018-06-12 18:57:28,631][INFO ][main][IgniteKernal] 
[2018-06-12 18:57:28,631][INFO ][main][IgniteKernal] To start Console Management & Monitoring run ignitevisorcmd.{sh|bat}
[2018-06-12 18:57:28,632][INFO ][main][IgniteKernal] 
[2018-06-12 18:57:28,632][INFO ][main][IgniteKernal] 

>>> +-------------------------------------------------------------------------------+
>>> Ignite ver. 2.5.0-SNAPSHOT#20180518-sha1:fe6e70e3c8d6a6349ea00b7ec99b215945ffce6d
>>> +-------------------------------------------------------------------------------+
>>> OS name: Linux 4.15.0-22-generic amd64
>>> CPU(s): 4
>>> Heap: 2.0GB
>>> VM name: 6059@fl-PC
>>> Local node [ID=64CB3117-1BE9-4B6F-B3A4-4FC794D5080F, order=7, clientMode=false]
>>> Local node addresses: [192.168.0.101/127.0.0.1, 172.17.0.1/172.17.0.1, /192.168.0.101]
>>> Local ports: TCP:10804 TCP:11215 TCP:47104 TCP:47504 

[2018-06-12 18:57:28,636][INFO ][main][GridDiscoveryManager] Topology snapshot [ver=7, servers=5, clients=0, CPUs=4, offheap=12.0GB, heap=10.0GB]
[2018-06-12 18:57:28,636][INFO ][main][GridDiscoveryManager]   ^-- Node [id=64CB3117-1BE9-4B6F-B3A4-4FC794D5080F, clusterState=ACTIVE]
[2018-06-12 18:57:28,636][INFO ][main][GridDiscoveryManager] Data Regions Configured:
[2018-06-12 18:57:28,638][INFO ][main][GridDiscoveryManager]   ^-- default [initSize=256.0 MiB, maxSize=2.3 GiB, persistenceEnabled=false]
<18:57:28><main><yardstick> Configured marshaller: org.apache.ignite.internal.binary.BinaryMarshaller
[2018-06-12 18:57:28,645][INFO ][main][root] Benchmark arguments: IgniteBenchmarkArguments [nodes=5, backups=1, cfg=/home/fl/SBT/affinity-example/bin/../config/division-service-config.xml, loadTestQueriesFile=null, syncMode=PRIMARY_SYNC, clientOnly=false, nearCacheFlag=false, nearCacheSize=0, txConcurrency=PESSIMISTIC, txIsolation=REPEATABLE_READ, restTcpPort=0, restTcpHost=null, range=1000000, scaleFactor=1, ntv=false, preloadAmount=500000, preloadLogsInterval=30000, jobs=10, storeEnabled=false, cleanWorkDirectory=false, writeBehind=false, batch=500, collocated=false, singleStripe=false, jdbcUrl=null, schemaDefinition=null, jdbcDriver=null, createTempDatabase=false, dbn=null, restartDelay=20, restartSleep=2, cacheConsistencyCheckingPeriod=120, keysCnt=5, cacheOpTimeout=30, keysPerThread=false, partitionedCachesNumber=1, replicatedCachesNumber=1, additionalCachesNum=0, additionalCachesName=null, printPartStats=false, pageSize=4096, stringLength=500, warningTime=500, printRollBacks=false, partitions=10, cacheGrp=null, cachesCnt=1, persistentStoreEnabled=false, streamerCachesPrefix=streamer, streamerCacheIndex=0, streamerConcurrentCaches=1, streamerBufSize=512, sqlRange=1, clientNodesAfterId=-1, upload=UploadBenchmarkArguments [disableWal=false, copyPacketSize=null, streamerNodeBufSize=null, streamerNodeParOps=null, streamerLocBatchSize=null, streamerAllowOverwrite=null, streamerOrdered=true, warmupRowsCnt=3000000, uploadRowsCnt=-1, jdbcBatchSize=-1, useStreaming=false]]
[2018-06-12 18:57:28,691][INFO ][sys-#49][GridDhtPartitionDemander] Completed (final) rebalancing [fromNode=77c6e1c3-ccc1-4e67-9f65-b532e8370798, cacheOrGroup=PersonsCache, topology=AffinityTopologyVersion [topVer=7, minorTopVer=0], time=215 ms]
[2018-06-12 18:57:28,695][INFO ][sys-#49][GridDhtPartitionDemander] Completed rebalance future: RebalanceFuture [grp=CacheGroupContext [grp=PersonsCache], topVer=AffinityTopologyVersion [topVer=7, minorTopVer=0], rebalanceId=1]
<18:57:29><main><yardstick> Probe writer is not configured (using default CSV writer)
<18:57:29><main><yardstick> PercentileProbe is started.
<18:57:29><main><yardstick> ThroughputLatencyProbe is started.
<18:57:29><main><yardstick> Starting warmup.
[2018-06-12 18:57:30,476][INFO ][exchange-worker-#42][time] Started exchange init [topVer=AffinityTopologyVersion [topVer=7, minorTopVer=1], crd=false, evt=DISCOVERY_CUSTOM_EVT, evtNode=1fdb0598-3c73-42a9-bf68-d64a393762a6, customEvt=CacheAffinityChangeMessage [id=cb9b1c4f361-94ee18ca-04f9-4078-96e7-b91064d2e003, topVer=AffinityTopologyVersion [topVer=7, minorTopVer=0], exchId=null, partsMsg=null, exchangeNeeded=true], allowMerge=false]
[2018-06-12 18:57:30,546][INFO ][exchange-worker-#42][GridDhtPartitionsExchangeFuture] Finished waiting for partition release future [topVer=AffinityTopologyVersion [topVer=7, minorTopVer=1], waitTime=0ms, futInfo=NA]
[2018-06-12 18:57:30,552][INFO ][exchange-worker-#42][GridDhtPartitionsExchangeFuture] Finished waiting for partitions release latch: ClientLatch [coordinator=TcpDiscoveryNode [id=1fdb0598-3c73-42a9-bf68-d64a393762a6, addrs=[127.0.0.1, 172.17.0.1, 192.168.0.101], sockAddrs=[/127.0.0.1:47501, /192.168.0.101:47501, /172.17.0.1:47501], discPort=47501, order=2, intOrder=2, lastExchangeTime=1528819046649, loc=false, ver=2.5.0#20180518-sha1:fe6e70e3, isClient=false], ackSent=true, super=CompletableLatch [id=exchange, topVer=AffinityTopologyVersion [topVer=7, minorTopVer=1]]]
[2018-06-12 18:57:30,583][INFO ][exchange-worker-#42][GridDhtPartitionsExchangeFuture] Finished waiting for partition release future [topVer=AffinityTopologyVersion [topVer=7, minorTopVer=1], waitTime=0ms, futInfo=NA]
[2018-06-12 18:57:30,671][INFO ][exchange-worker-#42][time] Finished exchange init [topVer=AffinityTopologyVersion [topVer=7, minorTopVer=1], crd=false]
[2018-06-12 18:57:30,790][INFO ][sys-#44][GridDhtPartitionsExchangeFuture] Received full message, will finish exchange [node=1fdb0598-3c73-42a9-bf68-d64a393762a6, resVer=AffinityTopologyVersion [topVer=7, minorTopVer=1]]
[2018-06-12 18:57:30,816][INFO ][sys-#44][GridDhtPartitionsExchangeFuture] Finish exchange future [startVer=AffinityTopologyVersion [topVer=7, minorTopVer=1], resVer=AffinityTopologyVersion [topVer=7, minorTopVer=1], err=null]
[2018-06-12 18:57:30,864][INFO ][exchange-worker-#42][GridCachePartitionExchangeManager] Skipping rebalancing (nothing scheduled) [top=AffinityTopologyVersion [topVer=7, minorTopVer=1], evt=DISCOVERY_CUSTOM_EVT, node=1fdb0598-3c73-42a9-bf68-d64a393762a6]
[2018-06-12 18:57:33,633][INFO ][grid-timeout-worker-#23][IgniteKernal] 
Metrics for local node (to disable set 'metricsLogFrequency' to 0)
    ^-- Node [id=64cb3117, uptime=00:00:05.011]
    ^-- H/N/C [hosts=1, nodes=5, CPUs=4]
    ^-- CPU [cur=31.67%, avg=0%, GC=0%]
    ^-- PageMemory [pages=1182]
    ^-- Heap [used=173MB, free=91.15%, comm=1963MB]
    ^-- Non heap [used=51MB, free=-1%, comm=52MB]
    ^-- Outbound messages queue [size=0]
    ^-- Public thread pool [active=0, idle=6, qSize=0]
    ^-- System thread pool [active=0, idle=8, qSize=0]
[2018-06-12 18:57:33,633][INFO ][grid-timeout-worker-#23][IgniteKernal] FreeList [name=null, buckets=256, dataPages=69, reusePages=0]
[2018-06-12 18:57:38,640][INFO ][grid-timeout-worker-#23][IgniteKernal] 
Metrics for local node (to disable set 'metricsLogFrequency' to 0)
    ^-- Node [id=64cb3117, uptime=00:00:10.020]
    ^-- H/N/C [hosts=1, nodes=5, CPUs=4]
    ^-- CPU [cur=29.6%, avg=16.43%, GC=0%]
    ^-- PageMemory [pages=1182]
    ^-- Heap [used=289MB, free=85.26%, comm=1963MB]
    ^-- Non heap [used=55MB, free=-1%, comm=57MB]
    ^-- Outbound messages queue [size=0]
    ^-- Public thread pool [active=0, idle=6, qSize=0]
    ^-- System thread pool [active=0, idle=8, qSize=0]
[2018-06-12 18:57:38,641][INFO ][grid-timeout-worker-#23][IgniteKernal] FreeList [name=null, buckets=256, dataPages=69, reusePages=0]
[2018-06-12 18:57:43,649][INFO ][grid-timeout-worker-#23][IgniteKernal] 
Metrics for local node (to disable set 'metricsLogFrequency' to 0)
    ^-- Node [id=64cb3117, uptime=00:00:15.022]
    ^-- H/N/C [hosts=1, nodes=5, CPUs=4]
    ^-- CPU [cur=24.9%, avg=21.4%, GC=0%]
    ^-- PageMemory [pages=1182]
    ^-- Heap [used=428MB, free=78.16%, comm=1963MB]
    ^-- Non heap [used=58MB, free=-1%, comm=59MB]
    ^-- Outbound messages queue [size=0]
    ^-- Public thread pool [active=0, idle=6, qSize=0]
    ^-- System thread pool [active=0, idle=8, qSize=0]
[2018-06-12 18:57:43,649][INFO ][grid-timeout-worker-#23][IgniteKernal] FreeList [name=null, buckets=256, dataPages=69, reusePages=0]
[2018-06-12 18:57:48,652][INFO ][grid-timeout-worker-#23][IgniteKernal] 
Metrics for local node (to disable set 'metricsLogFrequency' to 0)
    ^-- Node [id=64cb3117, uptime=00:00:20.030]
    ^-- H/N/C [hosts=1, nodes=5, CPUs=4]
    ^-- CPU [cur=17.57%, avg=20.7%, GC=0%]
    ^-- PageMemory [pages=1182]
    ^-- Heap [used=81MB, free=95.86%, comm=1963MB]
    ^-- Non heap [used=59MB, free=-1%, comm=60MB]
    ^-- Outbound messages queue [size=0]
    ^-- Public thread pool [active=0, idle=6, qSize=0]
    ^-- System thread pool [active=0, idle=8, qSize=0]
[2018-06-12 18:57:48,652][INFO ][grid-timeout-worker-#23][IgniteKernal] FreeList [name=null, buckets=256, dataPages=69, reusePages=0]
[2018-06-12 18:57:53,660][INFO ][grid-timeout-worker-#23][IgniteKernal] 
Metrics for local node (to disable set 'metricsLogFrequency' to 0)
    ^-- Node [id=64cb3117, uptime=00:00:25.038]
    ^-- H/N/C [hosts=1, nodes=5, CPUs=4]
    ^-- CPU [cur=17.17%, avg=19.49%, GC=0%]
    ^-- PageMemory [pages=1182]
    ^-- Heap [used=230MB, free=88.24%, comm=1963MB]
    ^-- Non heap [used=59MB, free=-1%, comm=60MB]
    ^-- Outbound messages queue [size=1]
    ^-- Public thread pool [active=0, idle=6, qSize=0]
    ^-- System thread pool [active=0, idle=8, qSize=0]
[2018-06-12 18:57:53,660][INFO ][grid-timeout-worker-#23][IgniteKernal] FreeList [name=null, buckets=256, dataPages=69, reusePages=0]
[2018-06-12 18:57:58,665][INFO ][grid-timeout-worker-#23][IgniteKernal] 
Metrics for local node (to disable set 'metricsLogFrequency' to 0)
    ^-- Node [id=64cb3117, uptime=00:00:30.043]
    ^-- H/N/C [hosts=1, nodes=5, CPUs=4]
    ^-- CPU [cur=23.5%, avg=19.86%, GC=0%]
    ^-- PageMemory [pages=1182]
    ^-- Heap [used=389MB, free=80.15%, comm=1963MB]
    ^-- Non heap [used=60MB, free=-1%, comm=61MB]
    ^-- Outbound messages queue [size=0]
    ^-- Public thread pool [active=0, idle=6, qSize=0]
    ^-- System thread pool [active=0, idle=8, qSize=0]
[2018-06-12 18:57:58,666][INFO ][grid-timeout-worker-#23][IgniteKernal] FreeList [name=null, buckets=256, dataPages=69, reusePages=0]
[2018-06-12 18:58:03,664][INFO ][grid-timeout-worker-#23][IgniteKernal] 
Metrics for local node (to disable set 'metricsLogFrequency' to 0)
    ^-- Node [id=64cb3117, uptime=00:00:35.044]
    ^-- H/N/C [hosts=1, nodes=5, CPUs=4]
    ^-- CPU [cur=16.43%, avg=19.9%, GC=0%]
    ^-- PageMemory [pages=1182]
    ^-- Heap [used=51MB, free=97.38%, comm=1963MB]
    ^-- Non heap [used=60MB, free=-1%, comm=61MB]
    ^-- Outbound messages queue [size=0]
    ^-- Public thread pool [active=0, idle=6, qSize=0]
    ^-- System thread pool [active=0, idle=8, qSize=0]
[2018-06-12 18:58:03,665][INFO ][grid-timeout-worker-#23][IgniteKernal] FreeList [name=null, buckets=256, dataPages=69, reusePages=0]
[2018-06-12 18:58:08,668][INFO ][grid-timeout-worker-#23][IgniteKernal] 
Metrics for local node (to disable set 'metricsLogFrequency' to 0)
    ^-- Node [id=64cb3117, uptime=00:00:40.046]
    ^-- H/N/C [hosts=1, nodes=5, CPUs=4]
    ^-- CPU [cur=6.57%, avg=19.24%, GC=0%]
    ^-- PageMemory [pages=1182]
    ^-- Heap [used=237MB, free=87.91%, comm=1963MB]
    ^-- Non heap [used=60MB, free=-1%, comm=61MB]
    ^-- Outbound messages queue [size=0]
    ^-- Public thread pool [active=0, idle=6, qSize=0]
    ^-- System thread pool [active=0, idle=8, qSize=0]
[2018-06-12 18:58:08,668][INFO ][grid-timeout-worker-#23][IgniteKernal] FreeList [name=null, buckets=256, dataPages=69, reusePages=0]
<18:58:10><benchmark-worker-16><yardstick> Starting main test (warmup finished).
<18:58:11><probe-dump-thread><yardstick> ThroughputLatencyProbe results will be saved to: /home/fl/SBT/affinity-example/bin/../output/results-20180612-185514
[2018-06-12 18:58:13,668][INFO ][grid-timeout-worker-#23][IgniteKernal] 
Metrics for local node (to disable set 'metricsLogFrequency' to 0)
    ^-- Node [id=64cb3117, uptime=00:00:45.048]
    ^-- H/N/C [hosts=1, nodes=5, CPUs=4]
    ^-- CPU [cur=7.67%, avg=17.81%, GC=0%]
    ^-- PageMemory [pages=1182]
    ^-- Heap [used=399MB, free=79.65%, comm=1963MB]
    ^-- Non heap [used=61MB, free=-1%, comm=62MB]
    ^-- Outbound messages queue [size=0]
    ^-- Public thread pool [active=0, idle=6, qSize=0]
    ^-- System thread pool [active=0, idle=8, qSize=0]
[2018-06-12 18:58:13,669][INFO ][grid-timeout-worker-#23][IgniteKernal] FreeList [name=null, buckets=256, dataPages=69, reusePages=0]
[2018-06-12 18:58:18,678][INFO ][grid-timeout-worker-#23][IgniteKernal] 
Metrics for local node (to disable set 'metricsLogFrequency' to 0)
    ^-- Node [id=64cb3117, uptime=00:00:50.057]
    ^-- H/N/C [hosts=1, nodes=5, CPUs=4]
    ^-- CPU [cur=6.17%, avg=17.27%, GC=0%]
    ^-- PageMemory [pages=1182]
    ^-- Heap [used=49MB, free=97.46%, comm=1963MB]
    ^-- Non heap [used=61MB, free=-1%, comm=62MB]
    ^-- Outbound messages queue [size=0]
    ^-- Public thread pool [active=0, idle=6, qSize=0]
    ^-- System thread pool [active=0, idle=8, qSize=0]
[2018-06-12 18:58:18,678][INFO ][grid-timeout-worker-#23][IgniteKernal] FreeList [name=null, buckets=256, dataPages=69, reusePages=0]
[2018-06-12 18:58:23,687][INFO ][grid-timeout-worker-#23][IgniteKernal] 
Metrics for local node (to disable set 'metricsLogFrequency' to 0)
    ^-- Node [id=64cb3117, uptime=00:00:55.062]
    ^-- H/N/C [hosts=1, nodes=5, CPUs=4]
    ^-- CPU [cur=6.57%, avg=16.2%, GC=0%]
    ^-- PageMemory [pages=1182]
    ^-- Heap [used=233MB, free=88.11%, comm=1963MB]
    ^-- Non heap [used=61MB, free=-1%, comm=62MB]
    ^-- Outbound messages queue [size=2]
    ^-- Public thread pool [active=0, idle=6, qSize=0]
    ^-- System thread pool [active=0, idle=8, qSize=0]
[2018-06-12 18:58:23,687][INFO ][grid-timeout-worker-#23][IgniteKernal] FreeList [name=null, buckets=256, dataPages=69, reusePages=0]
[2018-06-12 18:58:28,683][INFO ][grid-timeout-worker-#23][IgniteKernal] 
Metrics for local node (to disable set 'metricsLogFrequency' to 0)
    ^-- Node [id=64cb3117, uptime=00:01:00.063]
    ^-- H/N/C [hosts=1, nodes=5, CPUs=4]
    ^-- CPU [cur=9.33%, avg=15.87%, GC=0%]
    ^-- PageMemory [pages=1182]
    ^-- Heap [used=423MB, free=78.43%, comm=1963MB]
    ^-- Non heap [used=59MB, free=-1%, comm=62MB]
    ^-- Outbound messages queue [size=0]
    ^-- Public thread pool [active=0, idle=0, qSize=0]
    ^-- System thread pool [active=0, idle=8, qSize=0]
[2018-06-12 18:58:28,683][INFO ][grid-timeout-worker-#23][IgniteKernal] FreeList [name=null, buckets=256, dataPages=69, reusePages=0]
[2018-06-12 18:58:33,692][INFO ][grid-timeout-worker-#23][IgniteKernal] 
Metrics for local node (to disable set 'metricsLogFrequency' to 0)
    ^-- Node [id=64cb3117, uptime=00:01:05.072]
    ^-- H/N/C [hosts=1, nodes=5, CPUs=4]
    ^-- CPU [cur=6.93%, avg=15.5%, GC=0.23%]
    ^-- PageMemory [pages=1182]
    ^-- Heap [used=107MB, free=94.67%, comm=2023MB]
    ^-- Non heap [used=59MB, free=-1%, comm=62MB]
    ^-- Outbound messages queue [size=0]
    ^-- Public thread pool [active=0, idle=0, qSize=0]
    ^-- System thread pool [active=0, idle=8, qSize=0]
[2018-06-12 18:58:33,693][INFO ][grid-timeout-worker-#23][IgniteKernal] FreeList [name=null, buckets=256, dataPages=69, reusePages=0]
[2018-06-12 18:58:38,698][INFO ][grid-timeout-worker-#23][IgniteKernal] 
Metrics for local node (to disable set 'metricsLogFrequency' to 0)
    ^-- Node [id=64cb3117, uptime=00:01:10.077]
    ^-- H/N/C [hosts=1, nodes=5, CPUs=4]
    ^-- CPU [cur=6.9%, avg=14.86%, GC=0%]
    ^-- PageMemory [pages=1182]
    ^-- Heap [used=301MB, free=85.11%, comm=2023MB]
    ^-- Non heap [used=59MB, free=-1%, comm=62MB]
    ^-- Outbound messages queue [size=0]
    ^-- Public thread pool [active=0, idle=0, qSize=0]
    ^-- System thread pool [active=0, idle=8, qSize=0]
[2018-06-12 18:58:38,698][INFO ][grid-timeout-worker-#23][IgniteKernal] FreeList [name=null, buckets=256, dataPages=69, reusePages=0]
[2018-06-12 18:58:43,706][INFO ][grid-timeout-worker-#23][IgniteKernal] 
Metrics for local node (to disable set 'metricsLogFrequency' to 0)
    ^-- Node [id=64cb3117, uptime=00:01:15.086]
    ^-- H/N/C [hosts=1, nodes=5, CPUs=4]
    ^-- CPU [cur=6%, avg=14.54%, GC=0%]
    ^-- PageMemory [pages=1182]
    ^-- Heap [used=466MB, free=76.95%, comm=2023MB]
    ^-- Non heap [used=59MB, free=-1%, comm=62MB]
    ^-- Outbound messages queue [size=0]
    ^-- Public thread pool [active=0, idle=0, qSize=0]
    ^-- System thread pool [active=0, idle=8, qSize=2]
[2018-06-12 18:58:43,707][INFO ][grid-timeout-worker-#23][IgniteKernal] FreeList [name=null, buckets=256, dataPages=69, reusePages=0]
[2018-06-12 18:58:48,715][INFO ][grid-timeout-worker-#23][IgniteKernal] 
Metrics for local node (to disable set 'metricsLogFrequency' to 0)
    ^-- Node [id=64cb3117, uptime=00:01:20.095]
    ^-- H/N/C [hosts=1, nodes=5, CPUs=4]
    ^-- CPU [cur=8.67%, avg=13.88%, GC=0%]
    ^-- PageMemory [pages=1182]
    ^-- Heap [used=635MB, free=68.59%, comm=2023MB]
    ^-- Non heap [used=59MB, free=-1%, comm=62MB]
    ^-- Outbound messages queue [size=0]
    ^-- Public thread pool [active=0, idle=0, qSize=0]
    ^-- System thread pool [active=0, idle=8, qSize=0]
[2018-06-12 18:58:48,716][INFO ][grid-timeout-worker-#23][IgniteKernal] FreeList [name=null, buckets=256, dataPages=69, reusePages=0]
[2018-06-12 18:58:53,720][INFO ][grid-timeout-worker-#23][IgniteKernal] 
Metrics for local node (to disable set 'metricsLogFrequency' to 0)
    ^-- Node [id=64cb3117, uptime=00:01:25.098]
    ^-- H/N/C [hosts=1, nodes=5, CPUs=4]
    ^-- CPU [cur=7.4%, avg=13.46%, GC=0%]
    ^-- PageMemory [pages=1182]
    ^-- Heap [used=187MB, free=90.72%, comm=2022MB]
    ^-- Non heap [used=59MB, free=-1%, comm=62MB]
    ^-- Outbound messages queue [size=0]
    ^-- Public thread pool [active=0, idle=0, qSize=0]
    ^-- System thread pool [active=0, idle=8, qSize=0]
[2018-06-12 18:58:53,721][INFO ][grid-timeout-worker-#23][IgniteKernal] FreeList [name=null, buckets=256, dataPages=69, reusePages=0]
[2018-06-12 18:58:58,726][INFO ][grid-timeout-worker-#23][IgniteKernal] 
Metrics for local node (to disable set 'metricsLogFrequency' to 0)
    ^-- Node [id=64cb3117, uptime=00:01:30.105]
    ^-- H/N/C [hosts=1, nodes=5, CPUs=4]
    ^-- CPU [cur=6.17%, avg=13.26%, GC=0%]
    ^-- PageMemory [pages=1182]
    ^-- Heap [used=364MB, free=82%, comm=2022MB]
    ^-- Non heap [used=59MB, free=-1%, comm=62MB]
    ^-- Outbound messages queue [size=1]
    ^-- Public thread pool [active=0, idle=0, qSize=0]
    ^-- System thread pool [active=0, idle=8, qSize=0]
[2018-06-12 18:58:58,726][INFO ][grid-timeout-worker-#23][IgniteKernal] FreeList [name=null, buckets=256, dataPages=69, reusePages=0]
[2018-06-12 18:59:03,734][INFO ][grid-timeout-worker-#23][IgniteKernal] 
Metrics for local node (to disable set 'metricsLogFrequency' to 0)
    ^-- Node [id=64cb3117, uptime=00:01:35.111]
    ^-- H/N/C [hosts=1, nodes=5, CPUs=4]
    ^-- CPU [cur=10.77%, avg=12.76%, GC=0%]
    ^-- PageMemory [pages=1182]
    ^-- Heap [used=536MB, free=73.48%, comm=2022MB]
    ^-- Non heap [used=60MB, free=-1%, comm=62MB]
    ^-- Outbound messages queue [size=0]
    ^-- Public thread pool [active=0, idle=0, qSize=0]
    ^-- System thread pool [active=0, idle=8, qSize=0]
[2018-06-12 18:59:03,734][INFO ][grid-timeout-worker-#23][IgniteKernal] FreeList [name=null, buckets=256, dataPages=69, reusePages=0]
<18:59:04><benchmark-worker-49><yardstick> Starting iteration: 25000
[2018-06-12 18:59:08,740][INFO ][grid-timeout-worker-#23][IgniteKernal] 
Metrics for local node (to disable set 'metricsLogFrequency' to 0)
    ^-- Node [id=64cb3117, uptime=00:01:40.117]
    ^-- H/N/C [hosts=1, nodes=5, CPUs=4]
    ^-- CPU [cur=6.5%, avg=12.66%, GC=0.23%]
    ^-- PageMemory [pages=1182]
    ^-- Heap [used=105MB, free=94.77%, comm=2025MB]
    ^-- Non heap [used=60MB, free=-1%, comm=63MB]
    ^-- Outbound messages queue [size=0]
    ^-- Public thread pool [active=0, idle=0, qSize=0]
    ^-- System thread pool [active=0, idle=8, qSize=0]
[2018-06-12 18:59:08,740][INFO ][grid-timeout-worker-#23][IgniteKernal] FreeList [name=null, buckets=256, dataPages=69, reusePages=0]
Finishing main test [ts=1528819150634, date=Tue Jun 12 18:59:10 MSK 2018]
[2018-06-12 18:59:10,643][INFO ][Thread-5][GridTcpRestProtocol] Command protocol successfully stopped: TCP binary
[2018-06-12 18:59:10,664][INFO ][tcp-disco-sock-reader-#4][TcpDiscoverySpi] Finished serving remote node connection [rmtAddr=/127.0.0.1:50591, rmtPort=50591
<18:59:10><probe-dump-thread><yardstick> PercentileProbe results will be saved to: /home/fl/SBT/affinity-example/bin/../output/results-20180612-185514
[2018-06-12 18:59:10,741][INFO ][Thread-5][GridCacheProcessor] Stopped cache [cacheName=PersonsCache]
[2018-06-12 18:59:10,742][INFO ][Thread-5][GridCacheProcessor] Stopped cache [cacheName=ignite-sys-cache]
[2018-06-12 18:59:10,837][INFO ][Thread-5][IgniteKernal] 

>>> +------------------------------------------------------------------------------------------+
>>> Ignite ver. 2.5.0-SNAPSHOT#20180518-sha1:fe6e70e3c8d6a6349ea00b7ec99b215945ffce6d stopped OK
>>> +------------------------------------------------------------------------------------------+
>>> Grid uptime: 00:01:42.212


<18:59:10><Thread-5><yardstick> PercentileProbe is stopped.
<18:59:10><Thread-5><yardstick> ThroughputLatencyProbe is stopped.
