log4j:WARN No appenders could be found for logger (org.reflections.Reflections).
log4j:WARN Please initialize the log4j system properly.
log4j:WARN See http://logging.apache.org/log4j/1.2/faq.html#noconfig for more info.
<18:55:19><main><yardstick> Cache configured with the following parameters: CacheConfiguration [name=PersonsCache, grpName=null, memPlcName=null, storeConcurrentLoadAllThreshold=5, rebalancePoolSize=2, rebalanceTimeout=10000, evictPlc=null, evictPlcFactory=null, onheapCache=false, sqlOnheapCache=false, sqlOnheapCacheMaxSize=0, evictFilter=null, eagerTtl=true, dfltLockTimeout=0, nearCfg=null, writeSync=PRIMARY_SYNC, storeFactory=null, storeKeepBinary=false, loadPrevVal=false, aff=null, cacheMode=PARTITIONED, atomicityMode=null, backups=1, invalidate=false, tmLookupClsName=null, rebalanceMode=ASYNC, rebalanceOrder=0, rebalanceBatchSize=524288, rebalanceBatchesPrefetchCnt=2, maxConcurrentAsyncOps=500, sqlIdxMaxInlineSize=-1, writeBehindEnabled=false, writeBehindFlushSize=10240, writeBehindFlushFreq=5000, writeBehindFlushThreadCnt=1, writeBehindBatchSize=512, writeBehindCoalescing=true, maxQryIterCnt=1024, affMapper=null, rebalanceDelay=0, rebalanceThrottle=0, interceptor=null, longQryWarnTimeout=3000, qryDetailMetricsSz=0, readFromBackup=true, nodeFilter=null, sqlSchema=null, sqlEscapeAll=false, cpOnRead=true, topValidator=null, partLossPlc=IGNORE, qryParallelism=1, evtsDisabled=false]
[2018-06-12 18:55:21,262][INFO ][main][IgniteKernal] 

>>>    __________  ________________  
>>>   /  _/ ___/ |/ /  _/_  __/ __/  
>>>  _/ // (7 7    // /  / / / _/    
>>> /___/\___/_/|_/___/ /_/ /___/   
>>> 
>>> ver. 2.5.0-SNAPSHOT#20180518-sha1:fe6e70e3
>>> 2018 Copyright(C) Apache Software Foundation
>>> 
>>> Ignite documentation: http://ignite.apache.org

[2018-06-12 18:55:21,262][INFO ][main][IgniteKernal] Config URL: n/a
[2018-06-12 18:55:21,320][INFO ][main][IgniteKernal] IgniteConfiguration [igniteInstanceName=null, pubPoolSize=8, svcPoolSize=8, callbackPoolSize=8, stripedPoolSize=8, sysPoolSize=8, mgmtPoolSize=4, igfsPoolSize=4, dataStreamerPoolSize=8, utilityCachePoolSize=8, utilityCacheKeepAliveTime=60000, p2pPoolSize=2, qryPoolSize=8, igniteHome=/home/fl/apache-ignite-fabric-2.4.0-bin, igniteWorkDir=/home/fl/apache-ignite-fabric-2.4.0-bin/work, mbeanSrv=com.sun.jmx.mbeanserver.JmxMBeanServer@27462a88, nodeId=3471ddf5-7ac4-421d-892d-2a623a0a2ce6, marsh=org.apache.ignite.internal.binary.BinaryMarshaller@769a1df5, marshLocJobs=false, daemon=false, p2pEnabled=false, netTimeout=5000, sndRetryDelay=1000, sndRetryCnt=3, metricsHistSize=10000, metricsUpdateFreq=2000, metricsExpTime=9223372036854775807, discoSpi=TcpDiscoverySpi [addrRslvr=null, sockTimeout=0, ackTimeout=0, marsh=null, reconCnt=10, reconDelay=2000, maxAckTimeout=600000, forceSrvMode=false, clientReconnectDisabled=false, internalLsnr=null], segPlc=STOP, segResolveAttempts=2, waitForSegOnStart=true, allResolversPassReq=true, segChkFreq=10000, commSpi=TcpCommunicationSpi [connectGate=null, connPlc=null, enableForcibleNodeKill=false, enableTroubleshootingLog=false, srvLsnr=org.apache.ignite.spi.communication.tcp.TcpCommunicationSpi$2@5167f57d, locAddr=null, locHost=null, locPort=47100, locPortRange=100, shmemPort=-1, directBuf=true, directSndBuf=false, idleConnTimeout=600000, connTimeout=5000, maxConnTimeout=600000, reconCnt=10, sockSndBuf=32768, sockRcvBuf=32768, msgQueueLimit=0, slowClientQueueLimit=0, nioSrvr=null, shmemSrv=null, usePairedConnections=false, connectionsPerNode=1, tcpNoDelay=true, filterReachableAddresses=false, ackSndThreshold=32, unackedMsgsBufSize=0, sockWriteTimeout=2000, lsnr=null, boundTcpPort=-1, boundTcpShmemPort=-1, selectorsCnt=4, selectorSpins=0, addrRslvr=null, ctxInitLatch=java.util.concurrent.CountDownLatch@64b0598[Count = 1], stopping=false, metricsLsnr=org.apache.ignite.spi.communication.tcp.TcpCommunicationMetricsListener@18f8cd79], evtSpi=org.apache.ignite.spi.eventstorage.NoopEventStorageSpi@3e2055d6, colSpi=NoopCollisionSpi [], deploySpi=LocalDeploymentSpi [lsnr=null], indexingSpi=org.apache.ignite.spi.indexing.noop.NoopIndexingSpi@28194a50, addrRslvr=null, clientMode=false, rebalanceThreadPoolSize=1, txCfg=org.apache.ignite.configuration.TransactionConfiguration@7f2cfe3f, cacheSanityCheckEnabled=true, discoStartupDelay=60000, deployMode=SHARED, p2pMissedCacheSize=100, locHost=null, timeSrvPortBase=31100, timeSrvPortRange=100, failureDetectionTimeout=10000, clientFailureDetectionTimeout=30000, metricsLogFreq=5000, hadoopCfg=null, connectorCfg=org.apache.ignite.configuration.ConnectorConfiguration@1a5b6f42, odbcCfg=null, warmupClos=null, atomicCfg=AtomicConfiguration [seqReserveSize=1000, cacheMode=PARTITIONED, backups=1, aff=null, grpName=null], classLdr=null, sslCtxFactory=null, platformCfg=null, binaryCfg=null, memCfg=null, pstCfg=null, dsCfg=DataStorageConfiguration [sysRegionInitSize=41943040, sysCacheMaxSize=104857600, pageSize=0, concLvl=0, dfltDataRegConf=DataRegionConfiguration [name=default, maxSize=2494085529, initSize=268435456, swapPath=null, pageEvictionMode=DISABLED, evictionThreshold=0.9, emptyPagesPoolSize=100, metricsEnabled=false, metricsSubIntervalCount=5, metricsRateTimeInterval=60000, persistenceEnabled=false, checkpointPageBufSize=0], storagePath=null, checkpointFreq=180000, lockWaitTime=10000, checkpointThreads=4, checkpointWriteOrder=SEQUENTIAL, walHistSize=20, walSegments=10, walSegmentSize=67108864, walPath=db/wal, walArchivePath=db/wal/archive, metricsEnabled=false, walMode=LOG_ONLY, walTlbSize=131072, walBuffSize=0, walFlushFreq=2000, walFsyncDelay=1000, walRecordIterBuffSize=67108864, alwaysWriteFullPages=false, fileIOFactory=org.apache.ignite.internal.processors.cache.persistence.file.AsyncFileIOFactory@6bb4dd34, metricsSubIntervalCnt=5, metricsRateTimeInterval=60000, walAutoArchiveAfterInactivity=-1, writeThrottlingEnabled=false, walCompactionEnabled=false], activeOnStart=true, autoActivation=true, longQryWarnTimeout=3000, sqlConnCfg=null, cliConnCfg=ClientConnectorConfiguration [host=null, port=10800, portRange=100, sockSndBufSize=0, sockRcvBufSize=0, tcpNoDelay=true, maxOpenCursorsPerConn=128, threadPoolSize=8, idleTimeout=0, jdbcEnabled=true, odbcEnabled=true, thinCliEnabled=true, sslEnabled=false, useIgniteSslCtxFactory=true, sslClientAuth=false, sslCtxFactory=null], authEnabled=false, failureHnd=null, commFailureRslvr=null]
[2018-06-12 18:55:21,321][INFO ][main][IgniteKernal] Daemon mode: off
[2018-06-12 18:55:21,321][INFO ][main][IgniteKernal] OS: Linux 4.15.0-22-generic amd64
[2018-06-12 18:55:21,321][INFO ][main][IgniteKernal] OS user: fl
[2018-06-12 18:55:21,335][INFO ][main][IgniteKernal] PID: 4638
[2018-06-12 18:55:21,338][INFO ][main][IgniteKernal] Language runtime: Java Platform API Specification ver. 1.8
[2018-06-12 18:55:21,338][INFO ][main][IgniteKernal] VM information: Java(TM) SE Runtime Environment 1.8.0_172-b11 Oracle Corporation Java HotSpot(TM) 64-Bit Server VM 25.172-b11
[2018-06-12 18:55:21,340][INFO ][main][IgniteKernal] VM total memory: 1.9GB
[2018-06-12 18:55:21,340][INFO ][main][IgniteKernal] Remote Management [restart: off, REST: on, JMX (remote: off)]
[2018-06-12 18:55:21,341][INFO ][main][IgniteKernal] Logger: Log4JLogger [quiet=false, config=/home/fl/apache-ignite-fabric-2.4.0-bin/config/ignite-log4j.xml]
[2018-06-12 18:55:21,341][INFO ][main][IgniteKernal] IGNITE_HOME=/home/fl/apache-ignite-fabric-2.4.0-bin
[2018-06-12 18:55:21,342][INFO ][main][IgniteKernal] VM arguments: [-Xms2g, -Xmx2g, -Djava.net.preferIPv4Stack=true, -DIGNITE_QUIET=false, -Dyardstick.server0, -Dyardstick.server1, -Dyardstick.server2, -Dyardstick.server3]
[2018-06-12 18:55:21,342][INFO ][main][IgniteKernal] System cache's DataRegion size is configured to 40 MB. Use DataStorageConfiguration.systemCacheMemorySize property to change the setting.
[2018-06-12 18:55:21,348][INFO ][main][IgniteKernal] Configured caches [in 'sysMemPlc' dataRegion: ['ignite-sys-cache'], in 'default' dataRegion: ['PersonsCache']]
[2018-06-12 18:55:21,403][INFO ][main][IgniteKernal] 3-rd party licenses can be found at: /home/fl/apache-ignite-fabric-2.4.0-bin/libs/licenses
[2018-06-12 18:55:21,403][INFO ][main][IgniteKernal] Local node user attribute [data.node=true]
[2018-06-12 18:55:21,802][INFO ][main][IgnitePluginProcessor] Configured plugins:
[2018-06-12 18:55:21,803][INFO ][main][IgnitePluginProcessor]   ^-- None
[2018-06-12 18:55:21,803][INFO ][main][IgnitePluginProcessor] 
[2018-06-12 18:55:21,805][INFO ][main][FailureProcessor] Configured failure handler: [hnd=StopNodeOrHaltFailureHandler [tryStop=false, timeout=0]]
[2018-06-12 18:55:21,943][INFO ][main][TcpCommunicationSpi] Successfully bound communication NIO server to TCP port [port=47103, locHost=0.0.0.0/0.0.0.0, selectorsCnt=4, selectorSpins=0, pairedConn=false]
[2018-06-12 18:55:21,999][WARN ][main][TcpCommunicationSpi] Message queue limit is set to 0 which may lead to potential OOMEs when running cache operations in FULL_ASYNC or PRIMARY_SYNC modes due to message queues growth on sender and receiver sides.
[2018-06-12 18:55:22,172][WARN ][main][NoopCheckpointSpi] Checkpoints are disabled (to enable configure any GridCheckpointSpi implementation)
[2018-06-12 18:55:22,338][WARN ][main][GridCollisionManager] Collision resolution is disabled (all jobs will be activated upon arrival).
[2018-06-12 18:55:22,340][INFO ][main][IgniteKernal] Security status [authentication=off, tls/ssl=off]
[2018-06-12 18:55:24,364][INFO ][main][ClientListenerProcessor] Client connector processor has started on TCP port 10803
[2018-06-12 18:55:24,671][INFO ][main][GridTcpRestProtocol] Command protocol successfully started [name=TCP binary, host=0.0.0.0/0.0.0.0, port=11214]
[2018-06-12 18:55:24,798][INFO ][main][IgniteKernal] Non-loopback local IPs: 172.17.0.1, 192.168.0.101
[2018-06-12 18:55:24,798][INFO ][main][IgniteKernal] Enabled local MACs: 02427E9A41E0, 5C93A2D830DE
[2018-06-12 18:55:24,897][INFO ][main][TcpDiscoverySpi] Successfully bound to TCP port [port=47503, localHost=0.0.0.0/0.0.0.0, locNodeId=3471ddf5-7ac4-421d-892d-2a623a0a2ce6]
[2018-06-12 18:55:26,082][INFO ][tcp-disco-srvr-#3][TcpDiscoverySpi] TCP discovery accepted incoming connection [rmtAddr=/127.0.0.1, rmtPort=59695]
[2018-06-12 18:55:26,097][INFO ][tcp-disco-srvr-#3][TcpDiscoverySpi] TCP discovery spawning a new thread for connection [rmtAddr=/127.0.0.1, rmtPort=59695]
[2018-06-12 18:55:26,097][INFO ][tcp-disco-sock-reader-#4][TcpDiscoverySpi] Started serving remote node connection [rmtAddr=/127.0.0.1:59695, rmtPort=59695]
[2018-06-12 18:55:26,109][INFO ][tcp-disco-sock-reader-#4][TcpDiscoverySpi] Finished serving remote node connection [rmtAddr=/127.0.0.1:59695, rmtPort=59695
[2018-06-12 18:55:26,711][INFO ][tcp-disco-srvr-#3][TcpDiscoverySpi] TCP discovery accepted incoming connection [rmtAddr=/127.0.0.1, rmtPort=54915]
[2018-06-12 18:55:26,711][INFO ][tcp-disco-srvr-#3][TcpDiscoverySpi] TCP discovery spawning a new thread for connection [rmtAddr=/127.0.0.1, rmtPort=54915]
[2018-06-12 18:55:26,712][INFO ][tcp-disco-sock-reader-#5][TcpDiscoverySpi] Started serving remote node connection [rmtAddr=/127.0.0.1:54915, rmtPort=54915]
[2018-06-12 18:55:26,726][INFO ][tcp-disco-sock-reader-#5][TcpDiscoverySpi] Finished serving remote node connection [rmtAddr=/127.0.0.1:54915, rmtPort=54915
[2018-06-12 18:55:26,841][INFO ][tcp-disco-srvr-#3][TcpDiscoverySpi] TCP discovery accepted incoming connection [rmtAddr=/127.0.0.1, rmtPort=44291]
[2018-06-12 18:55:26,841][INFO ][tcp-disco-srvr-#3][TcpDiscoverySpi] TCP discovery spawning a new thread for connection [rmtAddr=/127.0.0.1, rmtPort=44291]
[2018-06-12 18:55:26,852][INFO ][tcp-disco-sock-reader-#6][TcpDiscoverySpi] Started serving remote node connection [rmtAddr=/127.0.0.1:44291, rmtPort=44291]
[2018-06-12 18:55:26,882][INFO ][tcp-disco-sock-reader-#6][TcpDiscoverySpi] Finished serving remote node connection [rmtAddr=/127.0.0.1:44291, rmtPort=44291
[2018-06-12 18:55:26,893][INFO ][tcp-disco-srvr-#3][TcpDiscoverySpi] TCP discovery accepted incoming connection [rmtAddr=/127.0.0.1, rmtPort=38751]
[2018-06-12 18:55:26,893][INFO ][tcp-disco-srvr-#3][TcpDiscoverySpi] TCP discovery spawning a new thread for connection [rmtAddr=/127.0.0.1, rmtPort=38751]
[2018-06-12 18:55:26,895][INFO ][tcp-disco-sock-reader-#7][TcpDiscoverySpi] Started serving remote node connection [rmtAddr=/127.0.0.1:38751, rmtPort=38751]
[2018-06-12 18:55:26,920][INFO ][tcp-disco-sock-reader-#7][TcpDiscoverySpi] Finished serving remote node connection [rmtAddr=/127.0.0.1:38751, rmtPort=38751
[2018-06-12 18:55:28,166][INFO ][tcp-disco-srvr-#3][TcpDiscoverySpi] TCP discovery accepted incoming connection [rmtAddr=/127.0.0.1, rmtPort=50031]
[2018-06-12 18:55:28,166][INFO ][tcp-disco-srvr-#3][TcpDiscoverySpi] TCP discovery spawning a new thread for connection [rmtAddr=/127.0.0.1, rmtPort=50031]
[2018-06-12 18:55:28,169][INFO ][tcp-disco-sock-reader-#8][TcpDiscoverySpi] Started serving remote node connection [rmtAddr=/127.0.0.1:50031, rmtPort=50031]
[2018-06-12 18:55:28,179][INFO ][tcp-disco-sock-reader-#8][TcpDiscoverySpi] Finished serving remote node connection [rmtAddr=/127.0.0.1:50031, rmtPort=50031
[2018-06-12 18:55:28,902][INFO ][tcp-disco-srvr-#3][TcpDiscoverySpi] TCP discovery accepted incoming connection [rmtAddr=/127.0.0.1, rmtPort=37905]
[2018-06-12 18:55:28,903][INFO ][tcp-disco-srvr-#3][TcpDiscoverySpi] TCP discovery spawning a new thread for connection [rmtAddr=/127.0.0.1, rmtPort=37905]
[2018-06-12 18:55:28,915][INFO ][tcp-disco-sock-reader-#9][TcpDiscoverySpi] Started serving remote node connection [rmtAddr=/127.0.0.1:37905, rmtPort=37905]
[2018-06-12 18:55:28,926][INFO ][tcp-disco-srvr-#3][TcpDiscoverySpi] TCP discovery accepted incoming connection [rmtAddr=/127.0.0.1, rmtPort=42295]
[2018-06-12 18:55:28,926][INFO ][tcp-disco-srvr-#3][TcpDiscoverySpi] TCP discovery spawning a new thread for connection [rmtAddr=/127.0.0.1, rmtPort=42295]
[2018-06-12 18:55:28,929][INFO ][tcp-disco-sock-reader-#10][TcpDiscoverySpi] Started serving remote node connection [rmtAddr=/127.0.0.1:42295, rmtPort=42295]
[2018-06-12 18:55:28,943][INFO ][tcp-disco-sock-reader-#9][TcpDiscoverySpi] Finished serving remote node connection [rmtAddr=/127.0.0.1:37905, rmtPort=37905
[2018-06-12 18:55:28,992][INFO ][tcp-disco-sock-reader-#10][TcpDiscoverySpi] Finished serving remote node connection [rmtAddr=/127.0.0.1:42295, rmtPort=42295
[2018-06-12 18:55:29,690][INFO ][tcp-disco-srvr-#3][TcpDiscoverySpi] TCP discovery accepted incoming connection [rmtAddr=/127.0.0.1, rmtPort=34405]
[2018-06-12 18:55:29,691][INFO ][tcp-disco-srvr-#3][TcpDiscoverySpi] TCP discovery spawning a new thread for connection [rmtAddr=/127.0.0.1, rmtPort=34405]
[2018-06-12 18:55:29,698][INFO ][tcp-disco-sock-reader-#11][TcpDiscoverySpi] Started serving remote node connection [rmtAddr=/127.0.0.1:34405, rmtPort=34405]
[2018-06-12 18:55:30,011][WARN ][main][IgniteKernal] Nodes started on local machine require more than 80% of physical RAM what can lead to significant slowdown due to swapping (please decrease JVM heap size, data region size or checkpoint buffer size) [required=22207MB, available=11892MB]
[2018-06-12 18:55:30,149][INFO ][exchange-worker-#42][time] Started exchange init [topVer=AffinityTopologyVersion [topVer=5, minorTopVer=0], crd=false, evt=NODE_JOINED, evtNode=3471ddf5-7ac4-421d-892d-2a623a0a2ce6, customEvt=null, allowMerge=true]
[2018-06-12 18:55:31,590][INFO ][exchange-worker-#42][GridCacheProcessor] Started cache [name=ignite-sys-cache, id=-2100569601, memoryPolicyName=sysMemPlc, mode=REPLICATED, atomicity=TRANSACTIONAL, backups=2147483647]
[2018-06-12 18:55:31,769][INFO ][exchange-worker-#42][GridCacheProcessor] Started cache [name=PersonsCache, id=383478404, memoryPolicyName=default, mode=PARTITIONED, atomicity=ATOMIC, backups=1]
[2018-06-12 18:55:31,973][INFO ][exchange-worker-#42][GridDhtPartitionsExchangeFuture] Finished waiting for partition release future [topVer=AffinityTopologyVersion [topVer=5, minorTopVer=0], waitTime=0ms, futInfo=NA]
[2018-06-12 18:55:32,026][INFO ][grid-nio-worker-tcp-comm-0-#25][TcpCommunicationSpi] Established outgoing communication connection [locAddr=/127.0.0.1:33780, rmtAddr=/127.0.0.1:47104]
[2018-06-12 18:55:32,050][INFO ][exchange-worker-#42][GridDhtPartitionsExchangeFuture] Finished waiting for partition release future [topVer=AffinityTopologyVersion [topVer=5, minorTopVer=0], waitTime=0ms, futInfo=NA]
[2018-06-12 18:55:32,108][INFO ][exchange-worker-#42][time] Finished exchange init [topVer=AffinityTopologyVersion [topVer=5, minorTopVer=0], crd=false]
[2018-06-12 18:55:32,936][INFO ][sys-#44][GridDhtPartitionsExchangeFuture] Received full message, will finish exchange [node=d2c48519-beb1-4d74-81c7-0b0e011aa16e, resVer=AffinityTopologyVersion [topVer=5, minorTopVer=0]]
[2018-06-12 18:55:33,763][INFO ][sys-#44][GridDhtPartitionsExchangeFuture] Finish exchange future [startVer=AffinityTopologyVersion [topVer=5, minorTopVer=0], resVer=AffinityTopologyVersion [topVer=5, minorTopVer=0], err=null]
[2018-06-12 18:55:34,204][INFO ][exchange-worker-#42][GridCachePartitionExchangeManager] Rebalancing scheduled [order=[ignite-sys-cache, PersonsCache]]
[2018-06-12 18:55:34,205][INFO ][exchange-worker-#42][GridCachePartitionExchangeManager] Rebalancing started [top=AffinityTopologyVersion [topVer=5, minorTopVer=0], evt=NODE_JOINED, node=3471ddf5-7ac4-421d-892d-2a623a0a2ce6]
[2018-06-12 18:55:34,227][INFO ][exchange-worker-#42][GridDhtPartitionDemander] Starting rebalancing [grp=ignite-sys-cache, mode=SYNC, fromNode=d2c48519-beb1-4d74-81c7-0b0e011aa16e, partitionsCount=100, topology=AffinityTopologyVersion [topVer=5, minorTopVer=0], rebalanceId=1]
[2018-06-12 18:55:34,443][INFO ][utility-#46][GridDhtPartitionDemander] Completed (final) rebalancing [fromNode=d2c48519-beb1-4d74-81c7-0b0e011aa16e, cacheOrGroup=ignite-sys-cache, topology=AffinityTopologyVersion [topVer=5, minorTopVer=0], time=224 ms]
[2018-06-12 18:55:34,448][INFO ][utility-#46][GridDhtPartitionDemander] Completed rebalance future: RebalanceFuture [grp=CacheGroupContext [grp=ignite-sys-cache], topVer=AffinityTopologyVersion [topVer=5, minorTopVer=0], rebalanceId=1]
[2018-06-12 18:55:34,464][INFO ][utility-#46][GridDhtPartitionDemander] Starting rebalancing [grp=PersonsCache, mode=ASYNC, fromNode=d2c48519-beb1-4d74-81c7-0b0e011aa16e, partitionsCount=418, topology=AffinityTopologyVersion [topVer=5, minorTopVer=0], rebalanceId=1]
[2018-06-12 18:55:34,675][INFO ][sys-#48][GridDhtPartitionDemander] Completed (final) rebalancing [fromNode=d2c48519-beb1-4d74-81c7-0b0e011aa16e, cacheOrGroup=PersonsCache, topology=AffinityTopologyVersion [topVer=5, minorTopVer=0], time=209 ms]
[2018-06-12 18:55:34,691][INFO ][sys-#48][GridDhtPartitionDemander] Completed rebalance future: RebalanceFuture [grp=CacheGroupContext [grp=PersonsCache], topVer=AffinityTopologyVersion [topVer=5, minorTopVer=0], rebalanceId=1]
[2018-06-12 18:55:35,265][INFO ][main][IgniteKernal] Performance suggestions for grid  (fix if possible)
[2018-06-12 18:55:35,265][INFO ][main][IgniteKernal] To disable, set -DIGNITE_PERFORMANCE_SUGGESTIONS_DISABLED=true
[2018-06-12 18:55:35,265][INFO ][main][IgniteKernal]   ^-- Enable G1 Garbage Collector (add '-XX:+UseG1GC' to JVM options)
[2018-06-12 18:55:35,265][INFO ][main][IgniteKernal]   ^-- Set max direct memory size if getting 'OOME: Direct buffer memory' (add '-XX:MaxDirectMemorySize=<size>[g|G|m|M|k|K]' to JVM options)
[2018-06-12 18:55:35,276][INFO ][main][IgniteKernal]   ^-- Disable processing of calls to System.gc() (add '-XX:+DisableExplicitGC' to JVM options)
[2018-06-12 18:55:35,276][INFO ][main][IgniteKernal]   ^-- Decrease number of backups (set 'backups' to 0)
[2018-06-12 18:55:35,276][INFO ][main][IgniteKernal] Refer to this page for more performance suggestions: https://apacheignite.readme.io/docs/jvm-and-system-tuning
[2018-06-12 18:55:35,276][INFO ][main][IgniteKernal] 
[2018-06-12 18:55:35,277][INFO ][main][IgniteKernal] To start Console Management & Monitoring run ignitevisorcmd.{sh|bat}
[2018-06-12 18:55:35,277][INFO ][main][IgniteKernal] 
[2018-06-12 18:55:35,278][INFO ][main][IgniteKernal] 

>>> +-------------------------------------------------------------------------------+
>>> Ignite ver. 2.5.0-SNAPSHOT#20180518-sha1:fe6e70e3c8d6a6349ea00b7ec99b215945ffce6d
>>> +-------------------------------------------------------------------------------+
>>> OS name: Linux 4.15.0-22-generic amd64
>>> CPU(s): 4
>>> Heap: 2.0GB
>>> VM name: 4638@fl-PC
>>> Local node [ID=3471DDF5-7AC4-421D-892D-2A623A0A2CE6, order=5, clientMode=false]
>>> Local node addresses: [172.17.0.1/127.0.0.1, 192.168.0.101/172.17.0.1, /192.168.0.101]
>>> Local ports: TCP:10803 TCP:11214 TCP:47103 TCP:47503 

[2018-06-12 18:55:35,310][INFO ][main][GridDiscoveryManager] Topology snapshot [ver=5, servers=5, clients=0, CPUs=4, offheap=12.0GB, heap=10.0GB]
[2018-06-12 18:55:35,311][INFO ][main][GridDiscoveryManager]   ^-- Node [id=3471DDF5-7AC4-421D-892D-2A623A0A2CE6, clusterState=ACTIVE]
[2018-06-12 18:55:35,317][INFO ][main][GridDiscoveryManager] Data Regions Configured:
[2018-06-12 18:55:35,326][INFO ][main][GridDiscoveryManager]   ^-- default [initSize=256.0 MiB, maxSize=2.3 GiB, persistenceEnabled=false]
<18:55:35><main><yardstick> Configured marshaller: org.apache.ignite.internal.binary.BinaryMarshaller
[2018-06-12 18:55:36,925][INFO ][exchange-worker-#42][time] Started exchange init [topVer=AffinityTopologyVersion [topVer=5, minorTopVer=1], crd=false, evt=DISCOVERY_CUSTOM_EVT, evtNode=d2c48519-beb1-4d74-81c7-0b0e011aa16e, customEvt=CacheAffinityChangeMessage [id=ac075b4f361-f6fe45e4-80c4-4a5d-ac41-1f4ef8bba20d, topVer=AffinityTopologyVersion [topVer=5, minorTopVer=0], exchId=null, partsMsg=null, exchangeNeeded=true], allowMerge=false]
[2018-06-12 18:55:36,958][INFO ][exchange-worker-#42][GridDhtPartitionsExchangeFuture] Finished waiting for partition release future [topVer=AffinityTopologyVersion [topVer=5, minorTopVer=1], waitTime=0ms, futInfo=NA]
[2018-06-12 18:55:37,507][INFO ][exchange-worker-#42][GridDhtPartitionsExchangeFuture] Finished waiting for partitions release latch: ClientLatch [coordinator=TcpDiscoveryNode [id=d2c48519-beb1-4d74-81c7-0b0e011aa16e, addrs=[127.0.0.1, 172.17.0.1, 192.168.0.101], sockAddrs=[/172.17.0.1:47504, /127.0.0.1:47504, /192.168.0.101:47504], discPort=47504, order=1, intOrder=1, lastExchangeTime=1528818929768, loc=false, ver=2.5.0#20180518-sha1:fe6e70e3, isClient=false], ackSent=true, super=CompletableLatch [id=exchange, topVer=AffinityTopologyVersion [topVer=5, minorTopVer=1]]]
[2018-06-12 18:55:37,508][INFO ][exchange-worker-#42][GridDhtPartitionsExchangeFuture] Finished waiting for partition release future [topVer=AffinityTopologyVersion [topVer=5, minorTopVer=1], waitTime=0ms, futInfo=NA]
[2018-06-12 18:55:37,544][INFO ][exchange-worker-#42][time] Finished exchange init [topVer=AffinityTopologyVersion [topVer=5, minorTopVer=1], crd=false]
[2018-06-12 18:55:37,714][INFO ][sys-#51][GridDhtPartitionsExchangeFuture] Received full message, will finish exchange [node=d2c48519-beb1-4d74-81c7-0b0e011aa16e, resVer=AffinityTopologyVersion [topVer=5, minorTopVer=1]]
[2018-06-12 18:55:37,741][INFO ][sys-#51][GridDhtPartitionsExchangeFuture] Finish exchange future [startVer=AffinityTopologyVersion [topVer=5, minorTopVer=1], resVer=AffinityTopologyVersion [topVer=5, minorTopVer=1], err=null]
[2018-06-12 18:55:37,774][INFO ][exchange-worker-#42][GridCachePartitionExchangeManager] Skipping rebalancing (nothing scheduled) [top=AffinityTopologyVersion [topVer=5, minorTopVer=1], evt=DISCOVERY_CUSTOM_EVT, node=d2c48519-beb1-4d74-81c7-0b0e011aa16e]
[2018-06-12 18:55:40,265][INFO ][grid-timeout-worker-#23][IgniteKernal] 
Metrics for local node (to disable set 'metricsLogFrequency' to 0)
    ^-- Node [id=3471ddf5, uptime=00:00:05.027]
    ^-- H/N/C [hosts=1, nodes=5, CPUs=4]
    ^-- CPU [cur=15.83%, avg=13.17%, GC=0%]
    ^-- PageMemory [pages=1038]
    ^-- Heap [used=120MB, free=93.86%, comm=1963MB]
    ^-- Non heap [used=49MB, free=-1%, comm=50MB]
    ^-- Outbound messages queue [size=0]
    ^-- Public thread pool [active=0, idle=6, qSize=0]
    ^-- System thread pool [active=0, idle=8, qSize=0]
[2018-06-12 18:55:45,274][INFO ][grid-timeout-worker-#23][IgniteKernal] 
Metrics for local node (to disable set 'metricsLogFrequency' to 0)
    ^-- Node [id=3471ddf5, uptime=00:00:10.044]
    ^-- H/N/C [hosts=1, nodes=5, CPUs=4]
    ^-- CPU [cur=14.9%, avg=14.05%, GC=0%]
    ^-- PageMemory [pages=1038]
    ^-- Heap [used=148MB, free=92.41%, comm=1963MB]
    ^-- Non heap [used=51MB, free=-1%, comm=52MB]
    ^-- Outbound messages queue [size=0]
    ^-- Public thread pool [active=0, idle=6, qSize=0]
    ^-- System thread pool [active=0, idle=8, qSize=0]
[2018-06-12 18:55:49,248][INFO ][grid-nio-worker-tcp-comm-1-#26][TcpCommunicationSpi] Established outgoing communication connection [locAddr=/127.0.0.1:50252, rmtAddr=/127.0.0.1:47100]
[2018-06-12 18:55:50,280][INFO ][grid-timeout-worker-#23][IgniteKernal] 
Metrics for local node (to disable set 'metricsLogFrequency' to 0)
    ^-- Node [id=3471ddf5, uptime=00:00:15.049]
    ^-- H/N/C [hosts=1, nodes=5, CPUs=4]
    ^-- CPU [cur=17.17%, avg=14.36%, GC=0%]
    ^-- PageMemory [pages=1038]
    ^-- Heap [used=294MB, free=85%, comm=1963MB]
    ^-- Non heap [used=53MB, free=-1%, comm=54MB]
    ^-- Outbound messages queue [size=0]
    ^-- Public thread pool [active=8, idle=0, qSize=12]
    ^-- System thread pool [active=0, idle=8, qSize=0]
[2018-06-12 18:55:55,287][INFO ][grid-timeout-worker-#23][IgniteKernal] 
Metrics for local node (to disable set 'metricsLogFrequency' to 0)
    ^-- Node [id=3471ddf5, uptime=00:00:20.058]
    ^-- H/N/C [hosts=1, nodes=5, CPUs=4]
    ^-- CPU [cur=17.43%, avg=14.45%, GC=0%]
    ^-- PageMemory [pages=1038]
    ^-- Heap [used=295MB, free=84.93%, comm=1963MB]
    ^-- Non heap [used=55MB, free=-1%, comm=56MB]
    ^-- Outbound messages queue [size=0]
    ^-- Public thread pool [active=8, idle=0, qSize=13]
    ^-- System thread pool [active=0, idle=8, qSize=0]
[2018-06-12 18:56:00,295][INFO ][grid-timeout-worker-#23][IgniteKernal] 
Metrics for local node (to disable set 'metricsLogFrequency' to 0)
    ^-- Node [id=3471ddf5, uptime=00:00:25.066]
    ^-- H/N/C [hosts=1, nodes=5, CPUs=4]
    ^-- CPU [cur=14.67%, avg=14.77%, GC=0%]
    ^-- PageMemory [pages=1038]
    ^-- Heap [used=358MB, free=81.73%, comm=1963MB]
    ^-- Non heap [used=56MB, free=-1%, comm=58MB]
    ^-- Outbound messages queue [size=1]
    ^-- Public thread pool [active=8, idle=0, qSize=13]
    ^-- System thread pool [active=0, idle=8, qSize=0]
[2018-06-12 18:56:05,301][INFO ][grid-timeout-worker-#23][IgniteKernal] 
Metrics for local node (to disable set 'metricsLogFrequency' to 0)
    ^-- Node [id=3471ddf5, uptime=00:00:30.071]
    ^-- H/N/C [hosts=1, nodes=5, CPUs=4]
    ^-- CPU [cur=19.57%, avg=15.57%, GC=0%]
    ^-- PageMemory [pages=1038]
    ^-- Heap [used=462MB, free=76.41%, comm=1963MB]
    ^-- Non heap [used=58MB, free=-1%, comm=59MB]
    ^-- Outbound messages queue [size=2]
    ^-- Public thread pool [active=8, idle=0, qSize=18]
    ^-- System thread pool [active=0, idle=8, qSize=0]
[2018-06-12 18:56:10,309][INFO ][grid-timeout-worker-#23][IgniteKernal] 
Metrics for local node (to disable set 'metricsLogFrequency' to 0)
    ^-- Node [id=3471ddf5, uptime=00:00:35.080]
    ^-- H/N/C [hosts=1, nodes=5, CPUs=4]
    ^-- CPU [cur=16.5%, avg=15.97%, GC=0.4%]
    ^-- PageMemory [pages=1038]
    ^-- Heap [used=180MB, free=90.82%, comm=1963MB]
    ^-- Non heap [used=58MB, free=-1%, comm=59MB]
    ^-- Outbound messages queue [size=0]
    ^-- Public thread pool [active=8, idle=0, qSize=18]
    ^-- System thread pool [active=0, idle=8, qSize=0]
[2018-06-12 18:56:15,318][INFO ][grid-timeout-worker-#23][IgniteKernal] 
Metrics for local node (to disable set 'metricsLogFrequency' to 0)
    ^-- Node [id=3471ddf5, uptime=00:00:40.082]
    ^-- H/N/C [hosts=1, nodes=5, CPUs=4]
    ^-- CPU [cur=16.9%, avg=16.09%, GC=0%]
    ^-- PageMemory [pages=1038]
    ^-- Heap [used=322MB, free=83.59%, comm=1963MB]
    ^-- Non heap [used=58MB, free=-1%, comm=59MB]
    ^-- Outbound messages queue [size=0]
    ^-- Public thread pool [active=8, idle=0, qSize=21]
    ^-- System thread pool [active=0, idle=8, qSize=0]
[2018-06-12 18:56:20,314][INFO ][grid-timeout-worker-#23][IgniteKernal] 
Metrics for local node (to disable set 'metricsLogFrequency' to 0)
    ^-- Node [id=3471ddf5, uptime=00:00:45.082]
    ^-- H/N/C [hosts=1, nodes=5, CPUs=4]
    ^-- CPU [cur=16.57%, avg=16.21%, GC=0%]
    ^-- PageMemory [pages=1038]
    ^-- Heap [used=506MB, free=74.19%, comm=1963MB]
    ^-- Non heap [used=59MB, free=-1%, comm=60MB]
    ^-- Outbound messages queue [size=1]
    ^-- Public thread pool [active=8, idle=0, qSize=20]
    ^-- System thread pool [active=0, idle=8, qSize=0]
[2018-06-12 18:56:25,319][INFO ][grid-timeout-worker-#23][IgniteKernal] 
Metrics for local node (to disable set 'metricsLogFrequency' to 0)
    ^-- Node [id=3471ddf5, uptime=00:00:50.089]
    ^-- H/N/C [hosts=1, nodes=5, CPUs=4]
    ^-- CPU [cur=14.23%, avg=16.45%, GC=0%]
    ^-- PageMemory [pages=1038]
    ^-- Heap [used=280MB, free=85.73%, comm=1963MB]
    ^-- Non heap [used=58MB, free=-1%, comm=61MB]
    ^-- Outbound messages queue [size=5]
    ^-- Public thread pool [active=8, idle=0, qSize=19]
    ^-- System thread pool [active=0, idle=8, qSize=0]
[2018-06-12 18:56:30,352][INFO ][grid-timeout-worker-#23][IgniteKernal] 
Metrics for local node (to disable set 'metricsLogFrequency' to 0)
    ^-- Node [id=3471ddf5, uptime=00:00:55.116]
    ^-- H/N/C [hosts=1, nodes=5, CPUs=4]
    ^-- CPU [cur=12.6%, avg=16.11%, GC=0%]
    ^-- PageMemory [pages=1038]
    ^-- Heap [used=69MB, free=96.48%, comm=1963MB]
    ^-- Non heap [used=58MB, free=-1%, comm=61MB]
    ^-- Outbound messages queue [size=0]
    ^-- Public thread pool [active=8, idle=0, qSize=15]
    ^-- System thread pool [active=0, idle=8, qSize=0]
[2018-06-12 18:56:35,349][INFO ][grid-timeout-worker-#23][IgniteKernal] 
Metrics for local node (to disable set 'metricsLogFrequency' to 0)
    ^-- Node [id=3471ddf5, uptime=00:01:00.119]
    ^-- H/N/C [hosts=1, nodes=5, CPUs=4]
    ^-- CPU [cur=14.67%, avg=15.82%, GC=0%]
    ^-- PageMemory [pages=1038]
    ^-- Heap [used=292MB, free=85.1%, comm=1963MB]
    ^-- Non heap [used=59MB, free=-1%, comm=61MB]
    ^-- Outbound messages queue [size=0]
    ^-- Public thread pool [active=8, idle=0, qSize=15]
    ^-- System thread pool [active=0, idle=8, qSize=0]
[2018-06-12 18:56:40,352][INFO ][grid-timeout-worker-#23][IgniteKernal] 
Metrics for local node (to disable set 'metricsLogFrequency' to 0)
    ^-- Node [id=3471ddf5, uptime=00:01:05.119]
    ^-- H/N/C [hosts=1, nodes=5, CPUs=4]
    ^-- CPU [cur=10.83%, avg=15.58%, GC=0%]
    ^-- PageMemory [pages=1038]
    ^-- Heap [used=530MB, free=72.97%, comm=1963MB]
    ^-- Non heap [used=59MB, free=-1%, comm=61MB]
    ^-- Outbound messages queue [size=0]
    ^-- Public thread pool [active=8, idle=0, qSize=15]
    ^-- System thread pool [active=0, idle=8, qSize=0]
[2018-06-12 18:56:45,356][INFO ][grid-timeout-worker-#23][IgniteKernal] 
Metrics for local node (to disable set 'metricsLogFrequency' to 0)
    ^-- Node [id=3471ddf5, uptime=00:01:10.127]
    ^-- H/N/C [hosts=1, nodes=5, CPUs=4]
    ^-- CPU [cur=10.6%, avg=15.27%, GC=0.13%]
    ^-- PageMemory [pages=1038]
    ^-- Heap [used=380MB, free=81.19%, comm=2025MB]
    ^-- Non heap [used=59MB, free=-1%, comm=61MB]
    ^-- Outbound messages queue [size=0]
    ^-- Public thread pool [active=8, idle=0, qSize=17]
    ^-- System thread pool [active=0, idle=8, qSize=0]
[2018-06-12 18:56:50,361][INFO ][grid-timeout-worker-#23][IgniteKernal] 
Metrics for local node (to disable set 'metricsLogFrequency' to 0)
    ^-- Node [id=3471ddf5, uptime=00:01:15.128]
    ^-- H/N/C [hosts=1, nodes=5, CPUs=4]
    ^-- CPU [cur=14.33%, avg=15.24%, GC=0.1%]
    ^-- PageMemory [pages=1038]
    ^-- Heap [used=166MB, free=91.78%, comm=2024MB]
    ^-- Non heap [used=59MB, free=-1%, comm=61MB]
    ^-- Outbound messages queue [size=4]
    ^-- Public thread pool [active=8, idle=0, qSize=14]
    ^-- System thread pool [active=0, idle=6, qSize=0]
[2018-06-12 18:56:55,366][INFO ][grid-timeout-worker-#23][IgniteKernal] 
Metrics for local node (to disable set 'metricsLogFrequency' to 0)
    ^-- Node [id=3471ddf5, uptime=00:01:20.130]
    ^-- H/N/C [hosts=1, nodes=5, CPUs=4]
    ^-- CPU [cur=15.07%, avg=15.12%, GC=0%]
    ^-- PageMemory [pages=1038]
    ^-- Heap [used=538MB, free=73.41%, comm=2024MB]
    ^-- Non heap [used=59MB, free=-1%, comm=61MB]
    ^-- Outbound messages queue [size=0]
    ^-- Public thread pool [active=8, idle=0, qSize=7]
    ^-- System thread pool [active=0, idle=6, qSize=0]
[2018-06-12 18:57:00,367][INFO ][grid-timeout-worker-#23][IgniteKernal] 
Metrics for local node (to disable set 'metricsLogFrequency' to 0)
    ^-- Node [id=3471ddf5, uptime=00:01:25.138]
    ^-- H/N/C [hosts=1, nodes=5, CPUs=4]
    ^-- CPU [cur=12.17%, avg=14.97%, GC=0.23%]
    ^-- PageMemory [pages=1038]
    ^-- Heap [used=275MB, free=86.42%, comm=2026MB]
    ^-- Non heap [used=58MB, free=-1%, comm=61MB]
    ^-- Outbound messages queue [size=2]
    ^-- Public thread pool [active=8, idle=0, qSize=11]
    ^-- System thread pool [active=0, idle=6, qSize=0]
[2018-06-12 18:57:05,375][INFO ][grid-timeout-worker-#23][IgniteKernal] 
Metrics for local node (to disable set 'metricsLogFrequency' to 0)
    ^-- Node [id=3471ddf5, uptime=00:01:30.147]
    ^-- H/N/C [hosts=1, nodes=5, CPUs=4]
    ^-- CPU [cur=13.5%, avg=14.89%, GC=0%]
    ^-- PageMemory [pages=1038]
    ^-- Heap [used=667MB, free=67.05%, comm=2026MB]
    ^-- Non heap [used=58MB, free=-1%, comm=61MB]
    ^-- Outbound messages queue [size=0]
    ^-- Public thread pool [active=8, idle=0, qSize=10]
    ^-- System thread pool [active=0, idle=6, qSize=0]
[2018-06-12 18:57:10,383][INFO ][grid-timeout-worker-#23][IgniteKernal] 
Metrics for local node (to disable set 'metricsLogFrequency' to 0)
    ^-- Node [id=3471ddf5, uptime=00:01:35.155]
    ^-- H/N/C [hosts=1, nodes=5, CPUs=4]
    ^-- CPU [cur=16.67%, avg=14.9%, GC=0%]
    ^-- PageMemory [pages=1038]
    ^-- Heap [used=514MB, free=74.61%, comm=2026MB]
    ^-- Non heap [used=58MB, free=-1%, comm=61MB]
    ^-- Outbound messages queue [size=0]
    ^-- Public thread pool [active=8, idle=0, qSize=9]
    ^-- System thread pool [active=0, idle=6, qSize=0]
[2018-06-12 18:57:15,390][INFO ][grid-timeout-worker-#23][IgniteKernal] 
Metrics for local node (to disable set 'metricsLogFrequency' to 0)
    ^-- Node [id=3471ddf5, uptime=00:01:40.158]
    ^-- H/N/C [hosts=1, nodes=5, CPUs=4]
    ^-- CPU [cur=17.23%, avg=14.99%, GC=0.1%]
    ^-- PageMemory [pages=1038]
    ^-- Heap [used=351MB, free=82.68%, comm=2028MB]
    ^-- Non heap [used=59MB, free=-1%, comm=61MB]
    ^-- Outbound messages queue [size=4]
    ^-- Public thread pool [active=8, idle=0, qSize=5]
    ^-- System thread pool [active=0, idle=6, qSize=0]
[2018-06-12 18:57:20,394][INFO ][grid-timeout-worker-#23][IgniteKernal] 
Metrics for local node (to disable set 'metricsLogFrequency' to 0)
    ^-- Node [id=3471ddf5, uptime=00:01:45.166]
    ^-- H/N/C [hosts=1, nodes=5, CPUs=4]
    ^-- CPU [cur=15.4%, avg=14.98%, GC=0.1%]
    ^-- PageMemory [pages=1038]
    ^-- Heap [used=212MB, free=89.51%, comm=2027MB]
    ^-- Non heap [used=59MB, free=-1%, comm=61MB]
    ^-- Outbound messages queue [size=4]
    ^-- Public thread pool [active=6, idle=2, qSize=0]
    ^-- System thread pool [active=0, idle=6, qSize=0]
[2018-06-12 18:57:20,899][INFO ][disco-event-worker-#41][GridDiscoveryManager] Node left topology: TcpDiscoveryNode [id=d2c48519-beb1-4d74-81c7-0b0e011aa16e, addrs=[127.0.0.1, 172.17.0.1, 192.168.0.101], sockAddrs=[/172.17.0.1:47504, /127.0.0.1:47504, /192.168.0.101:47504], discPort=47504, order=1, intOrder=1, lastExchangeTime=1528818929768, loc=false, ver=2.5.0#20180518-sha1:fe6e70e3, isClient=false]
[2018-06-12 18:57:20,905][INFO ][disco-event-worker-#41][GridDiscoveryManager] Topology snapshot [ver=6, servers=4, clients=0, CPUs=4, offheap=9.3GB, heap=8.0GB]
[2018-06-12 18:57:20,905][INFO ][disco-event-worker-#41][GridDiscoveryManager]   ^-- Node [id=3471DDF5-7AC4-421D-892D-2A623A0A2CE6, clusterState=ACTIVE]
[2018-06-12 18:57:20,906][INFO ][disco-event-worker-#41][GridDiscoveryManager] Data Regions Configured:
[2018-06-12 18:57:20,922][INFO ][disco-event-worker-#41][GridDiscoveryManager]   ^-- default [initSize=256.0 MiB, maxSize=2.3 GiB, persistenceEnabled=false]
[2018-06-12 18:57:21,013][INFO ][exchange-worker-#42][time] Started exchange init [topVer=AffinityTopologyVersion [topVer=6, minorTopVer=0], crd=false, evt=NODE_LEFT, evtNode=d2c48519-beb1-4d74-81c7-0b0e011aa16e, customEvt=null, allowMerge=true]
[2018-06-12 18:57:21,030][INFO ][exchange-worker-#42][GridDhtPartitionsExchangeFuture] Finished waiting for partition release future [topVer=AffinityTopologyVersion [topVer=6, minorTopVer=0], waitTime=0ms, futInfo=NA]
[2018-06-12 18:57:21,088][INFO ][exchange-worker-#42][GridDhtPartitionsExchangeFuture] Finished waiting for partitions release latch: ClientLatch [coordinator=TcpDiscoveryNode [id=1fdb0598-3c73-42a9-bf68-d64a393762a6, addrs=[127.0.0.1, 172.17.0.1, 192.168.0.101], sockAddrs=[/127.0.0.1:47501, /192.168.0.101:47501, /172.17.0.1:47501], discPort=47501, order=2, intOrder=2, lastExchangeTime=1528818929768, loc=false, ver=2.5.0#20180518-sha1:fe6e70e3, isClient=false], ackSent=true, super=CompletableLatch [id=exchange, topVer=AffinityTopologyVersion [topVer=6, minorTopVer=0]]]
[2018-06-12 18:57:21,089][INFO ][exchange-worker-#42][GridDhtPartitionsExchangeFuture] Finished waiting for partition release future [topVer=AffinityTopologyVersion [topVer=6, minorTopVer=0], waitTime=0ms, futInfo=NA]
[2018-06-12 18:57:21,102][INFO ][exchange-worker-#42][time] Finished exchange init [topVer=AffinityTopologyVersion [topVer=6, minorTopVer=0], crd=false]
[2018-06-12 18:57:21,260][INFO ][sys-#47][GridDhtPartitionsExchangeFuture] Received full message, will finish exchange [node=1fdb0598-3c73-42a9-bf68-d64a393762a6, resVer=AffinityTopologyVersion [topVer=6, minorTopVer=0]]
[2018-06-12 18:57:21,391][INFO ][sys-#47][GridDhtPartitionsExchangeFuture] Finish exchange future [startVer=AffinityTopologyVersion [topVer=6, minorTopVer=0], resVer=AffinityTopologyVersion [topVer=6, minorTopVer=0], err=null]
[2018-06-12 18:57:21,395][INFO ][grid-nio-worker-tcp-comm-2-#27][TcpCommunicationSpi] Accepted incoming communication connection [locAddr=/127.0.0.1:47103, rmtAddr=/127.0.0.1:43302]
[2018-06-12 18:57:21,434][INFO ][exchange-worker-#42][GridCachePartitionExchangeManager] Rebalancing scheduled [order=[PersonsCache]]
[2018-06-12 18:57:21,434][INFO ][exchange-worker-#42][GridCachePartitionExchangeManager] Rebalancing started [top=AffinityTopologyVersion [topVer=6, minorTopVer=0], evt=NODE_LEFT, node=d2c48519-beb1-4d74-81c7-0b0e011aa16e]
[2018-06-12 18:57:21,435][INFO ][exchange-worker-#42][GridDhtPartitionDemander] Starting rebalancing [grp=PersonsCache, mode=ASYNC, fromNode=05c7176e-32f4-4496-8fbf-44091632440a, partitionsCount=31, topology=AffinityTopologyVersion [topVer=6, minorTopVer=0], rebalanceId=23]
[2018-06-12 18:57:21,437][INFO ][exchange-worker-#42][GridDhtPartitionDemander] Starting rebalancing [grp=PersonsCache, mode=ASYNC, fromNode=1fdb0598-3c73-42a9-bf68-d64a393762a6, partitionsCount=36, topology=AffinityTopologyVersion [topVer=6, minorTopVer=0], rebalanceId=23]
[2018-06-12 18:57:21,443][INFO ][grid-nio-worker-tcp-comm-3-#28][TcpCommunicationSpi] Accepted incoming communication connection [locAddr=/127.0.0.1:47103, rmtAddr=/127.0.0.1:43304]
[2018-06-12 18:57:21,444][INFO ][exchange-worker-#42][GridDhtPartitionDemander] Starting rebalancing [grp=PersonsCache, mode=ASYNC, fromNode=77c6e1c3-ccc1-4e67-9f65-b532e8370798, partitionsCount=32, topology=AffinityTopologyVersion [topVer=6, minorTopVer=0], rebalanceId=23]
[2018-06-12 18:57:21,447][INFO ][sys-#60][GridDhtPartitionDemander] Completed rebalancing [fromNode=1fdb0598-3c73-42a9-bf68-d64a393762a6, cacheOrGroup=PersonsCache, topology=AffinityTopologyVersion [topVer=6, minorTopVer=0], time=14 ms]
[2018-06-12 18:57:21,466][INFO ][sys-#45][GridDhtPartitionDemander] Completed rebalancing [fromNode=05c7176e-32f4-4496-8fbf-44091632440a, cacheOrGroup=PersonsCache, topology=AffinityTopologyVersion [topVer=6, minorTopVer=0], time=36 ms]
[2018-06-12 18:57:21,653][INFO ][sys-#58][GridDhtPartitionDemander] Completed (final) rebalancing [fromNode=77c6e1c3-ccc1-4e67-9f65-b532e8370798, cacheOrGroup=PersonsCache, topology=AffinityTopologyVersion [topVer=6, minorTopVer=0], time=218 ms]
[2018-06-12 18:57:21,653][INFO ][sys-#58][GridDhtPartitionDemander] Completed rebalance future: RebalanceFuture [grp=CacheGroupContext [grp=PersonsCache], topVer=AffinityTopologyVersion [topVer=6, minorTopVer=0], rebalanceId=23]
[2018-06-12 18:57:25,402][INFO ][grid-timeout-worker-#23][IgniteKernal] 
Metrics for local node (to disable set 'metricsLogFrequency' to 0)
    ^-- Node [id=3471ddf5, uptime=00:01:50.168]
    ^-- H/N/C [hosts=1, nodes=4, CPUs=4]
    ^-- CPU [cur=3.17%, avg=14.97%, GC=0%]
    ^-- PageMemory [pages=1236]
    ^-- Heap [used=233MB, free=88.5%, comm=2027MB]
    ^-- Non heap [used=59MB, free=-1%, comm=61MB]
    ^-- Outbound messages queue [size=0]
    ^-- Public thread pool [active=0, idle=8, qSize=0]
    ^-- System thread pool [active=0, idle=8, qSize=0]
[2018-06-12 18:57:26,847][INFO ][disco-event-worker-#41][GridDiscoveryManager] Added new node to topology: TcpDiscoveryNode [id=64cb3117-1be9-4b6f-b3a4-4fc794d5080f, addrs=[127.0.0.1, 172.17.0.1, 192.168.0.101], sockAddrs=[/172.17.0.1:47504, /192.168.0.101:47504, /127.0.0.1:47504], discPort=47504, order=7, intOrder=6, lastExchangeTime=1528819046518, loc=false, ver=2.5.0#20180518-sha1:fe6e70e3, isClient=false]
[2018-06-12 18:57:26,848][INFO ][disco-event-worker-#41][GridDiscoveryManager] Topology snapshot [ver=7, servers=5, clients=0, CPUs=4, offheap=12.0GB, heap=10.0GB]
[2018-06-12 18:57:26,848][INFO ][disco-event-worker-#41][GridDiscoveryManager]   ^-- Node [id=3471DDF5-7AC4-421D-892D-2A623A0A2CE6, clusterState=ACTIVE]
[2018-06-12 18:57:26,848][INFO ][disco-event-worker-#41][GridDiscoveryManager] Data Regions Configured:
[2018-06-12 18:57:26,848][INFO ][disco-event-worker-#41][GridDiscoveryManager]   ^-- default [initSize=256.0 MiB, maxSize=2.3 GiB, persistenceEnabled=false]
[2018-06-12 18:57:26,849][INFO ][exchange-worker-#42][time] Started exchange init [topVer=AffinityTopologyVersion [topVer=7, minorTopVer=0], crd=false, evt=NODE_JOINED, evtNode=64cb3117-1be9-4b6f-b3a4-4fc794d5080f, customEvt=null, allowMerge=true]
[2018-06-12 18:57:26,856][INFO ][exchange-worker-#42][GridDhtPartitionsExchangeFuture] Finished waiting for partition release future [topVer=AffinityTopologyVersion [topVer=7, minorTopVer=0], waitTime=0ms, futInfo=NA]
[2018-06-12 18:57:27,720][INFO ][exchange-worker-#42][GridDhtPartitionsExchangeFuture] Finished waiting for partitions release latch: ClientLatch [coordinator=TcpDiscoveryNode [id=1fdb0598-3c73-42a9-bf68-d64a393762a6, addrs=[127.0.0.1, 172.17.0.1, 192.168.0.101], sockAddrs=[/127.0.0.1:47501, /192.168.0.101:47501, /172.17.0.1:47501], discPort=47501, order=2, intOrder=2, lastExchangeTime=1528818929768, loc=false, ver=2.5.0#20180518-sha1:fe6e70e3, isClient=false], ackSent=true, super=CompletableLatch [id=exchange, topVer=AffinityTopologyVersion [topVer=7, minorTopVer=0]]]
[2018-06-12 18:57:27,720][INFO ][exchange-worker-#42][GridDhtPartitionsExchangeFuture] Finished waiting for partition release future [topVer=AffinityTopologyVersion [topVer=7, minorTopVer=0], waitTime=0ms, futInfo=NA]
[2018-06-12 18:57:27,724][INFO ][exchange-worker-#42][time] Finished exchange init [topVer=AffinityTopologyVersion [topVer=7, minorTopVer=0], crd=false]
[2018-06-12 18:57:27,823][INFO ][sys-#56][GridDhtPartitionsExchangeFuture] Received full message, will finish exchange [node=1fdb0598-3c73-42a9-bf68-d64a393762a6, resVer=AffinityTopologyVersion [topVer=7, minorTopVer=0]]
[2018-06-12 18:57:27,862][INFO ][sys-#56][GridDhtPartitionsExchangeFuture] Finish exchange future [startVer=AffinityTopologyVersion [topVer=7, minorTopVer=0], resVer=AffinityTopologyVersion [topVer=7, minorTopVer=0], err=null]
[2018-06-12 18:57:27,884][INFO ][exchange-worker-#42][GridCachePartitionExchangeManager] Skipping rebalancing (nothing scheduled) [top=AffinityTopologyVersion [topVer=7, minorTopVer=0], evt=NODE_JOINED, node=64cb3117-1be9-4b6f-b3a4-4fc794d5080f]
[2018-06-12 18:57:28,429][INFO ][grid-nio-worker-tcp-comm-0-#25][TcpCommunicationSpi] Accepted incoming communication connection [locAddr=/127.0.0.1:47103, rmtAddr=/127.0.0.1:43324]
[2018-06-12 18:57:30,122][INFO ][exchange-worker-#42][time] Started exchange init [topVer=AffinityTopologyVersion [topVer=7, minorTopVer=1], crd=false, evt=DISCOVERY_CUSTOM_EVT, evtNode=1fdb0598-3c73-42a9-bf68-d64a393762a6, customEvt=CacheAffinityChangeMessage [id=cb9b1c4f361-94ee18ca-04f9-4078-96e7-b91064d2e003, topVer=AffinityTopologyVersion [topVer=7, minorTopVer=0], exchId=null, partsMsg=null, exchangeNeeded=true], allowMerge=false]
[2018-06-12 18:57:30,128][INFO ][exchange-worker-#42][GridDhtPartitionsExchangeFuture] Finished waiting for partition release future [topVer=AffinityTopologyVersion [topVer=7, minorTopVer=1], waitTime=0ms, futInfo=NA]
[2018-06-12 18:57:30,399][INFO ][grid-timeout-worker-#23][IgniteKernal] 
Metrics for local node (to disable set 'metricsLogFrequency' to 0)
    ^-- Node [id=3471ddf5, uptime=00:01:55.170]
    ^-- H/N/C [hosts=1, nodes=5, CPUs=4]
    ^-- CPU [cur=12.83%, avg=14.74%, GC=0%]
    ^-- PageMemory [pages=1236]
    ^-- Heap [used=242MB, free=88.06%, comm=2027MB]
    ^-- Non heap [used=59MB, free=-1%, comm=61MB]
    ^-- Outbound messages queue [size=0]
    ^-- Public thread pool [active=0, idle=8, qSize=0]
    ^-- System thread pool [active=0, idle=8, qSize=0]
[2018-06-12 18:57:30,553][INFO ][exchange-worker-#42][GridDhtPartitionsExchangeFuture] Finished waiting for partitions release latch: ClientLatch [coordinator=TcpDiscoveryNode [id=1fdb0598-3c73-42a9-bf68-d64a393762a6, addrs=[127.0.0.1, 172.17.0.1, 192.168.0.101], sockAddrs=[/127.0.0.1:47501, /192.168.0.101:47501, /172.17.0.1:47501], discPort=47501, order=2, intOrder=2, lastExchangeTime=1528818929768, loc=false, ver=2.5.0#20180518-sha1:fe6e70e3, isClient=false], ackSent=true, super=CompletableLatch [id=exchange, topVer=AffinityTopologyVersion [topVer=7, minorTopVer=1]]]
[2018-06-12 18:57:30,553][INFO ][exchange-worker-#42][GridDhtPartitionsExchangeFuture] Finished waiting for partition release future [topVer=AffinityTopologyVersion [topVer=7, minorTopVer=1], waitTime=0ms, futInfo=NA]
[2018-06-12 18:57:30,570][INFO ][exchange-worker-#42][time] Finished exchange init [topVer=AffinityTopologyVersion [topVer=7, minorTopVer=1], crd=false]
[2018-06-12 18:57:30,759][INFO ][sys-#45][GridDhtPartitionsExchangeFuture] Received full message, will finish exchange [node=1fdb0598-3c73-42a9-bf68-d64a393762a6, resVer=AffinityTopologyVersion [topVer=7, minorTopVer=1]]
[2018-06-12 18:57:30,762][INFO ][sys-#45][GridDhtPartitionsExchangeFuture] Finish exchange future [startVer=AffinityTopologyVersion [topVer=7, minorTopVer=1], resVer=AffinityTopologyVersion [topVer=7, minorTopVer=1], err=null]
[2018-06-12 18:57:31,061][INFO ][exchange-worker-#42][GridCachePartitionExchangeManager] Skipping rebalancing (nothing scheduled) [top=AffinityTopologyVersion [topVer=7, minorTopVer=1], evt=DISCOVERY_CUSTOM_EVT, node=1fdb0598-3c73-42a9-bf68-d64a393762a6]
[2018-06-12 18:57:35,405][INFO ][grid-timeout-worker-#23][IgniteKernal] 
Metrics for local node (to disable set 'metricsLogFrequency' to 0)
    ^-- Node [id=3471ddf5, uptime=00:02:00.170]
    ^-- H/N/C [hosts=1, nodes=5, CPUs=4]
    ^-- CPU [cur=12.93%, avg=14.67%, GC=0%]
    ^-- PageMemory [pages=1236]
    ^-- Heap [used=264MB, free=86.98%, comm=2027MB]
    ^-- Non heap [used=60MB, free=-1%, comm=61MB]
    ^-- Outbound messages queue [size=0]
    ^-- Public thread pool [active=0, idle=8, qSize=0]
    ^-- System thread pool [active=0, idle=8, qSize=0]
[2018-06-12 18:57:40,407][INFO ][grid-timeout-worker-#23][IgniteKernal] 
Metrics for local node (to disable set 'metricsLogFrequency' to 0)
    ^-- Node [id=3471ddf5, uptime=00:02:05.179]
    ^-- H/N/C [hosts=1, nodes=5, CPUs=4]
    ^-- CPU [cur=0.17%, avg=14.4%, GC=0%]
    ^-- PageMemory [pages=1236]
    ^-- Heap [used=264MB, free=86.96%, comm=2027MB]
    ^-- Non heap [used=60MB, free=-1%, comm=61MB]
    ^-- Outbound messages queue [size=0]
    ^-- Public thread pool [active=0, idle=8, qSize=0]
    ^-- System thread pool [active=0, idle=8, qSize=0]
[2018-06-12 18:57:45,414][INFO ][grid-timeout-worker-#23][IgniteKernal] 
Metrics for local node (to disable set 'metricsLogFrequency' to 0)
    ^-- Node [id=3471ddf5, uptime=00:02:10.186]
    ^-- H/N/C [hosts=1, nodes=5, CPUs=4]
    ^-- CPU [cur=0.67%, avg=13.9%, GC=0%]
    ^-- PageMemory [pages=1236]
    ^-- Heap [used=264MB, free=86.93%, comm=2027MB]
    ^-- Non heap [used=60MB, free=-1%, comm=61MB]
    ^-- Outbound messages queue [size=0]
    ^-- Public thread pool [active=0, idle=8, qSize=0]
    ^-- System thread pool [active=0, idle=8, qSize=0]
[2018-06-12 18:57:50,425][INFO ][grid-timeout-worker-#23][IgniteKernal] 
Metrics for local node (to disable set 'metricsLogFrequency' to 0)
    ^-- Node [id=3471ddf5, uptime=00:02:15.188]
    ^-- H/N/C [hosts=1, nodes=5, CPUs=4]
    ^-- CPU [cur=0.43%, avg=13.67%, GC=0%]
    ^-- PageMemory [pages=1236]
    ^-- Heap [used=265MB, free=86.91%, comm=2027MB]
    ^-- Non heap [used=60MB, free=-1%, comm=61MB]
    ^-- Outbound messages queue [size=0]
    ^-- Public thread pool [active=0, idle=8, qSize=0]
    ^-- System thread pool [active=0, idle=8, qSize=0]
[2018-06-12 18:57:55,420][INFO ][grid-timeout-worker-#23][IgniteKernal] 
Metrics for local node (to disable set 'metricsLogFrequency' to 0)
    ^-- Node [id=3471ddf5, uptime=00:02:20.188]
    ^-- H/N/C [hosts=1, nodes=5, CPUs=4]
    ^-- CPU [cur=0.33%, avg=13.24%, GC=0%]
    ^-- PageMemory [pages=1236]
    ^-- Heap [used=265MB, free=86.88%, comm=2027MB]
    ^-- Non heap [used=60MB, free=-1%, comm=61MB]
    ^-- Outbound messages queue [size=0]
    ^-- Public thread pool [active=0, idle=8, qSize=0]
    ^-- System thread pool [active=0, idle=8, qSize=0]
[2018-06-12 18:58:00,425][INFO ][grid-timeout-worker-#23][IgniteKernal] 
Metrics for local node (to disable set 'metricsLogFrequency' to 0)
    ^-- Node [id=3471ddf5, uptime=00:02:25.193]
    ^-- H/N/C [hosts=1, nodes=5, CPUs=4]
    ^-- CPU [cur=0.6%, avg=12.83%, GC=0%]
    ^-- PageMemory [pages=1236]
    ^-- Heap [used=266MB, free=86.86%, comm=2027MB]
    ^-- Non heap [used=60MB, free=-1%, comm=61MB]
    ^-- Outbound messages queue [size=0]
    ^-- Public thread pool [active=0, idle=8, qSize=0]
    ^-- System thread pool [active=0, idle=8, qSize=0]
[2018-06-12 18:58:05,422][INFO ][grid-timeout-worker-#23][IgniteKernal] 
Metrics for local node (to disable set 'metricsLogFrequency' to 0)
    ^-- Node [id=3471ddf5, uptime=00:02:30.195]
    ^-- H/N/C [hosts=1, nodes=5, CPUs=4]
    ^-- CPU [cur=0.5%, avg=12.46%, GC=0%]
    ^-- PageMemory [pages=1236]
    ^-- Heap [used=266MB, free=86.84%, comm=2027MB]
    ^-- Non heap [used=60MB, free=-1%, comm=61MB]
    ^-- Outbound messages queue [size=0]
    ^-- Public thread pool [active=0, idle=8, qSize=0]
    ^-- System thread pool [active=0, idle=8, qSize=0]
[2018-06-12 18:58:10,433][INFO ][grid-timeout-worker-#23][IgniteKernal] 
Metrics for local node (to disable set 'metricsLogFrequency' to 0)
    ^-- Node [id=3471ddf5, uptime=00:02:35.204]
    ^-- H/N/C [hosts=1, nodes=5, CPUs=4]
    ^-- CPU [cur=0.27%, avg=12.1%, GC=0%]
    ^-- PageMemory [pages=1236]
    ^-- Heap [used=267MB, free=86.82%, comm=2027MB]
    ^-- Non heap [used=60MB, free=-1%, comm=61MB]
    ^-- Outbound messages queue [size=0]
    ^-- Public thread pool [active=0, idle=8, qSize=0]
    ^-- System thread pool [active=0, idle=8, qSize=0]
[2018-06-12 18:58:15,436][INFO ][grid-timeout-worker-#23][IgniteKernal] 
Metrics for local node (to disable set 'metricsLogFrequency' to 0)
    ^-- Node [id=3471ddf5, uptime=00:02:40.205]
    ^-- H/N/C [hosts=1, nodes=5, CPUs=4]
    ^-- CPU [cur=0.5%, avg=11.76%, GC=0%]
    ^-- PageMemory [pages=1236]
    ^-- Heap [used=267MB, free=86.79%, comm=2027MB]
    ^-- Non heap [used=60MB, free=-1%, comm=61MB]
    ^-- Outbound messages queue [size=0]
    ^-- Public thread pool [active=0, idle=8, qSize=0]
    ^-- System thread pool [active=0, idle=8, qSize=0]
[2018-06-12 18:58:20,442][INFO ][grid-timeout-worker-#23][IgniteKernal] 
Metrics for local node (to disable set 'metricsLogFrequency' to 0)
    ^-- Node [id=3471ddf5, uptime=00:02:45.211]
    ^-- H/N/C [hosts=1, nodes=5, CPUs=4]
    ^-- CPU [cur=0.33%, avg=11.44%, GC=0%]
    ^-- PageMemory [pages=1236]
    ^-- Heap [used=268MB, free=86.77%, comm=2027MB]
    ^-- Non heap [used=60MB, free=-1%, comm=61MB]
    ^-- Outbound messages queue [size=0]
    ^-- Public thread pool [active=0, idle=5, qSize=0]
    ^-- System thread pool [active=0, idle=8, qSize=0]
[2018-06-12 18:58:25,448][INFO ][grid-timeout-worker-#23][IgniteKernal] 
Metrics for local node (to disable set 'metricsLogFrequency' to 0)
    ^-- Node [id=3471ddf5, uptime=00:02:50.220]
    ^-- H/N/C [hosts=1, nodes=5, CPUs=4]
    ^-- CPU [cur=0.83%, avg=11.28%, GC=0%]
    ^-- PageMemory [pages=1236]
    ^-- Heap [used=268MB, free=86.74%, comm=2027MB]
    ^-- Non heap [used=60MB, free=-1%, comm=61MB]
    ^-- Outbound messages queue [size=0]
    ^-- Public thread pool [active=0, idle=0, qSize=0]
    ^-- System thread pool [active=0, idle=8, qSize=0]
[2018-06-12 18:58:30,455][INFO ][grid-timeout-worker-#23][IgniteKernal] 
Metrics for local node (to disable set 'metricsLogFrequency' to 0)
    ^-- Node [id=3471ddf5, uptime=00:02:55.226]
    ^-- H/N/C [hosts=1, nodes=5, CPUs=4]
    ^-- CPU [cur=0.5%, avg=11%, GC=0%]
    ^-- PageMemory [pages=1236]
    ^-- Heap [used=269MB, free=86.72%, comm=2027MB]
    ^-- Non heap [used=60MB, free=-1%, comm=61MB]
    ^-- Outbound messages queue [size=0]
    ^-- Public thread pool [active=0, idle=0, qSize=0]
    ^-- System thread pool [active=0, idle=8, qSize=0]
[2018-06-12 18:58:35,464][INFO ][grid-timeout-worker-#23][IgniteKernal] 
Metrics for local node (to disable set 'metricsLogFrequency' to 0)
    ^-- Node [id=3471ddf5, uptime=00:03:00.226]
    ^-- H/N/C [hosts=1, nodes=5, CPUs=4]
    ^-- CPU [cur=0.33%, avg=10.72%, GC=0%]
    ^-- PageMemory [pages=1236]
    ^-- Heap [used=270MB, free=86.68%, comm=2027MB]
    ^-- Non heap [used=60MB, free=-1%, comm=61MB]
    ^-- Outbound messages queue [size=0]
    ^-- Public thread pool [active=0, idle=0, qSize=0]
    ^-- System thread pool [active=0, idle=6, qSize=0]
[2018-06-12 18:58:40,455][INFO ][grid-timeout-worker-#23][IgniteKernal] 
Metrics for local node (to disable set 'metricsLogFrequency' to 0)
    ^-- Node [id=3471ddf5, uptime=00:03:05.226]
    ^-- H/N/C [hosts=1, nodes=5, CPUs=4]
    ^-- CPU [cur=0.27%, avg=10.58%, GC=0%]
    ^-- PageMemory [pages=1236]
    ^-- Heap [used=270MB, free=86.65%, comm=2027MB]
    ^-- Non heap [used=60MB, free=-1%, comm=61MB]
    ^-- Outbound messages queue [size=0]
    ^-- Public thread pool [active=0, idle=0, qSize=0]
    ^-- System thread pool [active=0, idle=6, qSize=0]
[2018-06-12 18:58:45,461][INFO ][grid-timeout-worker-#23][IgniteKernal] 
Metrics for local node (to disable set 'metricsLogFrequency' to 0)
    ^-- Node [id=3471ddf5, uptime=00:03:10.230]
    ^-- H/N/C [hosts=1, nodes=5, CPUs=4]
    ^-- CPU [cur=0.4%, avg=10.32%, GC=0%]
    ^-- PageMemory [pages=1236]
    ^-- Heap [used=271MB, free=86.61%, comm=2027MB]
    ^-- Non heap [used=60MB, free=-1%, comm=61MB]
    ^-- Outbound messages queue [size=0]
    ^-- Public thread pool [active=0, idle=0, qSize=0]
    ^-- System thread pool [active=0, idle=6, qSize=0]
[2018-06-12 18:58:50,461][INFO ][grid-timeout-worker-#23][IgniteKernal] 
Metrics for local node (to disable set 'metricsLogFrequency' to 0)
    ^-- Node [id=3471ddf5, uptime=00:03:15.232]
    ^-- H/N/C [hosts=1, nodes=5, CPUs=4]
    ^-- CPU [cur=0.33%, avg=10.08%, GC=0%]
    ^-- PageMemory [pages=1236]
    ^-- Heap [used=271MB, free=86.59%, comm=2027MB]
    ^-- Non heap [used=60MB, free=-1%, comm=61MB]
    ^-- Outbound messages queue [size=0]
    ^-- Public thread pool [active=0, idle=0, qSize=0]
    ^-- System thread pool [active=0, idle=6, qSize=0]
[2018-06-12 18:58:55,469][INFO ][grid-timeout-worker-#23][IgniteKernal] 
Metrics for local node (to disable set 'metricsLogFrequency' to 0)
    ^-- Node [id=3471ddf5, uptime=00:03:20.241]
    ^-- H/N/C [hosts=1, nodes=5, CPUs=4]
    ^-- CPU [cur=0.23%, avg=9.84%, GC=0%]
    ^-- PageMemory [pages=1236]
    ^-- Heap [used=272MB, free=86.55%, comm=2027MB]
    ^-- Non heap [used=60MB, free=-1%, comm=61MB]
    ^-- Outbound messages queue [size=0]
    ^-- Public thread pool [active=0, idle=0, qSize=0]
    ^-- System thread pool [active=0, idle=6, qSize=0]
[2018-06-12 18:59:00,471][INFO ][grid-timeout-worker-#23][IgniteKernal] 
Metrics for local node (to disable set 'metricsLogFrequency' to 0)
    ^-- Node [id=3471ddf5, uptime=00:03:25.243]
    ^-- H/N/C [hosts=1, nodes=5, CPUs=4]
    ^-- CPU [cur=0.27%, avg=9.62%, GC=0%]
    ^-- PageMemory [pages=1236]
    ^-- Heap [used=273MB, free=86.53%, comm=2027MB]
    ^-- Non heap [used=60MB, free=-1%, comm=61MB]
    ^-- Outbound messages queue [size=0]
    ^-- Public thread pool [active=0, idle=0, qSize=0]
    ^-- System thread pool [active=0, idle=6, qSize=0]
[2018-06-12 18:59:05,477][INFO ][grid-timeout-worker-#23][IgniteKernal] 
Metrics for local node (to disable set 'metricsLogFrequency' to 0)
    ^-- Node [id=3471ddf5, uptime=00:03:30.247]
    ^-- H/N/C [hosts=1, nodes=5, CPUs=4]
    ^-- CPU [cur=0.17%, avg=9.4%, GC=0%]
    ^-- PageMemory [pages=1236]
    ^-- Heap [used=274MB, free=86.48%, comm=2027MB]
    ^-- Non heap [used=60MB, free=-1%, comm=61MB]
    ^-- Outbound messages queue [size=0]
    ^-- Public thread pool [active=0, idle=0, qSize=0]
    ^-- System thread pool [active=0, idle=6, qSize=0]
[2018-06-12 18:59:10,484][INFO ][grid-timeout-worker-#23][IgniteKernal] 
Metrics for local node (to disable set 'metricsLogFrequency' to 0)
    ^-- Node [id=3471ddf5, uptime=00:03:35.257]
    ^-- H/N/C [hosts=1, nodes=5, CPUs=4]
    ^-- CPU [cur=0.6%, avg=9.3%, GC=0%]
    ^-- PageMemory [pages=1236]
    ^-- Heap [used=274MB, free=86.46%, comm=2027MB]
    ^-- Non heap [used=60MB, free=-1%, comm=62MB]
    ^-- Outbound messages queue [size=0]
    ^-- Public thread pool [active=0, idle=0, qSize=0]
    ^-- System thread pool [active=0, idle=6, qSize=0]
[2018-06-12 18:59:10,665][INFO ][disco-event-worker-#41][GridDiscoveryManager] Node left topology: TcpDiscoveryNode [id=64cb3117-1be9-4b6f-b3a4-4fc794d5080f, addrs=[127.0.0.1, 172.17.0.1, 192.168.0.101], sockAddrs=[/172.17.0.1:47504, /192.168.0.101:47504, /127.0.0.1:47504], discPort=47504, order=7, intOrder=6, lastExchangeTime=1528819046518, loc=false, ver=2.5.0#20180518-sha1:fe6e70e3, isClient=false]
[2018-06-12 18:59:10,666][INFO ][disco-event-worker-#41][GridDiscoveryManager] Topology snapshot [ver=8, servers=4, clients=0, CPUs=4, offheap=9.3GB, heap=8.0GB]
[2018-06-12 18:59:10,666][INFO ][disco-event-worker-#41][GridDiscoveryManager]   ^-- Node [id=3471DDF5-7AC4-421D-892D-2A623A0A2CE6, clusterState=ACTIVE]
[2018-06-12 18:59:10,667][INFO ][disco-event-worker-#41][GridDiscoveryManager] Data Regions Configured:
[2018-06-12 18:59:10,668][INFO ][disco-event-worker-#41][GridDiscoveryManager]   ^-- default [initSize=256.0 MiB, maxSize=2.3 GiB, persistenceEnabled=false]
[2018-06-12 18:59:10,673][INFO ][exchange-worker-#42][time] Started exchange init [topVer=AffinityTopologyVersion [topVer=8, minorTopVer=0], crd=false, evt=NODE_LEFT, evtNode=64cb3117-1be9-4b6f-b3a4-4fc794d5080f, customEvt=null, allowMerge=true]
[2018-06-12 18:59:10,674][INFO ][exchange-worker-#42][GridDhtPartitionsExchangeFuture] Finished waiting for partition release future [topVer=AffinityTopologyVersion [topVer=8, minorTopVer=0], waitTime=0ms, futInfo=NA]
[2018-06-12 18:59:10,695][INFO ][exchange-worker-#42][GridDhtPartitionsExchangeFuture] Finished waiting for partitions release latch: ClientLatch [coordinator=TcpDiscoveryNode [id=1fdb0598-3c73-42a9-bf68-d64a393762a6, addrs=[127.0.0.1, 172.17.0.1, 192.168.0.101], sockAddrs=[/127.0.0.1:47501, /192.168.0.101:47501, /172.17.0.1:47501], discPort=47501, order=2, intOrder=2, lastExchangeTime=1528818929768, loc=false, ver=2.5.0#20180518-sha1:fe6e70e3, isClient=false], ackSent=true, super=CompletableLatch [id=exchange, topVer=AffinityTopologyVersion [topVer=8, minorTopVer=0]]]
[2018-06-12 18:59:10,696][INFO ][exchange-worker-#42][GridDhtPartitionsExchangeFuture] Finished waiting for partition release future [topVer=AffinityTopologyVersion [topVer=8, minorTopVer=0], waitTime=0ms, futInfo=NA]
[2018-06-12 18:59:10,707][INFO ][exchange-worker-#42][time] Finished exchange init [topVer=AffinityTopologyVersion [topVer=8, minorTopVer=0], crd=false]
[2018-06-12 18:59:10,809][INFO ][sys-#44][GridDhtPartitionsExchangeFuture] Received full message, will finish exchange [node=1fdb0598-3c73-42a9-bf68-d64a393762a6, resVer=AffinityTopologyVersion [topVer=8, minorTopVer=0]]
[2018-06-12 18:59:10,904][INFO ][sys-#44][GridDhtPartitionsExchangeFuture] Finish exchange future [startVer=AffinityTopologyVersion [topVer=8, minorTopVer=0], resVer=AffinityTopologyVersion [topVer=8, minorTopVer=0], err=null]
[2018-06-12 18:59:10,934][INFO ][exchange-worker-#42][GridCachePartitionExchangeManager] Rebalancing scheduled [order=[PersonsCache]]
[2018-06-12 18:59:10,935][INFO ][exchange-worker-#42][GridCachePartitionExchangeManager] Rebalancing started [top=AffinityTopologyVersion [topVer=8, minorTopVer=0], evt=NODE_LEFT, node=64cb3117-1be9-4b6f-b3a4-4fc794d5080f]
[2018-06-12 18:59:10,935][INFO ][exchange-worker-#42][GridDhtPartitionDemander] Starting rebalancing [grp=PersonsCache, mode=ASYNC, fromNode=05c7176e-32f4-4496-8fbf-44091632440a, partitionsCount=31, topology=AffinityTopologyVersion [topVer=8, minorTopVer=0], rebalanceId=48]
[2018-06-12 18:59:10,936][INFO ][exchange-worker-#42][GridDhtPartitionDemander] Starting rebalancing [grp=PersonsCache, mode=ASYNC, fromNode=1fdb0598-3c73-42a9-bf68-d64a393762a6, partitionsCount=36, topology=AffinityTopologyVersion [topVer=8, minorTopVer=0], rebalanceId=48]
[2018-06-12 18:59:10,940][INFO ][exchange-worker-#42][GridDhtPartitionDemander] Starting rebalancing [grp=PersonsCache, mode=ASYNC, fromNode=77c6e1c3-ccc1-4e67-9f65-b532e8370798, partitionsCount=32, topology=AffinityTopologyVersion [topVer=8, minorTopVer=0], rebalanceId=48]
[2018-06-12 18:59:10,946][INFO ][sys-#63][GridDhtPartitionDemander] Completed rebalancing [fromNode=77c6e1c3-ccc1-4e67-9f65-b532e8370798, cacheOrGroup=PersonsCache, topology=AffinityTopologyVersion [topVer=8, minorTopVer=0], time=18 ms]
[2018-06-12 18:59:10,947][INFO ][sys-#63][GridDhtPartitionDemander] Completed rebalancing [fromNode=1fdb0598-3c73-42a9-bf68-d64a393762a6, cacheOrGroup=PersonsCache, topology=AffinityTopologyVersion [topVer=8, minorTopVer=0], time=18 ms]
[2018-06-12 18:59:10,949][INFO ][sys-#65][GridDhtPartitionDemander] Completed (final) rebalancing [fromNode=05c7176e-32f4-4496-8fbf-44091632440a, cacheOrGroup=PersonsCache, topology=AffinityTopologyVersion [topVer=8, minorTopVer=0], time=18 ms]
[2018-06-12 18:59:10,949][INFO ][sys-#65][GridDhtPartitionDemander] Completed rebalance future: RebalanceFuture [grp=CacheGroupContext [grp=PersonsCache], topVer=AffinityTopologyVersion [topVer=8, minorTopVer=0], rebalanceId=48]
/home/fl/SBT/affinity-example/bin/benchmark-bootstrap.sh: line 111:  4638 Killed                  "$JAVA" ${JVM_OPTS} -cp ${CP} ${MAIN_CLASS} ${ARGS}
