log4j:WARN No appenders could be found for logger (org.reflections.Reflections).
log4j:WARN Please initialize the log4j system properly.
log4j:WARN See http://logging.apache.org/log4j/1.2/faq.html#noconfig for more info.
<18:55:19><main><yardstick> Cache configured with the following parameters: CacheConfiguration [name=PersonsCache, grpName=null, memPlcName=null, storeConcurrentLoadAllThreshold=5, rebalancePoolSize=2, rebalanceTimeout=10000, evictPlc=null, evictPlcFactory=null, onheapCache=false, sqlOnheapCache=false, sqlOnheapCacheMaxSize=0, evictFilter=null, eagerTtl=true, dfltLockTimeout=0, nearCfg=null, writeSync=PRIMARY_SYNC, storeFactory=null, storeKeepBinary=false, loadPrevVal=false, aff=null, cacheMode=PARTITIONED, atomicityMode=null, backups=1, invalidate=false, tmLookupClsName=null, rebalanceMode=ASYNC, rebalanceOrder=0, rebalanceBatchSize=524288, rebalanceBatchesPrefetchCnt=2, maxConcurrentAsyncOps=500, sqlIdxMaxInlineSize=-1, writeBehindEnabled=false, writeBehindFlushSize=10240, writeBehindFlushFreq=5000, writeBehindFlushThreadCnt=1, writeBehindBatchSize=512, writeBehindCoalescing=true, maxQryIterCnt=1024, affMapper=null, rebalanceDelay=0, rebalanceThrottle=0, interceptor=null, longQryWarnTimeout=3000, qryDetailMetricsSz=0, readFromBackup=true, nodeFilter=null, sqlSchema=null, sqlEscapeAll=false, cpOnRead=true, topValidator=null, partLossPlc=IGNORE, qryParallelism=1, evtsDisabled=false]
[2018-06-12 18:55:20,857][INFO ][main][IgniteKernal] 

>>>    __________  ________________  
>>>   /  _/ ___/ |/ /  _/_  __/ __/  
>>>  _/ // (7 7    // /  / / / _/    
>>> /___/\___/_/|_/___/ /_/ /___/   
>>> 
>>> ver. 2.5.0-SNAPSHOT#20180518-sha1:fe6e70e3
>>> 2018 Copyright(C) Apache Software Foundation
>>> 
>>> Ignite documentation: http://ignite.apache.org

[2018-06-12 18:55:20,866][INFO ][main][IgniteKernal] Config URL: n/a
[2018-06-12 18:55:20,931][INFO ][main][IgniteKernal] IgniteConfiguration [igniteInstanceName=null, pubPoolSize=8, svcPoolSize=8, callbackPoolSize=8, stripedPoolSize=8, sysPoolSize=8, mgmtPoolSize=4, igfsPoolSize=4, dataStreamerPoolSize=8, utilityCachePoolSize=8, utilityCacheKeepAliveTime=60000, p2pPoolSize=2, qryPoolSize=8, igniteHome=/home/fl/apache-ignite-fabric-2.4.0-bin, igniteWorkDir=/home/fl/apache-ignite-fabric-2.4.0-bin/work, mbeanSrv=com.sun.jmx.mbeanserver.JmxMBeanServer@27462a88, nodeId=05c7176e-32f4-4496-8fbf-44091632440a, marsh=org.apache.ignite.internal.binary.BinaryMarshaller@769a1df5, marshLocJobs=false, daemon=false, p2pEnabled=false, netTimeout=5000, sndRetryDelay=1000, sndRetryCnt=3, metricsHistSize=10000, metricsUpdateFreq=2000, metricsExpTime=9223372036854775807, discoSpi=TcpDiscoverySpi [addrRslvr=null, sockTimeout=0, ackTimeout=0, marsh=null, reconCnt=10, reconDelay=2000, maxAckTimeout=600000, forceSrvMode=false, clientReconnectDisabled=false, internalLsnr=null], segPlc=STOP, segResolveAttempts=2, waitForSegOnStart=true, allResolversPassReq=true, segChkFreq=10000, commSpi=TcpCommunicationSpi [connectGate=null, connPlc=null, enableForcibleNodeKill=false, enableTroubleshootingLog=false, srvLsnr=org.apache.ignite.spi.communication.tcp.TcpCommunicationSpi$2@5167f57d, locAddr=null, locHost=null, locPort=47100, locPortRange=100, shmemPort=-1, directBuf=true, directSndBuf=false, idleConnTimeout=600000, connTimeout=5000, maxConnTimeout=600000, reconCnt=10, sockSndBuf=32768, sockRcvBuf=32768, msgQueueLimit=0, slowClientQueueLimit=0, nioSrvr=null, shmemSrv=null, usePairedConnections=false, connectionsPerNode=1, tcpNoDelay=true, filterReachableAddresses=false, ackSndThreshold=32, unackedMsgsBufSize=0, sockWriteTimeout=2000, lsnr=null, boundTcpPort=-1, boundTcpShmemPort=-1, selectorsCnt=4, selectorSpins=0, addrRslvr=null, ctxInitLatch=java.util.concurrent.CountDownLatch@64b0598[Count = 1], stopping=false, metricsLsnr=org.apache.ignite.spi.communication.tcp.TcpCommunicationMetricsListener@18f8cd79], evtSpi=org.apache.ignite.spi.eventstorage.NoopEventStorageSpi@3e2055d6, colSpi=NoopCollisionSpi [], deploySpi=LocalDeploymentSpi [lsnr=null], indexingSpi=org.apache.ignite.spi.indexing.noop.NoopIndexingSpi@28194a50, addrRslvr=null, clientMode=false, rebalanceThreadPoolSize=1, txCfg=org.apache.ignite.configuration.TransactionConfiguration@7f2cfe3f, cacheSanityCheckEnabled=true, discoStartupDelay=60000, deployMode=SHARED, p2pMissedCacheSize=100, locHost=null, timeSrvPortBase=31100, timeSrvPortRange=100, failureDetectionTimeout=10000, clientFailureDetectionTimeout=30000, metricsLogFreq=5000, hadoopCfg=null, connectorCfg=org.apache.ignite.configuration.ConnectorConfiguration@1a5b6f42, odbcCfg=null, warmupClos=null, atomicCfg=AtomicConfiguration [seqReserveSize=1000, cacheMode=PARTITIONED, backups=1, aff=null, grpName=null], classLdr=null, sslCtxFactory=null, platformCfg=null, binaryCfg=null, memCfg=null, pstCfg=null, dsCfg=DataStorageConfiguration [sysRegionInitSize=41943040, sysCacheMaxSize=104857600, pageSize=0, concLvl=0, dfltDataRegConf=DataRegionConfiguration [name=default, maxSize=2494085529, initSize=268435456, swapPath=null, pageEvictionMode=DISABLED, evictionThreshold=0.9, emptyPagesPoolSize=100, metricsEnabled=false, metricsSubIntervalCount=5, metricsRateTimeInterval=60000, persistenceEnabled=false, checkpointPageBufSize=0], storagePath=null, checkpointFreq=180000, lockWaitTime=10000, checkpointThreads=4, checkpointWriteOrder=SEQUENTIAL, walHistSize=20, walSegments=10, walSegmentSize=67108864, walPath=db/wal, walArchivePath=db/wal/archive, metricsEnabled=false, walMode=LOG_ONLY, walTlbSize=131072, walBuffSize=0, walFlushFreq=2000, walFsyncDelay=1000, walRecordIterBuffSize=67108864, alwaysWriteFullPages=false, fileIOFactory=org.apache.ignite.internal.processors.cache.persistence.file.AsyncFileIOFactory@6bb4dd34, metricsSubIntervalCnt=5, metricsRateTimeInterval=60000, walAutoArchiveAfterInactivity=-1, writeThrottlingEnabled=false, walCompactionEnabled=false], activeOnStart=true, autoActivation=true, longQryWarnTimeout=3000, sqlConnCfg=null, cliConnCfg=ClientConnectorConfiguration [host=null, port=10800, portRange=100, sockSndBufSize=0, sockRcvBufSize=0, tcpNoDelay=true, maxOpenCursorsPerConn=128, threadPoolSize=8, idleTimeout=0, jdbcEnabled=true, odbcEnabled=true, thinCliEnabled=true, sslEnabled=false, useIgniteSslCtxFactory=true, sslClientAuth=false, sslCtxFactory=null], authEnabled=false, failureHnd=null, commFailureRslvr=null]
[2018-06-12 18:55:20,931][INFO ][main][IgniteKernal] Daemon mode: off
[2018-06-12 18:55:20,932][INFO ][main][IgniteKernal] OS: Linux 4.15.0-22-generic amd64
[2018-06-12 18:55:20,932][INFO ][main][IgniteKernal] OS user: fl
[2018-06-12 18:55:20,933][INFO ][main][IgniteKernal] PID: 4634
[2018-06-12 18:55:20,934][INFO ][main][IgniteKernal] Language runtime: Java Platform API Specification ver. 1.8
[2018-06-12 18:55:20,934][INFO ][main][IgniteKernal] VM information: Java(TM) SE Runtime Environment 1.8.0_172-b11 Oracle Corporation Java HotSpot(TM) 64-Bit Server VM 25.172-b11
[2018-06-12 18:55:20,957][INFO ][main][IgniteKernal] VM total memory: 1.9GB
[2018-06-12 18:55:20,963][INFO ][main][IgniteKernal] Remote Management [restart: off, REST: on, JMX (remote: off)]
[2018-06-12 18:55:20,964][INFO ][main][IgniteKernal] Logger: Log4JLogger [quiet=false, config=/home/fl/apache-ignite-fabric-2.4.0-bin/config/ignite-log4j.xml]
[2018-06-12 18:55:20,964][INFO ][main][IgniteKernal] IGNITE_HOME=/home/fl/apache-ignite-fabric-2.4.0-bin
[2018-06-12 18:55:20,964][INFO ][main][IgniteKernal] VM arguments: [-Xms2g, -Xmx2g, -Djava.net.preferIPv4Stack=true, -DIGNITE_QUIET=false, -Dyardstick.server0, -Dyardstick.server1, -Dyardstick.server2]
[2018-06-12 18:55:20,966][INFO ][main][IgniteKernal] System cache's DataRegion size is configured to 40 MB. Use DataStorageConfiguration.systemCacheMemorySize property to change the setting.
[2018-06-12 18:55:20,966][INFO ][main][IgniteKernal] Configured caches [in 'sysMemPlc' dataRegion: ['ignite-sys-cache'], in 'default' dataRegion: ['PersonsCache']]
[2018-06-12 18:55:21,007][INFO ][main][IgniteKernal] 3-rd party licenses can be found at: /home/fl/apache-ignite-fabric-2.4.0-bin/libs/licenses
[2018-06-12 18:55:21,008][INFO ][main][IgniteKernal] Local node user attribute [data.node=true]
[2018-06-12 18:55:21,328][INFO ][main][IgnitePluginProcessor] Configured plugins:
[2018-06-12 18:55:21,329][INFO ][main][IgnitePluginProcessor]   ^-- None
[2018-06-12 18:55:21,331][INFO ][main][IgnitePluginProcessor] 
[2018-06-12 18:55:21,333][INFO ][main][FailureProcessor] Configured failure handler: [hnd=StopNodeOrHaltFailureHandler [tryStop=false, timeout=0]]
[2018-06-12 18:55:21,563][INFO ][main][TcpCommunicationSpi] Successfully bound communication NIO server to TCP port [port=47101, locHost=0.0.0.0/0.0.0.0, selectorsCnt=4, selectorSpins=0, pairedConn=false]
[2018-06-12 18:55:21,609][WARN ][main][TcpCommunicationSpi] Message queue limit is set to 0 which may lead to potential OOMEs when running cache operations in FULL_ASYNC or PRIMARY_SYNC modes due to message queues growth on sender and receiver sides.
[2018-06-12 18:55:21,727][WARN ][main][NoopCheckpointSpi] Checkpoints are disabled (to enable configure any GridCheckpointSpi implementation)
[2018-06-12 18:55:21,824][WARN ][main][GridCollisionManager] Collision resolution is disabled (all jobs will be activated upon arrival).
[2018-06-12 18:55:21,830][INFO ][main][IgniteKernal] Security status [authentication=off, tls/ssl=off]
[2018-06-12 18:55:23,734][INFO ][main][ClientListenerProcessor] Client connector processor has started on TCP port 10801
[2018-06-12 18:55:23,966][INFO ][main][GridTcpRestProtocol] Command protocol successfully started [name=TCP binary, host=0.0.0.0/0.0.0.0, port=11212]
[2018-06-12 18:55:24,051][INFO ][main][IgniteKernal] Non-loopback local IPs: 172.17.0.1, 192.168.0.101
[2018-06-12 18:55:24,052][INFO ][main][IgniteKernal] Enabled local MACs: 02427E9A41E0, 5C93A2D830DE
[2018-06-12 18:55:24,255][INFO ][main][TcpDiscoverySpi] Successfully bound to TCP port [port=47500, localHost=0.0.0.0/0.0.0.0, locNodeId=05c7176e-32f4-4496-8fbf-44091632440a]
[2018-06-12 18:55:24,443][INFO ][tcp-disco-srvr-#3][TcpDiscoverySpi] TCP discovery accepted incoming connection [rmtAddr=/127.0.0.1, rmtPort=33225]
[2018-06-12 18:55:24,498][INFO ][tcp-disco-srvr-#3][TcpDiscoverySpi] TCP discovery spawning a new thread for connection [rmtAddr=/127.0.0.1, rmtPort=33225]
[2018-06-12 18:55:24,515][INFO ][tcp-disco-sock-reader-#4][TcpDiscoverySpi] Started serving remote node connection [rmtAddr=/127.0.0.1:33225, rmtPort=33225]
[2018-06-12 18:55:24,579][INFO ][tcp-disco-sock-reader-#4][TcpDiscoverySpi] Finished serving remote node connection [rmtAddr=/127.0.0.1:33225, rmtPort=33225
[2018-06-12 18:55:24,683][INFO ][tcp-disco-srvr-#3][TcpDiscoverySpi] TCP discovery accepted incoming connection [rmtAddr=/127.0.0.1, rmtPort=57901]
[2018-06-12 18:55:24,683][INFO ][tcp-disco-srvr-#3][TcpDiscoverySpi] TCP discovery spawning a new thread for connection [rmtAddr=/127.0.0.1, rmtPort=57901]
[2018-06-12 18:55:24,686][INFO ][tcp-disco-sock-reader-#5][TcpDiscoverySpi] Started serving remote node connection [rmtAddr=/127.0.0.1:57901, rmtPort=57901]
[2018-06-12 18:55:24,700][INFO ][tcp-disco-sock-reader-#5][TcpDiscoverySpi] Finished serving remote node connection [rmtAddr=/127.0.0.1:57901, rmtPort=57901
[2018-06-12 18:55:24,984][INFO ][tcp-disco-srvr-#3][TcpDiscoverySpi] TCP discovery accepted incoming connection [rmtAddr=/127.0.0.1, rmtPort=48903]
[2018-06-12 18:55:24,984][INFO ][tcp-disco-srvr-#3][TcpDiscoverySpi] TCP discovery spawning a new thread for connection [rmtAddr=/127.0.0.1, rmtPort=48903]
[2018-06-12 18:55:24,986][INFO ][tcp-disco-sock-reader-#6][TcpDiscoverySpi] Started serving remote node connection [rmtAddr=/127.0.0.1:48903, rmtPort=48903]
[2018-06-12 18:55:25,006][INFO ][tcp-disco-sock-reader-#6][TcpDiscoverySpi] Finished serving remote node connection [rmtAddr=/127.0.0.1:48903, rmtPort=48903
[2018-06-12 18:55:26,034][INFO ][tcp-disco-srvr-#3][TcpDiscoverySpi] TCP discovery accepted incoming connection [rmtAddr=/127.0.0.1, rmtPort=44413]
[2018-06-12 18:55:26,035][INFO ][tcp-disco-srvr-#3][TcpDiscoverySpi] TCP discovery spawning a new thread for connection [rmtAddr=/127.0.0.1, rmtPort=44413]
[2018-06-12 18:55:26,035][INFO ][tcp-disco-sock-reader-#7][TcpDiscoverySpi] Started serving remote node connection [rmtAddr=/127.0.0.1:44413, rmtPort=44413]
[2018-06-12 18:55:26,065][INFO ][tcp-disco-sock-reader-#7][TcpDiscoverySpi] Finished serving remote node connection [rmtAddr=/127.0.0.1:44413, rmtPort=44413
[2018-06-12 18:55:26,818][INFO ][tcp-disco-srvr-#3][TcpDiscoverySpi] TCP discovery accepted incoming connection [rmtAddr=/127.0.0.1, rmtPort=47095]
[2018-06-12 18:55:26,818][INFO ][tcp-disco-srvr-#3][TcpDiscoverySpi] TCP discovery spawning a new thread for connection [rmtAddr=/127.0.0.1, rmtPort=47095]
[2018-06-12 18:55:26,835][INFO ][tcp-disco-sock-reader-#8][TcpDiscoverySpi] Started serving remote node connection [rmtAddr=/127.0.0.1:47095, rmtPort=47095]
[2018-06-12 18:55:26,845][INFO ][tcp-disco-srvr-#3][TcpDiscoverySpi] TCP discovery accepted incoming connection [rmtAddr=/127.0.0.1, rmtPort=48033]
[2018-06-12 18:55:26,852][INFO ][tcp-disco-srvr-#3][TcpDiscoverySpi] TCP discovery spawning a new thread for connection [rmtAddr=/127.0.0.1, rmtPort=48033]
[2018-06-12 18:55:26,854][INFO ][tcp-disco-sock-reader-#9][TcpDiscoverySpi] Started serving remote node connection [rmtAddr=/127.0.0.1:48033, rmtPort=48033]
[2018-06-12 18:55:26,883][INFO ][tcp-disco-sock-reader-#8][TcpDiscoverySpi] Finished serving remote node connection [rmtAddr=/127.0.0.1:47095, rmtPort=47095
[2018-06-12 18:55:26,896][INFO ][tcp-disco-sock-reader-#9][TcpDiscoverySpi] Finished serving remote node connection [rmtAddr=/127.0.0.1:48033, rmtPort=48033
[2018-06-12 18:55:27,066][INFO ][tcp-disco-srvr-#3][TcpDiscoverySpi] TCP discovery accepted incoming connection [rmtAddr=/127.0.0.1, rmtPort=33897]
[2018-06-12 18:55:27,067][INFO ][tcp-disco-srvr-#3][TcpDiscoverySpi] TCP discovery spawning a new thread for connection [rmtAddr=/127.0.0.1, rmtPort=33897]
[2018-06-12 18:55:27,067][INFO ][tcp-disco-sock-reader-#10][TcpDiscoverySpi] Started serving remote node connection [rmtAddr=/127.0.0.1:33897, rmtPort=33897]
[2018-06-12 18:55:27,082][INFO ][tcp-disco-sock-reader-#10][TcpDiscoverySpi] Finished serving remote node connection [rmtAddr=/127.0.0.1:33897, rmtPort=33897
[2018-06-12 18:55:28,147][INFO ][tcp-disco-srvr-#3][TcpDiscoverySpi] TCP discovery accepted incoming connection [rmtAddr=/127.0.0.1, rmtPort=54891]
[2018-06-12 18:55:28,147][INFO ][tcp-disco-srvr-#3][TcpDiscoverySpi] TCP discovery spawning a new thread for connection [rmtAddr=/127.0.0.1, rmtPort=54891]
[2018-06-12 18:55:28,148][INFO ][tcp-disco-sock-reader-#11][TcpDiscoverySpi] Started serving remote node connection [rmtAddr=/127.0.0.1:54891, rmtPort=54891]
[2018-06-12 18:55:28,167][INFO ][tcp-disco-sock-reader-#11][TcpDiscoverySpi] Finished serving remote node connection [rmtAddr=/127.0.0.1:54891, rmtPort=54891
[2018-06-12 18:55:29,154][INFO ][tcp-disco-srvr-#3][TcpDiscoverySpi] TCP discovery accepted incoming connection [rmtAddr=/127.0.0.1, rmtPort=48079]
[2018-06-12 18:55:29,154][INFO ][tcp-disco-srvr-#3][TcpDiscoverySpi] TCP discovery spawning a new thread for connection [rmtAddr=/127.0.0.1, rmtPort=48079]
[2018-06-12 18:55:29,162][INFO ][tcp-disco-sock-reader-#12][TcpDiscoverySpi] Started serving remote node connection [rmtAddr=/127.0.0.1:48079, rmtPort=48079]
[2018-06-12 18:55:29,176][INFO ][tcp-disco-sock-reader-#12][TcpDiscoverySpi] Finished serving remote node connection [rmtAddr=/127.0.0.1:48079, rmtPort=48079
[2018-06-12 18:55:29,418][INFO ][tcp-disco-srvr-#3][TcpDiscoverySpi] TCP discovery accepted incoming connection [rmtAddr=/127.0.0.1, rmtPort=58113]
[2018-06-12 18:55:29,418][INFO ][tcp-disco-srvr-#3][TcpDiscoverySpi] TCP discovery spawning a new thread for connection [rmtAddr=/127.0.0.1, rmtPort=58113]
[2018-06-12 18:55:29,431][INFO ][tcp-disco-sock-reader-#13][TcpDiscoverySpi] Started serving remote node connection [rmtAddr=/127.0.0.1:58113, rmtPort=58113]
[2018-06-12 18:55:29,837][WARN ][main][IgniteKernal] Nodes started on local machine require more than 80% of physical RAM what can lead to significant slowdown due to swapping (please decrease JVM heap size, data region size or checkpoint buffer size) [required=17766MB, available=11892MB]
[2018-06-12 18:55:29,985][INFO ][disco-event-worker-#41][GridDiscoveryManager] Added new node to topology: TcpDiscoveryNode [id=3471ddf5-7ac4-421d-892d-2a623a0a2ce6, addrs=[127.0.0.1, 172.17.0.1, 192.168.0.101], sockAddrs=[/127.0.0.1:47503, /192.168.0.101:47503, /172.17.0.1:47503], discPort=47503, order=5, intOrder=5, lastExchangeTime=1528818929547, loc=false, ver=2.5.0#20180518-sha1:fe6e70e3, isClient=false]
[2018-06-12 18:55:29,995][INFO ][disco-event-worker-#41][GridDiscoveryManager] Topology snapshot [ver=5, servers=5, clients=0, CPUs=4, offheap=12.0GB, heap=10.0GB]
[2018-06-12 18:55:29,995][INFO ][disco-event-worker-#41][GridDiscoveryManager]   ^-- Node [id=05C7176E-32F4-4496-8FBF-44091632440A, clusterState=ACTIVE]
[2018-06-12 18:55:29,995][INFO ][disco-event-worker-#41][GridDiscoveryManager] Data Regions Configured:
[2018-06-12 18:55:29,997][INFO ][disco-event-worker-#41][GridDiscoveryManager]   ^-- default [initSize=256.0 MiB, maxSize=2.3 GiB, persistenceEnabled=false]
[2018-06-12 18:55:30,002][INFO ][exchange-worker-#42][time] Started exchange init [topVer=AffinityTopologyVersion [topVer=4, minorTopVer=0], crd=false, evt=NODE_JOINED, evtNode=05c7176e-32f4-4496-8fbf-44091632440a, customEvt=null, allowMerge=true]
[2018-06-12 18:55:31,939][INFO ][exchange-worker-#42][GridCacheProcessor] Started cache [name=ignite-sys-cache, id=-2100569601, memoryPolicyName=sysMemPlc, mode=REPLICATED, atomicity=TRANSACTIONAL, backups=2147483647]
[2018-06-12 18:55:32,141][INFO ][exchange-worker-#42][GridCacheProcessor] Started cache [name=PersonsCache, id=383478404, memoryPolicyName=default, mode=PARTITIONED, atomicity=ATOMIC, backups=1]
[2018-06-12 18:55:32,318][INFO ][exchange-worker-#42][GridDhtPartitionsExchangeFuture] Finished waiting for partition release future [topVer=AffinityTopologyVersion [topVer=4, minorTopVer=0], waitTime=0ms, futInfo=NA]
[2018-06-12 18:55:32,352][INFO ][grid-nio-worker-tcp-comm-0-#25][TcpCommunicationSpi] Established outgoing communication connection [locAddr=/127.0.0.1:33782, rmtAddr=/127.0.0.1:47104]
[2018-06-12 18:55:32,381][INFO ][exchange-worker-#42][GridDhtPartitionsExchangeFuture] Finished waiting for partition release future [topVer=AffinityTopologyVersion [topVer=4, minorTopVer=0], waitTime=0ms, futInfo=NA]
[2018-06-12 18:55:32,440][INFO ][exchange-worker-#42][time] Finished exchange init [topVer=AffinityTopologyVersion [topVer=4, minorTopVer=0], crd=false]
[2018-06-12 18:55:32,884][INFO ][sys-#44][GridDhtPartitionsExchangeFuture] Received full message, will finish exchange [node=d2c48519-beb1-4d74-81c7-0b0e011aa16e, resVer=AffinityTopologyVersion [topVer=5, minorTopVer=0]]
[2018-06-12 18:55:32,889][INFO ][sys-#44][GridDhtPartitionsExchangeFuture] Received full message, need merge [curFut=AffinityTopologyVersion [topVer=4, minorTopVer=0], resVer=AffinityTopologyVersion [topVer=5, minorTopVer=0]]
[2018-06-12 18:55:32,890][INFO ][sys-#44][GridCachePartitionExchangeManager] Merge exchange future on finish [curFut=AffinityTopologyVersion [topVer=4, minorTopVer=0], mergedFut=AffinityTopologyVersion [topVer=5, minorTopVer=0], evt=NODE_JOINED, evtNode=3471ddf5-7ac4-421d-892d-2a623a0a2ce6, evtNodeClient=false]
[2018-06-12 18:55:33,637][INFO ][sys-#44][GridDhtPartitionsExchangeFuture] Finish exchange future [startVer=AffinityTopologyVersion [topVer=4, minorTopVer=0], resVer=AffinityTopologyVersion [topVer=5, minorTopVer=0], err=null]
[2018-06-12 18:55:34,000][INFO ][exchange-worker-#42][GridCachePartitionExchangeManager] Rebalancing scheduled [order=[ignite-sys-cache, PersonsCache]]
[2018-06-12 18:55:34,004][INFO ][exchange-worker-#42][GridCachePartitionExchangeManager] Rebalancing started [top=AffinityTopologyVersion [topVer=5, minorTopVer=0], evt=NODE_JOINED, node=05c7176e-32f4-4496-8fbf-44091632440a]
[2018-06-12 18:55:34,028][INFO ][exchange-worker-#42][GridDhtPartitionDemander] Starting rebalancing [grp=ignite-sys-cache, mode=SYNC, fromNode=d2c48519-beb1-4d74-81c7-0b0e011aa16e, partitionsCount=100, topology=AffinityTopologyVersion [topVer=5, minorTopVer=0], rebalanceId=1]
[2018-06-12 18:55:34,228][INFO ][utility-#46][GridDhtPartitionDemander] Completed (final) rebalancing [fromNode=d2c48519-beb1-4d74-81c7-0b0e011aa16e, cacheOrGroup=ignite-sys-cache, topology=AffinityTopologyVersion [topVer=5, minorTopVer=0], time=196 ms]
[2018-06-12 18:55:34,241][INFO ][utility-#46][GridDhtPartitionDemander] Completed rebalance future: RebalanceFuture [grp=CacheGroupContext [grp=ignite-sys-cache], topVer=AffinityTopologyVersion [topVer=5, minorTopVer=0], rebalanceId=1]
[2018-06-12 18:55:34,259][INFO ][utility-#46][GridDhtPartitionDemander] Starting rebalancing [grp=PersonsCache, mode=ASYNC, fromNode=d2c48519-beb1-4d74-81c7-0b0e011aa16e, partitionsCount=400, topology=AffinityTopologyVersion [topVer=5, minorTopVer=0], rebalanceId=1]
[2018-06-12 18:55:34,443][INFO ][sys-#48][GridDhtPartitionDemander] Completed (final) rebalancing [fromNode=d2c48519-beb1-4d74-81c7-0b0e011aa16e, cacheOrGroup=PersonsCache, topology=AffinityTopologyVersion [topVer=5, minorTopVer=0], time=169 ms]
[2018-06-12 18:55:34,451][INFO ][sys-#48][GridDhtPartitionDemander] Completed rebalance future: RebalanceFuture [grp=CacheGroupContext [grp=PersonsCache], topVer=AffinityTopologyVersion [topVer=5, minorTopVer=0], rebalanceId=1]
[2018-06-12 18:55:34,957][INFO ][main][IgniteKernal] Performance suggestions for grid  (fix if possible)
[2018-06-12 18:55:34,958][INFO ][main][IgniteKernal] To disable, set -DIGNITE_PERFORMANCE_SUGGESTIONS_DISABLED=true
[2018-06-12 18:55:34,958][INFO ][main][IgniteKernal]   ^-- Enable G1 Garbage Collector (add '-XX:+UseG1GC' to JVM options)
[2018-06-12 18:55:34,958][INFO ][main][IgniteKernal]   ^-- Set max direct memory size if getting 'OOME: Direct buffer memory' (add '-XX:MaxDirectMemorySize=<size>[g|G|m|M|k|K]' to JVM options)
[2018-06-12 18:55:34,958][INFO ][main][IgniteKernal]   ^-- Disable processing of calls to System.gc() (add '-XX:+DisableExplicitGC' to JVM options)
[2018-06-12 18:55:34,959][INFO ][main][IgniteKernal]   ^-- Decrease number of backups (set 'backups' to 0)
[2018-06-12 18:55:34,959][INFO ][main][IgniteKernal] Refer to this page for more performance suggestions: https://apacheignite.readme.io/docs/jvm-and-system-tuning
[2018-06-12 18:55:34,959][INFO ][main][IgniteKernal] 
[2018-06-12 18:55:34,959][INFO ][main][IgniteKernal] To start Console Management & Monitoring run ignitevisorcmd.{sh|bat}
[2018-06-12 18:55:34,959][INFO ][main][IgniteKernal] 
[2018-06-12 18:55:34,960][INFO ][main][IgniteKernal] 

>>> +-------------------------------------------------------------------------------+
>>> Ignite ver. 2.5.0-SNAPSHOT#20180518-sha1:fe6e70e3c8d6a6349ea00b7ec99b215945ffce6d
>>> +-------------------------------------------------------------------------------+
>>> OS name: Linux 4.15.0-22-generic amd64
>>> CPU(s): 4
>>> Heap: 2.0GB
>>> VM name: 4634@fl-PC
>>> Local node [ID=05C7176E-32F4-4496-8FBF-44091632440A, order=4, clientMode=false]
>>> Local node addresses: [172.17.0.1/127.0.0.1, 192.168.0.101/172.17.0.1, /192.168.0.101]
>>> Local ports: TCP:10801 TCP:11212 TCP:47101 TCP:47500 

[2018-06-12 18:55:34,960][INFO ][main][GridDiscoveryManager] Topology snapshot [ver=4, servers=4, clients=0, CPUs=4, offheap=9.3GB, heap=8.0GB]
[2018-06-12 18:55:34,969][INFO ][main][GridDiscoveryManager]   ^-- Node [id=05C7176E-32F4-4496-8FBF-44091632440A, clusterState=ACTIVE]
[2018-06-12 18:55:34,969][INFO ][main][GridDiscoveryManager] Data Regions Configured:
[2018-06-12 18:55:34,969][INFO ][main][GridDiscoveryManager]   ^-- default [initSize=256.0 MiB, maxSize=2.3 GiB, persistenceEnabled=false]
<18:55:34><main><yardstick> Configured marshaller: org.apache.ignite.internal.binary.BinaryMarshaller
[18:55:35,830][WARNING][jvm-pause-detector-worker][] Possible too long JVM pause: 538 milliseconds.
[2018-06-12 18:55:36,854][INFO ][exchange-worker-#42][time] Started exchange init [topVer=AffinityTopologyVersion [topVer=5, minorTopVer=1], crd=false, evt=DISCOVERY_CUSTOM_EVT, evtNode=d2c48519-beb1-4d74-81c7-0b0e011aa16e, customEvt=CacheAffinityChangeMessage [id=ac075b4f361-f6fe45e4-80c4-4a5d-ac41-1f4ef8bba20d, topVer=AffinityTopologyVersion [topVer=5, minorTopVer=0], exchId=null, partsMsg=null, exchangeNeeded=true], allowMerge=false]
[2018-06-12 18:55:36,889][INFO ][exchange-worker-#42][GridDhtPartitionsExchangeFuture] Finished waiting for partition release future [topVer=AffinityTopologyVersion [topVer=5, minorTopVer=1], waitTime=0ms, futInfo=NA]
[2018-06-12 18:55:37,504][INFO ][exchange-worker-#42][GridDhtPartitionsExchangeFuture] Finished waiting for partitions release latch: ClientLatch [coordinator=TcpDiscoveryNode [id=d2c48519-beb1-4d74-81c7-0b0e011aa16e, addrs=[127.0.0.1, 172.17.0.1, 192.168.0.101], sockAddrs=[/172.17.0.1:47504, /127.0.0.1:47504, /192.168.0.101:47504], discPort=47504, order=1, intOrder=1, lastExchangeTime=1528818929442, loc=false, ver=2.5.0#20180518-sha1:fe6e70e3, isClient=false], ackSent=true, super=CompletableLatch [id=exchange, topVer=AffinityTopologyVersion [topVer=5, minorTopVer=1]]]
[2018-06-12 18:55:37,505][INFO ][exchange-worker-#42][GridDhtPartitionsExchangeFuture] Finished waiting for partition release future [topVer=AffinityTopologyVersion [topVer=5, minorTopVer=1], waitTime=0ms, futInfo=NA]
[2018-06-12 18:55:37,540][INFO ][exchange-worker-#42][time] Finished exchange init [topVer=AffinityTopologyVersion [topVer=5, minorTopVer=1], crd=false]
[2018-06-12 18:55:37,701][INFO ][sys-#51][GridDhtPartitionsExchangeFuture] Received full message, will finish exchange [node=d2c48519-beb1-4d74-81c7-0b0e011aa16e, resVer=AffinityTopologyVersion [topVer=5, minorTopVer=1]]
[2018-06-12 18:55:37,752][INFO ][sys-#51][GridDhtPartitionsExchangeFuture] Finish exchange future [startVer=AffinityTopologyVersion [topVer=5, minorTopVer=1], resVer=AffinityTopologyVersion [topVer=5, minorTopVer=1], err=null]
[2018-06-12 18:55:37,797][INFO ][exchange-worker-#42][GridCachePartitionExchangeManager] Skipping rebalancing (nothing scheduled) [top=AffinityTopologyVersion [topVer=5, minorTopVer=1], evt=DISCOVERY_CUSTOM_EVT, node=d2c48519-beb1-4d74-81c7-0b0e011aa16e]
[2018-06-12 18:55:39,947][INFO ][grid-timeout-worker-#23][IgniteKernal] 
Metrics for local node (to disable set 'metricsLogFrequency' to 0)
    ^-- Node [id=05c7176e, uptime=00:00:05.006]
    ^-- H/N/C [hosts=1, nodes=5, CPUs=4]
    ^-- CPU [cur=16.07%, avg=16.09%, GC=0%]
    ^-- PageMemory [pages=1002]
    ^-- Heap [used=127MB, free=93.48%, comm=1963MB]
    ^-- Non heap [used=49MB, free=-1%, comm=50MB]
    ^-- Outbound messages queue [size=0]
    ^-- Public thread pool [active=0, idle=6, qSize=0]
    ^-- System thread pool [active=0, idle=8, qSize=0]
[2018-06-12 18:55:44,953][INFO ][grid-timeout-worker-#23][IgniteKernal] 
Metrics for local node (to disable set 'metricsLogFrequency' to 0)
    ^-- Node [id=05c7176e, uptime=00:00:10.052]
    ^-- H/N/C [hosts=1, nodes=5, CPUs=4]
    ^-- CPU [cur=12.17%, avg=15.3%, GC=0%]
    ^-- PageMemory [pages=1002]
    ^-- Heap [used=157MB, free=91.96%, comm=1963MB]
    ^-- Non heap [used=51MB, free=-1%, comm=52MB]
    ^-- Outbound messages queue [size=0]
    ^-- Public thread pool [active=0, idle=6, qSize=0]
    ^-- System thread pool [active=0, idle=8, qSize=0]
[2018-06-12 18:55:49,462][INFO ][grid-nio-worker-tcp-comm-1-#26][TcpCommunicationSpi] Established outgoing communication connection [locAddr=/127.0.0.1:50254, rmtAddr=/127.0.0.1:47100]
[2018-06-12 18:55:49,955][INFO ][grid-timeout-worker-#23][IgniteKernal] 
Metrics for local node (to disable set 'metricsLogFrequency' to 0)
    ^-- Node [id=05c7176e, uptime=00:00:15.056]
    ^-- H/N/C [hosts=1, nodes=5, CPUs=4]
    ^-- CPU [cur=18.67%, avg=15.86%, GC=0%]
    ^-- PageMemory [pages=1002]
    ^-- Heap [used=294MB, free=85%, comm=1963MB]
    ^-- Non heap [used=53MB, free=-1%, comm=54MB]
    ^-- Outbound messages queue [size=0]
    ^-- Public thread pool [active=8, idle=0, qSize=12]
    ^-- System thread pool [active=0, idle=8, qSize=0]
[2018-06-12 18:55:54,960][INFO ][grid-timeout-worker-#23][IgniteKernal] 
Metrics for local node (to disable set 'metricsLogFrequency' to 0)
    ^-- Node [id=05c7176e, uptime=00:00:20.064]
    ^-- H/N/C [hosts=1, nodes=5, CPUs=4]
    ^-- CPU [cur=17.6%, avg=15.45%, GC=0%]
    ^-- PageMemory [pages=1002]
    ^-- Heap [used=306MB, free=84.37%, comm=1963MB]
    ^-- Non heap [used=55MB, free=-1%, comm=56MB]
    ^-- Outbound messages queue [size=0]
    ^-- Public thread pool [active=8, idle=0, qSize=13]
    ^-- System thread pool [active=0, idle=8, qSize=0]
[2018-06-12 18:55:59,974][INFO ][grid-timeout-worker-#23][IgniteKernal] 
Metrics for local node (to disable set 'metricsLogFrequency' to 0)
    ^-- Node [id=05c7176e, uptime=00:00:25.078]
    ^-- H/N/C [hosts=1, nodes=5, CPUs=4]
    ^-- CPU [cur=17.57%, avg=15.88%, GC=0%]
    ^-- PageMemory [pages=1002]
    ^-- Heap [used=318MB, free=83.78%, comm=1963MB]
    ^-- Non heap [used=57MB, free=-1%, comm=58MB]
    ^-- Outbound messages queue [size=0]
    ^-- Public thread pool [active=8, idle=0, qSize=15]
    ^-- System thread pool [active=0, idle=8, qSize=0]
[2018-06-12 18:56:04,983][INFO ][grid-timeout-worker-#23][IgniteKernal] 
Metrics for local node (to disable set 'metricsLogFrequency' to 0)
    ^-- Node [id=05c7176e, uptime=00:00:30.080]
    ^-- H/N/C [hosts=1, nodes=5, CPUs=4]
    ^-- CPU [cur=18.33%, avg=16.1%, GC=0%]
    ^-- PageMemory [pages=1002]
    ^-- Heap [used=469MB, free=76.08%, comm=1963MB]
    ^-- Non heap [used=58MB, free=-1%, comm=59MB]
    ^-- Outbound messages queue [size=0]
    ^-- Public thread pool [active=8, idle=0, qSize=16]
    ^-- System thread pool [active=0, idle=8, qSize=0]
[2018-06-12 18:56:09,983][INFO ][grid-timeout-worker-#23][IgniteKernal] 
Metrics for local node (to disable set 'metricsLogFrequency' to 0)
    ^-- Node [id=05c7176e, uptime=00:00:35.085]
    ^-- H/N/C [hosts=1, nodes=5, CPUs=4]
    ^-- CPU [cur=17.57%, avg=16.33%, GC=0.6%]
    ^-- PageMemory [pages=1002]
    ^-- Heap [used=143MB, free=92.69%, comm=1963MB]
    ^-- Non heap [used=58MB, free=-1%, comm=59MB]
    ^-- Outbound messages queue [size=1]
    ^-- Public thread pool [active=8, idle=0, qSize=23]
    ^-- System thread pool [active=0, idle=8, qSize=0]
[2018-06-12 18:56:14,990][INFO ][grid-timeout-worker-#23][IgniteKernal] 
Metrics for local node (to disable set 'metricsLogFrequency' to 0)
    ^-- Node [id=05c7176e, uptime=00:00:40.094]
    ^-- H/N/C [hosts=1, nodes=5, CPUs=4]
    ^-- CPU [cur=18.77%, avg=16.69%, GC=0%]
    ^-- PageMemory [pages=1002]
    ^-- Heap [used=331MB, free=83.1%, comm=1963MB]
    ^-- Non heap [used=58MB, free=-1%, comm=59MB]
    ^-- Outbound messages queue [size=0]
    ^-- Public thread pool [active=8, idle=0, qSize=15]
    ^-- System thread pool [active=0, idle=8, qSize=0]
[2018-06-12 18:56:20,005][INFO ][grid-timeout-worker-#23][IgniteKernal] 
Metrics for local node (to disable set 'metricsLogFrequency' to 0)
    ^-- Node [id=05c7176e, uptime=00:00:45.108]
    ^-- H/N/C [hosts=1, nodes=5, CPUs=4]
    ^-- CPU [cur=18.07%, avg=16.9%, GC=0%]
    ^-- PageMemory [pages=1002]
    ^-- Heap [used=518MB, free=73.59%, comm=1963MB]
    ^-- Non heap [used=59MB, free=-1%, comm=60MB]
    ^-- Outbound messages queue [size=0]
    ^-- Public thread pool [active=8, idle=0, qSize=16]
    ^-- System thread pool [active=0, idle=8, qSize=0]
[2018-06-12 18:56:25,007][INFO ][grid-timeout-worker-#23][IgniteKernal] 
Metrics for local node (to disable set 'metricsLogFrequency' to 0)
    ^-- Node [id=05c7176e, uptime=00:00:50.108]
    ^-- H/N/C [hosts=1, nodes=5, CPUs=4]
    ^-- CPU [cur=13.93%, avg=16.92%, GC=0%]
    ^-- PageMemory [pages=1002]
    ^-- Heap [used=279MB, free=85.74%, comm=1963MB]
    ^-- Non heap [used=59MB, free=-1%, comm=60MB]
    ^-- Outbound messages queue [size=0]
    ^-- Public thread pool [active=8, idle=0, qSize=20]
    ^-- System thread pool [active=0, idle=8, qSize=0]
[2018-06-12 18:56:30,014][INFO ][grid-timeout-worker-#23][IgniteKernal] 
Metrics for local node (to disable set 'metricsLogFrequency' to 0)
    ^-- Node [id=05c7176e, uptime=00:00:55.117]
    ^-- H/N/C [hosts=1, nodes=5, CPUs=4]
    ^-- CPU [cur=15%, avg=16.72%, GC=0%]
    ^-- PageMemory [pages=1002]
    ^-- Heap [used=512MB, free=73.91%, comm=1963MB]
    ^-- Non heap [used=58MB, free=-1%, comm=60MB]
    ^-- Outbound messages queue [size=0]
    ^-- Public thread pool [active=8, idle=0, qSize=23]
    ^-- System thread pool [active=0, idle=8, qSize=0]
[2018-06-12 18:56:35,023][INFO ][grid-timeout-worker-#23][IgniteKernal] 
Metrics for local node (to disable set 'metricsLogFrequency' to 0)
    ^-- Node [id=05c7176e, uptime=00:01:00.123]
    ^-- H/N/C [hosts=1, nodes=5, CPUs=4]
    ^-- CPU [cur=15.07%, avg=16.33%, GC=0.2%]
    ^-- PageMemory [pages=1002]
    ^-- Heap [used=268MB, free=86.34%, comm=1963MB]
    ^-- Non heap [used=58MB, free=-1%, comm=61MB]
    ^-- Outbound messages queue [size=0]
    ^-- Public thread pool [active=8, idle=0, qSize=22]
    ^-- System thread pool [active=0, idle=8, qSize=0]
[2018-06-12 18:56:40,025][INFO ][grid-timeout-worker-#23][IgniteKernal] 
Metrics for local node (to disable set 'metricsLogFrequency' to 0)
    ^-- Node [id=05c7176e, uptime=00:01:05.128]
    ^-- H/N/C [hosts=1, nodes=5, CPUs=4]
    ^-- CPU [cur=12.73%, avg=15.99%, GC=0%]
    ^-- PageMemory [pages=1002]
    ^-- Heap [used=491MB, free=74.99%, comm=1963MB]
    ^-- Non heap [used=59MB, free=-1%, comm=61MB]
    ^-- Outbound messages queue [size=0]
    ^-- Public thread pool [active=8, idle=0, qSize=24]
    ^-- System thread pool [active=0, idle=8, qSize=0]
[2018-06-12 18:56:45,033][INFO ][grid-timeout-worker-#23][IgniteKernal] 
Metrics for local node (to disable set 'metricsLogFrequency' to 0)
    ^-- Node [id=05c7176e, uptime=00:01:10.136]
    ^-- H/N/C [hosts=1, nodes=5, CPUs=4]
    ^-- CPU [cur=13.43%, avg=15.8%, GC=0.3%]
    ^-- PageMemory [pages=1002]
    ^-- Heap [used=343MB, free=83.04%, comm=2025MB]
    ^-- Non heap [used=59MB, free=-1%, comm=61MB]
    ^-- Outbound messages queue [size=2]
    ^-- Public thread pool [active=8, idle=0, qSize=23]
    ^-- System thread pool [active=0, idle=8, qSize=0]
[2018-06-12 18:56:50,041][INFO ][grid-timeout-worker-#23][IgniteKernal] 
Metrics for local node (to disable set 'metricsLogFrequency' to 0)
    ^-- Node [id=05c7176e, uptime=00:01:15.139]
    ^-- H/N/C [hosts=1, nodes=5, CPUs=4]
    ^-- CPU [cur=14.17%, avg=15.71%, GC=0%]
    ^-- PageMemory [pages=1002]
    ^-- Heap [used=127MB, free=93.69%, comm=2024MB]
    ^-- Non heap [used=59MB, free=-1%, comm=61MB]
    ^-- Outbound messages queue [size=0]
    ^-- Public thread pool [active=8, idle=0, qSize=20]
    ^-- System thread pool [active=0, idle=6, qSize=0]
[2018-06-12 18:56:55,044][INFO ][grid-timeout-worker-#23][IgniteKernal] 
Metrics for local node (to disable set 'metricsLogFrequency' to 0)
    ^-- Node [id=05c7176e, uptime=00:01:20.146]
    ^-- H/N/C [hosts=1, nodes=5, CPUs=4]
    ^-- CPU [cur=13.77%, avg=15.54%, GC=0%]
    ^-- PageMemory [pages=1002]
    ^-- Heap [used=487MB, free=75.92%, comm=2024MB]
    ^-- Non heap [used=59MB, free=-1%, comm=61MB]
    ^-- Outbound messages queue [size=0]
    ^-- Public thread pool [active=8, idle=0, qSize=23]
    ^-- System thread pool [active=0, idle=6, qSize=0]
[2018-06-12 18:57:00,049][INFO ][grid-timeout-worker-#23][IgniteKernal] 
Metrics for local node (to disable set 'metricsLogFrequency' to 0)
    ^-- Node [id=05c7176e, uptime=00:01:25.146]
    ^-- H/N/C [hosts=1, nodes=5, CPUs=4]
    ^-- CPU [cur=18.07%, avg=15.62%, GC=0%]
    ^-- PageMemory [pages=1002]
    ^-- Heap [used=234MB, free=88.41%, comm=2026MB]
    ^-- Non heap [used=59MB, free=-1%, comm=61MB]
    ^-- Outbound messages queue [size=0]
    ^-- Public thread pool [active=8, idle=0, qSize=22]
    ^-- System thread pool [active=0, idle=6, qSize=0]
[2018-06-12 18:57:05,050][INFO ][grid-timeout-worker-#23][IgniteKernal] 
Metrics for local node (to disable set 'metricsLogFrequency' to 0)
    ^-- Node [id=05c7176e, uptime=00:01:30.149]
    ^-- H/N/C [hosts=1, nodes=5, CPUs=4]
    ^-- CPU [cur=13.4%, avg=15.52%, GC=0%]
    ^-- PageMemory [pages=1002]
    ^-- Heap [used=612MB, free=69.78%, comm=2026MB]
    ^-- Non heap [used=59MB, free=-1%, comm=61MB]
    ^-- Outbound messages queue [size=0]
    ^-- Public thread pool [active=8, idle=0, qSize=27]
    ^-- System thread pool [active=0, idle=6, qSize=0]
[2018-06-12 18:57:10,050][INFO ][grid-timeout-worker-#23][IgniteKernal] 
Metrics for local node (to disable set 'metricsLogFrequency' to 0)
    ^-- Node [id=05c7176e, uptime=00:01:35.152]
    ^-- H/N/C [hosts=1, nodes=5, CPUs=4]
    ^-- CPU [cur=15.27%, avg=15.46%, GC=0%]
    ^-- PageMemory [pages=1002]
    ^-- Heap [used=461MB, free=77.21%, comm=2026MB]
    ^-- Non heap [used=59MB, free=-1%, comm=61MB]
    ^-- Outbound messages queue [size=0]
    ^-- Public thread pool [active=8, idle=0, qSize=21]
    ^-- System thread pool [active=0, idle=6, qSize=0]
[2018-06-12 18:57:15,062][INFO ][grid-timeout-worker-#23][IgniteKernal] 
Metrics for local node (to disable set 'metricsLogFrequency' to 0)
    ^-- Node [id=05c7176e, uptime=00:01:40.163]
    ^-- H/N/C [hosts=1, nodes=5, CPUs=4]
    ^-- CPU [cur=16.73%, avg=15.48%, GC=0.1%]
    ^-- PageMemory [pages=1002]
    ^-- Heap [used=269MB, free=86.74%, comm=2028MB]
    ^-- Non heap [used=59MB, free=-1%, comm=61MB]
    ^-- Outbound messages queue [size=0]
    ^-- Public thread pool [active=8, idle=0, qSize=31]
    ^-- System thread pool [active=0, idle=6, qSize=0]
[2018-06-12 18:57:20,069][INFO ][grid-timeout-worker-#23][IgniteKernal] 
Metrics for local node (to disable set 'metricsLogFrequency' to 0)
    ^-- Node [id=05c7176e, uptime=00:01:45.172]
    ^-- H/N/C [hosts=1, nodes=5, CPUs=4]
    ^-- CPU [cur=15.93%, avg=15.38%, GC=0%]
    ^-- PageMemory [pages=1002]
    ^-- Heap [used=138MB, free=93.18%, comm=2027MB]
    ^-- Non heap [used=59MB, free=-1%, comm=61MB]
    ^-- Outbound messages queue [size=0]
    ^-- Public thread pool [active=8, idle=0, qSize=30]
    ^-- System thread pool [active=0, idle=6, qSize=0]
[2018-06-12 18:57:20,889][INFO ][disco-event-worker-#41][GridDiscoveryManager] Node left topology: TcpDiscoveryNode [id=d2c48519-beb1-4d74-81c7-0b0e011aa16e, addrs=[127.0.0.1, 172.17.0.1, 192.168.0.101], sockAddrs=[/172.17.0.1:47504, /127.0.0.1:47504, /192.168.0.101:47504], discPort=47504, order=1, intOrder=1, lastExchangeTime=1528818929442, loc=false, ver=2.5.0#20180518-sha1:fe6e70e3, isClient=false]
[2018-06-12 18:57:20,892][INFO ][disco-event-worker-#41][GridDiscoveryManager] Topology snapshot [ver=6, servers=4, clients=0, CPUs=4, offheap=9.3GB, heap=8.0GB]
[2018-06-12 18:57:20,892][INFO ][disco-event-worker-#41][GridDiscoveryManager]   ^-- Node [id=05C7176E-32F4-4496-8FBF-44091632440A, clusterState=ACTIVE]
[2018-06-12 18:57:20,892][INFO ][disco-event-worker-#41][GridDiscoveryManager] Data Regions Configured:
[2018-06-12 18:57:20,893][INFO ][disco-event-worker-#41][GridDiscoveryManager]   ^-- default [initSize=256.0 MiB, maxSize=2.3 GiB, persistenceEnabled=false]
[2018-06-12 18:57:20,958][INFO ][exchange-worker-#42][time] Started exchange init [topVer=AffinityTopologyVersion [topVer=6, minorTopVer=0], crd=false, evt=NODE_LEFT, evtNode=d2c48519-beb1-4d74-81c7-0b0e011aa16e, customEvt=null, allowMerge=true]
[2018-06-12 18:57:20,980][INFO ][exchange-worker-#42][GridDhtPartitionsExchangeFuture] Finished waiting for partition release future [topVer=AffinityTopologyVersion [topVer=6, minorTopVer=0], waitTime=0ms, futInfo=NA]
[2018-06-12 18:57:21,040][INFO ][exchange-worker-#42][GridDhtPartitionsExchangeFuture] Finished waiting for partitions release latch: ClientLatch [coordinator=TcpDiscoveryNode [id=1fdb0598-3c73-42a9-bf68-d64a393762a6, addrs=[127.0.0.1, 172.17.0.1, 192.168.0.101], sockAddrs=[/127.0.0.1:47501, /192.168.0.101:47501, /172.17.0.1:47501], discPort=47501, order=2, intOrder=2, lastExchangeTime=1528818929442, loc=false, ver=2.5.0#20180518-sha1:fe6e70e3, isClient=false], ackSent=true, super=CompletableLatch [id=exchange, topVer=AffinityTopologyVersion [topVer=6, minorTopVer=0]]]
[2018-06-12 18:57:21,048][INFO ][exchange-worker-#42][GridDhtPartitionsExchangeFuture] Finished waiting for partition release future [topVer=AffinityTopologyVersion [topVer=6, minorTopVer=0], waitTime=0ms, futInfo=NA]
[2018-06-12 18:57:21,077][INFO ][exchange-worker-#42][time] Finished exchange init [topVer=AffinityTopologyVersion [topVer=6, minorTopVer=0], crd=false]
[2018-06-12 18:57:21,239][INFO ][sys-#45][GridDhtPartitionsExchangeFuture] Received full message, will finish exchange [node=1fdb0598-3c73-42a9-bf68-d64a393762a6, resVer=AffinityTopologyVersion [topVer=6, minorTopVer=0]]
[2018-06-12 18:57:21,351][INFO ][sys-#45][GridDhtPartitionsExchangeFuture] Finish exchange future [startVer=AffinityTopologyVersion [topVer=6, minorTopVer=0], resVer=AffinityTopologyVersion [topVer=6, minorTopVer=0], err=null]
[2018-06-12 18:57:21,383][INFO ][exchange-worker-#42][GridCachePartitionExchangeManager] Rebalancing scheduled [order=[PersonsCache]]
[2018-06-12 18:57:21,383][INFO ][exchange-worker-#42][GridCachePartitionExchangeManager] Rebalancing started [top=AffinityTopologyVersion [topVer=6, minorTopVer=0], evt=NODE_LEFT, node=d2c48519-beb1-4d74-81c7-0b0e011aa16e]
[2018-06-12 18:57:21,383][INFO ][exchange-worker-#42][GridDhtPartitionDemander] Starting rebalancing [grp=PersonsCache, mode=ASYNC, fromNode=1fdb0598-3c73-42a9-bf68-d64a393762a6, partitionsCount=40, topology=AffinityTopologyVersion [topVer=6, minorTopVer=0], rebalanceId=23]
[2018-06-12 18:57:21,384][INFO ][exchange-worker-#42][GridDhtPartitionDemander] Starting rebalancing [grp=PersonsCache, mode=ASYNC, fromNode=77c6e1c3-ccc1-4e67-9f65-b532e8370798, partitionsCount=27, topology=AffinityTopologyVersion [topVer=6, minorTopVer=0], rebalanceId=23]
[2018-06-12 18:57:21,392][INFO ][exchange-worker-#42][GridDhtPartitionDemander] Starting rebalancing [grp=PersonsCache, mode=ASYNC, fromNode=3471ddf5-7ac4-421d-892d-2a623a0a2ce6, partitionsCount=34, topology=AffinityTopologyVersion [topVer=6, minorTopVer=0], rebalanceId=23]
[2018-06-12 18:57:21,400][INFO ][grid-nio-worker-tcp-comm-2-#27][TcpCommunicationSpi] Established outgoing communication connection [locAddr=/127.0.0.1:43302, rmtAddr=/127.0.0.1:47103]
[2018-06-12 18:57:21,402][INFO ][grid-nio-worker-tcp-comm-3-#28][TcpCommunicationSpi] Established outgoing communication connection [locAddr=/127.0.0.1:46622, rmtAddr=/127.0.0.1:47102]
[2018-06-12 18:57:21,413][INFO ][sys-#44][GridDhtPartitionDemander] Completed rebalancing [fromNode=77c6e1c3-ccc1-4e67-9f65-b532e8370798, cacheOrGroup=PersonsCache, topology=AffinityTopologyVersion [topVer=6, minorTopVer=0], time=30 ms]
[2018-06-12 18:57:21,422][INFO ][sys-#61][GridDhtPartitionDemander] Completed rebalancing [fromNode=1fdb0598-3c73-42a9-bf68-d64a393762a6, cacheOrGroup=PersonsCache, topology=AffinityTopologyVersion [topVer=6, minorTopVer=0], time=41 ms]
[2018-06-12 18:57:21,428][INFO ][sys-#56][GridDhtPartitionDemander] Completed (final) rebalancing [fromNode=3471ddf5-7ac4-421d-892d-2a623a0a2ce6, cacheOrGroup=PersonsCache, topology=AffinityTopologyVersion [topVer=6, minorTopVer=0], time=41 ms]
[2018-06-12 18:57:21,428][INFO ][sys-#56][GridDhtPartitionDemander] Completed rebalance future: RebalanceFuture [grp=CacheGroupContext [grp=PersonsCache], topVer=AffinityTopologyVersion [topVer=6, minorTopVer=0], rebalanceId=23]
[2018-06-12 18:57:25,072][INFO ][grid-timeout-worker-#23][IgniteKernal] 
Metrics for local node (to disable set 'metricsLogFrequency' to 0)
    ^-- Node [id=05c7176e, uptime=00:01:50.174]
    ^-- H/N/C [hosts=1, nodes=4, CPUs=4]
    ^-- CPU [cur=6.17%, avg=15.21%, GC=0%]
    ^-- PageMemory [pages=1204]
    ^-- Heap [used=242MB, free=88.05%, comm=2027MB]
    ^-- Non heap [used=59MB, free=-1%, comm=61MB]
    ^-- Outbound messages queue [size=0]
    ^-- Public thread pool [active=0, idle=8, qSize=0]
    ^-- System thread pool [active=0, idle=8, qSize=0]
[2018-06-12 18:57:26,847][INFO ][disco-event-worker-#41][GridDiscoveryManager] Added new node to topology: TcpDiscoveryNode [id=64cb3117-1be9-4b6f-b3a4-4fc794d5080f, addrs=[127.0.0.1, 172.17.0.1, 192.168.0.101], sockAddrs=[/172.17.0.1:47504, /192.168.0.101:47504, /127.0.0.1:47504], discPort=47504, order=7, intOrder=6, lastExchangeTime=1528819046505, loc=false, ver=2.5.0#20180518-sha1:fe6e70e3, isClient=false]
[2018-06-12 18:57:26,848][INFO ][disco-event-worker-#41][GridDiscoveryManager] Topology snapshot [ver=7, servers=5, clients=0, CPUs=4, offheap=12.0GB, heap=10.0GB]
[2018-06-12 18:57:26,848][INFO ][disco-event-worker-#41][GridDiscoveryManager]   ^-- Node [id=05C7176E-32F4-4496-8FBF-44091632440A, clusterState=ACTIVE]
[2018-06-12 18:57:26,848][INFO ][disco-event-worker-#41][GridDiscoveryManager] Data Regions Configured:
[2018-06-12 18:57:26,848][INFO ][disco-event-worker-#41][GridDiscoveryManager]   ^-- default [initSize=256.0 MiB, maxSize=2.3 GiB, persistenceEnabled=false]
[2018-06-12 18:57:26,849][INFO ][exchange-worker-#42][time] Started exchange init [topVer=AffinityTopologyVersion [topVer=7, minorTopVer=0], crd=false, evt=NODE_JOINED, evtNode=64cb3117-1be9-4b6f-b3a4-4fc794d5080f, customEvt=null, allowMerge=true]
[2018-06-12 18:57:26,856][INFO ][exchange-worker-#42][GridDhtPartitionsExchangeFuture] Finished waiting for partition release future [topVer=AffinityTopologyVersion [topVer=7, minorTopVer=0], waitTime=0ms, futInfo=NA]
[2018-06-12 18:57:27,720][INFO ][exchange-worker-#42][GridDhtPartitionsExchangeFuture] Finished waiting for partitions release latch: ClientLatch [coordinator=TcpDiscoveryNode [id=1fdb0598-3c73-42a9-bf68-d64a393762a6, addrs=[127.0.0.1, 172.17.0.1, 192.168.0.101], sockAddrs=[/127.0.0.1:47501, /192.168.0.101:47501, /172.17.0.1:47501], discPort=47501, order=2, intOrder=2, lastExchangeTime=1528818929442, loc=false, ver=2.5.0#20180518-sha1:fe6e70e3, isClient=false], ackSent=true, super=CompletableLatch [id=exchange, topVer=AffinityTopologyVersion [topVer=7, minorTopVer=0]]]
[2018-06-12 18:57:27,720][INFO ][exchange-worker-#42][GridDhtPartitionsExchangeFuture] Finished waiting for partition release future [topVer=AffinityTopologyVersion [topVer=7, minorTopVer=0], waitTime=0ms, futInfo=NA]
[2018-06-12 18:57:27,730][INFO ][exchange-worker-#42][time] Finished exchange init [topVer=AffinityTopologyVersion [topVer=7, minorTopVer=0], crd=false]
[2018-06-12 18:57:27,822][INFO ][sys-#57][GridDhtPartitionsExchangeFuture] Received full message, will finish exchange [node=1fdb0598-3c73-42a9-bf68-d64a393762a6, resVer=AffinityTopologyVersion [topVer=7, minorTopVer=0]]
[2018-06-12 18:57:27,853][INFO ][sys-#57][GridDhtPartitionsExchangeFuture] Finish exchange future [startVer=AffinityTopologyVersion [topVer=7, minorTopVer=0], resVer=AffinityTopologyVersion [topVer=7, minorTopVer=0], err=null]
[2018-06-12 18:57:27,873][INFO ][exchange-worker-#42][GridCachePartitionExchangeManager] Skipping rebalancing (nothing scheduled) [top=AffinityTopologyVersion [topVer=7, minorTopVer=0], evt=NODE_JOINED, node=64cb3117-1be9-4b6f-b3a4-4fc794d5080f]
[2018-06-12 18:57:28,411][INFO ][grid-nio-worker-tcp-comm-0-#25][TcpCommunicationSpi] Accepted incoming communication connection [locAddr=/127.0.0.1:47101, rmtAddr=/127.0.0.1:48704]
[2018-06-12 18:57:30,076][INFO ][grid-timeout-worker-#23][IgniteKernal] 
Metrics for local node (to disable set 'metricsLogFrequency' to 0)
    ^-- Node [id=05c7176e, uptime=00:01:55.179]
    ^-- H/N/C [hosts=1, nodes=5, CPUs=4]
    ^-- CPU [cur=2.33%, avg=15.04%, GC=0%]
    ^-- PageMemory [pages=1204]
    ^-- Heap [used=246MB, free=87.84%, comm=2027MB]
    ^-- Non heap [used=60MB, free=-1%, comm=61MB]
    ^-- Outbound messages queue [size=0]
    ^-- Public thread pool [active=0, idle=8, qSize=0]
    ^-- System thread pool [active=0, idle=8, qSize=0]
[2018-06-12 18:57:30,110][INFO ][exchange-worker-#42][time] Started exchange init [topVer=AffinityTopologyVersion [topVer=7, minorTopVer=1], crd=false, evt=DISCOVERY_CUSTOM_EVT, evtNode=1fdb0598-3c73-42a9-bf68-d64a393762a6, customEvt=CacheAffinityChangeMessage [id=cb9b1c4f361-94ee18ca-04f9-4078-96e7-b91064d2e003, topVer=AffinityTopologyVersion [topVer=7, minorTopVer=0], exchId=null, partsMsg=null, exchangeNeeded=true], allowMerge=false]
[2018-06-12 18:57:30,116][INFO ][exchange-worker-#42][GridDhtPartitionsExchangeFuture] Finished waiting for partition release future [topVer=AffinityTopologyVersion [topVer=7, minorTopVer=1], waitTime=0ms, futInfo=NA]
[2018-06-12 18:57:30,555][INFO ][exchange-worker-#42][GridDhtPartitionsExchangeFuture] Finished waiting for partitions release latch: ClientLatch [coordinator=TcpDiscoveryNode [id=1fdb0598-3c73-42a9-bf68-d64a393762a6, addrs=[127.0.0.1, 172.17.0.1, 192.168.0.101], sockAddrs=[/127.0.0.1:47501, /192.168.0.101:47501, /172.17.0.1:47501], discPort=47501, order=2, intOrder=2, lastExchangeTime=1528818929442, loc=false, ver=2.5.0#20180518-sha1:fe6e70e3, isClient=false], ackSent=true, super=CompletableLatch [id=exchange, topVer=AffinityTopologyVersion [topVer=7, minorTopVer=1]]]
[2018-06-12 18:57:30,555][INFO ][exchange-worker-#42][GridDhtPartitionsExchangeFuture] Finished waiting for partition release future [topVer=AffinityTopologyVersion [topVer=7, minorTopVer=1], waitTime=0ms, futInfo=NA]
[2018-06-12 18:57:30,566][INFO ][exchange-worker-#42][time] Finished exchange init [topVer=AffinityTopologyVersion [topVer=7, minorTopVer=1], crd=false]
[2018-06-12 18:57:30,759][INFO ][sys-#56][GridDhtPartitionsExchangeFuture] Received full message, will finish exchange [node=1fdb0598-3c73-42a9-bf68-d64a393762a6, resVer=AffinityTopologyVersion [topVer=7, minorTopVer=1]]
[2018-06-12 18:57:30,765][INFO ][sys-#56][GridDhtPartitionsExchangeFuture] Finish exchange future [startVer=AffinityTopologyVersion [topVer=7, minorTopVer=1], resVer=AffinityTopologyVersion [topVer=7, minorTopVer=1], err=null]
[2018-06-12 18:57:31,034][INFO ][exchange-worker-#42][GridCachePartitionExchangeManager] Skipping rebalancing (nothing scheduled) [top=AffinityTopologyVersion [topVer=7, minorTopVer=1], evt=DISCOVERY_CUSTOM_EVT, node=1fdb0598-3c73-42a9-bf68-d64a393762a6]
[2018-06-12 18:57:35,075][INFO ][grid-timeout-worker-#23][IgniteKernal] 
Metrics for local node (to disable set 'metricsLogFrequency' to 0)
    ^-- Node [id=05c7176e, uptime=00:02:00.179]
    ^-- H/N/C [hosts=1, nodes=5, CPUs=4]
    ^-- CPU [cur=15.43%, avg=14.9%, GC=0%]
    ^-- PageMemory [pages=1204]
    ^-- Heap [used=275MB, free=86.42%, comm=2027MB]
    ^-- Non heap [used=60MB, free=-1%, comm=61MB]
    ^-- Outbound messages queue [size=0]
    ^-- Public thread pool [active=0, idle=8, qSize=0]
    ^-- System thread pool [active=0, idle=8, qSize=0]
[2018-06-12 18:57:40,078][INFO ][grid-timeout-worker-#23][IgniteKernal] 
Metrics for local node (to disable set 'metricsLogFrequency' to 0)
    ^-- Node [id=05c7176e, uptime=00:02:05.180]
    ^-- H/N/C [hosts=1, nodes=5, CPUs=4]
    ^-- CPU [cur=0.4%, avg=14.66%, GC=0%]
    ^-- PageMemory [pages=1204]
    ^-- Heap [used=275MB, free=86.4%, comm=2027MB]
    ^-- Non heap [used=60MB, free=-1%, comm=61MB]
    ^-- Outbound messages queue [size=0]
    ^-- Public thread pool [active=0, idle=8, qSize=0]
    ^-- System thread pool [active=0, idle=8, qSize=0]
[2018-06-12 18:57:45,082][INFO ][grid-timeout-worker-#23][IgniteKernal] 
Metrics for local node (to disable set 'metricsLogFrequency' to 0)
    ^-- Node [id=05c7176e, uptime=00:02:10.185]
    ^-- H/N/C [hosts=1, nodes=5, CPUs=4]
    ^-- CPU [cur=0.43%, avg=14.16%, GC=0%]
    ^-- PageMemory [pages=1204]
    ^-- Heap [used=276MB, free=86.37%, comm=2027MB]
    ^-- Non heap [used=60MB, free=-1%, comm=61MB]
    ^-- Outbound messages queue [size=0]
    ^-- Public thread pool [active=0, idle=8, qSize=0]
    ^-- System thread pool [active=0, idle=8, qSize=0]
[2018-06-12 18:57:50,087][INFO ][grid-timeout-worker-#23][IgniteKernal] 
Metrics for local node (to disable set 'metricsLogFrequency' to 0)
    ^-- Node [id=05c7176e, uptime=00:02:15.190]
    ^-- H/N/C [hosts=1, nodes=5, CPUs=4]
    ^-- CPU [cur=0.4%, avg=13.93%, GC=0%]
    ^-- PageMemory [pages=1204]
    ^-- Heap [used=276MB, free=86.35%, comm=2027MB]
    ^-- Non heap [used=60MB, free=-1%, comm=61MB]
    ^-- Outbound messages queue [size=0]
    ^-- Public thread pool [active=0, idle=8, qSize=0]
    ^-- System thread pool [active=0, idle=8, qSize=0]
[2018-06-12 18:57:55,092][INFO ][grid-timeout-worker-#23][IgniteKernal] 
Metrics for local node (to disable set 'metricsLogFrequency' to 0)
    ^-- Node [id=05c7176e, uptime=00:02:20.192]
    ^-- H/N/C [hosts=1, nodes=5, CPUs=4]
    ^-- CPU [cur=0.33%, avg=13.48%, GC=0%]
    ^-- PageMemory [pages=1204]
    ^-- Heap [used=277MB, free=86.32%, comm=2027MB]
    ^-- Non heap [used=60MB, free=-1%, comm=61MB]
    ^-- Outbound messages queue [size=0]
    ^-- Public thread pool [active=0, idle=8, qSize=0]
    ^-- System thread pool [active=0, idle=8, qSize=0]
[2018-06-12 18:58:00,090][INFO ][grid-timeout-worker-#23][IgniteKernal] 
Metrics for local node (to disable set 'metricsLogFrequency' to 0)
    ^-- Node [id=05c7176e, uptime=00:02:25.192]
    ^-- H/N/C [hosts=1, nodes=5, CPUs=4]
    ^-- CPU [cur=0.67%, avg=13.06%, GC=0%]
    ^-- PageMemory [pages=1204]
    ^-- Heap [used=277MB, free=86.3%, comm=2027MB]
    ^-- Non heap [used=60MB, free=-1%, comm=61MB]
    ^-- Outbound messages queue [size=0]
    ^-- Public thread pool [active=0, idle=8, qSize=0]
    ^-- System thread pool [active=0, idle=8, qSize=0]
[2018-06-12 18:58:05,097][INFO ][grid-timeout-worker-#23][IgniteKernal] 
Metrics for local node (to disable set 'metricsLogFrequency' to 0)
    ^-- Node [id=05c7176e, uptime=00:02:30.194]
    ^-- H/N/C [hosts=1, nodes=5, CPUs=4]
    ^-- CPU [cur=0.67%, avg=12.67%, GC=0%]
    ^-- PageMemory [pages=1204]
    ^-- Heap [used=278MB, free=86.28%, comm=2027MB]
    ^-- Non heap [used=60MB, free=-1%, comm=62MB]
    ^-- Outbound messages queue [size=0]
    ^-- Public thread pool [active=0, idle=8, qSize=0]
    ^-- System thread pool [active=0, idle=8, qSize=0]
[2018-06-12 18:58:10,100][INFO ][grid-timeout-worker-#23][IgniteKernal] 
Metrics for local node (to disable set 'metricsLogFrequency' to 0)
    ^-- Node [id=05c7176e, uptime=00:02:35.198]
    ^-- H/N/C [hosts=1, nodes=5, CPUs=4]
    ^-- CPU [cur=0.27%, avg=12.29%, GC=0%]
    ^-- PageMemory [pages=1204]
    ^-- Heap [used=278MB, free=86.26%, comm=2027MB]
    ^-- Non heap [used=60MB, free=-1%, comm=62MB]
    ^-- Outbound messages queue [size=0]
    ^-- Public thread pool [active=0, idle=8, qSize=0]
    ^-- System thread pool [active=0, idle=8, qSize=0]
[2018-06-12 18:58:15,103][INFO ][grid-timeout-worker-#23][IgniteKernal] 
Metrics for local node (to disable set 'metricsLogFrequency' to 0)
    ^-- Node [id=05c7176e, uptime=00:02:40.204]
    ^-- H/N/C [hosts=1, nodes=5, CPUs=4]
    ^-- CPU [cur=0.4%, avg=11.94%, GC=0%]
    ^-- PageMemory [pages=1204]
    ^-- Heap [used=281MB, free=86.13%, comm=2027MB]
    ^-- Non heap [used=60MB, free=-1%, comm=62MB]
    ^-- Outbound messages queue [size=0]
    ^-- Public thread pool [active=0, idle=8, qSize=0]
    ^-- System thread pool [active=0, idle=8, qSize=0]
[2018-06-12 18:58:20,108][INFO ][grid-timeout-worker-#23][IgniteKernal] 
Metrics for local node (to disable set 'metricsLogFrequency' to 0)
    ^-- Node [id=05c7176e, uptime=00:02:45.209]
    ^-- H/N/C [hosts=1, nodes=5, CPUs=4]
    ^-- CPU [cur=0.23%, avg=11.77%, GC=0%]
    ^-- PageMemory [pages=1204]
    ^-- Heap [used=281MB, free=86.11%, comm=2027MB]
    ^-- Non heap [used=60MB, free=-1%, comm=62MB]
    ^-- Outbound messages queue [size=0]
    ^-- Public thread pool [active=0, idle=8, qSize=0]
    ^-- System thread pool [active=0, idle=8, qSize=0]
[2018-06-12 18:58:25,113][INFO ][grid-timeout-worker-#23][IgniteKernal] 
Metrics for local node (to disable set 'metricsLogFrequency' to 0)
    ^-- Node [id=05c7176e, uptime=00:02:50.216]
    ^-- H/N/C [hosts=1, nodes=5, CPUs=4]
    ^-- CPU [cur=0.33%, avg=11.61%, GC=0%]
    ^-- PageMemory [pages=1204]
    ^-- Heap [used=282MB, free=86.09%, comm=2027MB]
    ^-- Non heap [used=60MB, free=-1%, comm=62MB]
    ^-- Outbound messages queue [size=0]
    ^-- Public thread pool [active=0, idle=0, qSize=0]
    ^-- System thread pool [active=0, idle=8, qSize=0]
[2018-06-12 18:58:30,121][INFO ][grid-timeout-worker-#23][IgniteKernal] 
Metrics for local node (to disable set 'metricsLogFrequency' to 0)
    ^-- Node [id=05c7176e, uptime=00:02:55.225]
    ^-- H/N/C [hosts=1, nodes=5, CPUs=4]
    ^-- CPU [cur=0.5%, avg=11.3%, GC=0%]
    ^-- PageMemory [pages=1204]
    ^-- Heap [used=282MB, free=86.07%, comm=2027MB]
    ^-- Non heap [used=60MB, free=-1%, comm=62MB]
    ^-- Outbound messages queue [size=0]
    ^-- Public thread pool [active=0, idle=0, qSize=0]
    ^-- System thread pool [active=0, idle=8, qSize=0]
[2018-06-12 18:58:35,127][INFO ][grid-timeout-worker-#23][IgniteKernal] 
Metrics for local node (to disable set 'metricsLogFrequency' to 0)
    ^-- Node [id=05c7176e, uptime=00:03:00.226]
    ^-- H/N/C [hosts=1, nodes=5, CPUs=4]
    ^-- CPU [cur=0.5%, avg=11.15%, GC=0%]
    ^-- PageMemory [pages=1204]
    ^-- Heap [used=283MB, free=86.03%, comm=2027MB]
    ^-- Non heap [used=60MB, free=-1%, comm=62MB]
    ^-- Outbound messages queue [size=0]
    ^-- Public thread pool [active=0, idle=0, qSize=0]
    ^-- System thread pool [active=0, idle=6, qSize=0]
[2018-06-12 18:58:40,131][INFO ][grid-timeout-worker-#23][IgniteKernal] 
Metrics for local node (to disable set 'metricsLogFrequency' to 0)
    ^-- Node [id=05c7176e, uptime=00:03:05.234]
    ^-- H/N/C [hosts=1, nodes=5, CPUs=4]
    ^-- CPU [cur=0.33%, avg=11%, GC=0%]
    ^-- PageMemory [pages=1204]
    ^-- Heap [used=283MB, free=86%, comm=2027MB]
    ^-- Non heap [used=60MB, free=-1%, comm=62MB]
    ^-- Outbound messages queue [size=0]
    ^-- Public thread pool [active=0, idle=0, qSize=0]
    ^-- System thread pool [active=0, idle=6, qSize=0]
[2018-06-12 18:58:45,132][INFO ][grid-timeout-worker-#23][IgniteKernal] 
Metrics for local node (to disable set 'metricsLogFrequency' to 0)
    ^-- Node [id=05c7176e, uptime=00:03:10.234]
    ^-- H/N/C [hosts=1, nodes=5, CPUs=4]
    ^-- CPU [cur=0.33%, avg=10.59%, GC=0%]
    ^-- PageMemory [pages=1204]
    ^-- Heap [used=284MB, free=85.96%, comm=2027MB]
    ^-- Non heap [used=60MB, free=-1%, comm=62MB]
    ^-- Outbound messages queue [size=0]
    ^-- Public thread pool [active=0, idle=0, qSize=0]
    ^-- System thread pool [active=0, idle=6, qSize=0]
[2018-06-12 18:58:50,136][INFO ][grid-timeout-worker-#23][IgniteKernal] 
Metrics for local node (to disable set 'metricsLogFrequency' to 0)
    ^-- Node [id=05c7176e, uptime=00:03:15.240]
    ^-- H/N/C [hosts=1, nodes=5, CPUs=4]
    ^-- CPU [cur=0.23%, avg=10.33%, GC=0%]
    ^-- PageMemory [pages=1204]
    ^-- Heap [used=285MB, free=85.94%, comm=2027MB]
    ^-- Non heap [used=60MB, free=-1%, comm=62MB]
    ^-- Outbound messages queue [size=0]
    ^-- Public thread pool [active=0, idle=0, qSize=0]
    ^-- System thread pool [active=0, idle=6, qSize=0]
[2018-06-12 18:58:55,145][INFO ][grid-timeout-worker-#23][IgniteKernal] 
Metrics for local node (to disable set 'metricsLogFrequency' to 0)
    ^-- Node [id=05c7176e, uptime=00:03:20.247]
    ^-- H/N/C [hosts=1, nodes=5, CPUs=4]
    ^-- CPU [cur=0.4%, avg=10.08%, GC=0%]
    ^-- PageMemory [pages=1204]
    ^-- Heap [used=285MB, free=85.9%, comm=2027MB]
    ^-- Non heap [used=60MB, free=-1%, comm=62MB]
    ^-- Outbound messages queue [size=0]
    ^-- Public thread pool [active=0, idle=0, qSize=0]
    ^-- System thread pool [active=0, idle=6, qSize=0]
[2018-06-12 18:59:00,150][INFO ][grid-timeout-worker-#23][IgniteKernal] 
Metrics for local node (to disable set 'metricsLogFrequency' to 0)
    ^-- Node [id=05c7176e, uptime=00:03:25.250]
    ^-- H/N/C [hosts=1, nodes=5, CPUs=4]
    ^-- CPU [cur=0.17%, avg=9.85%, GC=0%]
    ^-- PageMemory [pages=1204]
    ^-- Heap [used=286MB, free=85.87%, comm=2027MB]
    ^-- Non heap [used=60MB, free=-1%, comm=62MB]
    ^-- Outbound messages queue [size=0]
    ^-- Public thread pool [active=0, idle=0, qSize=0]
    ^-- System thread pool [active=0, idle=6, qSize=0]
[2018-06-12 18:59:05,153][INFO ][grid-timeout-worker-#23][IgniteKernal] 
Metrics for local node (to disable set 'metricsLogFrequency' to 0)
    ^-- Node [id=05c7176e, uptime=00:03:30.256]
    ^-- H/N/C [hosts=1, nodes=5, CPUs=4]
    ^-- CPU [cur=1.17%, avg=9.62%, GC=0%]
    ^-- PageMemory [pages=1204]
    ^-- Heap [used=287MB, free=85.83%, comm=2027MB]
    ^-- Non heap [used=60MB, free=-1%, comm=62MB]
    ^-- Outbound messages queue [size=0]
    ^-- Public thread pool [active=0, idle=0, qSize=0]
    ^-- System thread pool [active=0, idle=6, qSize=0]
[2018-06-12 18:59:10,155][INFO ][grid-timeout-worker-#23][IgniteKernal] 
Metrics for local node (to disable set 'metricsLogFrequency' to 0)
    ^-- Node [id=05c7176e, uptime=00:03:35.256]
    ^-- H/N/C [hosts=1, nodes=5, CPUs=4]
    ^-- CPU [cur=0.27%, avg=9.41%, GC=0%]
    ^-- PageMemory [pages=1204]
    ^-- Heap [used=287MB, free=85.81%, comm=2027MB]
    ^-- Non heap [used=60MB, free=-1%, comm=62MB]
    ^-- Outbound messages queue [size=0]
    ^-- Public thread pool [active=0, idle=0, qSize=0]
    ^-- System thread pool [active=0, idle=6, qSize=0]
[2018-06-12 18:59:10,663][INFO ][disco-event-worker-#41][GridDiscoveryManager] Node left topology: TcpDiscoveryNode [id=64cb3117-1be9-4b6f-b3a4-4fc794d5080f, addrs=[127.0.0.1, 172.17.0.1, 192.168.0.101], sockAddrs=[/172.17.0.1:47504, /192.168.0.101:47504, /127.0.0.1:47504], discPort=47504, order=7, intOrder=6, lastExchangeTime=1528819046505, loc=false, ver=2.5.0#20180518-sha1:fe6e70e3, isClient=false]
[2018-06-12 18:59:10,664][INFO ][disco-event-worker-#41][GridDiscoveryManager] Topology snapshot [ver=8, servers=4, clients=0, CPUs=4, offheap=9.3GB, heap=8.0GB]
[2018-06-12 18:59:10,664][INFO ][disco-event-worker-#41][GridDiscoveryManager]   ^-- Node [id=05C7176E-32F4-4496-8FBF-44091632440A, clusterState=ACTIVE]
[2018-06-12 18:59:10,664][INFO ][disco-event-worker-#41][GridDiscoveryManager] Data Regions Configured:
[2018-06-12 18:59:10,664][INFO ][disco-event-worker-#41][GridDiscoveryManager]   ^-- default [initSize=256.0 MiB, maxSize=2.3 GiB, persistenceEnabled=false]
[2018-06-12 18:59:10,671][INFO ][exchange-worker-#42][time] Started exchange init [topVer=AffinityTopologyVersion [topVer=8, minorTopVer=0], crd=false, evt=NODE_LEFT, evtNode=64cb3117-1be9-4b6f-b3a4-4fc794d5080f, customEvt=null, allowMerge=true]
[2018-06-12 18:59:10,691][INFO ][exchange-worker-#42][GridDhtPartitionsExchangeFuture] Finished waiting for partition release future [topVer=AffinityTopologyVersion [topVer=8, minorTopVer=0], waitTime=0ms, futInfo=NA]
[2018-06-12 18:59:10,696][INFO ][exchange-worker-#42][GridDhtPartitionsExchangeFuture] Finished waiting for partitions release latch: ClientLatch [coordinator=TcpDiscoveryNode [id=1fdb0598-3c73-42a9-bf68-d64a393762a6, addrs=[127.0.0.1, 172.17.0.1, 192.168.0.101], sockAddrs=[/127.0.0.1:47501, /192.168.0.101:47501, /172.17.0.1:47501], discPort=47501, order=2, intOrder=2, lastExchangeTime=1528818929442, loc=false, ver=2.5.0#20180518-sha1:fe6e70e3, isClient=false], ackSent=true, super=CompletableLatch [id=exchange, topVer=AffinityTopologyVersion [topVer=8, minorTopVer=0]]]
[2018-06-12 18:59:10,696][INFO ][exchange-worker-#42][GridDhtPartitionsExchangeFuture] Finished waiting for partition release future [topVer=AffinityTopologyVersion [topVer=8, minorTopVer=0], waitTime=0ms, futInfo=NA]
[2018-06-12 18:59:10,703][INFO ][exchange-worker-#42][time] Finished exchange init [topVer=AffinityTopologyVersion [topVer=8, minorTopVer=0], crd=false]
[2018-06-12 18:59:10,780][INFO ][sys-#57][GridDhtPartitionsExchangeFuture] Received full message, will finish exchange [node=1fdb0598-3c73-42a9-bf68-d64a393762a6, resVer=AffinityTopologyVersion [topVer=8, minorTopVer=0]]
[2018-06-12 18:59:10,832][INFO ][sys-#57][GridDhtPartitionsExchangeFuture] Finish exchange future [startVer=AffinityTopologyVersion [topVer=8, minorTopVer=0], resVer=AffinityTopologyVersion [topVer=8, minorTopVer=0], err=null]
[2018-06-12 18:59:10,841][INFO ][exchange-worker-#42][GridCachePartitionExchangeManager] Rebalancing scheduled [order=[PersonsCache]]
[2018-06-12 18:59:10,841][INFO ][exchange-worker-#42][GridCachePartitionExchangeManager] Rebalancing started [top=AffinityTopologyVersion [topVer=8, minorTopVer=0], evt=NODE_LEFT, node=64cb3117-1be9-4b6f-b3a4-4fc794d5080f]
[2018-06-12 18:59:10,841][INFO ][exchange-worker-#42][GridDhtPartitionDemander] Starting rebalancing [grp=PersonsCache, mode=ASYNC, fromNode=1fdb0598-3c73-42a9-bf68-d64a393762a6, partitionsCount=40, topology=AffinityTopologyVersion [topVer=8, minorTopVer=0], rebalanceId=48]
[2018-06-12 18:59:10,842][INFO ][exchange-worker-#42][GridDhtPartitionDemander] Starting rebalancing [grp=PersonsCache, mode=ASYNC, fromNode=77c6e1c3-ccc1-4e67-9f65-b532e8370798, partitionsCount=27, topology=AffinityTopologyVersion [topVer=8, minorTopVer=0], rebalanceId=48]
[2018-06-12 18:59:10,852][INFO ][sys-#64][GridDhtPartitionDemander] Completed rebalancing [fromNode=1fdb0598-3c73-42a9-bf68-d64a393762a6, cacheOrGroup=PersonsCache, topology=AffinityTopologyVersion [topVer=8, minorTopVer=0], time=14 ms]
[2018-06-12 18:59:10,855][INFO ][exchange-worker-#42][GridDhtPartitionDemander] Starting rebalancing [grp=PersonsCache, mode=ASYNC, fromNode=3471ddf5-7ac4-421d-892d-2a623a0a2ce6, partitionsCount=34, topology=AffinityTopologyVersion [topVer=8, minorTopVer=0], rebalanceId=48]
[2018-06-12 18:59:10,859][INFO ][sys-#45][GridDhtPartitionDemander] Completed rebalancing [fromNode=77c6e1c3-ccc1-4e67-9f65-b532e8370798, cacheOrGroup=PersonsCache, topology=AffinityTopologyVersion [topVer=8, minorTopVer=0], time=14 ms]
[2018-06-12 18:59:10,860][INFO ][sys-#71][GridDhtPartitionDemander] Completed (final) rebalancing [fromNode=3471ddf5-7ac4-421d-892d-2a623a0a2ce6, cacheOrGroup=PersonsCache, topology=AffinityTopologyVersion [topVer=8, minorTopVer=0], time=14 ms]
[2018-06-12 18:59:10,860][INFO ][sys-#71][GridDhtPartitionDemander] Completed rebalance future: RebalanceFuture [grp=CacheGroupContext [grp=PersonsCache], topVer=AffinityTopologyVersion [topVer=8, minorTopVer=0], rebalanceId=48]
/home/fl/SBT/affinity-example/bin/benchmark-bootstrap.sh: line 111:  4634 Killed                  "$JAVA" ${JVM_OPTS} -cp ${CP} ${MAIN_CLASS} ${ARGS}
